<?xml version="1.0" encoding="UTF-8"?>
<!-- Generated by org.testng.reporters.JUnitXMLReporter -->
<testsuite hostname="PC12159" ignored="0" name="Default test" tests="2" failures="0" timestamp="25 Sep 2017 03:43:28 GMT" time="128.44" errors="0">
  <testcase name="BookAPickup_TollIPEC_E2ETest_TID_1032_Service_RoadExpress" time="39.408" classname="bookAPickupE2ETests.TollIPECTest"/>
  <testcase name="BookAPickup_TollIPEC_E2ETest_TID_1032_Service_RoadExpress_ConfirmedDetails" time="39.398" classname="bookAPickupE2ETests.TollIPECTest"/>
</testsuite> <!-- Default test -->
