<?xml version="1.0" encoding="UTF-8"?>
<!-- Generated by org.testng.reporters.JUnitXMLReporter -->
<testsuite hostname="PC12159" ignored="0" name="Default test" tests="9" failures="9" timestamp="26 Sep 2017 06:28:47 GMT" time="0.053" errors="0">
  <testcase name="CreateShipment_TollNQXTollEXpress_E2ETest_TID_920_Service_General" time="0.0" classname="createShipmentE2ETests.TollNQXTollExpressTests">
    <failure type="org.testng.TestNGException" message="
Parameter &amp;apos;TollCarrierItemTollNQXTollExpress&amp;apos; is required by @Test on method CreateShipment_TollNQXTollEXpress_E2ETest_TID_920_Service_General but has not been marked @Optional or defined
in C:\Users\2712\AppData\Local\Temp\testng-eclipse-120320581\testng-customsuite.xml">
      <![CDATA[org.testng.TestNGException: 
Parameter 'TollCarrierItemTollNQXTollExpress' is required by @Test on method CreateShipment_TollNQXTollEXpress_E2ETest_TID_920_Service_General but has not been marked @Optional or defined
in C:\Users\2712\AppData\Local\Temp\testng-eclipse-120320581\testng-customsuite.xml
	at org.testng.internal.Parameters.createParams(Parameters.java:248)
	at org.testng.internal.Parameters.createParametersForMethod(Parameters.java:286)
	at org.testng.internal.Parameters.createParameters(Parameters.java:547)
	at org.testng.internal.Parameters.handleParameters(Parameters.java:672)
	at org.testng.internal.Invoker.handleParameters(Invoker.java:1316)
	at org.testng.internal.Invoker.createParameters(Invoker.java:1044)
	at org.testng.internal.Invoker.invokeTestMethods(Invoker.java:1134)
	at org.testng.internal.TestMethodWorker.invokeTestMethods(TestMethodWorker.java:125)
	at org.testng.internal.TestMethodWorker.run(TestMethodWorker.java:109)
	at org.testng.TestRunner.privateRun(TestRunner.java:776)
	at org.testng.TestRunner.run(TestRunner.java:634)
	at org.testng.SuiteRunner.runTest(SuiteRunner.java:425)
	at org.testng.SuiteRunner.runSequentially(SuiteRunner.java:420)
	at org.testng.SuiteRunner.privateRun(SuiteRunner.java:385)
	at org.testng.SuiteRunner.run(SuiteRunner.java:334)
	at org.testng.SuiteRunnerWorker.runSuite(SuiteRunnerWorker.java:52)
	at org.testng.SuiteRunnerWorker.run(SuiteRunnerWorker.java:86)
	at org.testng.TestNG.runSuitesSequentially(TestNG.java:1318)
	at org.testng.TestNG.runSuitesLocally(TestNG.java:1243)
	at org.testng.TestNG.runSuites(TestNG.java:1161)
	at org.testng.TestNG.run(TestNG.java:1129)
	at org.testng.remote.AbstractRemoteTestNG.run(AbstractRemoteTestNG.java:114)
	at org.testng.remote.RemoteTestNG.initAndRun(RemoteTestNG.java:251)
	at org.testng.remote.RemoteTestNG.main(RemoteTestNG.java:77)
]]>
    </failure>
  </testcase> <!-- CreateShipment_TollNQXTollEXpress_E2ETest_TID_920_Service_General -->
  <testcase name="CreateShipment_TollNQXTollEXpress_E2ETest_TID_920_Service_Express" time="0.0" classname="createShipmentE2ETests.TollNQXTollExpressTests">
    <failure type="org.testng.TestNGException" message="
Parameter &amp;apos;TollCarrierItemTollNQXTollExpress&amp;apos; is required by @Test on method CreateShipment_TollNQXTollEXpress_E2ETest_TID_920_Service_Express but has not been marked @Optional or defined
in C:\Users\2712\AppData\Local\Temp\testng-eclipse-120320581\testng-customsuite.xml">
      <![CDATA[org.testng.TestNGException: 
Parameter 'TollCarrierItemTollNQXTollExpress' is required by @Test on method CreateShipment_TollNQXTollEXpress_E2ETest_TID_920_Service_Express but has not been marked @Optional or defined
in C:\Users\2712\AppData\Local\Temp\testng-eclipse-120320581\testng-customsuite.xml
	at org.testng.internal.Parameters.createParams(Parameters.java:248)
	at org.testng.internal.Parameters.createParametersForMethod(Parameters.java:286)
	at org.testng.internal.Parameters.createParameters(Parameters.java:547)
	at org.testng.internal.Parameters.handleParameters(Parameters.java:672)
	at org.testng.internal.Invoker.handleParameters(Invoker.java:1316)
	at org.testng.internal.Invoker.createParameters(Invoker.java:1044)
	at org.testng.internal.Invoker.invokeTestMethods(Invoker.java:1134)
	at org.testng.internal.TestMethodWorker.invokeTestMethods(TestMethodWorker.java:125)
	at org.testng.internal.TestMethodWorker.run(TestMethodWorker.java:109)
	at org.testng.TestRunner.privateRun(TestRunner.java:776)
	at org.testng.TestRunner.run(TestRunner.java:634)
	at org.testng.SuiteRunner.runTest(SuiteRunner.java:425)
	at org.testng.SuiteRunner.runSequentially(SuiteRunner.java:420)
	at org.testng.SuiteRunner.privateRun(SuiteRunner.java:385)
	at org.testng.SuiteRunner.run(SuiteRunner.java:334)
	at org.testng.SuiteRunnerWorker.runSuite(SuiteRunnerWorker.java:52)
	at org.testng.SuiteRunnerWorker.run(SuiteRunnerWorker.java:86)
	at org.testng.TestNG.runSuitesSequentially(TestNG.java:1318)
	at org.testng.TestNG.runSuitesLocally(TestNG.java:1243)
	at org.testng.TestNG.runSuites(TestNG.java:1161)
	at org.testng.TestNG.run(TestNG.java:1129)
	at org.testng.remote.AbstractRemoteTestNG.run(AbstractRemoteTestNG.java:114)
	at org.testng.remote.RemoteTestNG.initAndRun(RemoteTestNG.java:251)
	at org.testng.remote.RemoteTestNG.main(RemoteTestNG.java:77)
]]>
    </failure>
  </testcase> <!-- CreateShipment_TollNQXTollEXpress_E2ETest_TID_920_Service_Express -->
  <testcase name="CreateShipment_TollNQXTollEXpress_E2ETest_TID_920_Service_Premium" time="0.0" classname="createShipmentE2ETests.TollNQXTollExpressTests">
    <failure type="org.testng.TestNGException" message="
Parameter &amp;apos;TollCarrierItemTollNQXTollExpress&amp;apos; is required by @Test on method CreateShipment_TollNQXTollEXpress_E2ETest_TID_920_Service_Premium but has not been marked @Optional or defined
in C:\Users\2712\AppData\Local\Temp\testng-eclipse-120320581\testng-customsuite.xml">
      <![CDATA[org.testng.TestNGException: 
Parameter 'TollCarrierItemTollNQXTollExpress' is required by @Test on method CreateShipment_TollNQXTollEXpress_E2ETest_TID_920_Service_Premium but has not been marked @Optional or defined
in C:\Users\2712\AppData\Local\Temp\testng-eclipse-120320581\testng-customsuite.xml
	at org.testng.internal.Parameters.createParams(Parameters.java:248)
	at org.testng.internal.Parameters.createParametersForMethod(Parameters.java:286)
	at org.testng.internal.Parameters.createParameters(Parameters.java:547)
	at org.testng.internal.Parameters.handleParameters(Parameters.java:672)
	at org.testng.internal.Invoker.handleParameters(Invoker.java:1316)
	at org.testng.internal.Invoker.createParameters(Invoker.java:1044)
	at org.testng.internal.Invoker.invokeTestMethods(Invoker.java:1134)
	at org.testng.internal.TestMethodWorker.invokeTestMethods(TestMethodWorker.java:125)
	at org.testng.internal.TestMethodWorker.run(TestMethodWorker.java:109)
	at org.testng.TestRunner.privateRun(TestRunner.java:776)
	at org.testng.TestRunner.run(TestRunner.java:634)
	at org.testng.SuiteRunner.runTest(SuiteRunner.java:425)
	at org.testng.SuiteRunner.runSequentially(SuiteRunner.java:420)
	at org.testng.SuiteRunner.privateRun(SuiteRunner.java:385)
	at org.testng.SuiteRunner.run(SuiteRunner.java:334)
	at org.testng.SuiteRunnerWorker.runSuite(SuiteRunnerWorker.java:52)
	at org.testng.SuiteRunnerWorker.run(SuiteRunnerWorker.java:86)
	at org.testng.TestNG.runSuitesSequentially(TestNG.java:1318)
	at org.testng.TestNG.runSuitesLocally(TestNG.java:1243)
	at org.testng.TestNG.runSuites(TestNG.java:1161)
	at org.testng.TestNG.run(TestNG.java:1129)
	at org.testng.remote.AbstractRemoteTestNG.run(AbstractRemoteTestNG.java:114)
	at org.testng.remote.RemoteTestNG.initAndRun(RemoteTestNG.java:251)
	at org.testng.remote.RemoteTestNG.main(RemoteTestNG.java:77)
]]>
    </failure>
  </testcase> <!-- CreateShipment_TollNQXTollEXpress_E2ETest_TID_920_Service_Premium -->
  <testcase name="CreateShipment_TollNQXTollEXpress_E2ETest_TID_920_Service_Refrigeration" time="0.0" classname="createShipmentE2ETests.TollNQXTollExpressTests">
    <failure type="org.testng.TestNGException" message="
Parameter &amp;apos;TollCarrierItemTollNQXTollExpress&amp;apos; is required by @Test on method CreateShipment_TollNQXTollEXpress_E2ETest_TID_920_Service_Refrigeration but has not been marked @Optional or defined
in C:\Users\2712\AppData\Local\Temp\testng-eclipse-120320581\testng-customsuite.xml">
      <![CDATA[org.testng.TestNGException: 
Parameter 'TollCarrierItemTollNQXTollExpress' is required by @Test on method CreateShipment_TollNQXTollEXpress_E2ETest_TID_920_Service_Refrigeration but has not been marked @Optional or defined
in C:\Users\2712\AppData\Local\Temp\testng-eclipse-120320581\testng-customsuite.xml
	at org.testng.internal.Parameters.createParams(Parameters.java:248)
	at org.testng.internal.Parameters.createParametersForMethod(Parameters.java:286)
	at org.testng.internal.Parameters.createParameters(Parameters.java:547)
	at org.testng.internal.Parameters.handleParameters(Parameters.java:672)
	at org.testng.internal.Invoker.handleParameters(Invoker.java:1316)
	at org.testng.internal.Invoker.createParameters(Invoker.java:1044)
	at org.testng.internal.Invoker.invokeTestMethods(Invoker.java:1134)
	at org.testng.internal.TestMethodWorker.invokeTestMethods(TestMethodWorker.java:125)
	at org.testng.internal.TestMethodWorker.run(TestMethodWorker.java:109)
	at org.testng.TestRunner.privateRun(TestRunner.java:776)
	at org.testng.TestRunner.run(TestRunner.java:634)
	at org.testng.SuiteRunner.runTest(SuiteRunner.java:425)
	at org.testng.SuiteRunner.runSequentially(SuiteRunner.java:420)
	at org.testng.SuiteRunner.privateRun(SuiteRunner.java:385)
	at org.testng.SuiteRunner.run(SuiteRunner.java:334)
	at org.testng.SuiteRunnerWorker.runSuite(SuiteRunnerWorker.java:52)
	at org.testng.SuiteRunnerWorker.run(SuiteRunnerWorker.java:86)
	at org.testng.TestNG.runSuitesSequentially(TestNG.java:1318)
	at org.testng.TestNG.runSuitesLocally(TestNG.java:1243)
	at org.testng.TestNG.runSuites(TestNG.java:1161)
	at org.testng.TestNG.run(TestNG.java:1129)
	at org.testng.remote.AbstractRemoteTestNG.run(AbstractRemoteTestNG.java:114)
	at org.testng.remote.RemoteTestNG.initAndRun(RemoteTestNG.java:251)
	at org.testng.remote.RemoteTestNG.main(RemoteTestNG.java:77)
]]>
    </failure>
  </testcase> <!-- CreateShipment_TollNQXTollEXpress_E2ETest_TID_920_Service_Refrigeration -->
  <testcase name="CreateShipment_TollNQXTollEXpress_E2ETest_TID_920_Service_DangerousGoods" time="0.0" classname="createShipmentE2ETests.TollNQXTollExpressTests">
    <failure type="org.testng.TestNGException" message="
Parameter &amp;apos;TollCarrierItemTollNQXTollExpress&amp;apos; is required by @Test on method CreateShipment_TollNQXTollEXpress_E2ETest_TID_920_Service_DangerousGoods but has not been marked @Optional or defined
in C:\Users\2712\AppData\Local\Temp\testng-eclipse-120320581\testng-customsuite.xml">
      <![CDATA[org.testng.TestNGException: 
Parameter 'TollCarrierItemTollNQXTollExpress' is required by @Test on method CreateShipment_TollNQXTollEXpress_E2ETest_TID_920_Service_DangerousGoods but has not been marked @Optional or defined
in C:\Users\2712\AppData\Local\Temp\testng-eclipse-120320581\testng-customsuite.xml
	at org.testng.internal.Parameters.createParams(Parameters.java:248)
	at org.testng.internal.Parameters.createParametersForMethod(Parameters.java:286)
	at org.testng.internal.Parameters.createParameters(Parameters.java:547)
	at org.testng.internal.Parameters.handleParameters(Parameters.java:672)
	at org.testng.internal.Invoker.handleParameters(Invoker.java:1316)
	at org.testng.internal.Invoker.createParameters(Invoker.java:1044)
	at org.testng.internal.Invoker.invokeTestMethods(Invoker.java:1134)
	at org.testng.internal.TestMethodWorker.invokeTestMethods(TestMethodWorker.java:125)
	at org.testng.internal.TestMethodWorker.run(TestMethodWorker.java:109)
	at org.testng.TestRunner.privateRun(TestRunner.java:776)
	at org.testng.TestRunner.run(TestRunner.java:634)
	at org.testng.SuiteRunner.runTest(SuiteRunner.java:425)
	at org.testng.SuiteRunner.runSequentially(SuiteRunner.java:420)
	at org.testng.SuiteRunner.privateRun(SuiteRunner.java:385)
	at org.testng.SuiteRunner.run(SuiteRunner.java:334)
	at org.testng.SuiteRunnerWorker.runSuite(SuiteRunnerWorker.java:52)
	at org.testng.SuiteRunnerWorker.run(SuiteRunnerWorker.java:86)
	at org.testng.TestNG.runSuitesSequentially(TestNG.java:1318)
	at org.testng.TestNG.runSuitesLocally(TestNG.java:1243)
	at org.testng.TestNG.runSuites(TestNG.java:1161)
	at org.testng.TestNG.run(TestNG.java:1129)
	at org.testng.remote.AbstractRemoteTestNG.run(AbstractRemoteTestNG.java:114)
	at org.testng.remote.RemoteTestNG.initAndRun(RemoteTestNG.java:251)
	at org.testng.remote.RemoteTestNG.main(RemoteTestNG.java:77)
]]>
    </failure>
  </testcase> <!-- CreateShipment_TollNQXTollEXpress_E2ETest_TID_920_Service_DangerousGoods -->
  <testcase name="CreateShipment_TollNQXTollEXpress_E2ETest_TID_920_Service_DGExpress" time="0.0" classname="createShipmentE2ETests.TollNQXTollExpressTests">
    <failure type="org.testng.TestNGException" message="
Parameter &amp;apos;TollCarrierItemTollNQXTollExpress&amp;apos; is required by @Test on method CreateShipment_TollNQXTollEXpress_E2ETest_TID_920_Service_DGExpress but has not been marked @Optional or defined
in C:\Users\2712\AppData\Local\Temp\testng-eclipse-120320581\testng-customsuite.xml">
      <![CDATA[org.testng.TestNGException: 
Parameter 'TollCarrierItemTollNQXTollExpress' is required by @Test on method CreateShipment_TollNQXTollEXpress_E2ETest_TID_920_Service_DGExpress but has not been marked @Optional or defined
in C:\Users\2712\AppData\Local\Temp\testng-eclipse-120320581\testng-customsuite.xml
	at org.testng.internal.Parameters.createParams(Parameters.java:248)
	at org.testng.internal.Parameters.createParametersForMethod(Parameters.java:286)
	at org.testng.internal.Parameters.createParameters(Parameters.java:547)
	at org.testng.internal.Parameters.handleParameters(Parameters.java:672)
	at org.testng.internal.Invoker.handleParameters(Invoker.java:1316)
	at org.testng.internal.Invoker.createParameters(Invoker.java:1044)
	at org.testng.internal.Invoker.invokeTestMethods(Invoker.java:1134)
	at org.testng.internal.TestMethodWorker.invokeTestMethods(TestMethodWorker.java:125)
	at org.testng.internal.TestMethodWorker.run(TestMethodWorker.java:109)
	at org.testng.TestRunner.privateRun(TestRunner.java:776)
	at org.testng.TestRunner.run(TestRunner.java:634)
	at org.testng.SuiteRunner.runTest(SuiteRunner.java:425)
	at org.testng.SuiteRunner.runSequentially(SuiteRunner.java:420)
	at org.testng.SuiteRunner.privateRun(SuiteRunner.java:385)
	at org.testng.SuiteRunner.run(SuiteRunner.java:334)
	at org.testng.SuiteRunnerWorker.runSuite(SuiteRunnerWorker.java:52)
	at org.testng.SuiteRunnerWorker.run(SuiteRunnerWorker.java:86)
	at org.testng.TestNG.runSuitesSequentially(TestNG.java:1318)
	at org.testng.TestNG.runSuitesLocally(TestNG.java:1243)
	at org.testng.TestNG.runSuites(TestNG.java:1161)
	at org.testng.TestNG.run(TestNG.java:1129)
	at org.testng.remote.AbstractRemoteTestNG.run(AbstractRemoteTestNG.java:114)
	at org.testng.remote.RemoteTestNG.initAndRun(RemoteTestNG.java:251)
	at org.testng.remote.RemoteTestNG.main(RemoteTestNG.java:77)
]]>
    </failure>
  </testcase> <!-- CreateShipment_TollNQXTollEXpress_E2ETest_TID_920_Service_DGExpress -->
  <testcase name="CreateShipment_TollNQXTollEXpress_E2ETest_TID_920_Service_DGRefrigerated" time="0.0" classname="createShipmentE2ETests.TollNQXTollExpressTests">
    <failure type="org.testng.TestNGException" message="
Parameter &amp;apos;TollCarrierItemTollNQXTollExpress&amp;apos; is required by @Test on method CreateShipment_TollNQXTollEXpress_E2ETest_TID_920_Service_DGRefrigerated but has not been marked @Optional or defined
in C:\Users\2712\AppData\Local\Temp\testng-eclipse-120320581\testng-customsuite.xml">
      <![CDATA[org.testng.TestNGException: 
Parameter 'TollCarrierItemTollNQXTollExpress' is required by @Test on method CreateShipment_TollNQXTollEXpress_E2ETest_TID_920_Service_DGRefrigerated but has not been marked @Optional or defined
in C:\Users\2712\AppData\Local\Temp\testng-eclipse-120320581\testng-customsuite.xml
	at org.testng.internal.Parameters.createParams(Parameters.java:248)
	at org.testng.internal.Parameters.createParametersForMethod(Parameters.java:286)
	at org.testng.internal.Parameters.createParameters(Parameters.java:547)
	at org.testng.internal.Parameters.handleParameters(Parameters.java:672)
	at org.testng.internal.Invoker.handleParameters(Invoker.java:1316)
	at org.testng.internal.Invoker.createParameters(Invoker.java:1044)
	at org.testng.internal.Invoker.invokeTestMethods(Invoker.java:1134)
	at org.testng.internal.TestMethodWorker.invokeTestMethods(TestMethodWorker.java:125)
	at org.testng.internal.TestMethodWorker.run(TestMethodWorker.java:109)
	at org.testng.TestRunner.privateRun(TestRunner.java:776)
	at org.testng.TestRunner.run(TestRunner.java:634)
	at org.testng.SuiteRunner.runTest(SuiteRunner.java:425)
	at org.testng.SuiteRunner.runSequentially(SuiteRunner.java:420)
	at org.testng.SuiteRunner.privateRun(SuiteRunner.java:385)
	at org.testng.SuiteRunner.run(SuiteRunner.java:334)
	at org.testng.SuiteRunnerWorker.runSuite(SuiteRunnerWorker.java:52)
	at org.testng.SuiteRunnerWorker.run(SuiteRunnerWorker.java:86)
	at org.testng.TestNG.runSuitesSequentially(TestNG.java:1318)
	at org.testng.TestNG.runSuitesLocally(TestNG.java:1243)
	at org.testng.TestNG.runSuites(TestNG.java:1161)
	at org.testng.TestNG.run(TestNG.java:1129)
	at org.testng.remote.AbstractRemoteTestNG.run(AbstractRemoteTestNG.java:114)
	at org.testng.remote.RemoteTestNG.initAndRun(RemoteTestNG.java:251)
	at org.testng.remote.RemoteTestNG.main(RemoteTestNG.java:77)
]]>
    </failure>
  </testcase> <!-- CreateShipment_TollNQXTollEXpress_E2ETest_TID_920_Service_DGRefrigerated -->
  <testcase name="CreateShipment_TollNQXTollEXpress_E2ETest_TID_920_Service_RailGeneral" time="0.0" classname="createShipmentE2ETests.TollNQXTollExpressTests">
    <failure type="org.testng.TestNGException" message="
Parameter &amp;apos;TollCarrierItemTollNQXTollExpress&amp;apos; is required by @Test on method CreateShipment_TollNQXTollEXpress_E2ETest_TID_920_Service_RailGeneral but has not been marked @Optional or defined
in C:\Users\2712\AppData\Local\Temp\testng-eclipse-120320581\testng-customsuite.xml">
      <![CDATA[org.testng.TestNGException: 
Parameter 'TollCarrierItemTollNQXTollExpress' is required by @Test on method CreateShipment_TollNQXTollEXpress_E2ETest_TID_920_Service_RailGeneral but has not been marked @Optional or defined
in C:\Users\2712\AppData\Local\Temp\testng-eclipse-120320581\testng-customsuite.xml
	at org.testng.internal.Parameters.createParams(Parameters.java:248)
	at org.testng.internal.Parameters.createParametersForMethod(Parameters.java:286)
	at org.testng.internal.Parameters.createParameters(Parameters.java:547)
	at org.testng.internal.Parameters.handleParameters(Parameters.java:672)
	at org.testng.internal.Invoker.handleParameters(Invoker.java:1316)
	at org.testng.internal.Invoker.createParameters(Invoker.java:1044)
	at org.testng.internal.Invoker.invokeTestMethods(Invoker.java:1134)
	at org.testng.internal.TestMethodWorker.invokeTestMethods(TestMethodWorker.java:125)
	at org.testng.internal.TestMethodWorker.run(TestMethodWorker.java:109)
	at org.testng.TestRunner.privateRun(TestRunner.java:776)
	at org.testng.TestRunner.run(TestRunner.java:634)
	at org.testng.SuiteRunner.runTest(SuiteRunner.java:425)
	at org.testng.SuiteRunner.runSequentially(SuiteRunner.java:420)
	at org.testng.SuiteRunner.privateRun(SuiteRunner.java:385)
	at org.testng.SuiteRunner.run(SuiteRunner.java:334)
	at org.testng.SuiteRunnerWorker.runSuite(SuiteRunnerWorker.java:52)
	at org.testng.SuiteRunnerWorker.run(SuiteRunnerWorker.java:86)
	at org.testng.TestNG.runSuitesSequentially(TestNG.java:1318)
	at org.testng.TestNG.runSuitesLocally(TestNG.java:1243)
	at org.testng.TestNG.runSuites(TestNG.java:1161)
	at org.testng.TestNG.run(TestNG.java:1129)
	at org.testng.remote.AbstractRemoteTestNG.run(AbstractRemoteTestNG.java:114)
	at org.testng.remote.RemoteTestNG.initAndRun(RemoteTestNG.java:251)
	at org.testng.remote.RemoteTestNG.main(RemoteTestNG.java:77)
]]>
    </failure>
  </testcase> <!-- CreateShipment_TollNQXTollEXpress_E2ETest_TID_920_Service_RailGeneral -->
  <testcase name="CreateShipment_TollNQXTollEXpress_E2ETest_TID_920_Service_RailDangerousGoods" time="0.0" classname="createShipmentE2ETests.TollNQXTollExpressTests">
    <failure type="org.testng.TestNGException" message="
Parameter &amp;apos;TollCarrierItemTollNQXTollExpress&amp;apos; is required by @Test on method CreateShipment_TollNQXTollEXpress_E2ETest_TID_920_Service_RailDangerousGoods but has not been marked @Optional or defined
in C:\Users\2712\AppData\Local\Temp\testng-eclipse-120320581\testng-customsuite.xml">
      <![CDATA[org.testng.TestNGException: 
Parameter 'TollCarrierItemTollNQXTollExpress' is required by @Test on method CreateShipment_TollNQXTollEXpress_E2ETest_TID_920_Service_RailDangerousGoods but has not been marked @Optional or defined
in C:\Users\2712\AppData\Local\Temp\testng-eclipse-120320581\testng-customsuite.xml
	at org.testng.internal.Parameters.createParams(Parameters.java:248)
	at org.testng.internal.Parameters.createParametersForMethod(Parameters.java:286)
	at org.testng.internal.Parameters.createParameters(Parameters.java:547)
	at org.testng.internal.Parameters.handleParameters(Parameters.java:672)
	at org.testng.internal.Invoker.handleParameters(Invoker.java:1316)
	at org.testng.internal.Invoker.createParameters(Invoker.java:1044)
	at org.testng.internal.Invoker.invokeTestMethods(Invoker.java:1134)
	at org.testng.internal.TestMethodWorker.invokeTestMethods(TestMethodWorker.java:125)
	at org.testng.internal.TestMethodWorker.run(TestMethodWorker.java:109)
	at org.testng.TestRunner.privateRun(TestRunner.java:776)
	at org.testng.TestRunner.run(TestRunner.java:634)
	at org.testng.SuiteRunner.runTest(SuiteRunner.java:425)
	at org.testng.SuiteRunner.runSequentially(SuiteRunner.java:420)
	at org.testng.SuiteRunner.privateRun(SuiteRunner.java:385)
	at org.testng.SuiteRunner.run(SuiteRunner.java:334)
	at org.testng.SuiteRunnerWorker.runSuite(SuiteRunnerWorker.java:52)
	at org.testng.SuiteRunnerWorker.run(SuiteRunnerWorker.java:86)
	at org.testng.TestNG.runSuitesSequentially(TestNG.java:1318)
	at org.testng.TestNG.runSuitesLocally(TestNG.java:1243)
	at org.testng.TestNG.runSuites(TestNG.java:1161)
	at org.testng.TestNG.run(TestNG.java:1129)
	at org.testng.remote.AbstractRemoteTestNG.run(AbstractRemoteTestNG.java:114)
	at org.testng.remote.RemoteTestNG.initAndRun(RemoteTestNG.java:251)
	at org.testng.remote.RemoteTestNG.main(RemoteTestNG.java:77)
]]>
    </failure>
  </testcase> <!-- CreateShipment_TollNQXTollEXpress_E2ETest_TID_920_Service_RailDangerousGoods -->
</testsuite> <!-- Default test -->
