<?xml version="1.0" encoding="UTF-8"?>
<!-- Generated by org.testng.reporters.JUnitXMLReporter -->
<testsuite hostname="DESKTOP-GTKVGKN" ignored="0" name="BookAPickup" tests="6" failures="0" timestamp="18 Oct 2017 23:28:39 GMT" time="643.226" errors="0">
  <testcase name="addTemplateIntermodal" time="60.523" classname="bookAPickupE2ETests.Toll_MyProfile_Add_Accounts"/>
  <testcase name="addTemplateTasmania" time="81.095" classname="bookAPickupE2ETests.Toll_MyProfile_Add_Accounts"/>
  <testcase name="addTemplateNQX" time="80.83" classname="bookAPickupE2ETests.Toll_MyProfile_Add_Accounts"/>
  <testcase name="addTemplateIPEC" time="81.169" classname="bookAPickupE2ETests.Toll_MyProfile_Add_Accounts"/>
  <testcase name="addTemplatePrioAU" time="101.718" classname="bookAPickupE2ETests.Toll_MyProfile_Add_Accounts"/>
  <testcase name="addTemplatePrioNZ" time="101.846" classname="bookAPickupE2ETests.Toll_MyProfile_Add_Accounts"/>
</testsuite> <!-- BookAPickup -->
