<html>
<head>
<title>TestNG:  chromeTest</title>
<link href="../testng.css" rel="stylesheet" type="text/css" />
<link href="../my-testng.css" rel="stylesheet" type="text/css" />

<style type="text/css">
.log { display: none;} 
.stack-trace { display: none;} 
</style>
<script type="text/javascript">
<!--
function flip(e) {
  current = e.style.display;
  if (current == 'block') {
    e.style.display = 'none';
    return 0;
  }
  else {
    e.style.display = 'block';
    return 1;
  }
}

function toggleBox(szDivId, elem, msg1, msg2)
{
  var res = -1;  if (document.getElementById) {
    res = flip(document.getElementById(szDivId));
  }
  else if (document.all) {
    // this is the way old msie versions work
    res = flip(document.all[szDivId]);
  }
  if(elem) {
    if(res == 0) elem.innerHTML = msg1; else elem.innerHTML = msg2;
  }

}

function toggleAllBoxes() {
  if (document.getElementsByTagName) {
    d = document.getElementsByTagName('div');
    for (i = 0; i < d.length; i++) {
      if (d[i].className == 'log') {
        flip(d[i]);
      }
    }
  }
}

// -->
</script>

</head>
<body>
<h2 align='center'>chromeTest</h2><table border='1' align="center">
<tr>
<td>Tests passed/Failed/Skipped:</td><td>3/1/0</td>
</tr><tr>
<td>Started on:</td><td>Mon Oct 09 16:56:34 AEDT 2017</td>
</tr>
<tr><td>Total time:</td><td>426 seconds (426624 ms)</td>
</tr><tr>
<td>Included groups:</td><td></td>
</tr><tr>
<td>Excluded groups:</td><td></td>
</tr>
</table><p/>
<small><i>(Hover the method name to see the test class name)</i></small><p/>
<table width='100%' border='1' class='invocation-failed'>
<tr><td colspan='4' align='center'><b>FAILED TESTS</b></td></tr>
<tr><td><b>Test method</b></td>
<td width="30%"><b>Exception</b></td>
<td width="10%"><b>Time (seconds)</b></td>
<td><b>Instance</b></td>
</tr>
<tr>
<td title='bookAPickupE2ETests.Toll_Add_Template.addTemplate()'><b>addTemplate</b><br>Test class: bookAPickupE2ETests.Toll_Add_Template</td>
<td><div><pre>org.openqa.selenium.TimeoutException: Expected condition failed: waiting for presence of element located by: By.xpath: //*[@id=&quot;bu-dropdown-new&quot;]/div/ul/li/div[text()=&apos;Sheyan&apos;] (tried for 10 second(s) with 500 MILLISECONDS interval)
	at org.openqa.selenium.support.ui.WebDriverWait.timeoutException(WebDriverWait.java:80)
	at org.openqa.selenium.support.ui.FluentWait.until(FluentWait.java:232)
	at GlobalActions.PageBase.click(PageBase.java:53)
	at bookAPickupE2ETests.Toll_Add_Template.add(Toll_Add_Template.java:66)
	at bookAPickupE2ETests.Toll_Add_Template.addTemplate(Toll_Add_Template.java:39)
Caused by: org.openqa.selenium.NoSuchElementException: Cannot locate an element using By.xpath: //*[@id=&quot;bu-dropdown-new&quot;]/div/ul/li/div[text()=&apos;Sheyan&apos;]
For documentation on this error, please visit: http://seleniumhq.org/exceptions/no_such_element.html
Build info: version: &apos;unknown&apos;, revision: &apos;unknown&apos;, time: &apos;unknown&apos;
System info: host: &apos;DESKTOP-GTKVGKN&apos;, ip: &apos;192.168.19.1&apos;, os.name: &apos;Windows 10&apos;, os.arch: &apos;amd64&apos;, os.version: &apos;10.0&apos;, java.version: &apos;1.8.0_131&apos;
Driver info: driver.version: unknown
	at org.openqa.selenium.support.ui.ExpectedConditions.lambda$findElement$0(ExpectedConditions.java:883)
	at java.util.Optional.orElseThrow(Unknown Source)
	at org.openqa.selenium.support.ui.ExpectedConditions.findElement(ExpectedConditions.java:882)
	at org.openqa.selenium.support.ui.ExpectedConditions.access$000(ExpectedConditions.java:44)
	at org.openqa.selenium.support.ui.ExpectedConditions$6.apply(ExpectedConditions.java:183)
	at org.openqa.selenium.support.ui.ExpectedConditions$6.apply(ExpectedConditions.java:180)
	at org.openqa.selenium.support.ui.FluentWait.until(FluentWait.java:209)
	... 28 more
... Removed 25 stack frames</pre></div><a href='#' onClick='toggleBox("stack-trace1072377306", this, "Click to show all stack frames", "Click to hide stack frames")'>Click to show all stack frames</a>
<div class='stack-trace' id='stack-trace1072377306'><pre>org.openqa.selenium.TimeoutException: Expected condition failed: waiting for presence of element located by: By.xpath: //*[@id=&quot;bu-dropdown-new&quot;]/div/ul/li/div[text()=&apos;Sheyan&apos;] (tried for 10 second(s) with 500 MILLISECONDS interval)
	at org.openqa.selenium.support.ui.WebDriverWait.timeoutException(WebDriverWait.java:80)
	at org.openqa.selenium.support.ui.FluentWait.until(FluentWait.java:232)
	at GlobalActions.PageBase.click(PageBase.java:53)
	at bookAPickupE2ETests.Toll_Add_Template.add(Toll_Add_Template.java:66)
	at bookAPickupE2ETests.Toll_Add_Template.addTemplate(Toll_Add_Template.java:39)
	at sun.reflect.NativeMethodAccessorImpl.invoke0(Native Method)
	at sun.reflect.NativeMethodAccessorImpl.invoke(Unknown Source)
	at sun.reflect.DelegatingMethodAccessorImpl.invoke(Unknown Source)
	at java.lang.reflect.Method.invoke(Unknown Source)
	at org.testng.internal.MethodInvocationHelper.invokeMethod(MethodInvocationHelper.java:108)
	at org.testng.internal.Invoker.invokeMethod(Invoker.java:669)
	at org.testng.internal.Invoker.invokeTestMethod(Invoker.java:877)
	at org.testng.internal.Invoker.invokeTestMethods(Invoker.java:1201)
	at org.testng.internal.TestMethodWorker.invokeTestMethods(TestMethodWorker.java:125)
	at org.testng.internal.TestMethodWorker.run(TestMethodWorker.java:109)
	at org.testng.TestRunner.privateRun(TestRunner.java:776)
	at org.testng.TestRunner.run(TestRunner.java:634)
	at org.testng.SuiteRunner.runTest(SuiteRunner.java:425)
	at org.testng.SuiteRunner.runSequentially(SuiteRunner.java:420)
	at org.testng.SuiteRunner.privateRun(SuiteRunner.java:385)
	at org.testng.SuiteRunner.run(SuiteRunner.java:334)
	at org.testng.SuiteRunnerWorker.runSuite(SuiteRunnerWorker.java:52)
	at org.testng.SuiteRunnerWorker.run(SuiteRunnerWorker.java:86)
	at org.testng.TestNG.runSuitesSequentially(TestNG.java:1318)
	at org.testng.TestNG.runSuitesLocally(TestNG.java:1243)
	at org.testng.TestNG.runSuites(TestNG.java:1161)
	at org.testng.TestNG.run(TestNG.java:1129)
	at org.testng.remote.AbstractRemoteTestNG.run(AbstractRemoteTestNG.java:114)
	at org.testng.remote.RemoteTestNG.initAndRun(RemoteTestNG.java:251)
	at org.testng.remote.RemoteTestNG.main(RemoteTestNG.java:77)
Caused by: org.openqa.selenium.NoSuchElementException: Cannot locate an element using By.xpath: //*[@id=&quot;bu-dropdown-new&quot;]/div/ul/li/div[text()=&apos;Sheyan&apos;]
For documentation on this error, please visit: http://seleniumhq.org/exceptions/no_such_element.html
Build info: version: &apos;unknown&apos;, revision: &apos;unknown&apos;, time: &apos;unknown&apos;
System info: host: &apos;DESKTOP-GTKVGKN&apos;, ip: &apos;192.168.19.1&apos;, os.name: &apos;Windows 10&apos;, os.arch: &apos;amd64&apos;, os.version: &apos;10.0&apos;, java.version: &apos;1.8.0_131&apos;
Driver info: driver.version: unknown
	at org.openqa.selenium.support.ui.ExpectedConditions.lambda$findElement$0(ExpectedConditions.java:883)
	at java.util.Optional.orElseThrow(Unknown Source)
	at org.openqa.selenium.support.ui.ExpectedConditions.findElement(ExpectedConditions.java:882)
	at org.openqa.selenium.support.ui.ExpectedConditions.access$000(ExpectedConditions.java:44)
	at org.openqa.selenium.support.ui.ExpectedConditions$6.apply(ExpectedConditions.java:183)
	at org.openqa.selenium.support.ui.ExpectedConditions$6.apply(ExpectedConditions.java:180)
	at org.openqa.selenium.support.ui.FluentWait.until(FluentWait.java:209)
	... 28 more
</pre></div></td>
<td>27</td>
<td>bookAPickupE2ETests.Toll_Add_Template@59f99ea</td></tr>
</table><p>
<table width='100%' border='1' class='invocation-passed'>
<tr><td colspan='4' align='center'><b>PASSED TESTS</b></td></tr>
<tr><td><b>Test method</b></td>
<td width="30%"><b>Exception</b></td>
<td width="10%"><b>Time (seconds)</b></td>
<td><b>Instance</b></td>
</tr>
<tr>
<td title='bookAPickupE2ETests.Toll_Add_Template.addTemplate2()'><b>addTemplate2</b><br>Test class: bookAPickupE2ETests.Toll_Add_Template<br/>
<a href="#Output-431506362" onClick='toggleBox("Output-431506362", this, "Show output", "Hide output");'>Show output</a>

<a href="#Output-431506362" onClick="toggleAllBoxes();">Show all outputs</a>
<div class='log' id="Output-431506362">
Expected Text : TEMPLATE SUCCESSFULLY SAVED Matched the Text on Screen :TEMPLATE SUCCESSFULLY SAVED<br/>
xpath not found: By.xpath: //*[@id="portlet_mytolltemplateportlet_WAR_mytolltemplateportlet"]//*//p[text()='TestToll Intermodal2890']<br><br/>
xpath not found: By.xpath: //*[@id="portlet_mytolltemplateportlet_WAR_mytolltemplateportlet"]//*//p[text()='TestToll Intermodal2890']<br><br/>
xpath not found: By.xpath: //*[@id="portlet_mytolltemplateportlet_WAR_mytolltemplateportlet"]//*//p[text()='TestToll Intermodal2890']<br><br/>
xpath not found: By.xpath: //*[@id="portlet_mytolltemplateportlet_WAR_mytolltemplateportlet"]//*//p[text()='TestToll Intermodal2890']<br><br/>
Expected Text : TestToll Intermodal2890 Matched the Text on Screen :TestToll Intermodal2890<br/>
</div>
</td>
<td></td>
<td>97</td>
<td>bookAPickupE2ETests.Toll_Add_Template@59f99ea</td></tr>
<tr>
<td title='bookAPickupE2ETests.Toll_Add_Template.addTemplate3()'><b>addTemplate3</b><br>Test class: bookAPickupE2ETests.Toll_Add_Template<br/>
<a href="#Output-44559647" onClick='toggleBox("Output-44559647", this, "Show output", "Hide output");'>Show output</a>

<a href="#Output-44559647" onClick="toggleAllBoxes();">Show all outputs</a>
<div class='log' id="Output-44559647">
Expected Text : TEMPLATE SUCCESSFULLY SAVED Matched the Text on Screen :TEMPLATE SUCCESSFULLY SAVED<br/>
xpath not found: By.xpath: //*[@id="portlet_mytolltemplateportlet_WAR_mytolltemplateportlet"]//*//p[text()='TestToll Tasmania6236']<br><br/>
xpath not found: By.xpath: //*[@id="portlet_mytolltemplateportlet_WAR_mytolltemplateportlet"]//*//p[text()='TestToll Tasmania6236']<br><br/>
xpath not found: By.xpath: //*[@id="portlet_mytolltemplateportlet_WAR_mytolltemplateportlet"]//*//p[text()='TestToll Tasmania6236']<br><br/>
xpath not found: By.xpath: //*[@id="portlet_mytolltemplateportlet_WAR_mytolltemplateportlet"]//*//p[text()='TestToll Tasmania6236']<br><br/>
xpath not found: By.xpath: //*[@id="portlet_mytolltemplateportlet_WAR_mytolltemplateportlet"]//*//p[text()='TestToll Tasmania6236']<br><br/>
Expected Text : TestToll Tasmania6236 Matched the Text on Screen :TestToll Tasmania6236<br/>
</div>
</td>
<td></td>
<td>118</td>
<td>bookAPickupE2ETests.Toll_Add_Template@59f99ea</td></tr>
<tr>
<td title='bookAPickupE2ETests.Toll_Add_Template.addTemplate4()'><b>addTemplate4</b><br>Test class: bookAPickupE2ETests.Toll_Add_Template<br/>
<a href="#Output-1800976873" onClick='toggleBox("Output-1800976873", this, "Show output", "Hide output");'>Show output</a>

<a href="#Output-1800976873" onClick="toggleAllBoxes();">Show all outputs</a>
<div class='log' id="Output-1800976873">
Expected Text : TEMPLATE SUCCESSFULLY SAVED Matched the Text on Screen :TEMPLATE SUCCESSFULLY SAVED<br/>
xpath not found: By.xpath: //*[@id="portlet_mytolltemplateportlet_WAR_mytolltemplateportlet"]//*//p[text()='TestToll NQX | Toll Express412']<br><br/>
xpath not found: By.xpath: //*[@id="portlet_mytolltemplateportlet_WAR_mytolltemplateportlet"]//*//p[text()='TestToll NQX | Toll Express412']<br><br/>
xpath not found: By.xpath: //*[@id="portlet_mytolltemplateportlet_WAR_mytolltemplateportlet"]//*//p[text()='TestToll NQX | Toll Express412']<br><br/>
xpath not found: By.xpath: //*[@id="portlet_mytolltemplateportlet_WAR_mytolltemplateportlet"]//*//p[text()='TestToll NQX | Toll Express412']<br><br/>
xpath not found: By.xpath: //*[@id="portlet_mytolltemplateportlet_WAR_mytolltemplateportlet"]//*//p[text()='TestToll NQX | Toll Express412']<br><br/>
Expected Text : TestToll NQX | Toll Express412 Matched the Text on Screen :TestToll NQX | Toll Express412<br/>
</div>
</td>
<td></td>
<td>118</td>
<td>bookAPickupE2ETests.Toll_Add_Template@59f99ea</td></tr>
</table><p>
</body>
</html>