<?xml version="1.0" encoding="UTF-8"?>
<!-- Generated by org.testng.reporters.JUnitXMLReporter -->
<testsuite hostname="DESKTOP-GTKVGKN" ignored="0" name="chromeTest" tests="4" failures="1" timestamp="09 Oct 2017 06:03:40 GMT" time="426.624" errors="0">
  <testcase name="addTemplate" time="27.981" classname="bookAPickupE2ETests.Toll_Add_Template">
    <failure type="org.openqa.selenium.TimeoutException" message="Expected condition failed: waiting for presence of element located by: By.xpath: //*[@id=&amp;quot;bu-dropdown-new&amp;quot;]/div/ul/li/div[text()=&amp;apos;Sheyan&amp;apos;] (tried for 10 second(s) with 500 MILLISECONDS interval)">
      <![CDATA[org.openqa.selenium.TimeoutException: Expected condition failed: waiting for presence of element located by: By.xpath: //*[@id="bu-dropdown-new"]/div/ul/li/div[text()='Sheyan'] (tried for 10 second(s) with 500 MILLISECONDS interval)
	at org.openqa.selenium.support.ui.WebDriverWait.timeoutException(WebDriverWait.java:80)
	at org.openqa.selenium.support.ui.FluentWait.until(FluentWait.java:232)
	at GlobalActions.PageBase.click(PageBase.java:53)
	at bookAPickupE2ETests.Toll_Add_Template.add(Toll_Add_Template.java:66)
	at bookAPickupE2ETests.Toll_Add_Template.addTemplate(Toll_Add_Template.java:39)
Caused by: org.openqa.selenium.NoSuchElementException: Cannot locate an element using By.xpath: //*[@id="bu-dropdown-new"]/div/ul/li/div[text()='Sheyan']
For documentation on this error, please visit: http://seleniumhq.org/exceptions/no_such_element.html
Build info: version: 'unknown', revision: 'unknown', time: 'unknown'
System info: host: 'DESKTOP-GTKVGKN', ip: '192.168.19.1', os.name: 'Windows 10', os.arch: 'amd64', os.version: '10.0', java.version: '1.8.0_131'
Driver info: driver.version: unknown
	at org.openqa.selenium.support.ui.ExpectedConditions.lambda$findElement$0(ExpectedConditions.java:883)
	at java.util.Optional.orElseThrow(Unknown Source)
	at org.openqa.selenium.support.ui.ExpectedConditions.findElement(ExpectedConditions.java:882)
	at org.openqa.selenium.support.ui.ExpectedConditions.access$000(ExpectedConditions.java:44)
	at org.openqa.selenium.support.ui.ExpectedConditions$6.apply(ExpectedConditions.java:183)
	at org.openqa.selenium.support.ui.ExpectedConditions$6.apply(ExpectedConditions.java:180)
	at org.openqa.selenium.support.ui.FluentWait.until(FluentWait.java:209)
	... 28 more
... Removed 25 stack frames]]>
    </failure>
  </testcase> <!-- addTemplate -->
  <testcase name="addTemplate2" time="97.95" classname="bookAPickupE2ETests.Toll_Add_Template"/>
  <testcase name="addTemplate3" time="118.91" classname="bookAPickupE2ETests.Toll_Add_Template"/>
  <testcase name="addTemplate4" time="118.882" classname="bookAPickupE2ETests.Toll_Add_Template"/>
</testsuite> <!-- chromeTest -->
