<?xml version="1.0" encoding="UTF-8"?>
<!-- Generated by org.testng.reporters.JUnitXMLReporter -->
<testsuite hostname="PC12159" ignored="0" name="chromeTest" tests="8" failures="1" timestamp="27 Sep 2017 04:44:33 GMT" time="207.402" errors="0">
  <testcase name="@BeforeMethod RunSetup" time="207.308" classname="bookAPickupE2ETests.Toll_IntermodalTest">
    <failure type="org.openqa.selenium.WebDriverException" message="unknown error: Element &amp;lt;i class=&amp;quot;ico-hamburger-menu&amp;quot;&amp;gt;&amp;lt;/i&amp;gt; is not clickable at point (52, 27). Other element would receive the click: &amp;lt;div id=&amp;quot;page-loader&amp;quot; class=&amp;quot;&amp;quot;&amp;gt;...&amp;lt;/div&amp;gt;
  (Session info: chrome=60.0.3112.113)
  (Driver info: chromedriver=2.30.477700 (0057494ad8732195794a7b32078424f92a5fce41),platform=Windows NT 10.0.14393 x86_64) (WARNING: The server did not provide any stacktrace information)
Command duration or timeout: 52 milliseconds
Build info: version: &amp;apos;unknown&amp;apos;, revision: &amp;apos;unknown&amp;apos;, time: &amp;apos;unknown&amp;apos;
System info: host: &amp;apos;PC12159&amp;apos;, ip: &amp;apos;172.28.181.243&amp;apos;, os.name: &amp;apos;Windows 10&amp;apos;, os.arch: &amp;apos;amd64&amp;apos;, os.version: &amp;apos;10.0&amp;apos;, java.version: &amp;apos;1.8.0_144&amp;apos;
Driver info: org.openqa.selenium.chrome.ChromeDriver
Capabilities [{applicationCacheEnabled=false, rotatable=false, mobileEmulationEnabled=false, networkConnectionEnabled=false, chrome={chromedriverVersion=2.30.477700 (0057494ad8732195794a7b32078424f92a5fce41), userDataDir=C:\Users\2712\AppData\Local\Temp\scoped_dir65324_18073}, takesHeapSnapshot=true, pageLoadStrategy=normal, databaseEnabled=false, handlesAlerts=true, hasTouchScreen=false, version=60.0.3112.113, platform=XP, browserConnectionEnabled=false, nativeEvents=true, acceptSslCerts=true, locationContextEnabled=true, webStorageEnabled=true, browserName=chrome, takesScreenshot=true, javascriptEnabled=true, cssSelectorsEnabled=true, unexpectedAlertBehaviour=}]
Session ID: 00ad5a37ed487e8416e5e125d542626a">
      <![CDATA[org.openqa.selenium.WebDriverException: unknown error: Element <i class="ico-hamburger-menu"></i> is not clickable at point (52, 27). Other element would receive the click: <div id="page-loader" class="">...</div>
  (Session info: chrome=60.0.3112.113)
  (Driver info: chromedriver=2.30.477700 (0057494ad8732195794a7b32078424f92a5fce41),platform=Windows NT 10.0.14393 x86_64) (WARNING: The server did not provide any stacktrace information)
Command duration or timeout: 52 milliseconds
Build info: version: 'unknown', revision: 'unknown', time: 'unknown'
System info: host: 'PC12159', ip: '172.28.181.243', os.name: 'Windows 10', os.arch: 'amd64', os.version: '10.0', java.version: '1.8.0_144'
Driver info: org.openqa.selenium.chrome.ChromeDriver
Capabilities [{applicationCacheEnabled=false, rotatable=false, mobileEmulationEnabled=false, networkConnectionEnabled=false, chrome={chromedriverVersion=2.30.477700 (0057494ad8732195794a7b32078424f92a5fce41), userDataDir=C:\Users\2712\AppData\Local\Temp\scoped_dir65324_18073}, takesHeapSnapshot=true, pageLoadStrategy=normal, databaseEnabled=false, handlesAlerts=true, hasTouchScreen=false, version=60.0.3112.113, platform=XP, browserConnectionEnabled=false, nativeEvents=true, acceptSslCerts=true, locationContextEnabled=true, webStorageEnabled=true, browserName=chrome, takesScreenshot=true, javascriptEnabled=true, cssSelectorsEnabled=true, unexpectedAlertBehaviour=}]
Session ID: 00ad5a37ed487e8416e5e125d542626a
	at org.openqa.selenium.remote.ErrorHandler.createThrowable(ErrorHandler.java:215)
	at org.openqa.selenium.remote.ErrorHandler.throwIfResponseFailed(ErrorHandler.java:167)
	at org.openqa.selenium.remote.RemoteWebDriver.execute(RemoteWebDriver.java:671)
	at org.openqa.selenium.remote.RemoteWebElement.execute(RemoteWebElement.java:272)
	at org.openqa.selenium.remote.RemoteWebElement.click(RemoteWebElement.java:82)
	at myTollHomePageActions.MyTollHomePageActions.ClickMenu(MyTollHomePageActions.java:46)
	at bookAPickupE2ETests.Toll_IntermodalTest.RunSetup(Toll_IntermodalTest.java:35)
... Removed 31 stack frames]]>
    </failure>
  </testcase> <!-- @BeforeMethod RunSetup -->
  <testcase name="@AfterMethod RunTearDown" time="0.0" classname="bookAPickupE2ETests.Toll_IntermodalTest">
    <skipped/>
  </testcase> <!-- @AfterMethod RunTearDown -->
  <testcase name="@BeforeMethod RunSetup" time="0.0" classname="bookAPickupE2ETests.Toll_IntermodalTest">
    <skipped/>
  </testcase> <!-- @BeforeMethod RunSetup -->
  <testcase name="@AfterMethod RunTearDown" time="0.0" classname="bookAPickupE2ETests.Toll_IntermodalTest">
    <skipped/>
  </testcase> <!-- @AfterMethod RunTearDown -->
  <testcase name="@BeforeMethod RunSetup" time="0.0" classname="bookAPickupE2ETests.Toll_IntermodalTest">
    <skipped/>
  </testcase> <!-- @BeforeMethod RunSetup -->
  <testcase name="@AfterMethod RunTearDown" time="0.0" classname="bookAPickupE2ETests.Toll_IntermodalTest">
    <skipped/>
  </testcase> <!-- @AfterMethod RunTearDown -->
  <testcase name="@BeforeMethod RunSetup" time="0.0" classname="bookAPickupE2ETests.Toll_IntermodalTest">
    <skipped/>
  </testcase> <!-- @BeforeMethod RunSetup -->
  <testcase name="@AfterMethod RunTearDown" time="0.0" classname="bookAPickupE2ETests.Toll_IntermodalTest">
    <skipped/>
  </testcase> <!-- @AfterMethod RunTearDown -->
  <testcase name="@BeforeMethod RunSetup" time="0.0" classname="bookAPickupE2ETests.Toll_IntermodalTest">
    <skipped/>
  </testcase> <!-- @BeforeMethod RunSetup -->
  <testcase name="@AfterMethod RunTearDown" time="0.0" classname="bookAPickupE2ETests.Toll_IntermodalTest">
    <skipped/>
  </testcase> <!-- @AfterMethod RunTearDown -->
  <testcase name="@BeforeMethod RunSetup" time="0.0" classname="bookAPickupE2ETests.Toll_IntermodalTest">
    <skipped/>
  </testcase> <!-- @BeforeMethod RunSetup -->
  <testcase name="@AfterMethod RunTearDown" time="0.0" classname="bookAPickupE2ETests.Toll_IntermodalTest">
    <skipped/>
  </testcase> <!-- @AfterMethod RunTearDown -->
  <testcase name="@BeforeMethod RunSetup" time="0.0" classname="bookAPickupE2ETests.Toll_IntermodalTest">
    <skipped/>
  </testcase> <!-- @BeforeMethod RunSetup -->
  <testcase name="@AfterMethod RunTearDown" time="0.0" classname="bookAPickupE2ETests.Toll_IntermodalTest">
    <skipped/>
  </testcase> <!-- @AfterMethod RunTearDown -->
  <testcase name="BookAPickup_TollIntermodal_E2ETest_TID_618_Service_Refrigeration" time="0.0" classname="bookAPickupE2ETests.Toll_IntermodalTest">
    <skipped/>
  </testcase> <!-- BookAPickup_TollIntermodal_E2ETest_TID_618_Service_Refrigeration -->
  <testcase name="BookAPickup_TollIntermodal_E2ETest_TID_618_Service_Refrigeration_ConfirmedDetails" time="0.0" classname="bookAPickupE2ETests.Toll_IntermodalTest">
    <skipped/>
  </testcase> <!-- BookAPickup_TollIntermodal_E2ETest_TID_618_Service_Refrigeration_ConfirmedDetails -->
  <testcase name="BookAPickup_TollIntermodal_E2ETest_TID_618_Service_DGFreight" time="0.0" classname="bookAPickupE2ETests.Toll_IntermodalTest">
    <skipped/>
  </testcase> <!-- BookAPickup_TollIntermodal_E2ETest_TID_618_Service_DGFreight -->
  <testcase name="BookAPickup_TollIntermodal_E2ETest_TID_618_Service_DGFreight_ConfirmedDetails" time="0.0" classname="bookAPickupE2ETests.Toll_IntermodalTest">
    <skipped/>
  </testcase> <!-- BookAPickup_TollIntermodal_E2ETest_TID_618_Service_DGFreight_ConfirmedDetails -->
  <testcase name="BookAPickup_TollIntermodal_E2ETest_TID_618_Service_Express" time="0.0" classname="bookAPickupE2ETests.Toll_IntermodalTest">
    <skipped/>
  </testcase> <!-- BookAPickup_TollIntermodal_E2ETest_TID_618_Service_Express -->
  <testcase name="BookAPickup_TollIntermodal_E2ETest_TID_618_Service_Express_ConfirmedDetails" time="0.0" classname="bookAPickupE2ETests.Toll_IntermodalTest">
    <skipped/>
  </testcase> <!-- BookAPickup_TollIntermodal_E2ETest_TID_618_Service_Express_ConfirmedDetails -->
  <testcase name="BookAPickup_TollIntermodal_E2ETest_TID_618_Service_General" time="0.0" classname="bookAPickupE2ETests.Toll_IntermodalTest">
    <skipped/>
  </testcase> <!-- BookAPickup_TollIntermodal_E2ETest_TID_618_Service_General -->
  <testcase name="BookAPickup_TollIntermodal_E2ETest_TID_618_Service_General_ConfirmedDetails" time="0.0" classname="bookAPickupE2ETests.Toll_IntermodalTest">
    <failure type="org.testng.TestNGException" message="
Parameter &amp;apos;vendorNum&amp;apos; is required by @Test on method BookAPickup_TollIntermodal_E2ETest_TID_618_Service_General_ConfirmedDetails but has not been marked @Optional or defined
in C:\Source\MYTOLLTestAutomation\BookAPickup.xml">
      <![CDATA[org.testng.TestNGException: 
Parameter 'vendorNum' is required by @Test on method BookAPickup_TollIntermodal_E2ETest_TID_618_Service_General_ConfirmedDetails but has not been marked @Optional or defined
in C:\Source\MYTOLLTestAutomation\BookAPickup.xml
... Removed 24 stack frames]]>
    </failure>
  </testcase> <!-- BookAPickup_TollIntermodal_E2ETest_TID_618_Service_General_ConfirmedDetails -->
</testsuite> <!-- chromeTest -->
