<?xml version="1.0" encoding="UTF-8"?>
<!-- Generated by org.testng.reporters.JUnitXMLReporter -->
<testsuite hostname="PC12159" ignored="0" name="createShipmentE2ETests.TollNQXTollExpressTests.CreateShipment_TollNQXTollEXpress_E2ETest_TID_920_Service_General" tests="9" failures="9" timestamp="25 Sep 2017 04:50:30 GMT" time="540.736" errors="0">
  <testcase name="CreateShipment_TollNQXTollEXpress_E2ETest_TID_920_Service_General" time="59.348" classname="createShipmentE2ETests.TollNQXTollExpressTests">
    <failure type="org.openqa.selenium.NoSuchElementException" message="no such element: Unable to locate element: {&amp;quot;method&amp;quot;:&amp;quot;xpath&amp;quot;,&amp;quot;selector&amp;quot;:&amp;quot;//*[@id=&amp;quot;shipment-cons-popup-wrpr&amp;quot;]/div/div/header/h2&amp;quot;}
  (Session info: chrome=60.0.3112.113)
  (Driver info: chromedriver=2.30.477700 (0057494ad8732195794a7b32078424f92a5fce41),platform=Windows NT 10.0.14393 x86_64) (WARNING: The server did not provide any stacktrace information)
Command duration or timeout: 20.07 seconds
For documentation on this error, please visit: http://seleniumhq.org/exceptions/no_such_element.html
Build info: version: &amp;apos;unknown&amp;apos;, revision: &amp;apos;unknown&amp;apos;, time: &amp;apos;unknown&amp;apos;
System info: host: &amp;apos;PC12159&amp;apos;, ip: &amp;apos;10.22.139.33&amp;apos;, os.name: &amp;apos;Windows 10&amp;apos;, os.arch: &amp;apos;amd64&amp;apos;, os.version: &amp;apos;10.0&amp;apos;, java.version: &amp;apos;1.8.0_144&amp;apos;
Driver info: org.openqa.selenium.chrome.ChromeDriver
Capabilities [{applicationCacheEnabled=false, rotatable=false, mobileEmulationEnabled=false, networkConnectionEnabled=false, chrome={chromedriverVersion=2.30.477700 (0057494ad8732195794a7b32078424f92a5fce41), userDataDir=C:\Users\2712\AppData\Local\Temp\scoped_dir58024_20331}, takesHeapSnapshot=true, pageLoadStrategy=normal, databaseEnabled=false, handlesAlerts=true, hasTouchScreen=false, version=60.0.3112.113, platform=XP, browserConnectionEnabled=false, nativeEvents=true, acceptSslCerts=true, locationContextEnabled=true, webStorageEnabled=true, browserName=chrome, takesScreenshot=true, javascriptEnabled=true, cssSelectorsEnabled=true, unexpectedAlertBehaviour=}]
Session ID: c5e6b8b5ef906c3b644ff2f8858d54d7
*** Element info: {Using=xpath, value=//*[@id=&amp;quot;shipment-cons-popup-wrpr&amp;quot;]/div/div/header/h2}">
      <![CDATA[org.openqa.selenium.NoSuchElementException: no such element: Unable to locate element: {"method":"xpath","selector":"//*[@id="shipment-cons-popup-wrpr"]/div/div/header/h2"}
  (Session info: chrome=60.0.3112.113)
  (Driver info: chromedriver=2.30.477700 (0057494ad8732195794a7b32078424f92a5fce41),platform=Windows NT 10.0.14393 x86_64) (WARNING: The server did not provide any stacktrace information)
Command duration or timeout: 20.07 seconds
For documentation on this error, please visit: http://seleniumhq.org/exceptions/no_such_element.html
Build info: version: 'unknown', revision: 'unknown', time: 'unknown'
System info: host: 'PC12159', ip: '10.22.139.33', os.name: 'Windows 10', os.arch: 'amd64', os.version: '10.0', java.version: '1.8.0_144'
Driver info: org.openqa.selenium.chrome.ChromeDriver
Capabilities [{applicationCacheEnabled=false, rotatable=false, mobileEmulationEnabled=false, networkConnectionEnabled=false, chrome={chromedriverVersion=2.30.477700 (0057494ad8732195794a7b32078424f92a5fce41), userDataDir=C:\Users\2712\AppData\Local\Temp\scoped_dir58024_20331}, takesHeapSnapshot=true, pageLoadStrategy=normal, databaseEnabled=false, handlesAlerts=true, hasTouchScreen=false, version=60.0.3112.113, platform=XP, browserConnectionEnabled=false, nativeEvents=true, acceptSslCerts=true, locationContextEnabled=true, webStorageEnabled=true, browserName=chrome, takesScreenshot=true, javascriptEnabled=true, cssSelectorsEnabled=true, unexpectedAlertBehaviour=}]
Session ID: c5e6b8b5ef906c3b644ff2f8858d54d7
*** Element info: {Using=xpath, value=//*[@id="shipment-cons-popup-wrpr"]/div/div/header/h2}
	at org.openqa.selenium.remote.ErrorHandler.createThrowable(ErrorHandler.java:215)
	at org.openqa.selenium.remote.ErrorHandler.throwIfResponseFailed(ErrorHandler.java:167)
	at org.openqa.selenium.remote.RemoteWebDriver.execute(RemoteWebDriver.java:671)
	at org.openqa.selenium.remote.RemoteWebDriver.findElement(RemoteWebDriver.java:410)
	at org.openqa.selenium.remote.RemoteWebDriver.findElementByXPath(RemoteWebDriver.java:509)
	at org.openqa.selenium.By$ByXPath.findElement(By.java:361)
	at org.openqa.selenium.remote.RemoteWebDriver.findElement(RemoteWebDriver.java:402)
	at createShipmentActions.CreateShipmentActions.SelectShipmentConsolidated(CreateShipmentActions.java:144)
	at createShipmentE2ETests.TollNQXTollExpressTests.CreateShipment_TollNQXTollEXpress_E2ETest_TID_920_Service_General(TollNQXTollExpressTests.java:57)
... Removed 29 stack frames]]>
    </failure>
  </testcase> <!-- CreateShipment_TollNQXTollEXpress_E2ETest_TID_920_Service_General -->
  <testcase name="CreateShipment_TollNQXTollEXpress_E2ETest_TID_920_Service_Express" time="56.972" classname="createShipmentE2ETests.TollNQXTollExpressTests">
    <failure type="org.openqa.selenium.ElementNotVisibleException" message="element not visible
  (Session info: chrome=60.0.3112.113)
  (Driver info: chromedriver=2.30.477700 (0057494ad8732195794a7b32078424f92a5fce41),platform=Windows NT 10.0.14393 x86_64) (WARNING: The server did not provide any stacktrace information)
Command duration or timeout: 19 milliseconds
Build info: version: &amp;apos;unknown&amp;apos;, revision: &amp;apos;unknown&amp;apos;, time: &amp;apos;unknown&amp;apos;
System info: host: &amp;apos;PC12159&amp;apos;, ip: &amp;apos;10.22.139.33&amp;apos;, os.name: &amp;apos;Windows 10&amp;apos;, os.arch: &amp;apos;amd64&amp;apos;, os.version: &amp;apos;10.0&amp;apos;, java.version: &amp;apos;1.8.0_144&amp;apos;
Driver info: org.openqa.selenium.chrome.ChromeDriver
Capabilities [{applicationCacheEnabled=false, rotatable=false, mobileEmulationEnabled=false, networkConnectionEnabled=false, chrome={chromedriverVersion=2.30.477700 (0057494ad8732195794a7b32078424f92a5fce41), userDataDir=C:\Users\2712\AppData\Local\Temp\scoped_dir56372_8943}, takesHeapSnapshot=true, pageLoadStrategy=normal, databaseEnabled=false, handlesAlerts=true, hasTouchScreen=false, version=60.0.3112.113, platform=XP, browserConnectionEnabled=false, nativeEvents=true, acceptSslCerts=true, locationContextEnabled=true, webStorageEnabled=true, browserName=chrome, takesScreenshot=true, javascriptEnabled=true, cssSelectorsEnabled=true, unexpectedAlertBehaviour=}]
Session ID: ab605a91efea22aa23ba27b884c86a98">
      <![CDATA[org.openqa.selenium.ElementNotVisibleException: element not visible
  (Session info: chrome=60.0.3112.113)
  (Driver info: chromedriver=2.30.477700 (0057494ad8732195794a7b32078424f92a5fce41),platform=Windows NT 10.0.14393 x86_64) (WARNING: The server did not provide any stacktrace information)
Command duration or timeout: 19 milliseconds
Build info: version: 'unknown', revision: 'unknown', time: 'unknown'
System info: host: 'PC12159', ip: '10.22.139.33', os.name: 'Windows 10', os.arch: 'amd64', os.version: '10.0', java.version: '1.8.0_144'
Driver info: org.openqa.selenium.chrome.ChromeDriver
Capabilities [{applicationCacheEnabled=false, rotatable=false, mobileEmulationEnabled=false, networkConnectionEnabled=false, chrome={chromedriverVersion=2.30.477700 (0057494ad8732195794a7b32078424f92a5fce41), userDataDir=C:\Users\2712\AppData\Local\Temp\scoped_dir56372_8943}, takesHeapSnapshot=true, pageLoadStrategy=normal, databaseEnabled=false, handlesAlerts=true, hasTouchScreen=false, version=60.0.3112.113, platform=XP, browserConnectionEnabled=false, nativeEvents=true, acceptSslCerts=true, locationContextEnabled=true, webStorageEnabled=true, browserName=chrome, takesScreenshot=true, javascriptEnabled=true, cssSelectorsEnabled=true, unexpectedAlertBehaviour=}]
Session ID: ab605a91efea22aa23ba27b884c86a98
	at org.openqa.selenium.remote.ErrorHandler.createThrowable(ErrorHandler.java:215)
	at org.openqa.selenium.remote.ErrorHandler.throwIfResponseFailed(ErrorHandler.java:167)
	at org.openqa.selenium.remote.RemoteWebDriver.execute(RemoteWebDriver.java:671)
	at org.openqa.selenium.remote.RemoteWebElement.execute(RemoteWebElement.java:272)
	at org.openqa.selenium.remote.RemoteWebElement.click(RemoteWebElement.java:82)
	at createShipmentActions.CreateShipmentActions.SelectBillingType(CreateShipmentActions.java:242)
	at createShipmentE2ETests.TollNQXTollExpressTests.CreateShipment_TollNQXTollEXpress_E2ETest_TID_920_Service_Express(TollNQXTollExpressTests.java:138)
... Removed 29 stack frames]]>
    </failure>
  </testcase> <!-- CreateShipment_TollNQXTollEXpress_E2ETest_TID_920_Service_Express -->
  <testcase name="CreateShipment_TollNQXTollEXpress_E2ETest_TID_920_Service_Premium" time="57.397" classname="createShipmentE2ETests.TollNQXTollExpressTests">
    <failure type="org.openqa.selenium.ElementNotVisibleException" message="element not visible
  (Session info: chrome=60.0.3112.113)
  (Driver info: chromedriver=2.30.477700 (0057494ad8732195794a7b32078424f92a5fce41),platform=Windows NT 10.0.14393 x86_64) (WARNING: The server did not provide any stacktrace information)
Command duration or timeout: 21 milliseconds
Build info: version: &amp;apos;unknown&amp;apos;, revision: &amp;apos;unknown&amp;apos;, time: &amp;apos;unknown&amp;apos;
System info: host: &amp;apos;PC12159&amp;apos;, ip: &amp;apos;10.22.139.33&amp;apos;, os.name: &amp;apos;Windows 10&amp;apos;, os.arch: &amp;apos;amd64&amp;apos;, os.version: &amp;apos;10.0&amp;apos;, java.version: &amp;apos;1.8.0_144&amp;apos;
Driver info: org.openqa.selenium.chrome.ChromeDriver
Capabilities [{applicationCacheEnabled=false, rotatable=false, mobileEmulationEnabled=false, networkConnectionEnabled=false, chrome={chromedriverVersion=2.30.477700 (0057494ad8732195794a7b32078424f92a5fce41), userDataDir=C:\Users\2712\AppData\Local\Temp\scoped_dir27072_3191}, takesHeapSnapshot=true, pageLoadStrategy=normal, databaseEnabled=false, handlesAlerts=true, hasTouchScreen=false, version=60.0.3112.113, platform=XP, browserConnectionEnabled=false, nativeEvents=true, acceptSslCerts=true, locationContextEnabled=true, webStorageEnabled=true, browserName=chrome, takesScreenshot=true, javascriptEnabled=true, cssSelectorsEnabled=true, unexpectedAlertBehaviour=}]
Session ID: 9dc31392daf56320b9115b2c925625db">
      <![CDATA[org.openqa.selenium.ElementNotVisibleException: element not visible
  (Session info: chrome=60.0.3112.113)
  (Driver info: chromedriver=2.30.477700 (0057494ad8732195794a7b32078424f92a5fce41),platform=Windows NT 10.0.14393 x86_64) (WARNING: The server did not provide any stacktrace information)
Command duration or timeout: 21 milliseconds
Build info: version: 'unknown', revision: 'unknown', time: 'unknown'
System info: host: 'PC12159', ip: '10.22.139.33', os.name: 'Windows 10', os.arch: 'amd64', os.version: '10.0', java.version: '1.8.0_144'
Driver info: org.openqa.selenium.chrome.ChromeDriver
Capabilities [{applicationCacheEnabled=false, rotatable=false, mobileEmulationEnabled=false, networkConnectionEnabled=false, chrome={chromedriverVersion=2.30.477700 (0057494ad8732195794a7b32078424f92a5fce41), userDataDir=C:\Users\2712\AppData\Local\Temp\scoped_dir27072_3191}, takesHeapSnapshot=true, pageLoadStrategy=normal, databaseEnabled=false, handlesAlerts=true, hasTouchScreen=false, version=60.0.3112.113, platform=XP, browserConnectionEnabled=false, nativeEvents=true, acceptSslCerts=true, locationContextEnabled=true, webStorageEnabled=true, browserName=chrome, takesScreenshot=true, javascriptEnabled=true, cssSelectorsEnabled=true, unexpectedAlertBehaviour=}]
Session ID: 9dc31392daf56320b9115b2c925625db
	at org.openqa.selenium.remote.ErrorHandler.createThrowable(ErrorHandler.java:215)
	at org.openqa.selenium.remote.ErrorHandler.throwIfResponseFailed(ErrorHandler.java:167)
	at org.openqa.selenium.remote.RemoteWebDriver.execute(RemoteWebDriver.java:671)
	at org.openqa.selenium.remote.RemoteWebElement.execute(RemoteWebElement.java:272)
	at org.openqa.selenium.remote.RemoteWebElement.click(RemoteWebElement.java:82)
	at createShipmentActions.CreateShipmentActions.SelectBillingType(CreateShipmentActions.java:242)
	at createShipmentE2ETests.TollNQXTollExpressTests.CreateShipment_TollNQXTollEXpress_E2ETest_TID_920_Service_Premium(TollNQXTollExpressTests.java:209)
... Removed 29 stack frames]]>
    </failure>
  </testcase> <!-- CreateShipment_TollNQXTollEXpress_E2ETest_TID_920_Service_Premium -->
  <testcase name="CreateShipment_TollNQXTollEXpress_E2ETest_TID_920_Service_Refrigeration" time="60.195" classname="createShipmentE2ETests.TollNQXTollExpressTests">
    <failure type="org.openqa.selenium.ElementNotVisibleException" message="element not visible
  (Session info: chrome=60.0.3112.113)
  (Driver info: chromedriver=2.30.477700 (0057494ad8732195794a7b32078424f92a5fce41),platform=Windows NT 10.0.14393 x86_64) (WARNING: The server did not provide any stacktrace information)
Command duration or timeout: 19 milliseconds
Build info: version: &amp;apos;unknown&amp;apos;, revision: &amp;apos;unknown&amp;apos;, time: &amp;apos;unknown&amp;apos;
System info: host: &amp;apos;PC12159&amp;apos;, ip: &amp;apos;10.22.139.33&amp;apos;, os.name: &amp;apos;Windows 10&amp;apos;, os.arch: &amp;apos;amd64&amp;apos;, os.version: &amp;apos;10.0&amp;apos;, java.version: &amp;apos;1.8.0_144&amp;apos;
Driver info: org.openqa.selenium.chrome.ChromeDriver
Capabilities [{applicationCacheEnabled=false, rotatable=false, mobileEmulationEnabled=false, networkConnectionEnabled=false, chrome={chromedriverVersion=2.30.477700 (0057494ad8732195794a7b32078424f92a5fce41), userDataDir=C:\Users\2712\AppData\Local\Temp\scoped_dir44776_4003}, takesHeapSnapshot=true, pageLoadStrategy=normal, databaseEnabled=false, handlesAlerts=true, hasTouchScreen=false, version=60.0.3112.113, platform=XP, browserConnectionEnabled=false, nativeEvents=true, acceptSslCerts=true, locationContextEnabled=true, webStorageEnabled=true, browserName=chrome, takesScreenshot=true, javascriptEnabled=true, cssSelectorsEnabled=true, unexpectedAlertBehaviour=}]
Session ID: 6be97627d4cebe08d685d7d1f88b278b">
      <![CDATA[org.openqa.selenium.ElementNotVisibleException: element not visible
  (Session info: chrome=60.0.3112.113)
  (Driver info: chromedriver=2.30.477700 (0057494ad8732195794a7b32078424f92a5fce41),platform=Windows NT 10.0.14393 x86_64) (WARNING: The server did not provide any stacktrace information)
Command duration or timeout: 19 milliseconds
Build info: version: 'unknown', revision: 'unknown', time: 'unknown'
System info: host: 'PC12159', ip: '10.22.139.33', os.name: 'Windows 10', os.arch: 'amd64', os.version: '10.0', java.version: '1.8.0_144'
Driver info: org.openqa.selenium.chrome.ChromeDriver
Capabilities [{applicationCacheEnabled=false, rotatable=false, mobileEmulationEnabled=false, networkConnectionEnabled=false, chrome={chromedriverVersion=2.30.477700 (0057494ad8732195794a7b32078424f92a5fce41), userDataDir=C:\Users\2712\AppData\Local\Temp\scoped_dir44776_4003}, takesHeapSnapshot=true, pageLoadStrategy=normal, databaseEnabled=false, handlesAlerts=true, hasTouchScreen=false, version=60.0.3112.113, platform=XP, browserConnectionEnabled=false, nativeEvents=true, acceptSslCerts=true, locationContextEnabled=true, webStorageEnabled=true, browserName=chrome, takesScreenshot=true, javascriptEnabled=true, cssSelectorsEnabled=true, unexpectedAlertBehaviour=}]
Session ID: 6be97627d4cebe08d685d7d1f88b278b
	at org.openqa.selenium.remote.ErrorHandler.createThrowable(ErrorHandler.java:215)
	at org.openqa.selenium.remote.ErrorHandler.throwIfResponseFailed(ErrorHandler.java:167)
	at org.openqa.selenium.remote.RemoteWebDriver.execute(RemoteWebDriver.java:671)
	at org.openqa.selenium.remote.RemoteWebElement.execute(RemoteWebElement.java:272)
	at org.openqa.selenium.remote.RemoteWebElement.click(RemoteWebElement.java:82)
	at createShipmentActions.CreateShipmentActions.SelectBillingType(CreateShipmentActions.java:242)
	at createShipmentE2ETests.TollNQXTollExpressTests.CreateShipment_TollNQXTollEXpress_E2ETest_TID_920_Service_Refrigeration(TollNQXTollExpressTests.java:281)
... Removed 29 stack frames]]>
    </failure>
  </testcase> <!-- CreateShipment_TollNQXTollEXpress_E2ETest_TID_920_Service_Refrigeration -->
  <testcase name="CreateShipment_TollNQXTollEXpress_E2ETest_TID_920_Service_DangerousGoods" time="35.738" classname="createShipmentE2ETests.TollNQXTollExpressTests">
    <failure type="org.openqa.selenium.NoSuchElementException" message="no such element: Unable to locate element: {&amp;quot;method&amp;quot;:&amp;quot;xpath&amp;quot;,&amp;quot;selector&amp;quot;:&amp;quot;//*[@id=&amp;quot;refrigeration-type-selector&amp;quot;]/div[1]/a/i&amp;quot;}
  (Session info: chrome=60.0.3112.113)
  (Driver info: chromedriver=2.30.477700 (0057494ad8732195794a7b32078424f92a5fce41),platform=Windows NT 10.0.14393 x86_64) (WARNING: The server did not provide any stacktrace information)
Command duration or timeout: 20.03 seconds
For documentation on this error, please visit: http://seleniumhq.org/exceptions/no_such_element.html
Build info: version: &amp;apos;unknown&amp;apos;, revision: &amp;apos;unknown&amp;apos;, time: &amp;apos;unknown&amp;apos;
System info: host: &amp;apos;PC12159&amp;apos;, ip: &amp;apos;10.22.139.33&amp;apos;, os.name: &amp;apos;Windows 10&amp;apos;, os.arch: &amp;apos;amd64&amp;apos;, os.version: &amp;apos;10.0&amp;apos;, java.version: &amp;apos;1.8.0_144&amp;apos;
Driver info: org.openqa.selenium.chrome.ChromeDriver
Capabilities [{applicationCacheEnabled=false, rotatable=false, mobileEmulationEnabled=false, networkConnectionEnabled=false, chrome={chromedriverVersion=2.30.477700 (0057494ad8732195794a7b32078424f92a5fce41), userDataDir=C:\Users\2712\AppData\Local\Temp\scoped_dir14160_3942}, takesHeapSnapshot=true, pageLoadStrategy=normal, databaseEnabled=false, handlesAlerts=true, hasTouchScreen=false, version=60.0.3112.113, platform=XP, browserConnectionEnabled=false, nativeEvents=true, acceptSslCerts=true, locationContextEnabled=true, webStorageEnabled=true, browserName=chrome, takesScreenshot=true, javascriptEnabled=true, cssSelectorsEnabled=true, unexpectedAlertBehaviour=}]
Session ID: 2b9b4b54dd74d3c9c879e323215e92bd
*** Element info: {Using=xpath, value=//*[@id=&amp;quot;refrigeration-type-selector&amp;quot;]/div[1]/a/i}">
      <![CDATA[org.openqa.selenium.NoSuchElementException: no such element: Unable to locate element: {"method":"xpath","selector":"//*[@id="refrigeration-type-selector"]/div[1]/a/i"}
  (Session info: chrome=60.0.3112.113)
  (Driver info: chromedriver=2.30.477700 (0057494ad8732195794a7b32078424f92a5fce41),platform=Windows NT 10.0.14393 x86_64) (WARNING: The server did not provide any stacktrace information)
Command duration or timeout: 20.03 seconds
For documentation on this error, please visit: http://seleniumhq.org/exceptions/no_such_element.html
Build info: version: 'unknown', revision: 'unknown', time: 'unknown'
System info: host: 'PC12159', ip: '10.22.139.33', os.name: 'Windows 10', os.arch: 'amd64', os.version: '10.0', java.version: '1.8.0_144'
Driver info: org.openqa.selenium.chrome.ChromeDriver
Capabilities [{applicationCacheEnabled=false, rotatable=false, mobileEmulationEnabled=false, networkConnectionEnabled=false, chrome={chromedriverVersion=2.30.477700 (0057494ad8732195794a7b32078424f92a5fce41), userDataDir=C:\Users\2712\AppData\Local\Temp\scoped_dir14160_3942}, takesHeapSnapshot=true, pageLoadStrategy=normal, databaseEnabled=false, handlesAlerts=true, hasTouchScreen=false, version=60.0.3112.113, platform=XP, browserConnectionEnabled=false, nativeEvents=true, acceptSslCerts=true, locationContextEnabled=true, webStorageEnabled=true, browserName=chrome, takesScreenshot=true, javascriptEnabled=true, cssSelectorsEnabled=true, unexpectedAlertBehaviour=}]
Session ID: 2b9b4b54dd74d3c9c879e323215e92bd
*** Element info: {Using=xpath, value=//*[@id="refrigeration-type-selector"]/div[1]/a/i}
	at org.openqa.selenium.remote.ErrorHandler.createThrowable(ErrorHandler.java:215)
	at org.openqa.selenium.remote.ErrorHandler.throwIfResponseFailed(ErrorHandler.java:167)
	at org.openqa.selenium.remote.RemoteWebDriver.execute(RemoteWebDriver.java:671)
	at org.openqa.selenium.remote.RemoteWebDriver.findElement(RemoteWebDriver.java:410)
	at org.openqa.selenium.remote.RemoteWebDriver.findElementByXPath(RemoteWebDriver.java:509)
	at org.openqa.selenium.By$ByXPath.findElement(By.java:361)
	at org.openqa.selenium.remote.RemoteWebDriver.findElement(RemoteWebDriver.java:402)
	at createShipmentActions.CreateShipmentActions.SelectTempratureType(CreateShipmentActions.java:105)
	at createShipmentE2ETests.TollNQXTollExpressTests.CreateShipment_TollNQXTollEXpress_E2ETest_TID_920_Service_DangerousGoods(TollNQXTollExpressTests.java:332)
... Removed 29 stack frames]]>
    </failure>
  </testcase> <!-- CreateShipment_TollNQXTollEXpress_E2ETest_TID_920_Service_DangerousGoods -->
  <testcase name="CreateShipment_TollNQXTollEXpress_E2ETest_TID_920_Service_DGExpress" time="30.376" classname="createShipmentE2ETests.TollNQXTollExpressTests">
    <failure type="org.junit.ComparisonFailure" message="expected:&amp;lt;[Dadd]&amp;gt; but was:&amp;lt;[]&amp;gt;">
      <![CDATA[org.junit.ComparisonFailure: expected:<[Dadd]> but was:<[]>
	at org.junit.Assert.assertEquals(Assert.java:115)
	at org.junit.Assert.assertEquals(Assert.java:144)
	at createShipmentActions.CreateShipmentActions.VerifyDGContactName(CreateShipmentActions.java:385)
	at createShipmentE2ETests.TollNQXTollExpressTests.CreateShipment_TollNQXTollEXpress_E2ETest_TID_920_Service_DGExpress(TollNQXTollExpressTests.java:414)
... Removed 25 stack frames]]>
    </failure>
  </testcase> <!-- CreateShipment_TollNQXTollEXpress_E2ETest_TID_920_Service_DGExpress -->
  <testcase name="CreateShipment_TollNQXTollEXpress_E2ETest_TID_920_Service_DGRefrigerated" time="34.717" classname="createShipmentE2ETests.TollNQXTollExpressTests">
    <failure type="org.junit.ComparisonFailure" message="expected:&amp;lt;[Dadd]&amp;gt; but was:&amp;lt;[]&amp;gt;">
      <![CDATA[org.junit.ComparisonFailure: expected:<[Dadd]> but was:<[]>
	at org.junit.Assert.assertEquals(Assert.java:115)
	at org.junit.Assert.assertEquals(Assert.java:144)
	at createShipmentActions.CreateShipmentActions.VerifyDGContactName(CreateShipmentActions.java:385)
	at createShipmentE2ETests.TollNQXTollExpressTests.CreateShipment_TollNQXTollEXpress_E2ETest_TID_920_Service_DGRefrigerated(TollNQXTollExpressTests.java:490)
... Removed 25 stack frames]]>
    </failure>
  </testcase> <!-- CreateShipment_TollNQXTollEXpress_E2ETest_TID_920_Service_DGRefrigerated -->
  <testcase name="CreateShipment_TollNQXTollEXpress_E2ETest_TID_920_Service_RailGeneral" time="0.0" classname="createShipmentE2ETests.TollNQXTollExpressTests">
    <failure type="org.testng.TestNGException" message="
Parameter &amp;apos;TollNQXServiceRailGeneral&amp;apos; is required by @Test on method CreateShipment_TollNQXTollEXpress_E2ETest_TID_920_Service_RailGeneral but has not been marked @Optional or defined
in C:\Source\MYTOLLTestAutomation\CreateShipment.xml">
      <![CDATA[org.testng.TestNGException: 
Parameter 'TollNQXServiceRailGeneral' is required by @Test on method CreateShipment_TollNQXTollEXpress_E2ETest_TID_920_Service_RailGeneral but has not been marked @Optional or defined
in C:\Source\MYTOLLTestAutomation\CreateShipment.xml
... Removed 24 stack frames]]>
    </failure>
  </testcase> <!-- CreateShipment_TollNQXTollEXpress_E2ETest_TID_920_Service_RailGeneral -->
  <testcase name="CreateShipment_TollNQXTollEXpress_E2ETest_TID_920_Service_RailDangerousGoods" time="31.495" classname="createShipmentE2ETests.TollNQXTollExpressTests">
    <failure type="org.junit.ComparisonFailure" message="expected:&amp;lt;[Dadd]&amp;gt; but was:&amp;lt;[]&amp;gt;">
      <![CDATA[org.junit.ComparisonFailure: expected:<[Dadd]> but was:<[]>
	at org.junit.Assert.assertEquals(Assert.java:115)
	at org.junit.Assert.assertEquals(Assert.java:144)
	at createShipmentActions.CreateShipmentActions.VerifyDGContactName(CreateShipmentActions.java:385)
	at createShipmentE2ETests.TollNQXTollExpressTests.CreateShipment_TollNQXTollEXpress_E2ETest_TID_920_Service_RailDangerousGoods(TollNQXTollExpressTests.java:638)
... Removed 25 stack frames]]>
    </failure>
  </testcase> <!-- CreateShipment_TollNQXTollEXpress_E2ETest_TID_920_Service_RailDangerousGoods -->
</testsuite> <!-- createShipmentE2ETests.TollNQXTollExpressTests.CreateShipment_TollNQXTollEXpress_E2ETest_TID_920_Service_General -->
