<?xml version="1.0" encoding="UTF-8"?>
<!-- Generated by org.testng.reporters.JUnitXMLReporter -->
<testsuite hostname="DESKTOP-GTKVGKN" ignored="0" name="createShipmentE2ETests.TollNQXTollExpressTests.CreateShipment_TollNQXTollEXpress_E2ETest_TID_920_Service_General" tests="1" failures="0" timestamp="06 Oct 2017 02:55:19 GMT" time="100.304" errors="0">
  <testcase name="CreateShipment_TollIntermodal_E2ETest_TID_920_Service_DGFreight" time="73.882" classname="createShipmentE2ETests.TollIntermodalTests_AddAdress"/>
</testsuite> <!-- createShipmentE2ETests.TollNQXTollExpressTests.CreateShipment_TollNQXTollEXpress_E2ETest_TID_920_Service_General -->
