<html>
<head>
<title>TestNG:  ManifestTest</title>
<link href="../testng.css" rel="stylesheet" type="text/css" />
<link href="../my-testng.css" rel="stylesheet" type="text/css" />

<style type="text/css">
.log { display: none;} 
.stack-trace { display: none;} 
</style>
<script type="text/javascript">
<!--
function flip(e) {
  current = e.style.display;
  if (current == 'block') {
    e.style.display = 'none';
    return 0;
  }
  else {
    e.style.display = 'block';
    return 1;
  }
}

function toggleBox(szDivId, elem, msg1, msg2)
{
  var res = -1;  if (document.getElementById) {
    res = flip(document.getElementById(szDivId));
  }
  else if (document.all) {
    // this is the way old msie versions work
    res = flip(document.all[szDivId]);
  }
  if(elem) {
    if(res == 0) elem.innerHTML = msg1; else elem.innerHTML = msg2;
  }

}

function toggleAllBoxes() {
  if (document.getElementsByTagName) {
    d = document.getElementsByTagName('div');
    for (i = 0; i < d.length; i++) {
      if (d[i].className == 'log') {
        flip(d[i]);
      }
    }
  }
}

// -->
</script>

</head>
<body>
<h2 align='center'>ManifestTest</h2><table border='1' align="center">
<tr>
<td>Tests passed/Failed/Skipped:</td><td>3/3/0</td>
</tr><tr>
<td>Started on:</td><td>Mon Nov 20 15:44:49 AEDT 2017</td>
</tr>
<tr><td>Total time:</td><td>738 seconds (738534 ms)</td>
</tr><tr>
<td>Included groups:</td><td></td>
</tr><tr>
<td>Excluded groups:</td><td></td>
</tr>
</table><p/>
<small><i>(Hover the method name to see the test class name)</i></small><p/>
<table width='100%' border='1' class='invocation-failed'>
<tr><td colspan='4' align='center'><b>FAILED TESTS</b></td></tr>
<tr><td><b>Test method</b></td>
<td width="30%"><b>Exception</b></td>
<td width="10%"><b>Time (seconds)</b></td>
<td><b>Instance</b></td>
</tr>
<tr>
<td title='manifestE2ETests.ManualManifestTollIntermodalTests.Manifest_TollIntermodal_E2ETest_TID_1127_Service_Express_AddManifestManual()'><b>Manifest_TollIntermodal_E2ETest_TID_1127_Service_Express_AddManifestManual</b><br>Test class: manifestE2ETests.ManualManifestTollIntermodalTests<br>Parameters: Toll Intermodal, Express, 106119, Test, Toll Group Test, ACT TOLLFAST, ADC Port Adelaide (TMS), Dadd, 012345, 567879, Automation Template1, 15, 100, 200, 300, 900, 1, 2, General Freight, Test Special Ins, 5000<br/>
<a href="#Output-1139814130" onClick='toggleBox("Output-1139814130", this, "Show output", "Hide output");'>Show output</a>

<a href="#Output-1139814130" onClick="toggleAllBoxes();">Show all outputs</a>
<div class='log' id="Output-1139814130">
User Navigates to Manifest Tab and Selects Add Manifest Manually<br/>
User Selects Toll Carrier - Toll Intermodal<br/>
User Selects Sender<br/>
User Enters ManifestName - 'TESTMANIFEST2830'<br/>
User Saves Manifest and Proceeds<br/>
Expected Text : MANIFEST - TESTMANIFEST2830 Matched the Text on Screen :MANIFEST - TESTMANIFEST2830<br/>
User Clicks Add New Shipment<br/>
Expected Text : Toll Intermodal Matched the Text on Screen :Toll Intermodal<br/>
User Enters Shipment Details<br/>
</div>
</td>
<td><div><pre>org.openqa.selenium.ElementNotVisibleException: element not visible
  (Session info: chrome=62.0.3202.94)
  (Driver info: chromedriver=2.33.506120 (e3e53437346286c0bc2d2dc9aa4915ba81d9023f),platform=Windows NT 10.0.15063 x86_64) (WARNING: The server did not provide any stacktrace information)
Command duration or timeout: 33 milliseconds
Build info: version: &apos;unknown&apos;, revision: &apos;unknown&apos;, time: &apos;unknown&apos;
System info: host: &apos;DESKTOP-GTKVGKN&apos;, ip: &apos;192.168.19.1&apos;, os.name: &apos;Windows 10&apos;, os.arch: &apos;amd64&apos;, os.version: &apos;10.0&apos;, java.version: &apos;1.8.0_131&apos;
Driver info: org.openqa.selenium.chrome.ChromeDriver
Capabilities [{applicationCacheEnabled=false, rotatable=false, mobileEmulationEnabled=false, networkConnectionEnabled=false, chrome={chromedriverVersion=2.33.506120 (e3e53437346286c0bc2d2dc9aa4915ba81d9023f), userDataDir=C:\Users\SHEYAN~1\AppData\Local\Temp\scoped_dir512_7199}, takesHeapSnapshot=true, pageLoadStrategy=normal, databaseEnabled=false, handlesAlerts=true, hasTouchScreen=false, version=62.0.3202.94, platform=XP, browserConnectionEnabled=false, nativeEvents=true, acceptSslCerts=true, locationContextEnabled=true, webStorageEnabled=true, browserName=chrome, takesScreenshot=true, javascriptEnabled=true, cssSelectorsEnabled=true, setWindowRect=true, unexpectedAlertBehaviour=}]
Session ID: 703939c4621696dc922d39874279a954
	at org.openqa.selenium.remote.ErrorHandler.createThrowable(ErrorHandler.java:215)
	at org.openqa.selenium.remote.ErrorHandler.throwIfResponseFailed(ErrorHandler.java:167)
	at org.openqa.selenium.remote.RemoteWebDriver.execute(RemoteWebDriver.java:671)
	at org.openqa.selenium.remote.RemoteWebElement.execute(RemoteWebElement.java:272)
	at org.openqa.selenium.remote.RemoteWebElement.click(RemoteWebElement.java:82)
	at createShipmentActions.CreateShipmentActions.SelectBillingType(CreateShipmentActions.java:459)
	at manifestE2ETests.ManualManifestTollIntermodalTests.Manifest_TollIntermodal_E2ETest_TID_1127_Service_Express_AddManifestManual(ManualManifestTollIntermodalTests.java:71)
... Removed 29 stack frames</pre></div><a href='#' onClick='toggleBox("stack-trace1139814130", this, "Click to show all stack frames", "Click to hide stack frames")'>Click to show all stack frames</a>
<div class='stack-trace' id='stack-trace1139814130'><pre>org.openqa.selenium.ElementNotVisibleException: element not visible
  (Session info: chrome=62.0.3202.94)
  (Driver info: chromedriver=2.33.506120 (e3e53437346286c0bc2d2dc9aa4915ba81d9023f),platform=Windows NT 10.0.15063 x86_64) (WARNING: The server did not provide any stacktrace information)
Command duration or timeout: 33 milliseconds
Build info: version: &apos;unknown&apos;, revision: &apos;unknown&apos;, time: &apos;unknown&apos;
System info: host: &apos;DESKTOP-GTKVGKN&apos;, ip: &apos;192.168.19.1&apos;, os.name: &apos;Windows 10&apos;, os.arch: &apos;amd64&apos;, os.version: &apos;10.0&apos;, java.version: &apos;1.8.0_131&apos;
Driver info: org.openqa.selenium.chrome.ChromeDriver
Capabilities [{applicationCacheEnabled=false, rotatable=false, mobileEmulationEnabled=false, networkConnectionEnabled=false, chrome={chromedriverVersion=2.33.506120 (e3e53437346286c0bc2d2dc9aa4915ba81d9023f), userDataDir=C:\Users\SHEYAN~1\AppData\Local\Temp\scoped_dir512_7199}, takesHeapSnapshot=true, pageLoadStrategy=normal, databaseEnabled=false, handlesAlerts=true, hasTouchScreen=false, version=62.0.3202.94, platform=XP, browserConnectionEnabled=false, nativeEvents=true, acceptSslCerts=true, locationContextEnabled=true, webStorageEnabled=true, browserName=chrome, takesScreenshot=true, javascriptEnabled=true, cssSelectorsEnabled=true, setWindowRect=true, unexpectedAlertBehaviour=}]
Session ID: 703939c4621696dc922d39874279a954
	at sun.reflect.NativeConstructorAccessorImpl.newInstance0(Native Method)
	at sun.reflect.NativeConstructorAccessorImpl.newInstance(Unknown Source)
	at sun.reflect.DelegatingConstructorAccessorImpl.newInstance(Unknown Source)
	at java.lang.reflect.Constructor.newInstance(Unknown Source)
	at org.openqa.selenium.remote.ErrorHandler.createThrowable(ErrorHandler.java:215)
	at org.openqa.selenium.remote.ErrorHandler.throwIfResponseFailed(ErrorHandler.java:167)
	at org.openqa.selenium.remote.RemoteWebDriver.execute(RemoteWebDriver.java:671)
	at org.openqa.selenium.remote.RemoteWebElement.execute(RemoteWebElement.java:272)
	at org.openqa.selenium.remote.RemoteWebElement.click(RemoteWebElement.java:82)
	at createShipmentActions.CreateShipmentActions.SelectBillingType(CreateShipmentActions.java:459)
	at manifestE2ETests.ManualManifestTollIntermodalTests.Manifest_TollIntermodal_E2ETest_TID_1127_Service_Express_AddManifestManual(ManualManifestTollIntermodalTests.java:71)
	at sun.reflect.NativeMethodAccessorImpl.invoke0(Native Method)
	at sun.reflect.NativeMethodAccessorImpl.invoke(Unknown Source)
	at sun.reflect.DelegatingMethodAccessorImpl.invoke(Unknown Source)
	at java.lang.reflect.Method.invoke(Unknown Source)
	at org.testng.internal.MethodInvocationHelper.invokeMethod(MethodInvocationHelper.java:108)
	at org.testng.internal.Invoker.invokeMethod(Invoker.java:669)
	at org.testng.internal.Invoker.invokeTestMethod(Invoker.java:877)
	at org.testng.internal.Invoker.invokeTestMethods(Invoker.java:1201)
	at org.testng.internal.TestMethodWorker.invokeTestMethods(TestMethodWorker.java:125)
	at org.testng.internal.TestMethodWorker.run(TestMethodWorker.java:109)
	at org.testng.TestRunner.privateRun(TestRunner.java:776)
	at org.testng.TestRunner.run(TestRunner.java:634)
	at org.testng.SuiteRunner.runTest(SuiteRunner.java:425)
	at org.testng.SuiteRunner.runSequentially(SuiteRunner.java:420)
	at org.testng.SuiteRunner.privateRun(SuiteRunner.java:385)
	at org.testng.SuiteRunner.run(SuiteRunner.java:334)
	at org.testng.SuiteRunnerWorker.runSuite(SuiteRunnerWorker.java:52)
	at org.testng.SuiteRunnerWorker.run(SuiteRunnerWorker.java:86)
	at org.testng.TestNG.runSuitesSequentially(TestNG.java:1318)
	at org.testng.TestNG.runSuitesLocally(TestNG.java:1243)
	at org.testng.TestNG.runSuites(TestNG.java:1161)
	at org.testng.TestNG.run(TestNG.java:1129)
	at org.testng.remote.AbstractRemoteTestNG.run(AbstractRemoteTestNG.java:114)
	at org.testng.remote.RemoteTestNG.initAndRun(RemoteTestNG.java:251)
	at org.testng.remote.RemoteTestNG.main(RemoteTestNG.java:77)
</pre></div></td>
<td>62</td>
<td>manifestE2ETests.ManualManifestTollIntermodalTests@ae45eb6</td></tr>
<tr>
<td title='manifestE2ETests.ManualManifestTollNQXTollExpressTests.Manifest_TollNQXTollExpress_E2ETest_TID_1127_Service_Premium_AddManifestManual()'><b>Manifest_TollNQXTollExpress_E2ETest_TID_1127_Service_Premium_AddManifestManual</b><br>Test class: manifestE2ETests.ManualManifestTollNQXTollExpressTests<br>Parameters: Toll NQX | Toll Express, Premium, 106119, Test, Toll Group Test, ACT TOLLFAST, ADC Port Adelaide (TMS), Dadd, 012345, 567879, Automation Template1, 15, 100, 200, 300, 900, 1, 2, General Freight, Test Special Ins, 5000<br/>
<a href="#Output-527804008" onClick='toggleBox("Output-527804008", this, "Show output", "Hide output");'>Show output</a>

<a href="#Output-527804008" onClick="toggleAllBoxes();">Show all outputs</a>
<div class='log' id="Output-527804008">
User Navigates to Manifest Tab and Selects Add Manifest Manually<br/>
User Selects Toll Carrier - Toll NQX | Toll Express<br/>
User Selects Sender<br/>
User Enters ManifestName - 'TESTMANIFEST6350'<br/>
User Saves Manifest and Proceeds<br/>
Expected Text : MANIFEST - TESTMANIFEST6350 Matched the Text on Screen :MANIFEST - TESTMANIFEST6350<br/>
User Clicks Add New Shipment<br/>
Expected Text : Toll NQX | Toll Express Matched the Text on Screen :Toll NQX | Toll Express<br/>
User Enters Shipment Details<br/>
</div>
</td>
<td><div><pre>org.openqa.selenium.ElementNotVisibleException: element not visible
  (Session info: chrome=62.0.3202.94)
  (Driver info: chromedriver=2.33.506120 (e3e53437346286c0bc2d2dc9aa4915ba81d9023f),platform=Windows NT 10.0.15063 x86_64) (WARNING: The server did not provide any stacktrace information)
Command duration or timeout: 23 milliseconds
Build info: version: &apos;unknown&apos;, revision: &apos;unknown&apos;, time: &apos;unknown&apos;
System info: host: &apos;DESKTOP-GTKVGKN&apos;, ip: &apos;192.168.19.1&apos;, os.name: &apos;Windows 10&apos;, os.arch: &apos;amd64&apos;, os.version: &apos;10.0&apos;, java.version: &apos;1.8.0_131&apos;
Driver info: org.openqa.selenium.chrome.ChromeDriver
Capabilities [{applicationCacheEnabled=false, rotatable=false, mobileEmulationEnabled=false, networkConnectionEnabled=false, chrome={chromedriverVersion=2.33.506120 (e3e53437346286c0bc2d2dc9aa4915ba81d9023f), userDataDir=C:\Users\SHEYAN~1\AppData\Local\Temp\scoped_dir5912_6046}, takesHeapSnapshot=true, pageLoadStrategy=normal, databaseEnabled=false, handlesAlerts=true, hasTouchScreen=false, version=62.0.3202.94, platform=XP, browserConnectionEnabled=false, nativeEvents=true, acceptSslCerts=true, locationContextEnabled=true, webStorageEnabled=true, browserName=chrome, takesScreenshot=true, javascriptEnabled=true, cssSelectorsEnabled=true, setWindowRect=true, unexpectedAlertBehaviour=}]
Session ID: 8dd12f61ad50cf58687d3c09befd3417
	at org.openqa.selenium.remote.ErrorHandler.createThrowable(ErrorHandler.java:215)
	at org.openqa.selenium.remote.ErrorHandler.throwIfResponseFailed(ErrorHandler.java:167)
	at org.openqa.selenium.remote.RemoteWebDriver.execute(RemoteWebDriver.java:671)
	at org.openqa.selenium.remote.RemoteWebElement.execute(RemoteWebElement.java:272)
	at org.openqa.selenium.remote.RemoteWebElement.click(RemoteWebElement.java:82)
	at createShipmentActions.CreateShipmentActions.SelectBillingType(CreateShipmentActions.java:459)
	at manifestE2ETests.ManualManifestTollNQXTollExpressTests.Manifest_TollNQXTollExpress_E2ETest_TID_1127_Service_Premium_AddManifestManual(ManualManifestTollNQXTollExpressTests.java:68)
... Removed 29 stack frames</pre></div><a href='#' onClick='toggleBox("stack-trace527804008", this, "Click to show all stack frames", "Click to hide stack frames")'>Click to show all stack frames</a>
<div class='stack-trace' id='stack-trace527804008'><pre>org.openqa.selenium.ElementNotVisibleException: element not visible
  (Session info: chrome=62.0.3202.94)
  (Driver info: chromedriver=2.33.506120 (e3e53437346286c0bc2d2dc9aa4915ba81d9023f),platform=Windows NT 10.0.15063 x86_64) (WARNING: The server did not provide any stacktrace information)
Command duration or timeout: 23 milliseconds
Build info: version: &apos;unknown&apos;, revision: &apos;unknown&apos;, time: &apos;unknown&apos;
System info: host: &apos;DESKTOP-GTKVGKN&apos;, ip: &apos;192.168.19.1&apos;, os.name: &apos;Windows 10&apos;, os.arch: &apos;amd64&apos;, os.version: &apos;10.0&apos;, java.version: &apos;1.8.0_131&apos;
Driver info: org.openqa.selenium.chrome.ChromeDriver
Capabilities [{applicationCacheEnabled=false, rotatable=false, mobileEmulationEnabled=false, networkConnectionEnabled=false, chrome={chromedriverVersion=2.33.506120 (e3e53437346286c0bc2d2dc9aa4915ba81d9023f), userDataDir=C:\Users\SHEYAN~1\AppData\Local\Temp\scoped_dir5912_6046}, takesHeapSnapshot=true, pageLoadStrategy=normal, databaseEnabled=false, handlesAlerts=true, hasTouchScreen=false, version=62.0.3202.94, platform=XP, browserConnectionEnabled=false, nativeEvents=true, acceptSslCerts=true, locationContextEnabled=true, webStorageEnabled=true, browserName=chrome, takesScreenshot=true, javascriptEnabled=true, cssSelectorsEnabled=true, setWindowRect=true, unexpectedAlertBehaviour=}]
Session ID: 8dd12f61ad50cf58687d3c09befd3417
	at sun.reflect.NativeConstructorAccessorImpl.newInstance0(Native Method)
	at sun.reflect.NativeConstructorAccessorImpl.newInstance(Unknown Source)
	at sun.reflect.DelegatingConstructorAccessorImpl.newInstance(Unknown Source)
	at java.lang.reflect.Constructor.newInstance(Unknown Source)
	at org.openqa.selenium.remote.ErrorHandler.createThrowable(ErrorHandler.java:215)
	at org.openqa.selenium.remote.ErrorHandler.throwIfResponseFailed(ErrorHandler.java:167)
	at org.openqa.selenium.remote.RemoteWebDriver.execute(RemoteWebDriver.java:671)
	at org.openqa.selenium.remote.RemoteWebElement.execute(RemoteWebElement.java:272)
	at org.openqa.selenium.remote.RemoteWebElement.click(RemoteWebElement.java:82)
	at createShipmentActions.CreateShipmentActions.SelectBillingType(CreateShipmentActions.java:459)
	at manifestE2ETests.ManualManifestTollNQXTollExpressTests.Manifest_TollNQXTollExpress_E2ETest_TID_1127_Service_Premium_AddManifestManual(ManualManifestTollNQXTollExpressTests.java:68)
	at sun.reflect.NativeMethodAccessorImpl.invoke0(Native Method)
	at sun.reflect.NativeMethodAccessorImpl.invoke(Unknown Source)
	at sun.reflect.DelegatingMethodAccessorImpl.invoke(Unknown Source)
	at java.lang.reflect.Method.invoke(Unknown Source)
	at org.testng.internal.MethodInvocationHelper.invokeMethod(MethodInvocationHelper.java:108)
	at org.testng.internal.Invoker.invokeMethod(Invoker.java:669)
	at org.testng.internal.Invoker.invokeTestMethod(Invoker.java:877)
	at org.testng.internal.Invoker.invokeTestMethods(Invoker.java:1201)
	at org.testng.internal.TestMethodWorker.invokeTestMethods(TestMethodWorker.java:125)
	at org.testng.internal.TestMethodWorker.run(TestMethodWorker.java:109)
	at org.testng.TestRunner.privateRun(TestRunner.java:776)
	at org.testng.TestRunner.run(TestRunner.java:634)
	at org.testng.SuiteRunner.runTest(SuiteRunner.java:425)
	at org.testng.SuiteRunner.runSequentially(SuiteRunner.java:420)
	at org.testng.SuiteRunner.privateRun(SuiteRunner.java:385)
	at org.testng.SuiteRunner.run(SuiteRunner.java:334)
	at org.testng.SuiteRunnerWorker.runSuite(SuiteRunnerWorker.java:52)
	at org.testng.SuiteRunnerWorker.run(SuiteRunnerWorker.java:86)
	at org.testng.TestNG.runSuitesSequentially(TestNG.java:1318)
	at org.testng.TestNG.runSuitesLocally(TestNG.java:1243)
	at org.testng.TestNG.runSuites(TestNG.java:1161)
	at org.testng.TestNG.run(TestNG.java:1129)
	at org.testng.remote.AbstractRemoteTestNG.run(AbstractRemoteTestNG.java:114)
	at org.testng.remote.RemoteTestNG.initAndRun(RemoteTestNG.java:251)
	at org.testng.remote.RemoteTestNG.main(RemoteTestNG.java:77)
</pre></div></td>
<td>58</td>
<td>manifestE2ETests.ManualManifestTollNQXTollExpressTests@27efef64</td></tr>
<tr>
<td title='manifestE2ETests.ManualManifestTollTasmaniaTests.Manifest_TollTasmania_E2ETest_TID_1127_Service_General_AddManifestManual()'><b>Manifest_TollTasmania_E2ETest_TID_1127_Service_General_AddManifestManual</b><br>Test class: manifestE2ETests.ManualManifestTollTasmaniaTests<br>Parameters: Toll Tasmania, General, 106119, Test, Toll Group Test, ACT TOLLFAST, ADC Port Adelaide (TMS), Dadd, 012345, 567879, Automation Template1, 15, 100, 200, 300, 900, 1, 2, General Freight, Test Special Ins, 5000<br/>
<a href="#Output-67749199" onClick='toggleBox("Output-67749199", this, "Show output", "Hide output");'>Show output</a>

<a href="#Output-67749199" onClick="toggleAllBoxes();">Show all outputs</a>
<div class='log' id="Output-67749199">
User Navigates to Manifest Tab and Selects Add Manifest Manually<br/>
User Selects Toll Carrier - Toll Tasmania<br/>
User Selects Sender<br/>
User Enters ManifestName - 'TESTMANIFEST1264'<br/>
User Saves Manifest and Proceeds<br/>
Expected Text : MANIFEST - TESTMANIFEST1264 Matched the Text on Screen :MANIFEST - TESTMANIFEST1264<br/>
User Clicks Add New Shipment<br/>
Expected Text : Toll Tasmania Matched the Text on Screen :Toll Tasmania<br/>
User Enters Shipment Details<br/>
</div>
</td>
<td><div><pre>org.openqa.selenium.ElementNotVisibleException: element not visible
  (Session info: chrome=62.0.3202.94)
  (Driver info: chromedriver=2.33.506120 (e3e53437346286c0bc2d2dc9aa4915ba81d9023f),platform=Windows NT 10.0.15063 x86_64) (WARNING: The server did not provide any stacktrace information)
Command duration or timeout: 29 milliseconds
Build info: version: &apos;unknown&apos;, revision: &apos;unknown&apos;, time: &apos;unknown&apos;
System info: host: &apos;DESKTOP-GTKVGKN&apos;, ip: &apos;192.168.19.1&apos;, os.name: &apos;Windows 10&apos;, os.arch: &apos;amd64&apos;, os.version: &apos;10.0&apos;, java.version: &apos;1.8.0_131&apos;
Driver info: org.openqa.selenium.chrome.ChromeDriver
Capabilities [{applicationCacheEnabled=false, rotatable=false, mobileEmulationEnabled=false, networkConnectionEnabled=false, chrome={chromedriverVersion=2.33.506120 (e3e53437346286c0bc2d2dc9aa4915ba81d9023f), userDataDir=C:\Users\SHEYAN~1\AppData\Local\Temp\scoped_dir10016_7767}, takesHeapSnapshot=true, pageLoadStrategy=normal, databaseEnabled=false, handlesAlerts=true, hasTouchScreen=false, version=62.0.3202.94, platform=XP, browserConnectionEnabled=false, nativeEvents=true, acceptSslCerts=true, locationContextEnabled=true, webStorageEnabled=true, browserName=chrome, takesScreenshot=true, javascriptEnabled=true, cssSelectorsEnabled=true, setWindowRect=true, unexpectedAlertBehaviour=}]
Session ID: 3c9e7987db8f8ba993c6ef1f7894906e
	at org.openqa.selenium.remote.ErrorHandler.createThrowable(ErrorHandler.java:215)
	at org.openqa.selenium.remote.ErrorHandler.throwIfResponseFailed(ErrorHandler.java:167)
	at org.openqa.selenium.remote.RemoteWebDriver.execute(RemoteWebDriver.java:671)
	at org.openqa.selenium.remote.RemoteWebElement.execute(RemoteWebElement.java:272)
	at org.openqa.selenium.remote.RemoteWebElement.click(RemoteWebElement.java:82)
	at createShipmentActions.CreateShipmentActions.SelectBillingType(CreateShipmentActions.java:459)
	at manifestE2ETests.ManualManifestTollTasmaniaTests.Manifest_TollTasmania_E2ETest_TID_1127_Service_General_AddManifestManual(ManualManifestTollTasmaniaTests.java:68)
... Removed 29 stack frames</pre></div><a href='#' onClick='toggleBox("stack-trace67749199", this, "Click to show all stack frames", "Click to hide stack frames")'>Click to show all stack frames</a>
<div class='stack-trace' id='stack-trace67749199'><pre>org.openqa.selenium.ElementNotVisibleException: element not visible
  (Session info: chrome=62.0.3202.94)
  (Driver info: chromedriver=2.33.506120 (e3e53437346286c0bc2d2dc9aa4915ba81d9023f),platform=Windows NT 10.0.15063 x86_64) (WARNING: The server did not provide any stacktrace information)
Command duration or timeout: 29 milliseconds
Build info: version: &apos;unknown&apos;, revision: &apos;unknown&apos;, time: &apos;unknown&apos;
System info: host: &apos;DESKTOP-GTKVGKN&apos;, ip: &apos;192.168.19.1&apos;, os.name: &apos;Windows 10&apos;, os.arch: &apos;amd64&apos;, os.version: &apos;10.0&apos;, java.version: &apos;1.8.0_131&apos;
Driver info: org.openqa.selenium.chrome.ChromeDriver
Capabilities [{applicationCacheEnabled=false, rotatable=false, mobileEmulationEnabled=false, networkConnectionEnabled=false, chrome={chromedriverVersion=2.33.506120 (e3e53437346286c0bc2d2dc9aa4915ba81d9023f), userDataDir=C:\Users\SHEYAN~1\AppData\Local\Temp\scoped_dir10016_7767}, takesHeapSnapshot=true, pageLoadStrategy=normal, databaseEnabled=false, handlesAlerts=true, hasTouchScreen=false, version=62.0.3202.94, platform=XP, browserConnectionEnabled=false, nativeEvents=true, acceptSslCerts=true, locationContextEnabled=true, webStorageEnabled=true, browserName=chrome, takesScreenshot=true, javascriptEnabled=true, cssSelectorsEnabled=true, setWindowRect=true, unexpectedAlertBehaviour=}]
Session ID: 3c9e7987db8f8ba993c6ef1f7894906e
	at sun.reflect.NativeConstructorAccessorImpl.newInstance0(Native Method)
	at sun.reflect.NativeConstructorAccessorImpl.newInstance(Unknown Source)
	at sun.reflect.DelegatingConstructorAccessorImpl.newInstance(Unknown Source)
	at java.lang.reflect.Constructor.newInstance(Unknown Source)
	at org.openqa.selenium.remote.ErrorHandler.createThrowable(ErrorHandler.java:215)
	at org.openqa.selenium.remote.ErrorHandler.throwIfResponseFailed(ErrorHandler.java:167)
	at org.openqa.selenium.remote.RemoteWebDriver.execute(RemoteWebDriver.java:671)
	at org.openqa.selenium.remote.RemoteWebElement.execute(RemoteWebElement.java:272)
	at org.openqa.selenium.remote.RemoteWebElement.click(RemoteWebElement.java:82)
	at createShipmentActions.CreateShipmentActions.SelectBillingType(CreateShipmentActions.java:459)
	at manifestE2ETests.ManualManifestTollTasmaniaTests.Manifest_TollTasmania_E2ETest_TID_1127_Service_General_AddManifestManual(ManualManifestTollTasmaniaTests.java:68)
	at sun.reflect.NativeMethodAccessorImpl.invoke0(Native Method)
	at sun.reflect.NativeMethodAccessorImpl.invoke(Unknown Source)
	at sun.reflect.DelegatingMethodAccessorImpl.invoke(Unknown Source)
	at java.lang.reflect.Method.invoke(Unknown Source)
	at org.testng.internal.MethodInvocationHelper.invokeMethod(MethodInvocationHelper.java:108)
	at org.testng.internal.Invoker.invokeMethod(Invoker.java:669)
	at org.testng.internal.Invoker.invokeTestMethod(Invoker.java:877)
	at org.testng.internal.Invoker.invokeTestMethods(Invoker.java:1201)
	at org.testng.internal.TestMethodWorker.invokeTestMethods(TestMethodWorker.java:125)
	at org.testng.internal.TestMethodWorker.run(TestMethodWorker.java:109)
	at org.testng.TestRunner.privateRun(TestRunner.java:776)
	at org.testng.TestRunner.run(TestRunner.java:634)
	at org.testng.SuiteRunner.runTest(SuiteRunner.java:425)
	at org.testng.SuiteRunner.runSequentially(SuiteRunner.java:420)
	at org.testng.SuiteRunner.privateRun(SuiteRunner.java:385)
	at org.testng.SuiteRunner.run(SuiteRunner.java:334)
	at org.testng.SuiteRunnerWorker.runSuite(SuiteRunnerWorker.java:52)
	at org.testng.SuiteRunnerWorker.run(SuiteRunnerWorker.java:86)
	at org.testng.TestNG.runSuitesSequentially(TestNG.java:1318)
	at org.testng.TestNG.runSuitesLocally(TestNG.java:1243)
	at org.testng.TestNG.runSuites(TestNG.java:1161)
	at org.testng.TestNG.run(TestNG.java:1129)
	at org.testng.remote.AbstractRemoteTestNG.run(AbstractRemoteTestNG.java:114)
	at org.testng.remote.RemoteTestNG.initAndRun(RemoteTestNG.java:251)
	at org.testng.remote.RemoteTestNG.main(RemoteTestNG.java:77)
</pre></div></td>
<td>59</td>
<td>manifestE2ETests.ManualManifestTollTasmaniaTests@6f7fd0e6</td></tr>
</table><p>
<table width='100%' border='1' class='invocation-passed'>
<tr><td colspan='4' align='center'><b>PASSED TESTS</b></td></tr>
<tr><td><b>Test method</b></td>
<td width="30%"><b>Exception</b></td>
<td width="10%"><b>Time (seconds)</b></td>
<td><b>Instance</b></td>
</tr>
<tr>
<td title='manifestE2ETests.ManualManifestTollIPECTest.Manifest_TollIPEC_E2ETest_TID_1127_Service_RoadExpress_AddManifestManual()'><b>Manifest_TollIPEC_E2ETest_TID_1127_Service_RoadExpress_AddManifestManual</b><br>Test class: manifestE2ETests.ManualManifestTollIPECTest<br>Parameters: Toll IPEC, Road Express, 106119, Test, Toll Group Test, ACT TOLLFAST, ADC Port Adelaide (TMS), Dadd, 012345, 567879, Automation Template1, 15, 100, 200, 300, 900, 1, 2, General Freight, Test Special Ins, 5000<br/>
<a href="#Output-1766911337" onClick='toggleBox("Output-1766911337", this, "Show output", "Hide output");'>Show output</a>

<a href="#Output-1766911337" onClick="toggleAllBoxes();">Show all outputs</a>
<div class='log' id="Output-1766911337">
User Navigates to Manifest Tab and Selects Add Manifest Manually<br/>
User Selects Toll Carrier - Toll IPEC<br/>
User Selects Sender<br/>
User Enters ManifestName - 'TESTMANIFEST5423'<br/>
User Saves Manifest and Proceeds<br/>
Expected Text : MANIFEST - TESTMANIFEST5423 Matched the Text on Screen :MANIFEST - TESTMANIFEST5423<br/>
User Clicks Add New Shipment<br/>
Expected Text : Toll IPEC Matched the Text on Screen :Toll IPEC<br/>
User Enters Shipment Details<br/>
User Clicks Review Shipment<br/>
User Clicks Continue to Manifest<br/>
Manifest ID : MYT1001742<br/>
Current Status : In progress<br/>
No if Shipments in Manifest = 1<br/>
Shipment ID : 2401000018352<br/>
Shipment Array : [2401000018352]<br/>
User Clicks Print and Close Manifest<br/>
User Select Download PDF from Shipment/Manifest Tab<br/>
User Closes Popup to verify Manifest Status<br/>
Updated Manifest Status : Completed<br/>
User Clicks Go To Dashboard to Book a Pick Up<br/>
User Searches for the Manifest -TESTMANIFEST5423<br/>
Manifes Status on DashBoard = 'Book a Pickup' - Proceed to Book A Pick Up<br/>
Expected Text : Toll IPEC Matched the Text on Screen :Toll IPEC<br/>
User Selects Pick Up Date as Tomorrow<br/>
User Sets Ready Time as -09:15<br/>
Expected Text : 09:15 Matched the Text on Screen :09:15<br/>
User Clicks Review Book Up<br/>
User Clicks Confirm Pick Up and Awaits Reference Number<br/>
Reference No: IPEC:2230899:1381<br/>
---------------END OF TEST---------------<br/>
</div>
</td>
<td></td>
<td>97</td>
<td>manifestE2ETests.ManualManifestTollIPECTest@59f99ea</td></tr>
<tr>
<td title='manifestE2ETests.ManualManifestTollPriorityAUSTests.Manifest_TollPriorityAU_E2ETest_TID_1127_Service_ServiceParcelsOffPeak_AddManifestManual()'><b>Manifest_TollPriorityAU_E2ETest_TID_1127_Service_ServiceParcelsOffPeak_AddManifestManual</b><br>Test class: manifestE2ETests.ManualManifestTollPriorityAUSTests<br>Parameters: Toll Priority (Aus), Parcels - Off Peak, 106119, Test, Toll Group Test, ACT TOLLFAST, ADC Port Adelaide (TMS), Dadd, 012345, 567879, Automation Template1, 15, 100, 200, 300, 900, 1, 2, General Freight, Test Special Ins, 5000<br/>
<a href="#Output-945834881" onClick='toggleBox("Output-945834881", this, "Show output", "Hide output");'>Show output</a>

<a href="#Output-945834881" onClick="toggleAllBoxes();">Show all outputs</a>
<div class='log' id="Output-945834881">
User Navigates to Manifest Tab and Selects Add Manifest Manually<br/>
User Selects Toll Carrier - Toll Priority (Aus)<br/>
User Selects Sender<br/>
User Enters ManifestName - 'TESTMANIFEST7345'<br/>
User Saves Manifest and Proceeds<br/>
Expected Text : MANIFEST - TESTMANIFEST7345 Matched the Text on Screen :MANIFEST - TESTMANIFEST7345<br/>
User Clicks Add New Shipment<br/>
Expected Text : Toll Priority (Aus) Matched the Text on Screen :Toll Priority (Aus)<br/>
User Enters Shipment Details<br/>
User Clicks Review Shipment<br/>
User Clicks Continue to Manifest<br/>
Manifest ID : MYT1001745<br/>
Current Status : In progress<br/>
No if Shipments in Manifest = 1<br/>
Shipment ID : MYTA003220<br/>
Shipment Array : [2401000018352, MYTA003220]<br/>
User Clicks Print and Close Manifest<br/>
User Select Download PDF from Shipment/Manifest Tab<br/>
User Closes Popup to verify Manifest Status<br/>
Updated Manifest Status : Completed<br/>
User Clicks Go To Dashboard to Book a Pick Up<br/>
User Searches for the Manifest -TESTMANIFEST7345<br/>
Manifes Status on DashBoard = 'Book a Pickup' - Proceed to Book A Pick Up<br/>
Expected Text : Toll Priority (Aus) Matched the Text on Screen :Toll Priority (Aus)<br/>
User Selects Pick Up Date as Tomorrow<br/>
User Sets Ready Time as -09:15<br/>
Expected Text : 09:15 Matched the Text on Screen :09:15<br/>
User Clicks Review Book Up<br/>
User Clicks Confirm Pick Up and Awaits Reference Number<br/>
Reference No: PRIO:401509:1382<br/>
---------------END OF TEST---------------<br/>
</div>
</td>
<td></td>
<td>104</td>
<td>manifestE2ETests.ManualManifestTollPriorityAUSTests@47c62251</td></tr>
<tr>
<td title='manifestE2ETests.ManualManifestTollPriorityNZTests.Manifest_TollPriorityNZ_E2ETest_TID_1127_Service_ServiceParcelsOffPeak_AddManifestManual()'><b>Manifest_TollPriorityNZ_E2ETest_TID_1127_Service_ServiceParcelsOffPeak_AddManifestManual</b><br>Test class: manifestE2ETests.ManualManifestTollPriorityNZTests<br>Parameters: Toll Priority (NZ), Parcels - Off Peak, 106119, Test, Toll Group Test, ACT TOLLFAST, ADC Port Adelaide (TMS), Dadd, 012345, 567879, Automation Template1, 15, 100, 200, 300, 900, 1, 2, General Freight, Test Special Ins, 5000<br/>
<a href="#Output-851912430" onClick='toggleBox("Output-851912430", this, "Show output", "Hide output");'>Show output</a>

<a href="#Output-851912430" onClick="toggleAllBoxes();">Show all outputs</a>
<div class='log' id="Output-851912430">
User Navigates to Manifest Tab and Selects Add Manifest Manually<br/>
User Selects Toll Carrier - Toll Priority (NZ)<br/>
User Selects Sender<br/>
User Enters ManifestName - 'TESTMANIFEST9840'<br/>
User Saves Manifest and Proceeds<br/>
Expected Text : MANIFEST - TESTMANIFEST9840 Matched the Text on Screen :MANIFEST - TESTMANIFEST9840<br/>
User Clicks Add New Shipment<br/>
Expected Text : Toll Priority (NZ) Matched the Text on Screen :Toll Priority (NZ)<br/>
User Enters Shipment Details<br/>
User Clicks Review Shipment<br/>
User Clicks Continue to Manifest<br/>
Manifest ID : MYT1001746<br/>
Current Status : In progress<br/>
No if Shipments in Manifest = 1<br/>
Shipment ID : MTNZ018052<br/>
Shipment Array : [2401000018352, MYTA003220, MTNZ018052]<br/>
User Clicks Print and Close Manifest<br/>
User Select Download PDF from Shipment/Manifest Tab<br/>
User Closes Popup to verify Manifest Status<br/>
Updated Manifest Status : Completed<br/>
User Clicks Go To Dashboard to Book a Pick Up<br/>
User Searches for the Manifest -TESTMANIFEST9840<br/>
Manifes Status on DashBoard = 'Book a Pickup' - Proceed to Book A Pick Up<br/>
Expected Text : Toll Priority (NZ) Matched the Text on Screen :Toll Priority (NZ)<br/>
User Selects Pick Up Date as Tomorrow<br/>
User Sets Ready Time as -09:15<br/>
Expected Text : 09:15 Matched the Text on Screen :09:15<br/>
User Clicks Review Book Up<br/>
User Clicks Confirm Pick Up and Awaits Reference Number<br/>
Reference No: PRINZ:100181:1383<br/>
---------------END OF TEST---------------<br/>
</div>
</td>
<td></td>
<td>102</td>
<td>manifestE2ETests.ManualManifestTollPriorityNZTests@3e6fa38a</td></tr>
</table><p>
</body>
</html>