<?xml version="1.0" encoding="UTF-8"?>
<!-- Generated by org.testng.reporters.JUnitXMLReporter -->
<testsuite hostname="DESKTOP-GTKVGKN" ignored="0" name="ManifestTest" tests="2" failures="0" timestamp="15 Nov 2017 03:23:13 GMT" time="225.405" errors="0">
  <testcase name="Manifest_TollPriorityAU_E2ETest_TID_1127_Service_ServiceParcelsOffPeak_AddManifestManual" time="90.24" classname="manifestE2ETests.ManualManifestTollPriorityAUSTests"/>
  <testcase name="Manifest_TollPriorityNZ_E2ETest_TID_1127_Service_ServiceParcelsOffPeak_AddManifestManual" time="97.235" classname="manifestE2ETests.ManualManifestTollPriorityNZTests"/>
</testsuite> <!-- ManifestTest -->
