<?xml version="1.0" encoding="UTF-8"?>
<!-- Generated by org.testng.reporters.JUnitXMLReporter -->
<testsuite hostname="DESKTOP-GTKVGKN" ignored="0" name="ManifestTest" tests="6" failures="0" timestamp="16 Nov 2017 04:48:25 GMT" time="718.825" errors="0">
  <testcase name="Manifest_TollIntermodal_E2ETest_TID_1127_Service_Express_AddManifestManual" time="99.135" classname="manifestE2ETests.ManualManifestTollIntermodalTests"/>
  <testcase name="Manifest_TollIPEC_E2ETest_TID_1127_Service_RoadExpress_AddManifestManual" time="83.914" classname="manifestE2ETests.ManualManifestTollIPECTest"/>
  <testcase name="Manifest_TollNQXTollExpress_E2ETest_TID_1127_Service_Premium_AddManifestManual" time="98.054" classname="manifestE2ETests.ManualManifestTollNQXTollExpressTests"/>
  <testcase name="Manifest_TollTasmania_E2ETest_TID_1127_Service_General_AddManifestManual" time="96.224" classname="manifestE2ETests.ManualManifestTollTasmaniaTests"/>
  <testcase name="Manifest_TollPriorityAU_E2ETest_TID_1127_Service_ServiceParcelsOffPeak_AddManifestManual" time="93.399" classname="manifestE2ETests.ManualManifestTollPriorityAUSTests"/>
  <testcase name="Manifest_TollPriorityNZ_E2ETest_TID_1127_Service_ServiceParcelsOffPeak_AddManifestManual" time="93.138" classname="manifestE2ETests.ManualManifestTollPriorityNZTests"/>
</testsuite> <!-- ManifestTest -->
