<?xml version="1.0" encoding="UTF-8"?>
<!-- Generated by org.testng.reporters.JUnitXMLReporter -->
<testsuite hostname="DESKTOP-GTKVGKN" ignored="0" name="ManifestTest" tests="6" failures="0" timestamp="15 Nov 2017 05:37:01 GMT" time="790.064" errors="0">
  <testcase name="Manifest_TollIntermodal_E2ETest_TID_1127_Service_Express_AddManifestManual" time="100.662" classname="manifestE2ETests.ManualManifestTollIntermodalTests"/>
  <testcase name="Manifest_TollIPEC_E2ETest_TID_1127_Service_RoadExpress_AddManifestManual" time="88.269" classname="manifestE2ETests.ManualManifestTollIPECTest"/>
  <testcase name="Manifest_TollNQXTollExpress_E2ETest_TID_1127_Service_Premium_AddManifestManual" time="99.607" classname="manifestE2ETests.ManualManifestTollNQXTollExpressTests"/>
  <testcase name="Manifest_TollTasmania_E2ETest_TID_1127_Service_General_AddManifestManual" time="95.874" classname="manifestE2ETests.ManualManifestTollTasmaniaTests"/>
  <testcase name="Manifest_TollPriorityAU_E2ETest_TID_1127_Service_ServiceParcelsOffPeak_AddManifestManual" time="97.281" classname="manifestE2ETests.ManualManifestTollPriorityAUSTests"/>
  <testcase name="Manifest_TollPriorityNZ_E2ETest_TID_1127_Service_ServiceParcelsOffPeak_AddManifestManual" time="95.893" classname="manifestE2ETests.ManualManifestTollPriorityNZTests"/>
</testsuite> <!-- ManifestTest -->
