<html>
<head>
<title>TestNG:  RateEnquiry</title>
<link href="../testng.css" rel="stylesheet" type="text/css" />
<link href="../my-testng.css" rel="stylesheet" type="text/css" />

<style type="text/css">
.log { display: none;} 
.stack-trace { display: none;} 
</style>
<script type="text/javascript">
<!--
function flip(e) {
  current = e.style.display;
  if (current == 'block') {
    e.style.display = 'none';
    return 0;
  }
  else {
    e.style.display = 'block';
    return 1;
  }
}

function toggleBox(szDivId, elem, msg1, msg2)
{
  var res = -1;  if (document.getElementById) {
    res = flip(document.getElementById(szDivId));
  }
  else if (document.all) {
    // this is the way old msie versions work
    res = flip(document.all[szDivId]);
  }
  if(elem) {
    if(res == 0) elem.innerHTML = msg1; else elem.innerHTML = msg2;
  }

}

function toggleAllBoxes() {
  if (document.getElementsByTagName) {
    d = document.getElementsByTagName('div');
    for (i = 0; i < d.length; i++) {
      if (d[i].className == 'log') {
        flip(d[i]);
      }
    }
  }
}

// -->
</script>

</head>
<body>
<h2 align='center'>RateEnquiry</h2><table border='1' align="center">
<tr>
<td>Tests passed/Failed/Skipped:</td><td>17/4/0</td>
</tr><tr>
<td>Started on:</td><td>Fri Oct 13 10:02:11 AEDT 2017</td>
</tr>
<tr><td>Total time:</td><td>1792 seconds (1792822 ms)</td>
</tr><tr>
<td>Included groups:</td><td></td>
</tr><tr>
<td>Excluded groups:</td><td></td>
</tr>
</table><p/>
<small><i>(Hover the method name to see the test class name)</i></small><p/>
<table width='100%' border='1' class='invocation-failed'>
<tr><td colspan='4' align='center'><b>FAILED TESTS</b></td></tr>
<tr><td><b>Test method</b></td>
<td width="30%"><b>Exception</b></td>
<td width="10%"><b>Time (seconds)</b></td>
<td><b>Instance</b></td>
</tr>
<tr>
<td title='rateEnquiryE2ETests.TollPriorityAUSTests.RateEnquiry_TollPriorityAUS_E2ETest_TID_1052_Service_AuswideSatchel()'><b>RateEnquiry_TollPriorityAUS_E2ETest_TID_1052_Service_AuswideSatchel</b><br>Test class: rateEnquiryE2ETests.TollPriorityAUSTests<br>Parameters: Toll Priority (Aus), Auswide 3kg Satchel - Overnight<br/>
<a href="#Output-1062714541" onClick='toggleBox("Output-1062714541", this, "Show output", "Hide output");'>Show output</a>

<a href="#Output-1062714541" onClick="toggleAllBoxes();">Show all outputs</a>
<div class='log' id="Output-1062714541">
Expected Text : Note: The rate shown may change if there are any variations to the actual weight, dimensions, or locations entered above. Matched the Text on Screen :Note: The rate shown may change if there are any variations to the actual weight, dimensions, or locations entered above.<br/>
Full Charge: Total Charge: AUD $9.58<br/>
Expected Text : Total Charge: Matched the Text on Screen :Total Charge:<br/>
Expected Text : GST: Matched the Text on Screen :GST:<br/>
Expected Text : Rate: Matched the Text on Screen :Rate:<br/>
FAILED: Expected Text : Toll Priority (Aus) DOES NOT Match the Text on Screen :<br/>
</div>
</td>
<td><div><pre>java.lang.AssertionError: FAILED: Expected Text : Toll Priority (Aus) DOES NOT Match the Text on Screen :
	at org.junit.Assert.fail(Assert.java:88)
	at GlobalActions.PageBase.verifyTextExistAttribute(PageBase.java:191)
	at rateEnquiryE2ETests.TollPriorityAUSTests.RateEnquiry_TollPriorityAUS_E2ETest_TID_1052_Service_AuswideSatchel(TollPriorityAUSTests.java:62)
... Removed 25 stack frames</pre></div><a href='#' onClick='toggleBox("stack-trace1062714541", this, "Click to show all stack frames", "Click to hide stack frames")'>Click to show all stack frames</a>
<div class='stack-trace' id='stack-trace1062714541'><pre>java.lang.AssertionError: FAILED: Expected Text : Toll Priority (Aus) DOES NOT Match the Text on Screen :
	at org.junit.Assert.fail(Assert.java:88)
	at GlobalActions.PageBase.verifyTextExistAttribute(PageBase.java:191)
	at rateEnquiryE2ETests.TollPriorityAUSTests.RateEnquiry_TollPriorityAUS_E2ETest_TID_1052_Service_AuswideSatchel(TollPriorityAUSTests.java:62)
	at sun.reflect.NativeMethodAccessorImpl.invoke0(Native Method)
	at sun.reflect.NativeMethodAccessorImpl.invoke(Unknown Source)
	at sun.reflect.DelegatingMethodAccessorImpl.invoke(Unknown Source)
	at java.lang.reflect.Method.invoke(Unknown Source)
	at org.testng.internal.MethodInvocationHelper.invokeMethod(MethodInvocationHelper.java:108)
	at org.testng.internal.Invoker.invokeMethod(Invoker.java:669)
	at org.testng.internal.Invoker.invokeTestMethod(Invoker.java:877)
	at org.testng.internal.Invoker.invokeTestMethods(Invoker.java:1201)
	at org.testng.internal.TestMethodWorker.invokeTestMethods(TestMethodWorker.java:125)
	at org.testng.internal.TestMethodWorker.run(TestMethodWorker.java:109)
	at org.testng.TestRunner.privateRun(TestRunner.java:776)
	at org.testng.TestRunner.run(TestRunner.java:634)
	at org.testng.SuiteRunner.runTest(SuiteRunner.java:425)
	at org.testng.SuiteRunner.runSequentially(SuiteRunner.java:420)
	at org.testng.SuiteRunner.privateRun(SuiteRunner.java:385)
	at org.testng.SuiteRunner.run(SuiteRunner.java:334)
	at org.testng.SuiteRunnerWorker.runSuite(SuiteRunnerWorker.java:52)
	at org.testng.SuiteRunnerWorker.run(SuiteRunnerWorker.java:86)
	at org.testng.TestNG.runSuitesSequentially(TestNG.java:1318)
	at org.testng.TestNG.runSuitesLocally(TestNG.java:1243)
	at org.testng.TestNG.runSuites(TestNG.java:1161)
	at org.testng.TestNG.run(TestNG.java:1129)
	at org.testng.remote.AbstractRemoteTestNG.run(AbstractRemoteTestNG.java:114)
	at org.testng.remote.RemoteTestNG.initAndRun(RemoteTestNG.java:251)
	at org.testng.remote.RemoteTestNG.main(RemoteTestNG.java:77)
</pre></div></td>
<td>59</td>
<td>rateEnquiryE2ETests.TollPriorityAUSTests@6f7fd0e6</td></tr>
<tr>
<td title='rateEnquiryE2ETests.TollPriorityNZTests.RateEnquiry_TollPriorityNZ_E2ETest_TID_1052_Service_ParcelOffPeak()'><b>RateEnquiry_TollPriorityNZ_E2ETest_TID_1052_Service_ParcelOffPeak</b><br>Test class: rateEnquiryE2ETests.TollPriorityNZTests<br>Parameters: Toll Priority (NZ), Parcels - Off Peak<br/>
<a href="#Output-1632789609" onClick='toggleBox("Output-1632789609", this, "Show output", "Hide output");'>Show output</a>

<a href="#Output-1632789609" onClick="toggleAllBoxes();">Show all outputs</a>
<div class='log' id="Output-1632789609">
Expected Text : Note: The rate shown may change if there are any variations to the actual weight, dimensions, or locations entered above. Matched the Text on Screen :Note: The rate shown may change if there are any variations to the actual weight, dimensions, or locations entered above.<br/>
Full Charge: Total Charge: NZD $32.05<br/>
Expected Text : Total Charge: Matched the Text on Screen :Total Charge:<br/>
Expected Text : GST: Matched the Text on Screen :GST:<br/>
Expected Text : Rate: Matched the Text on Screen :Rate:<br/>
xpath not found: By.xpath: //*[@id="carrier-name"]<br><br/>
</div>
</td>
<td><div><pre>org.openqa.selenium.NoSuchElementException: no such element: Unable to locate element: {&quot;method&quot;:&quot;xpath&quot;,&quot;selector&quot;:&quot;//*[@id=&quot;carrier-name&quot;]&quot;}
  (Session info: chrome=61.0.3163.100)
  (Driver info: chromedriver=2.30.477700 (0057494ad8732195794a7b32078424f92a5fce41),platform=Windows NT 10.0.15063 x86_64) (WARNING: The server did not provide any stacktrace information)
Command duration or timeout: 20.04 seconds
For documentation on this error, please visit: http://seleniumhq.org/exceptions/no_such_element.html
Build info: version: &apos;unknown&apos;, revision: &apos;unknown&apos;, time: &apos;unknown&apos;
System info: host: &apos;DESKTOP-GTKVGKN&apos;, ip: &apos;192.168.19.1&apos;, os.name: &apos;Windows 10&apos;, os.arch: &apos;amd64&apos;, os.version: &apos;10.0&apos;, java.version: &apos;1.8.0_131&apos;
Driver info: org.openqa.selenium.chrome.ChromeDriver
Capabilities [{applicationCacheEnabled=false, rotatable=false, mobileEmulationEnabled=false, networkConnectionEnabled=false, chrome={chromedriverVersion=2.30.477700 (0057494ad8732195794a7b32078424f92a5fce41), userDataDir=C:\Users\SHEYAN~1\AppData\Local\Temp\scoped_dir19024_16204}, takesHeapSnapshot=true, pageLoadStrategy=normal, databaseEnabled=false, handlesAlerts=true, hasTouchScreen=false, version=61.0.3163.100, platform=XP, browserConnectionEnabled=false, nativeEvents=true, acceptSslCerts=true, locationContextEnabled=true, webStorageEnabled=true, browserName=chrome, takesScreenshot=true, javascriptEnabled=true, cssSelectorsEnabled=true, unexpectedAlertBehaviour=}]
Session ID: ee163c078bb243fc033ec92878bd21b4
*** Element info: {Using=xpath, value=//*[@id=&quot;carrier-name&quot;]}
	at org.openqa.selenium.remote.ErrorHandler.createThrowable(ErrorHandler.java:215)
	at org.openqa.selenium.remote.ErrorHandler.throwIfResponseFailed(ErrorHandler.java:167)
	at org.openqa.selenium.remote.RemoteWebDriver.execute(RemoteWebDriver.java:671)
	at org.openqa.selenium.remote.RemoteWebDriver.findElement(RemoteWebDriver.java:410)
	at org.openqa.selenium.remote.RemoteWebDriver.findElementByXPath(RemoteWebDriver.java:509)
	at org.openqa.selenium.By$ByXPath.findElement(By.java:361)
	at org.openqa.selenium.remote.RemoteWebDriver.findElement(RemoteWebDriver.java:402)
	at GlobalActions.PageBase.verifyTextExistAttribute(PageBase.java:184)
	at rateEnquiryE2ETests.TollPriorityNZTests.RateEnquiry_TollPriorityNZ_E2ETest_TID_1052_Service_ParcelOffPeak(TollPriorityNZTests.java:102)
... Removed 29 stack frames</pre></div><a href='#' onClick='toggleBox("stack-trace1632789609", this, "Click to show all stack frames", "Click to hide stack frames")'>Click to show all stack frames</a>
<div class='stack-trace' id='stack-trace1632789609'><pre>org.openqa.selenium.NoSuchElementException: no such element: Unable to locate element: {&quot;method&quot;:&quot;xpath&quot;,&quot;selector&quot;:&quot;//*[@id=&quot;carrier-name&quot;]&quot;}
  (Session info: chrome=61.0.3163.100)
  (Driver info: chromedriver=2.30.477700 (0057494ad8732195794a7b32078424f92a5fce41),platform=Windows NT 10.0.15063 x86_64) (WARNING: The server did not provide any stacktrace information)
Command duration or timeout: 20.04 seconds
For documentation on this error, please visit: http://seleniumhq.org/exceptions/no_such_element.html
Build info: version: &apos;unknown&apos;, revision: &apos;unknown&apos;, time: &apos;unknown&apos;
System info: host: &apos;DESKTOP-GTKVGKN&apos;, ip: &apos;192.168.19.1&apos;, os.name: &apos;Windows 10&apos;, os.arch: &apos;amd64&apos;, os.version: &apos;10.0&apos;, java.version: &apos;1.8.0_131&apos;
Driver info: org.openqa.selenium.chrome.ChromeDriver
Capabilities [{applicationCacheEnabled=false, rotatable=false, mobileEmulationEnabled=false, networkConnectionEnabled=false, chrome={chromedriverVersion=2.30.477700 (0057494ad8732195794a7b32078424f92a5fce41), userDataDir=C:\Users\SHEYAN~1\AppData\Local\Temp\scoped_dir19024_16204}, takesHeapSnapshot=true, pageLoadStrategy=normal, databaseEnabled=false, handlesAlerts=true, hasTouchScreen=false, version=61.0.3163.100, platform=XP, browserConnectionEnabled=false, nativeEvents=true, acceptSslCerts=true, locationContextEnabled=true, webStorageEnabled=true, browserName=chrome, takesScreenshot=true, javascriptEnabled=true, cssSelectorsEnabled=true, unexpectedAlertBehaviour=}]
Session ID: ee163c078bb243fc033ec92878bd21b4
*** Element info: {Using=xpath, value=//*[@id=&quot;carrier-name&quot;]}
	at sun.reflect.NativeConstructorAccessorImpl.newInstance0(Native Method)
	at sun.reflect.NativeConstructorAccessorImpl.newInstance(Unknown Source)
	at sun.reflect.DelegatingConstructorAccessorImpl.newInstance(Unknown Source)
	at java.lang.reflect.Constructor.newInstance(Unknown Source)
	at org.openqa.selenium.remote.ErrorHandler.createThrowable(ErrorHandler.java:215)
	at org.openqa.selenium.remote.ErrorHandler.throwIfResponseFailed(ErrorHandler.java:167)
	at org.openqa.selenium.remote.RemoteWebDriver.execute(RemoteWebDriver.java:671)
	at org.openqa.selenium.remote.RemoteWebDriver.findElement(RemoteWebDriver.java:410)
	at org.openqa.selenium.remote.RemoteWebDriver.findElementByXPath(RemoteWebDriver.java:509)
	at org.openqa.selenium.By$ByXPath.findElement(By.java:361)
	at org.openqa.selenium.remote.RemoteWebDriver.findElement(RemoteWebDriver.java:402)
	at GlobalActions.PageBase.verifyTextExistAttribute(PageBase.java:184)
	at rateEnquiryE2ETests.TollPriorityNZTests.RateEnquiry_TollPriorityNZ_E2ETest_TID_1052_Service_ParcelOffPeak(TollPriorityNZTests.java:102)
	at sun.reflect.NativeMethodAccessorImpl.invoke0(Native Method)
	at sun.reflect.NativeMethodAccessorImpl.invoke(Unknown Source)
	at sun.reflect.DelegatingMethodAccessorImpl.invoke(Unknown Source)
	at java.lang.reflect.Method.invoke(Unknown Source)
	at org.testng.internal.MethodInvocationHelper.invokeMethod(MethodInvocationHelper.java:108)
	at org.testng.internal.Invoker.invokeMethod(Invoker.java:669)
	at org.testng.internal.Invoker.invokeTestMethod(Invoker.java:877)
	at org.testng.internal.Invoker.invokeTestMethods(Invoker.java:1201)
	at org.testng.internal.TestMethodWorker.invokeTestMethods(TestMethodWorker.java:125)
	at org.testng.internal.TestMethodWorker.run(TestMethodWorker.java:109)
	at org.testng.TestRunner.privateRun(TestRunner.java:776)
	at org.testng.TestRunner.run(TestRunner.java:634)
	at org.testng.SuiteRunner.runTest(SuiteRunner.java:425)
	at org.testng.SuiteRunner.runSequentially(SuiteRunner.java:420)
	at org.testng.SuiteRunner.privateRun(SuiteRunner.java:385)
	at org.testng.SuiteRunner.run(SuiteRunner.java:334)
	at org.testng.SuiteRunnerWorker.runSuite(SuiteRunnerWorker.java:52)
	at org.testng.SuiteRunnerWorker.run(SuiteRunnerWorker.java:86)
	at org.testng.TestNG.runSuitesSequentially(TestNG.java:1318)
	at org.testng.TestNG.runSuitesLocally(TestNG.java:1243)
	at org.testng.TestNG.runSuites(TestNG.java:1161)
	at org.testng.TestNG.run(TestNG.java:1129)
	at org.testng.remote.AbstractRemoteTestNG.run(AbstractRemoteTestNG.java:114)
	at org.testng.remote.RemoteTestNG.initAndRun(RemoteTestNG.java:251)
	at org.testng.remote.RemoteTestNG.main(RemoteTestNG.java:77)
</pre></div></td>
<td>92</td>
<td>rateEnquiryE2ETests.TollPriorityNZTests@77caeb3e</td></tr>
<tr>
<td title='rateEnquiryE2ETests.TollPriorityNZTests.RateEnquiry_TollPriorityNZ_E2ETest_TID_1052_Service_ParcelsSameDay()'><b>RateEnquiry_TollPriorityNZ_E2ETest_TID_1052_Service_ParcelsSameDay</b><br>Test class: rateEnquiryE2ETests.TollPriorityNZTests<br>Parameters: Toll Priority (NZ), Parcels - Same Day</td>
<td><div><pre>org.openqa.selenium.TimeoutException: Expected condition failed: waiting for presence of element located by: By.xpath: //*[@id=&quot;origin-suburb-postcode&quot;]/div[1]/ul/li/div[contains(text(),&apos;1001&apos;) and contains(text(),&apos;NEWTON&apos;)] (tried for 5 second(s) with 500 MILLISECONDS interval)
	at org.openqa.selenium.support.ui.WebDriverWait.timeoutException(WebDriverWait.java:80)
	at org.openqa.selenium.support.ui.FluentWait.until(FluentWait.java:232)
	at GlobalActions.PageBase.click(PageBase.java:159)
	at rateEnquiryActions.RateEnquiryActions.SelectOrigin(RateEnquiryActions.java:138)
	at rateEnquiryE2ETests.TollPriorityNZTests.RateEnquiry_TollPriorityNZ_E2ETest_TID_1052_Service_ParcelsSameDay(TollPriorityNZTests.java:114)
Caused by: org.openqa.selenium.NoSuchElementException: Cannot locate an element using By.xpath: //*[@id=&quot;origin-suburb-postcode&quot;]/div[1]/ul/li/div[contains(text(),&apos;1001&apos;) and contains(text(),&apos;NEWTON&apos;)]
For documentation on this error, please visit: http://seleniumhq.org/exceptions/no_such_element.html
Build info: version: &apos;unknown&apos;, revision: &apos;unknown&apos;, time: &apos;unknown&apos;
System info: host: &apos;DESKTOP-GTKVGKN&apos;, ip: &apos;192.168.19.1&apos;, os.name: &apos;Windows 10&apos;, os.arch: &apos;amd64&apos;, os.version: &apos;10.0&apos;, java.version: &apos;1.8.0_131&apos;
Driver info: driver.version: unknown
	at org.openqa.selenium.support.ui.ExpectedConditions.lambda$findElement$0(ExpectedConditions.java:883)
	at java.util.Optional.orElseThrow(Unknown Source)
	at org.openqa.selenium.support.ui.ExpectedConditions.findElement(ExpectedConditions.java:882)
	at org.openqa.selenium.support.ui.ExpectedConditions.access$000(ExpectedConditions.java:44)
	at org.openqa.selenium.support.ui.ExpectedConditions$6.apply(ExpectedConditions.java:183)
	at org.openqa.selenium.support.ui.ExpectedConditions$6.apply(ExpectedConditions.java:180)
	at org.openqa.selenium.support.ui.FluentWait.until(FluentWait.java:209)
	... 28 more
... Removed 25 stack frames</pre></div><a href='#' onClick='toggleBox("stack-trace1060042118", this, "Click to show all stack frames", "Click to hide stack frames")'>Click to show all stack frames</a>
<div class='stack-trace' id='stack-trace1060042118'><pre>org.openqa.selenium.TimeoutException: Expected condition failed: waiting for presence of element located by: By.xpath: //*[@id=&quot;origin-suburb-postcode&quot;]/div[1]/ul/li/div[contains(text(),&apos;1001&apos;) and contains(text(),&apos;NEWTON&apos;)] (tried for 5 second(s) with 500 MILLISECONDS interval)
	at org.openqa.selenium.support.ui.WebDriverWait.timeoutException(WebDriverWait.java:80)
	at org.openqa.selenium.support.ui.FluentWait.until(FluentWait.java:232)
	at GlobalActions.PageBase.click(PageBase.java:159)
	at rateEnquiryActions.RateEnquiryActions.SelectOrigin(RateEnquiryActions.java:138)
	at rateEnquiryE2ETests.TollPriorityNZTests.RateEnquiry_TollPriorityNZ_E2ETest_TID_1052_Service_ParcelsSameDay(TollPriorityNZTests.java:114)
	at sun.reflect.NativeMethodAccessorImpl.invoke0(Native Method)
	at sun.reflect.NativeMethodAccessorImpl.invoke(Unknown Source)
	at sun.reflect.DelegatingMethodAccessorImpl.invoke(Unknown Source)
	at java.lang.reflect.Method.invoke(Unknown Source)
	at org.testng.internal.MethodInvocationHelper.invokeMethod(MethodInvocationHelper.java:108)
	at org.testng.internal.Invoker.invokeMethod(Invoker.java:669)
	at org.testng.internal.Invoker.invokeTestMethod(Invoker.java:877)
	at org.testng.internal.Invoker.invokeTestMethods(Invoker.java:1201)
	at org.testng.internal.TestMethodWorker.invokeTestMethods(TestMethodWorker.java:125)
	at org.testng.internal.TestMethodWorker.run(TestMethodWorker.java:109)
	at org.testng.TestRunner.privateRun(TestRunner.java:776)
	at org.testng.TestRunner.run(TestRunner.java:634)
	at org.testng.SuiteRunner.runTest(SuiteRunner.java:425)
	at org.testng.SuiteRunner.runSequentially(SuiteRunner.java:420)
	at org.testng.SuiteRunner.privateRun(SuiteRunner.java:385)
	at org.testng.SuiteRunner.run(SuiteRunner.java:334)
	at org.testng.SuiteRunnerWorker.runSuite(SuiteRunnerWorker.java:52)
	at org.testng.SuiteRunnerWorker.run(SuiteRunnerWorker.java:86)
	at org.testng.TestNG.runSuitesSequentially(TestNG.java:1318)
	at org.testng.TestNG.runSuitesLocally(TestNG.java:1243)
	at org.testng.TestNG.runSuites(TestNG.java:1161)
	at org.testng.TestNG.run(TestNG.java:1129)
	at org.testng.remote.AbstractRemoteTestNG.run(AbstractRemoteTestNG.java:114)
	at org.testng.remote.RemoteTestNG.initAndRun(RemoteTestNG.java:251)
	at org.testng.remote.RemoteTestNG.main(RemoteTestNG.java:77)
Caused by: org.openqa.selenium.NoSuchElementException: Cannot locate an element using By.xpath: //*[@id=&quot;origin-suburb-postcode&quot;]/div[1]/ul/li/div[contains(text(),&apos;1001&apos;) and contains(text(),&apos;NEWTON&apos;)]
For documentation on this error, please visit: http://seleniumhq.org/exceptions/no_such_element.html
Build info: version: &apos;unknown&apos;, revision: &apos;unknown&apos;, time: &apos;unknown&apos;
System info: host: &apos;DESKTOP-GTKVGKN&apos;, ip: &apos;192.168.19.1&apos;, os.name: &apos;Windows 10&apos;, os.arch: &apos;amd64&apos;, os.version: &apos;10.0&apos;, java.version: &apos;1.8.0_131&apos;
Driver info: driver.version: unknown
	at org.openqa.selenium.support.ui.ExpectedConditions.lambda$findElement$0(ExpectedConditions.java:883)
	at java.util.Optional.orElseThrow(Unknown Source)
	at org.openqa.selenium.support.ui.ExpectedConditions.findElement(ExpectedConditions.java:882)
	at org.openqa.selenium.support.ui.ExpectedConditions.access$000(ExpectedConditions.java:44)
	at org.openqa.selenium.support.ui.ExpectedConditions$6.apply(ExpectedConditions.java:183)
	at org.openqa.selenium.support.ui.ExpectedConditions$6.apply(ExpectedConditions.java:180)
	at org.openqa.selenium.support.ui.FluentWait.until(FluentWait.java:209)
	... 28 more
</pre></div></td>
<td>32</td>
<td>rateEnquiryE2ETests.TollPriorityNZTests@77caeb3e</td></tr>
<tr>
<td title='rateEnquiryE2ETests.TollTasmaniaTests.RateEnquiry_TollTasmanias_E2ETest_TID_1052_Service_Refrigeration()'><b>RateEnquiry_TollTasmanias_E2ETest_TID_1052_Service_Refrigeration</b><br>Test class: rateEnquiryE2ETests.TollTasmaniaTests<br>Parameters: Toll Tasmania, Refrigeration</td>
<td><div><pre>org.openqa.selenium.TimeoutException: Expected condition failed: waiting for presence of element located by: By.xpath: //*[@id=&quot;origin-suburb-postcode&quot;]/div[1]/ul/li/div[contains(text(),&apos;3170&apos;) and contains(text(),&apos;MULGRAVE&apos;)] (tried for 5 second(s) with 500 MILLISECONDS interval)
	at org.openqa.selenium.support.ui.WebDriverWait.timeoutException(WebDriverWait.java:80)
	at org.openqa.selenium.support.ui.FluentWait.until(FluentWait.java:232)
	at GlobalActions.PageBase.click(PageBase.java:159)
	at rateEnquiryActions.RateEnquiryActions.SelectOrigin(RateEnquiryActions.java:138)
	at rateEnquiryE2ETests.TollTasmaniaTests.RateEnquiry_TollTasmanias_E2ETest_TID_1052_Service_Refrigeration(TollTasmaniaTests.java:131)
Caused by: org.openqa.selenium.NoSuchElementException: Cannot locate an element using By.xpath: //*[@id=&quot;origin-suburb-postcode&quot;]/div[1]/ul/li/div[contains(text(),&apos;3170&apos;) and contains(text(),&apos;MULGRAVE&apos;)]
For documentation on this error, please visit: http://seleniumhq.org/exceptions/no_such_element.html
Build info: version: &apos;unknown&apos;, revision: &apos;unknown&apos;, time: &apos;unknown&apos;
System info: host: &apos;DESKTOP-GTKVGKN&apos;, ip: &apos;192.168.19.1&apos;, os.name: &apos;Windows 10&apos;, os.arch: &apos;amd64&apos;, os.version: &apos;10.0&apos;, java.version: &apos;1.8.0_131&apos;
Driver info: driver.version: unknown
	at org.openqa.selenium.support.ui.ExpectedConditions.lambda$findElement$0(ExpectedConditions.java:883)
	at java.util.Optional.orElseThrow(Unknown Source)
	at org.openqa.selenium.support.ui.ExpectedConditions.findElement(ExpectedConditions.java:882)
	at org.openqa.selenium.support.ui.ExpectedConditions.access$000(ExpectedConditions.java:44)
	at org.openqa.selenium.support.ui.ExpectedConditions$6.apply(ExpectedConditions.java:183)
	at org.openqa.selenium.support.ui.ExpectedConditions$6.apply(ExpectedConditions.java:180)
	at org.openqa.selenium.support.ui.FluentWait.until(FluentWait.java:209)
	... 28 more
... Removed 25 stack frames</pre></div><a href='#' onClick='toggleBox("stack-trace1527882132", this, "Click to show all stack frames", "Click to hide stack frames")'>Click to show all stack frames</a>
<div class='stack-trace' id='stack-trace1527882132'><pre>org.openqa.selenium.TimeoutException: Expected condition failed: waiting for presence of element located by: By.xpath: //*[@id=&quot;origin-suburb-postcode&quot;]/div[1]/ul/li/div[contains(text(),&apos;3170&apos;) and contains(text(),&apos;MULGRAVE&apos;)] (tried for 5 second(s) with 500 MILLISECONDS interval)
	at org.openqa.selenium.support.ui.WebDriverWait.timeoutException(WebDriverWait.java:80)
	at org.openqa.selenium.support.ui.FluentWait.until(FluentWait.java:232)
	at GlobalActions.PageBase.click(PageBase.java:159)
	at rateEnquiryActions.RateEnquiryActions.SelectOrigin(RateEnquiryActions.java:138)
	at rateEnquiryE2ETests.TollTasmaniaTests.RateEnquiry_TollTasmanias_E2ETest_TID_1052_Service_Refrigeration(TollTasmaniaTests.java:131)
	at sun.reflect.NativeMethodAccessorImpl.invoke0(Native Method)
	at sun.reflect.NativeMethodAccessorImpl.invoke(Unknown Source)
	at sun.reflect.DelegatingMethodAccessorImpl.invoke(Unknown Source)
	at java.lang.reflect.Method.invoke(Unknown Source)
	at org.testng.internal.MethodInvocationHelper.invokeMethod(MethodInvocationHelper.java:108)
	at org.testng.internal.Invoker.invokeMethod(Invoker.java:669)
	at org.testng.internal.Invoker.invokeTestMethod(Invoker.java:877)
	at org.testng.internal.Invoker.invokeTestMethods(Invoker.java:1201)
	at org.testng.internal.TestMethodWorker.invokeTestMethods(TestMethodWorker.java:125)
	at org.testng.internal.TestMethodWorker.run(TestMethodWorker.java:109)
	at org.testng.TestRunner.privateRun(TestRunner.java:776)
	at org.testng.TestRunner.run(TestRunner.java:634)
	at org.testng.SuiteRunner.runTest(SuiteRunner.java:425)
	at org.testng.SuiteRunner.runSequentially(SuiteRunner.java:420)
	at org.testng.SuiteRunner.privateRun(SuiteRunner.java:385)
	at org.testng.SuiteRunner.run(SuiteRunner.java:334)
	at org.testng.SuiteRunnerWorker.runSuite(SuiteRunnerWorker.java:52)
	at org.testng.SuiteRunnerWorker.run(SuiteRunnerWorker.java:86)
	at org.testng.TestNG.runSuitesSequentially(TestNG.java:1318)
	at org.testng.TestNG.runSuitesLocally(TestNG.java:1243)
	at org.testng.TestNG.runSuites(TestNG.java:1161)
	at org.testng.TestNG.run(TestNG.java:1129)
	at org.testng.remote.AbstractRemoteTestNG.run(AbstractRemoteTestNG.java:114)
	at org.testng.remote.RemoteTestNG.initAndRun(RemoteTestNG.java:251)
	at org.testng.remote.RemoteTestNG.main(RemoteTestNG.java:77)
Caused by: org.openqa.selenium.NoSuchElementException: Cannot locate an element using By.xpath: //*[@id=&quot;origin-suburb-postcode&quot;]/div[1]/ul/li/div[contains(text(),&apos;3170&apos;) and contains(text(),&apos;MULGRAVE&apos;)]
For documentation on this error, please visit: http://seleniumhq.org/exceptions/no_such_element.html
Build info: version: &apos;unknown&apos;, revision: &apos;unknown&apos;, time: &apos;unknown&apos;
System info: host: &apos;DESKTOP-GTKVGKN&apos;, ip: &apos;192.168.19.1&apos;, os.name: &apos;Windows 10&apos;, os.arch: &apos;amd64&apos;, os.version: &apos;10.0&apos;, java.version: &apos;1.8.0_131&apos;
Driver info: driver.version: unknown
	at org.openqa.selenium.support.ui.ExpectedConditions.lambda$findElement$0(ExpectedConditions.java:883)
	at java.util.Optional.orElseThrow(Unknown Source)
	at org.openqa.selenium.support.ui.ExpectedConditions.findElement(ExpectedConditions.java:882)
	at org.openqa.selenium.support.ui.ExpectedConditions.access$000(ExpectedConditions.java:44)
	at org.openqa.selenium.support.ui.ExpectedConditions$6.apply(ExpectedConditions.java:183)
	at org.openqa.selenium.support.ui.ExpectedConditions$6.apply(ExpectedConditions.java:180)
	at org.openqa.selenium.support.ui.FluentWait.until(FluentWait.java:209)
	... 28 more
</pre></div></td>
<td>32</td>
<td>rateEnquiryE2ETests.TollTasmaniaTests@3e6fa38a</td></tr>
</table><p>
<table width='100%' border='1' class='invocation-passed'>
<tr><td colspan='4' align='center'><b>PASSED TESTS</b></td></tr>
<tr><td><b>Test method</b></td>
<td width="30%"><b>Exception</b></td>
<td width="10%"><b>Time (seconds)</b></td>
<td><b>Instance</b></td>
</tr>
<tr>
<td title='rateEnquiryE2ETests.TollIPECTests.RateEnquiry_TollIPEC_E2ETest_TID_1052_Service_RoadExpress()'><b>RateEnquiry_TollIPEC_E2ETest_TID_1052_Service_RoadExpress</b><br>Test class: rateEnquiryE2ETests.TollIPECTests<br>Parameters: Toll IPEC, Road Express<br/>
<a href="#Output-870322840" onClick='toggleBox("Output-870322840", this, "Show output", "Hide output");'>Show output</a>

<a href="#Output-870322840" onClick="toggleAllBoxes();">Show all outputs</a>
<div class='log' id="Output-870322840">
Expected Text : Note: The rate shown may change if there are any variations to the actual weight, dimensions, or locations entered above. Matched the Text on Screen :Note: The rate shown may change if there are any variations to the actual weight, dimensions, or locations entered above.<br/>
Full Charge: Total Charge: AUD $126.48<br/>
Expected Text : Total Charge: Matched the Text on Screen :Total Charge:<br/>
Expected Text : GST: Matched the Text on Screen :GST:<br/>
Expected Text : Rate: Matched the Text on Screen :Rate:<br/>
Expected Text : Toll IPEC Matched the Text on Screen :Toll IPEC<br/>
Expected Text : Road Express Matched the Text on Screen :Road Express<br/>
Expected Text : 2230899 Matched the Text on Screen :2230899<br/>
</div>
</td>
<td></td>
<td>56</td>
<td>rateEnquiryE2ETests.TollIPECTests@66a3ffec</td></tr>
<tr>
<td title='rateEnquiryE2ETests.TollIntermodalTests.RateEnquiry_TollIntermodal_E2ETest_TID_1052_Service_DGFreight()'><b>RateEnquiry_TollIntermodal_E2ETest_TID_1052_Service_DGFreight</b><br>Test class: rateEnquiryE2ETests.TollIntermodalTests<br>Parameters: Toll Intermodal, DG Freight<br/>
<a href="#Output-596910004" onClick='toggleBox("Output-596910004", this, "Show output", "Hide output");'>Show output</a>

<a href="#Output-596910004" onClick="toggleAllBoxes();">Show all outputs</a>
<div class='log' id="Output-596910004">
Expected Text : Note: The rate shown may change if there are any variations to the actual weight, dimensions, or locations entered above. Matched the Text on Screen :Note: The rate shown may change if there are any variations to the actual weight, dimensions, or locations entered above.<br/>
Full Charge: Total Charge: AUD $290.49<br/>
Expected Text : Total Charge: Matched the Text on Screen :Total Charge:<br/>
Expected Text : GST: Matched the Text on Screen :GST:<br/>
Expected Text : Rate: Matched the Text on Screen :Rate:<br/>
Expected Text : Toll Intermodal Matched the Text on Screen :Toll Intermodal<br/>
Expected Text : DG Freight Matched the Text on Screen :DG Freight<br/>
Expected Text : 106119 Matched the Text on Screen :106119<br/>
</div>
</td>
<td></td>
<td>61</td>
<td>rateEnquiryE2ETests.TollIntermodalTests@27efef64</td></tr>
<tr>
<td title='rateEnquiryE2ETests.TollIntermodalTests.RateEnquiry_TollIntermodal_E2ETest_TID_1052_Service_Express()'><b>RateEnquiry_TollIntermodal_E2ETest_TID_1052_Service_Express</b><br>Test class: rateEnquiryE2ETests.TollIntermodalTests<br>Parameters: Toll Intermodal, Express<br/>
<a href="#Output-1221027335" onClick='toggleBox("Output-1221027335", this, "Show output", "Hide output");'>Show output</a>

<a href="#Output-1221027335" onClick="toggleAllBoxes();">Show all outputs</a>
<div class='log' id="Output-1221027335">
Expected Text : Toll Intermodal Matched the Text on Screen :Toll Intermodal<br/>
Expected Text : Express Matched the Text on Screen :Express<br/>
Expected Text : 106119 Matched the Text on Screen :106119<br/>
</div>
</td>
<td></td>
<td>36</td>
<td>rateEnquiryE2ETests.TollIntermodalTests@27efef64</td></tr>
<tr>
<td title='rateEnquiryE2ETests.TollIntermodalTests.RateEnquiry_TollIntermodal_E2ETest_TID_1052_Service_General()'><b>RateEnquiry_TollIntermodal_E2ETest_TID_1052_Service_General</b><br>Test class: rateEnquiryE2ETests.TollIntermodalTests<br>Parameters: Toll Intermodal, General<br/>
<a href="#Output-722951168" onClick='toggleBox("Output-722951168", this, "Show output", "Hide output");'>Show output</a>

<a href="#Output-722951168" onClick="toggleAllBoxes();">Show all outputs</a>
<div class='log' id="Output-722951168">
Expected Text : Note: The rate shown may change if there are any variations to the actual weight, dimensions, or locations entered above. Matched the Text on Screen :Note: The rate shown may change if there are any variations to the actual weight, dimensions, or locations entered above.<br/>
Full Charge: Total Charge: AUD $290.49<br/>
Expected Text : Total Charge: Matched the Text on Screen :Total Charge:<br/>
Expected Text : GST: Matched the Text on Screen :GST:<br/>
Expected Text : Rate: Matched the Text on Screen :Rate:<br/>
Expected Text : Toll Intermodal Matched the Text on Screen :Toll Intermodal<br/>
Expected Text : General Matched the Text on Screen :General<br/>
Expected Text : 106119 Matched the Text on Screen :106119<br/>
</div>
</td>
<td></td>
<td>60</td>
<td>rateEnquiryE2ETests.TollIntermodalTests@27efef64</td></tr>
<tr>
<td title='rateEnquiryE2ETests.TollIntermodalTests.RateEnquiry_TollIntermodal_E2ETest_TID_1052_Service_Refrigeration()'><b>RateEnquiry_TollIntermodal_E2ETest_TID_1052_Service_Refrigeration</b><br>Test class: rateEnquiryE2ETests.TollIntermodalTests<br>Parameters: Toll Intermodal, Refrigeration<br/>
<a href="#Output-951741667" onClick='toggleBox("Output-951741667", this, "Show output", "Hide output");'>Show output</a>

<a href="#Output-951741667" onClick="toggleAllBoxes();">Show all outputs</a>
<div class='log' id="Output-951741667">
Expected Text : Toll Intermodal Matched the Text on Screen :Toll Intermodal<br/>
Expected Text : Refrigeration Matched the Text on Screen :Refrigeration<br/>
Expected Text : 106119 Matched the Text on Screen :106119<br/>
</div>
</td>
<td></td>
<td>34</td>
<td>rateEnquiryE2ETests.TollIntermodalTests@27efef64</td></tr>
<tr>
<td title='rateEnquiryE2ETests.TollNQXTollExpressTests.RateEnquiry_TollNQXTollExpress_E2ETest_TID_1052_Service_DGExpress()'><b>RateEnquiry_TollNQXTollExpress_E2ETest_TID_1052_Service_DGExpress</b><br>Test class: rateEnquiryE2ETests.TollNQXTollExpressTests<br>Parameters: Toll NQX | Toll Express, DG Express<br/>
<a href="#Output-2099051403" onClick='toggleBox("Output-2099051403", this, "Show output", "Hide output");'>Show output</a>

<a href="#Output-2099051403" onClick="toggleAllBoxes();">Show all outputs</a>
<div class='log' id="Output-2099051403">
Expected Text : Note: The rate shown may change if there are any variations to the actual weight, dimensions, or locations entered above. Matched the Text on Screen :Note: The rate shown may change if there are any variations to the actual weight, dimensions, or locations entered above.<br/>
Full Charge: Total Charge: AUD $278.50<br/>
Expected Text : Total Charge: Matched the Text on Screen :Total Charge:<br/>
Expected Text : GST: Matched the Text on Screen :GST:<br/>
Expected Text : Rate: Matched the Text on Screen :Rate:<br/>
Expected Text : Toll NQX | Toll Express Matched the Text on Screen :Toll NQX | Toll Express<br/>
Expected Text : DG Express Matched the Text on Screen :DG Express<br/>
Expected Text : 614060 Matched the Text on Screen :614060<br/>
</div>
</td>
<td></td>
<td>61</td>
<td>rateEnquiryE2ETests.TollNQXTollExpressTests@47c62251</td></tr>
<tr>
<td title='rateEnquiryE2ETests.TollNQXTollExpressTests.RateEnquiry_TollNQXTollExpress_E2ETest_TID_1052_Service_DangerousGoods()'><b>RateEnquiry_TollNQXTollExpress_E2ETest_TID_1052_Service_DangerousGoods</b><br>Test class: rateEnquiryE2ETests.TollNQXTollExpressTests<br>Parameters: Toll NQX | Toll Express, Dangerous Goods<br/>
<a href="#Output-1361393151" onClick='toggleBox("Output-1361393151", this, "Show output", "Hide output");'>Show output</a>

<a href="#Output-1361393151" onClick="toggleAllBoxes();">Show all outputs</a>
<div class='log' id="Output-1361393151">
Expected Text : Note: The rate shown may change if there are any variations to the actual weight, dimensions, or locations entered above. Matched the Text on Screen :Note: The rate shown may change if there are any variations to the actual weight, dimensions, or locations entered above.<br/>
Full Charge: Total Charge: AUD $261.81<br/>
Expected Text : Total Charge: Matched the Text on Screen :Total Charge:<br/>
Expected Text : GST: Matched the Text on Screen :GST:<br/>
Expected Text : Rate: Matched the Text on Screen :Rate:<br/>
Expected Text : Toll NQX | Toll Express Matched the Text on Screen :Toll NQX | Toll Express<br/>
Expected Text : Dangerous Goods Matched the Text on Screen :Dangerous Goods<br/>
Expected Text : 614060 Matched the Text on Screen :614060<br/>
</div>
</td>
<td></td>
<td>61</td>
<td>rateEnquiryE2ETests.TollNQXTollExpressTests@47c62251</td></tr>
<tr>
<td title='rateEnquiryE2ETests.TollNQXTollExpressTests.RateEnquiry_TollNQXTollExpress_E2ETest_TID_1052_Service_Express()'><b>RateEnquiry_TollNQXTollExpress_E2ETest_TID_1052_Service_Express</b><br>Test class: rateEnquiryE2ETests.TollNQXTollExpressTests<br>Parameters: Toll NQX | Toll Express, Express<br/>
<a href="#Output-761750706" onClick='toggleBox("Output-761750706", this, "Show output", "Hide output");'>Show output</a>

<a href="#Output-761750706" onClick="toggleAllBoxes();">Show all outputs</a>
<div class='log' id="Output-761750706">
Expected Text : Note: The rate shown may change if there are any variations to the actual weight, dimensions, or locations entered above. Matched the Text on Screen :Note: The rate shown may change if there are any variations to the actual weight, dimensions, or locations entered above.<br/>
Full Charge: Total Charge: AUD $133.19<br/>
Expected Text : Total Charge: Matched the Text on Screen :Total Charge:<br/>
Expected Text : GST: Matched the Text on Screen :GST:<br/>
Expected Text : Rate: Matched the Text on Screen :Rate:<br/>
Expected Text : Toll NQX | Toll Express Matched the Text on Screen :Toll NQX | Toll Express<br/>
Expected Text : Express Matched the Text on Screen :Express<br/>
Expected Text : 614060 Matched the Text on Screen :614060<br/>
</div>
</td>
<td></td>
<td>59</td>
<td>rateEnquiryE2ETests.TollNQXTollExpressTests@47c62251</td></tr>
<tr>
<td title='rateEnquiryE2ETests.TollNQXTollExpressTests.RateEnquiry_TollNQXTollExpress_E2ETest_TID_1052_Service_General()'><b>RateEnquiry_TollNQXTollExpress_E2ETest_TID_1052_Service_General</b><br>Test class: rateEnquiryE2ETests.TollNQXTollExpressTests<br>Parameters: Toll NQX | Toll Express, General<br/>
<a href="#Output-1839168128" onClick='toggleBox("Output-1839168128", this, "Show output", "Hide output");'>Show output</a>

<a href="#Output-1839168128" onClick="toggleAllBoxes();">Show all outputs</a>
<div class='log' id="Output-1839168128">
Expected Text : Note: The rate shown may change if there are any variations to the actual weight, dimensions, or locations entered above. Matched the Text on Screen :Note: The rate shown may change if there are any variations to the actual weight, dimensions, or locations entered above.<br/>
Full Charge: Total Charge: AUD $116.49<br/>
Expected Text : Total Charge: Matched the Text on Screen :Total Charge:<br/>
Expected Text : GST: Matched the Text on Screen :GST:<br/>
Expected Text : Rate: Matched the Text on Screen :Rate:<br/>
Expected Text : Toll NQX | Toll Express Matched the Text on Screen :Toll NQX | Toll Express<br/>
Expected Text : General Matched the Text on Screen :General<br/>
Expected Text : 614060 Matched the Text on Screen :614060<br/>
</div>
</td>
<td></td>
<td>59</td>
<td>rateEnquiryE2ETests.TollNQXTollExpressTests@47c62251</td></tr>
<tr>
<td title='rateEnquiryE2ETests.TollNQXTollExpressTests.RateEnquiry_TollNQXTollExpress_E2ETest_TID_1052_Service_Premium()'><b>RateEnquiry_TollNQXTollExpress_E2ETest_TID_1052_Service_Premium</b><br>Test class: rateEnquiryE2ETests.TollNQXTollExpressTests<br>Parameters: Toll NQX | Toll Express, Premium<br/>
<a href="#Output-1800649922" onClick='toggleBox("Output-1800649922", this, "Show output", "Hide output");'>Show output</a>

<a href="#Output-1800649922" onClick="toggleAllBoxes();">Show all outputs</a>
<div class='log' id="Output-1800649922">
Expected Text : Note: The rate shown may change if there are any variations to the actual weight, dimensions, or locations entered above. Matched the Text on Screen :Note: The rate shown may change if there are any variations to the actual weight, dimensions, or locations entered above.<br/>
Full Charge: Total Charge: AUD $176.23<br/>
Expected Text : Total Charge: Matched the Text on Screen :Total Charge:<br/>
Expected Text : GST: Matched the Text on Screen :GST:<br/>
Expected Text : Rate: Matched the Text on Screen :Rate:<br/>
Expected Text : Toll NQX | Toll Express Matched the Text on Screen :Toll NQX | Toll Express<br/>
Expected Text : Premium Matched the Text on Screen :Premium<br/>
Expected Text : 614060 Matched the Text on Screen :614060<br/>
</div>
</td>
<td></td>
<td>58</td>
<td>rateEnquiryE2ETests.TollNQXTollExpressTests@47c62251</td></tr>
<tr>
<td title='rateEnquiryE2ETests.TollNQXTollExpressTests.RateEnquiry_TollNQXTollExpress_E2ETest_TID_1052_Service_Refrigeration()'><b>RateEnquiry_TollNQXTollExpress_E2ETest_TID_1052_Service_Refrigeration</b><br>Test class: rateEnquiryE2ETests.TollNQXTollExpressTests<br>Parameters: Toll NQX | Toll Express, Refrigeration<br/>
<a href="#Output-975033189" onClick='toggleBox("Output-975033189", this, "Show output", "Hide output");'>Show output</a>

<a href="#Output-975033189" onClick="toggleAllBoxes();">Show all outputs</a>
<div class='log' id="Output-975033189">
Expected Text : Toll NQX | Toll Express Matched the Text on Screen :Toll NQX | Toll Express<br/>
Expected Text : Refrigeration Matched the Text on Screen :Refrigeration<br/>
Expected Text : 614060 Matched the Text on Screen :614060<br/>
</div>
</td>
<td></td>
<td>39</td>
<td>rateEnquiryE2ETests.TollNQXTollExpressTests@47c62251</td></tr>
<tr>
<td title='rateEnquiryE2ETests.TollPriorityAUSTests.RateEnquiry_TollPriorityAUS_E2ETest_TID_1052_Service_GlobalExpressDocuments()'><b>RateEnquiry_TollPriorityAUS_E2ETest_TID_1052_Service_GlobalExpressDocuments</b><br>Test class: rateEnquiryE2ETests.TollPriorityAUSTests<br>Parameters: Toll Priority (Aus), Global - Express Documents<br/>
<a href="#Output-1951963537" onClick='toggleBox("Output-1951963537", this, "Show output", "Hide output");'>Show output</a>

<a href="#Output-1951963537" onClick="toggleAllBoxes();">Show all outputs</a>
<div class='log' id="Output-1951963537">
Expected Text : Note: The rate shown may change if there are any variations to the actual weight, dimensions, or locations entered above. Matched the Text on Screen :Note: The rate shown may change if there are any variations to the actual weight, dimensions, or locations entered above.<br/>
Full Charge: Total Charge: AUD $50.50<br/>
Expected Text : Total Charge: Matched the Text on Screen :Total Charge:<br/>
Expected Text : GST: Matched the Text on Screen :GST:<br/>
Expected Text : Rate: Matched the Text on Screen :Rate:<br/>
Expected Text : Toll Priority (Aus) Matched the Text on Screen :Toll Priority (Aus)<br/>
Expected Text : Global - Express Documents Matched the Text on Screen :Global - Express Documents<br/>
Expected Text : 401509 Matched the Text on Screen :401509<br/>
</div>
</td>
<td></td>
<td>49</td>
<td>rateEnquiryE2ETests.TollPriorityAUSTests@6f7fd0e6</td></tr>
<tr>
<td title='rateEnquiryE2ETests.TollPriorityAUSTests.RateEnquiry_TollPriorityAUS_E2ETest_TID_1052_Service_ParcelOffPeak()'><b>RateEnquiry_TollPriorityAUS_E2ETest_TID_1052_Service_ParcelOffPeak</b><br>Test class: rateEnquiryE2ETests.TollPriorityAUSTests<br>Parameters: Toll Priority (Aus), Parcels - Off Peak<br/>
<a href="#Output-49222910" onClick='toggleBox("Output-49222910", this, "Show output", "Hide output");'>Show output</a>

<a href="#Output-49222910" onClick="toggleAllBoxes();">Show all outputs</a>
<div class='log' id="Output-49222910">
Expected Text : Toll Priority (Aus) Matched the Text on Screen :Toll Priority (Aus)<br/>
Expected Text : Parcels - Off Peak Matched the Text on Screen :Parcels - Off Peak<br/>
Expected Text : 401509 Matched the Text on Screen :401509<br/>
</div>
</td>
<td></td>
<td>27</td>
<td>rateEnquiryE2ETests.TollPriorityAUSTests@6f7fd0e6</td></tr>
<tr>
<td title='rateEnquiryE2ETests.TollPriorityNZTests.RateEnquiry_TollPriorityNZ_E2ETest_TID_1052_Service_GlobalExpressParcels()'><b>RateEnquiry_TollPriorityNZ_E2ETest_TID_1052_Service_GlobalExpressParcels</b><br>Test class: rateEnquiryE2ETests.TollPriorityNZTests<br>Parameters: Toll Priority (NZ), Global - Express Parcels<br/>
<a href="#Output-1785111044" onClick='toggleBox("Output-1785111044", this, "Show output", "Hide output");'>Show output</a>

<a href="#Output-1785111044" onClick="toggleAllBoxes();">Show all outputs</a>
<div class='log' id="Output-1785111044">
Expected Text : Note: The rate shown may change if there are any variations to the actual weight, dimensions, or locations entered above. Matched the Text on Screen :Note: The rate shown may change if there are any variations to the actual weight, dimensions, or locations entered above.<br/>
Full Charge: Total Charge: NZD $163.12<br/>
Expected Text : Total Charge: Matched the Text on Screen :Total Charge:<br/>
Expected Text : GST: Matched the Text on Screen :GST:<br/>
Expected Text : Rate: Matched the Text on Screen :Rate:<br/>
Expected Text : Toll Priority (NZ) Matched the Text on Screen :Toll Priority (NZ)<br/>
Expected Text : Global - Express Parcels Matched the Text on Screen :Global - Express Parcels<br/>
Expected Text : 100181 Matched the Text on Screen :100181<br/>
</div>
</td>
<td></td>
<td>53</td>
<td>rateEnquiryE2ETests.TollPriorityNZTests@77caeb3e</td></tr>
<tr>
<td title='rateEnquiryE2ETests.TollTasmaniaTests.RateEnquiry_TollTasmanias_E2ETest_TID_1052_Service_DGFreight()'><b>RateEnquiry_TollTasmanias_E2ETest_TID_1052_Service_DGFreight</b><br>Test class: rateEnquiryE2ETests.TollTasmaniaTests<br>Parameters: Toll Tasmania, DG Freight<br/>
<a href="#Output-334593716" onClick='toggleBox("Output-334593716", this, "Show output", "Hide output");'>Show output</a>

<a href="#Output-334593716" onClick="toggleAllBoxes();">Show all outputs</a>
<div class='log' id="Output-334593716">
Expected Text : Note: The rate shown may change if there are any variations to the actual weight, dimensions, or locations entered above. Matched the Text on Screen :Note: The rate shown may change if there are any variations to the actual weight, dimensions, or locations entered above.<br/>
Full Charge: Total Charge: AUD $116.83<br/>
Expected Text : Total Charge: Matched the Text on Screen :Total Charge:<br/>
Expected Text : GST: Matched the Text on Screen :GST:<br/>
Expected Text : Rate: Matched the Text on Screen :Rate:<br/>
Expected Text : Toll Tasmania Matched the Text on Screen :Toll Tasmania<br/>
Expected Text : DG Freight Matched the Text on Screen :DG Freight<br/>
Expected Text : 100428 Matched the Text on Screen :100428<br/>
</div>
</td>
<td></td>
<td>61</td>
<td>rateEnquiryE2ETests.TollTasmaniaTests@3e6fa38a</td></tr>
<tr>
<td title='rateEnquiryE2ETests.TollTasmaniaTests.RateEnquiry_TollTasmanias_E2ETest_TID_1052_Service_Express()'><b>RateEnquiry_TollTasmanias_E2ETest_TID_1052_Service_Express</b><br>Test class: rateEnquiryE2ETests.TollTasmaniaTests<br>Parameters: Toll Tasmania, Express<br/>
<a href="#Output-1250499735" onClick='toggleBox("Output-1250499735", this, "Show output", "Hide output");'>Show output</a>

<a href="#Output-1250499735" onClick="toggleAllBoxes();">Show all outputs</a>
<div class='log' id="Output-1250499735">
Expected Text : Note: The rate shown may change if there are any variations to the actual weight, dimensions, or locations entered above. Matched the Text on Screen :Note: The rate shown may change if there are any variations to the actual weight, dimensions, or locations entered above.<br/>
Full Charge: Total Charge: AUD $116.83<br/>
Expected Text : Total Charge: Matched the Text on Screen :Total Charge:<br/>
Expected Text : GST: Matched the Text on Screen :GST:<br/>
Expected Text : Rate: Matched the Text on Screen :Rate:<br/>
Expected Text : Toll Tasmania Matched the Text on Screen :Toll Tasmania<br/>
Expected Text : Express Matched the Text on Screen :Express<br/>
Expected Text : 100428 Matched the Text on Screen :100428<br/>
</div>
</td>
<td></td>
<td>59</td>
<td>rateEnquiryE2ETests.TollTasmaniaTests@3e6fa38a</td></tr>
<tr>
<td title='rateEnquiryE2ETests.TollTasmaniaTests.RateEnquiry_TollTasmanias_E2ETest_TID_1052_Service_General()'><b>RateEnquiry_TollTasmanias_E2ETest_TID_1052_Service_General</b><br>Test class: rateEnquiryE2ETests.TollTasmaniaTests<br>Parameters: Toll Tasmania, General<br/>
<a href="#Output-1098986569" onClick='toggleBox("Output-1098986569", this, "Show output", "Hide output");'>Show output</a>

<a href="#Output-1098986569" onClick="toggleAllBoxes();">Show all outputs</a>
<div class='log' id="Output-1098986569">
Expected Text : Note: The rate shown may change if there are any variations to the actual weight, dimensions, or locations entered above. Matched the Text on Screen :Note: The rate shown may change if there are any variations to the actual weight, dimensions, or locations entered above.<br/>
Full Charge: Total Charge: AUD $116.83<br/>
Expected Text : Total Charge: Matched the Text on Screen :Total Charge:<br/>
Expected Text : GST: Matched the Text on Screen :GST:<br/>
Expected Text : Rate: Matched the Text on Screen :Rate:<br/>
Expected Text : Toll Tasmania Matched the Text on Screen :Toll Tasmania<br/>
Expected Text : General Matched the Text on Screen :General<br/>
Expected Text : 100428 Matched the Text on Screen :100428<br/>
</div>
</td>
<td></td>
<td>60</td>
<td>rateEnquiryE2ETests.TollTasmaniaTests@3e6fa38a</td></tr>
</table><p>
</body>
</html>