<?xml version="1.0" encoding="UTF-8"?>
<!-- Generated by org.testng.reporters.JUnitXMLReporter -->
<testsuite hostname="DESKTOP-GTKVGKN" ignored="0" name="RateEnquiry" tests="21" failures="4" timestamp="12 Oct 2017 23:32:04 GMT" time="1792.822" errors="0">
  <testcase name="RateEnquiry_TollIntermodal_E2ETest_TID_1052_Service_DGFreight" time="61.006" classname="rateEnquiryE2ETests.TollIntermodalTests"/>
  <testcase name="RateEnquiry_TollIntermodal_E2ETest_TID_1052_Service_Express" time="36.942" classname="rateEnquiryE2ETests.TollIntermodalTests"/>
  <testcase name="RateEnquiry_TollIntermodal_E2ETest_TID_1052_Service_General" time="60.154" classname="rateEnquiryE2ETests.TollIntermodalTests"/>
  <testcase name="RateEnquiry_TollIntermodal_E2ETest_TID_1052_Service_Refrigeration" time="34.464" classname="rateEnquiryE2ETests.TollIntermodalTests"/>
  <testcase name="RateEnquiry_TollPriorityAUS_E2ETest_TID_1052_Service_AuswideSatchel" time="59.067" classname="rateEnquiryE2ETests.TollPriorityAUSTests">
    <failure type="java.lang.AssertionError" message="FAILED: Expected Text : Toll Priority (Aus) DOES NOT Match the Text on Screen :">
      <![CDATA[java.lang.AssertionError: FAILED: Expected Text : Toll Priority (Aus) DOES NOT Match the Text on Screen :
	at org.junit.Assert.fail(Assert.java:88)
	at GlobalActions.PageBase.verifyTextExistAttribute(PageBase.java:191)
	at rateEnquiryE2ETests.TollPriorityAUSTests.RateEnquiry_TollPriorityAUS_E2ETest_TID_1052_Service_AuswideSatchel(TollPriorityAUSTests.java:62)
... Removed 25 stack frames]]>
    </failure>
  </testcase> <!-- RateEnquiry_TollPriorityAUS_E2ETest_TID_1052_Service_AuswideSatchel -->
  <testcase name="RateEnquiry_TollPriorityAUS_E2ETest_TID_1052_Service_GlobalExpressDocuments" time="49.832" classname="rateEnquiryE2ETests.TollPriorityAUSTests"/>
  <testcase name="RateEnquiry_TollPriorityAUS_E2ETest_TID_1052_Service_ParcelOffPeak" time="27.887" classname="rateEnquiryE2ETests.TollPriorityAUSTests"/>
  <testcase name="RateEnquiry_TollNQXTollExpress_E2ETest_TID_1052_Service_DGExpress" time="61.553" classname="rateEnquiryE2ETests.TollNQXTollExpressTests"/>
  <testcase name="RateEnquiry_TollNQXTollExpress_E2ETest_TID_1052_Service_DangerousGoods" time="61.705" classname="rateEnquiryE2ETests.TollNQXTollExpressTests"/>
  <testcase name="RateEnquiry_TollNQXTollExpress_E2ETest_TID_1052_Service_Express" time="59.626" classname="rateEnquiryE2ETests.TollNQXTollExpressTests"/>
  <testcase name="RateEnquiry_TollNQXTollExpress_E2ETest_TID_1052_Service_General" time="59.241" classname="rateEnquiryE2ETests.TollNQXTollExpressTests"/>
  <testcase name="RateEnquiry_TollNQXTollExpress_E2ETest_TID_1052_Service_Premium" time="58.914" classname="rateEnquiryE2ETests.TollNQXTollExpressTests"/>
  <testcase name="RateEnquiry_TollNQXTollExpress_E2ETest_TID_1052_Service_Refrigeration" time="39.754" classname="rateEnquiryE2ETests.TollNQXTollExpressTests"/>
  <testcase name="RateEnquiry_TollTasmanias_E2ETest_TID_1052_Service_DGFreight" time="61.052" classname="rateEnquiryE2ETests.TollTasmaniaTests"/>
  <testcase name="RateEnquiry_TollTasmanias_E2ETest_TID_1052_Service_Express" time="59.961" classname="rateEnquiryE2ETests.TollTasmaniaTests"/>
  <testcase name="RateEnquiry_TollTasmanias_E2ETest_TID_1052_Service_General" time="60.886" classname="rateEnquiryE2ETests.TollTasmaniaTests"/>
  <testcase name="RateEnquiry_TollTasmanias_E2ETest_TID_1052_Service_Refrigeration" time="32.425" classname="rateEnquiryE2ETests.TollTasmaniaTests">
    <failure type="org.openqa.selenium.TimeoutException" message="Expected condition failed: waiting for presence of element located by: By.xpath: //*[@id=&amp;quot;origin-suburb-postcode&amp;quot;]/div[1]/ul/li/div[contains(text(),&amp;apos;3170&amp;apos;) and contains(text(),&amp;apos;MULGRAVE&amp;apos;)] (tried for 5 second(s) with 500 MILLISECONDS interval)">
      <![CDATA[org.openqa.selenium.TimeoutException: Expected condition failed: waiting for presence of element located by: By.xpath: //*[@id="origin-suburb-postcode"]/div[1]/ul/li/div[contains(text(),'3170') and contains(text(),'MULGRAVE')] (tried for 5 second(s) with 500 MILLISECONDS interval)
	at org.openqa.selenium.support.ui.WebDriverWait.timeoutException(WebDriverWait.java:80)
	at org.openqa.selenium.support.ui.FluentWait.until(FluentWait.java:232)
	at GlobalActions.PageBase.click(PageBase.java:159)
	at rateEnquiryActions.RateEnquiryActions.SelectOrigin(RateEnquiryActions.java:138)
	at rateEnquiryE2ETests.TollTasmaniaTests.RateEnquiry_TollTasmanias_E2ETest_TID_1052_Service_Refrigeration(TollTasmaniaTests.java:131)
Caused by: org.openqa.selenium.NoSuchElementException: Cannot locate an element using By.xpath: //*[@id="origin-suburb-postcode"]/div[1]/ul/li/div[contains(text(),'3170') and contains(text(),'MULGRAVE')]
For documentation on this error, please visit: http://seleniumhq.org/exceptions/no_such_element.html
Build info: version: 'unknown', revision: 'unknown', time: 'unknown'
System info: host: 'DESKTOP-GTKVGKN', ip: '192.168.19.1', os.name: 'Windows 10', os.arch: 'amd64', os.version: '10.0', java.version: '1.8.0_131'
Driver info: driver.version: unknown
	at org.openqa.selenium.support.ui.ExpectedConditions.lambda$findElement$0(ExpectedConditions.java:883)
	at java.util.Optional.orElseThrow(Unknown Source)
	at org.openqa.selenium.support.ui.ExpectedConditions.findElement(ExpectedConditions.java:882)
	at org.openqa.selenium.support.ui.ExpectedConditions.access$000(ExpectedConditions.java:44)
	at org.openqa.selenium.support.ui.ExpectedConditions$6.apply(ExpectedConditions.java:183)
	at org.openqa.selenium.support.ui.ExpectedConditions$6.apply(ExpectedConditions.java:180)
	at org.openqa.selenium.support.ui.FluentWait.until(FluentWait.java:209)
	... 28 more
... Removed 25 stack frames]]>
    </failure>
  </testcase> <!-- RateEnquiry_TollTasmanias_E2ETest_TID_1052_Service_Refrigeration -->
  <testcase name="RateEnquiry_TollIPEC_E2ETest_TID_1052_Service_RoadExpress" time="56.676" classname="rateEnquiryE2ETests.TollIPECTests"/>
  <testcase name="RateEnquiry_TollPriorityNZ_E2ETest_TID_1052_Service_GlobalExpressParcels" time="53.423" classname="rateEnquiryE2ETests.TollPriorityNZTests"/>
  <testcase name="RateEnquiry_TollPriorityNZ_E2ETest_TID_1052_Service_ParcelOffPeak" time="92.008" classname="rateEnquiryE2ETests.TollPriorityNZTests">
    <failure type="org.openqa.selenium.NoSuchElementException" message="no such element: Unable to locate element: {&amp;quot;method&amp;quot;:&amp;quot;xpath&amp;quot;,&amp;quot;selector&amp;quot;:&amp;quot;//*[@id=&amp;quot;carrier-name&amp;quot;]&amp;quot;}
  (Session info: chrome=61.0.3163.100)
  (Driver info: chromedriver=2.30.477700 (0057494ad8732195794a7b32078424f92a5fce41),platform=Windows NT 10.0.15063 x86_64) (WARNING: The server did not provide any stacktrace information)
Command duration or timeout: 20.04 seconds
For documentation on this error, please visit: http://seleniumhq.org/exceptions/no_such_element.html
Build info: version: &amp;apos;unknown&amp;apos;, revision: &amp;apos;unknown&amp;apos;, time: &amp;apos;unknown&amp;apos;
System info: host: &amp;apos;DESKTOP-GTKVGKN&amp;apos;, ip: &amp;apos;192.168.19.1&amp;apos;, os.name: &amp;apos;Windows 10&amp;apos;, os.arch: &amp;apos;amd64&amp;apos;, os.version: &amp;apos;10.0&amp;apos;, java.version: &amp;apos;1.8.0_131&amp;apos;
Driver info: org.openqa.selenium.chrome.ChromeDriver
Capabilities [{applicationCacheEnabled=false, rotatable=false, mobileEmulationEnabled=false, networkConnectionEnabled=false, chrome={chromedriverVersion=2.30.477700 (0057494ad8732195794a7b32078424f92a5fce41), userDataDir=C:\Users\SHEYAN~1\AppData\Local\Temp\scoped_dir19024_16204}, takesHeapSnapshot=true, pageLoadStrategy=normal, databaseEnabled=false, handlesAlerts=true, hasTouchScreen=false, version=61.0.3163.100, platform=XP, browserConnectionEnabled=false, nativeEvents=true, acceptSslCerts=true, locationContextEnabled=true, webStorageEnabled=true, browserName=chrome, takesScreenshot=true, javascriptEnabled=true, cssSelectorsEnabled=true, unexpectedAlertBehaviour=}]
Session ID: ee163c078bb243fc033ec92878bd21b4
*** Element info: {Using=xpath, value=//*[@id=&amp;quot;carrier-name&amp;quot;]}">
      <![CDATA[org.openqa.selenium.NoSuchElementException: no such element: Unable to locate element: {"method":"xpath","selector":"//*[@id="carrier-name"]"}
  (Session info: chrome=61.0.3163.100)
  (Driver info: chromedriver=2.30.477700 (0057494ad8732195794a7b32078424f92a5fce41),platform=Windows NT 10.0.15063 x86_64) (WARNING: The server did not provide any stacktrace information)
Command duration or timeout: 20.04 seconds
For documentation on this error, please visit: http://seleniumhq.org/exceptions/no_such_element.html
Build info: version: 'unknown', revision: 'unknown', time: 'unknown'
System info: host: 'DESKTOP-GTKVGKN', ip: '192.168.19.1', os.name: 'Windows 10', os.arch: 'amd64', os.version: '10.0', java.version: '1.8.0_131'
Driver info: org.openqa.selenium.chrome.ChromeDriver
Capabilities [{applicationCacheEnabled=false, rotatable=false, mobileEmulationEnabled=false, networkConnectionEnabled=false, chrome={chromedriverVersion=2.30.477700 (0057494ad8732195794a7b32078424f92a5fce41), userDataDir=C:\Users\SHEYAN~1\AppData\Local\Temp\scoped_dir19024_16204}, takesHeapSnapshot=true, pageLoadStrategy=normal, databaseEnabled=false, handlesAlerts=true, hasTouchScreen=false, version=61.0.3163.100, platform=XP, browserConnectionEnabled=false, nativeEvents=true, acceptSslCerts=true, locationContextEnabled=true, webStorageEnabled=true, browserName=chrome, takesScreenshot=true, javascriptEnabled=true, cssSelectorsEnabled=true, unexpectedAlertBehaviour=}]
Session ID: ee163c078bb243fc033ec92878bd21b4
*** Element info: {Using=xpath, value=//*[@id="carrier-name"]}
	at org.openqa.selenium.remote.ErrorHandler.createThrowable(ErrorHandler.java:215)
	at org.openqa.selenium.remote.ErrorHandler.throwIfResponseFailed(ErrorHandler.java:167)
	at org.openqa.selenium.remote.RemoteWebDriver.execute(RemoteWebDriver.java:671)
	at org.openqa.selenium.remote.RemoteWebDriver.findElement(RemoteWebDriver.java:410)
	at org.openqa.selenium.remote.RemoteWebDriver.findElementByXPath(RemoteWebDriver.java:509)
	at org.openqa.selenium.By$ByXPath.findElement(By.java:361)
	at org.openqa.selenium.remote.RemoteWebDriver.findElement(RemoteWebDriver.java:402)
	at GlobalActions.PageBase.verifyTextExistAttribute(PageBase.java:184)
	at rateEnquiryE2ETests.TollPriorityNZTests.RateEnquiry_TollPriorityNZ_E2ETest_TID_1052_Service_ParcelOffPeak(TollPriorityNZTests.java:102)
... Removed 29 stack frames]]>
    </failure>
  </testcase> <!-- RateEnquiry_TollPriorityNZ_E2ETest_TID_1052_Service_ParcelOffPeak -->
  <testcase name="RateEnquiry_TollPriorityNZ_E2ETest_TID_1052_Service_ParcelsSameDay" time="32.68" classname="rateEnquiryE2ETests.TollPriorityNZTests">
    <failure type="org.openqa.selenium.TimeoutException" message="Expected condition failed: waiting for presence of element located by: By.xpath: //*[@id=&amp;quot;origin-suburb-postcode&amp;quot;]/div[1]/ul/li/div[contains(text(),&amp;apos;1001&amp;apos;) and contains(text(),&amp;apos;NEWTON&amp;apos;)] (tried for 5 second(s) with 500 MILLISECONDS interval)">
      <![CDATA[org.openqa.selenium.TimeoutException: Expected condition failed: waiting for presence of element located by: By.xpath: //*[@id="origin-suburb-postcode"]/div[1]/ul/li/div[contains(text(),'1001') and contains(text(),'NEWTON')] (tried for 5 second(s) with 500 MILLISECONDS interval)
	at org.openqa.selenium.support.ui.WebDriverWait.timeoutException(WebDriverWait.java:80)
	at org.openqa.selenium.support.ui.FluentWait.until(FluentWait.java:232)
	at GlobalActions.PageBase.click(PageBase.java:159)
	at rateEnquiryActions.RateEnquiryActions.SelectOrigin(RateEnquiryActions.java:138)
	at rateEnquiryE2ETests.TollPriorityNZTests.RateEnquiry_TollPriorityNZ_E2ETest_TID_1052_Service_ParcelsSameDay(TollPriorityNZTests.java:114)
Caused by: org.openqa.selenium.NoSuchElementException: Cannot locate an element using By.xpath: //*[@id="origin-suburb-postcode"]/div[1]/ul/li/div[contains(text(),'1001') and contains(text(),'NEWTON')]
For documentation on this error, please visit: http://seleniumhq.org/exceptions/no_such_element.html
Build info: version: 'unknown', revision: 'unknown', time: 'unknown'
System info: host: 'DESKTOP-GTKVGKN', ip: '192.168.19.1', os.name: 'Windows 10', os.arch: 'amd64', os.version: '10.0', java.version: '1.8.0_131'
Driver info: driver.version: unknown
	at org.openqa.selenium.support.ui.ExpectedConditions.lambda$findElement$0(ExpectedConditions.java:883)
	at java.util.Optional.orElseThrow(Unknown Source)
	at org.openqa.selenium.support.ui.ExpectedConditions.findElement(ExpectedConditions.java:882)
	at org.openqa.selenium.support.ui.ExpectedConditions.access$000(ExpectedConditions.java:44)
	at org.openqa.selenium.support.ui.ExpectedConditions$6.apply(ExpectedConditions.java:183)
	at org.openqa.selenium.support.ui.ExpectedConditions$6.apply(ExpectedConditions.java:180)
	at org.openqa.selenium.support.ui.FluentWait.until(FluentWait.java:209)
	... 28 more
... Removed 25 stack frames]]>
    </failure>
  </testcase> <!-- RateEnquiry_TollPriorityNZ_E2ETest_TID_1052_Service_ParcelsSameDay -->
</testsuite> <!-- RateEnquiry -->
