<?xml version="1.0" encoding="UTF-8"?>
<!-- Generated by org.testng.reporters.JUnitXMLReporter -->
<testsuite hostname="DESKTOP-GTKVGKN" ignored="0" name="RateEnquiry" tests="19" failures="1" timestamp="13 Nov 2017 03:29:04 GMT" time="1825.595" errors="0">
  <testcase name="RateEnquiry_TollIntermodal_E2ETest_TID_1052_Service_DGFreight" time="66.862" classname="rateEnquiryE2ETests.TollIntermodalTests"/>
  <testcase name="RateEnquiry_TollIntermodal_E2ETest_TID_1052_Service_Express" time="40.784" classname="rateEnquiryE2ETests.TollIntermodalTests"/>
  <testcase name="RateEnquiry_TollIntermodal_E2ETest_TID_1052_Service_General" time="66.533" classname="rateEnquiryE2ETests.TollIntermodalTests"/>
  <testcase name="RateEnquiry_TollIPEC_E2ETest_TID_1052_Service_RoadExpress" time="59.935" classname="rateEnquiryE2ETests.TollIPECTests"/>
  <testcase name="RateEnquiry_TollPriorityAUS_E2ETest_TID_1052_Service_AuswideSatchel" time="50.779" classname="rateEnquiryE2ETests.TollPriorityAUSTests"/>
  <testcase name="RateEnquiry_TollPriorityAUS_E2ETest_TID_1052_Service_GlobalExpressDocuments" time="51.857" classname="rateEnquiryE2ETests.TollPriorityAUSTests"/>
  <testcase name="RateEnquiry_TollPriorityAUS_E2ETest_TID_1052_Service_ParcelOffPeak" time="27.408" classname="rateEnquiryE2ETests.TollPriorityAUSTests"/>
  <testcase name="RateEnquiry_TollNQXTollExpress_E2ETest_TID_1052_Service_DGExpress" time="85.817" classname="rateEnquiryE2ETests.TollNQXTollExpressTests">
    <failure type="org.openqa.selenium.NoSuchElementException" message="no such element: Unable to locate element: {&amp;quot;method&amp;quot;:&amp;quot;xpath&amp;quot;,&amp;quot;selector&amp;quot;:&amp;quot;//*[@id=&amp;quot;carrier-name&amp;quot;]&amp;quot;}
  (Session info: chrome=62.0.3202.89)
  (Driver info: chromedriver=2.33.506120 (e3e53437346286c0bc2d2dc9aa4915ba81d9023f),platform=Windows NT 10.0.15063 x86_64) (WARNING: The server did not provide any stacktrace information)
Command duration or timeout: 20.07 seconds
For documentation on this error, please visit: http://seleniumhq.org/exceptions/no_such_element.html
Build info: version: &amp;apos;unknown&amp;apos;, revision: &amp;apos;unknown&amp;apos;, time: &amp;apos;unknown&amp;apos;
System info: host: &amp;apos;DESKTOP-GTKVGKN&amp;apos;, ip: &amp;apos;192.168.19.1&amp;apos;, os.name: &amp;apos;Windows 10&amp;apos;, os.arch: &amp;apos;amd64&amp;apos;, os.version: &amp;apos;10.0&amp;apos;, java.version: &amp;apos;1.8.0_131&amp;apos;
Driver info: org.openqa.selenium.chrome.ChromeDriver
Capabilities [{applicationCacheEnabled=false, rotatable=false, mobileEmulationEnabled=false, networkConnectionEnabled=false, chrome={chromedriverVersion=2.33.506120 (e3e53437346286c0bc2d2dc9aa4915ba81d9023f), userDataDir=C:\Users\SHEYAN~1\AppData\Local\Temp\scoped_dir22320_25081}, takesHeapSnapshot=true, pageLoadStrategy=normal, databaseEnabled=false, handlesAlerts=true, hasTouchScreen=false, version=62.0.3202.89, platform=XP, browserConnectionEnabled=false, nativeEvents=true, acceptSslCerts=true, locationContextEnabled=true, webStorageEnabled=true, browserName=chrome, takesScreenshot=true, javascriptEnabled=true, cssSelectorsEnabled=true, setWindowRect=true, unexpectedAlertBehaviour=}]
Session ID: 751e4192c6091f7c592ce0f39c7fbc49
*** Element info: {Using=xpath, value=//*[@id=&amp;quot;carrier-name&amp;quot;]}">
      <![CDATA[org.openqa.selenium.NoSuchElementException: no such element: Unable to locate element: {"method":"xpath","selector":"//*[@id="carrier-name"]"}
  (Session info: chrome=62.0.3202.89)
  (Driver info: chromedriver=2.33.506120 (e3e53437346286c0bc2d2dc9aa4915ba81d9023f),platform=Windows NT 10.0.15063 x86_64) (WARNING: The server did not provide any stacktrace information)
Command duration or timeout: 20.07 seconds
For documentation on this error, please visit: http://seleniumhq.org/exceptions/no_such_element.html
Build info: version: 'unknown', revision: 'unknown', time: 'unknown'
System info: host: 'DESKTOP-GTKVGKN', ip: '192.168.19.1', os.name: 'Windows 10', os.arch: 'amd64', os.version: '10.0', java.version: '1.8.0_131'
Driver info: org.openqa.selenium.chrome.ChromeDriver
Capabilities [{applicationCacheEnabled=false, rotatable=false, mobileEmulationEnabled=false, networkConnectionEnabled=false, chrome={chromedriverVersion=2.33.506120 (e3e53437346286c0bc2d2dc9aa4915ba81d9023f), userDataDir=C:\Users\SHEYAN~1\AppData\Local\Temp\scoped_dir22320_25081}, takesHeapSnapshot=true, pageLoadStrategy=normal, databaseEnabled=false, handlesAlerts=true, hasTouchScreen=false, version=62.0.3202.89, platform=XP, browserConnectionEnabled=false, nativeEvents=true, acceptSslCerts=true, locationContextEnabled=true, webStorageEnabled=true, browserName=chrome, takesScreenshot=true, javascriptEnabled=true, cssSelectorsEnabled=true, setWindowRect=true, unexpectedAlertBehaviour=}]
Session ID: 751e4192c6091f7c592ce0f39c7fbc49
*** Element info: {Using=xpath, value=//*[@id="carrier-name"]}
	at org.openqa.selenium.remote.ErrorHandler.createThrowable(ErrorHandler.java:215)
	at org.openqa.selenium.remote.ErrorHandler.throwIfResponseFailed(ErrorHandler.java:167)
	at org.openqa.selenium.remote.RemoteWebDriver.execute(RemoteWebDriver.java:671)
	at org.openqa.selenium.remote.RemoteWebDriver.findElement(RemoteWebDriver.java:410)
	at org.openqa.selenium.remote.RemoteWebDriver.findElementByXPath(RemoteWebDriver.java:509)
	at org.openqa.selenium.By$ByXPath.findElement(By.java:361)
	at org.openqa.selenium.remote.RemoteWebDriver.findElement(RemoteWebDriver.java:402)
	at GlobalActions.PageBase.verifyTextExistAttribute(PageBase.java:188)
	at rateEnquiryE2ETests.TollNQXTollExpressTests.RateEnquiry_TollNQXTollExpress_E2ETest_TID_1052_Service_DGExpress(TollNQXTollExpressTests.java:249)
... Removed 29 stack frames]]>
    </failure>
  </testcase> <!-- RateEnquiry_TollNQXTollExpress_E2ETest_TID_1052_Service_DGExpress -->
  <testcase name="RateEnquiry_TollNQXTollExpress_E2ETest_TID_1052_Service_DangerousGoods" time="65.139" classname="rateEnquiryE2ETests.TollNQXTollExpressTests"/>
  <testcase name="RateEnquiry_TollNQXTollExpress_E2ETest_TID_1052_Service_Express" time="63.313" classname="rateEnquiryE2ETests.TollNQXTollExpressTests"/>
  <testcase name="RateEnquiry_TollNQXTollExpress_E2ETest_TID_1052_Service_General" time="66.718" classname="rateEnquiryE2ETests.TollNQXTollExpressTests"/>
  <testcase name="RateEnquiry_TollNQXTollExpress_E2ETest_TID_1052_Service_Premium" time="66.485" classname="rateEnquiryE2ETests.TollNQXTollExpressTests"/>
  <testcase name="RateEnquiry_TollNQXTollExpress_E2ETest_TID_1052_Service_Refrigeration" time="44.095" classname="rateEnquiryE2ETests.TollNQXTollExpressTests"/>
  <testcase name="RateEnquiry_TollTasmanias_E2ETest_TID_1052_Service_DGFreight" time="66.063" classname="rateEnquiryE2ETests.TollTasmaniaTests"/>
  <testcase name="RateEnquiry_TollTasmanias_E2ETest_TID_1052_Service_Express" time="68.608" classname="rateEnquiryE2ETests.TollTasmaniaTests"/>
  <testcase name="RateEnquiry_TollTasmanias_E2ETest_TID_1052_Service_General" time="61.456" classname="rateEnquiryE2ETests.TollTasmaniaTests"/>
  <testcase name="RateEnquiry_TollTasmanias_E2ETest_TID_1052_Service_Refrigeration" time="43.841" classname="rateEnquiryE2ETests.TollTasmaniaTests"/>
  <testcase name="RateEnquiry_TollPriorityNZ_E2ETest_TID_1052_Service_ParcelsSameDay" time="55.099" classname="rateEnquiryE2ETests.TollPriorityNZTests"/>
  <testcase name="RateEnquiry_TollIntermodal_E2ETest_TID_1052_Service_Refrigeration" time="44.103" classname="rateEnquiryE2ETests.TollIntermodalTests"/>
</testsuite> <!-- RateEnquiry -->
