<?xml version="1.0" encoding="UTF-8"?>
<!-- Generated by org.testng.reporters.JUnitReportReporter -->
<testsuite skipped="0" hostname="DESKTOP-GTKVGKN" name="manifestE2ETests.ManualManifestTollIntermodalTests" tests="1" failures="0" timestamp="15 Nov 2017 03:14:30 GMT" time="104.904" errors="0">
  <testcase name="Manifest_TollIntermodal_E2ETest_TID_1127_Service_Express_AddManifestManual" time="104.904" classname="manifestE2ETests.ManualManifestTollIntermodalTests"/>
</testsuite> <!-- manifestE2ETests.ManualManifestTollIntermodalTests -->
