<?xml version="1.0" encoding="UTF-8"?>
<!-- Generated by org.testng.reporters.JUnitReportReporter -->
<testsuite skipped="0" hostname="DESKTOP-GTKVGKN" name="bookAPickupE2ETests.Toll_IntermodalTest_AddAddress" tests="1" failures="0" timestamp="05 Oct 2017 23:27:54 GMT" time="48.229" errors="0">
  <testcase name="BookAPickup_TollIntermodal_E2ETest_TID_618_Service_Refrigeration" time="48.229" classname="bookAPickupE2ETests.Toll_IntermodalTest_AddAddress"/>
</testsuite> <!-- bookAPickupE2ETests.Toll_IntermodalTest_AddAddress -->
