<?xml version="1.0" encoding="UTF-8"?>
<!-- Generated by org.testng.reporters.JUnitReportReporter -->
<testsuite skipped="9" hostname="PC12159" name="bookAPickupE2ETests.Toll_IntermodalTest" tests="10" failures="0" timestamp="14 Dec 2017 02:59:49 GMT" time="45.135" errors="1">
  <testcase name="BookAPickup_TollIntermodal_E2ETest_TID_618_Service_DGFreight" time="0.000" classname="bookAPickupE2ETests.Toll_IntermodalTest">
    <skipped/>
  </testcase> <!-- BookAPickup_TollIntermodal_E2ETest_TID_618_Service_DGFreight -->
  <testcase name="BookAPickup_TollIntermodal_E2ETest_TID_618_Service_General_ConfirmedDetails" time="0.000" classname="bookAPickupE2ETests.Toll_IntermodalTest">
    <skipped/>
  </testcase> <!-- BookAPickup_TollIntermodal_E2ETest_TID_618_Service_General_ConfirmedDetails -->
  <testcase name="BookAPickup_TollIntermodal_E2ETest_TID_618_Service_Express" time="0.000" classname="bookAPickupE2ETests.Toll_IntermodalTest">
    <skipped/>
  </testcase> <!-- BookAPickup_TollIntermodal_E2ETest_TID_618_Service_Express -->
  <testcase name="BookAPickup_TollIntermodal_E2ETest_TID_618_Service_General" time="0.000" classname="bookAPickupE2ETests.Toll_IntermodalTest">
    <skipped/>
  </testcase> <!-- BookAPickup_TollIntermodal_E2ETest_TID_618_Service_General -->
  <testcase name="BookAPickup_TollIntermodal_E2ETest_TID_618_Service_Refrigeration" time="0.000" classname="bookAPickupE2ETests.Toll_IntermodalTest">
    <skipped/>
  </testcase> <!-- BookAPickup_TollIntermodal_E2ETest_TID_618_Service_Refrigeration -->
  <testcase name="RunSetup" time="45.135" classname="bookAPickupE2ETests.Toll_IntermodalTest">
    <error type="org.openqa.selenium.ElementNotVisibleException" message="element not visible
  (Session info: chrome=62.0.3202.94)
  (Driver info: chromedriver=2.33.506120 (e3e53437346286c0bc2d2dc9aa4915ba81d9023f),platform=Windows NT 10.0.15063 x86_64) (WARNING: The server did not provide any stacktrace information)
Command duration or timeout: 23 milliseconds
Build info: version: &#039;unknown&#039;, revision: &#039;unknown&#039;, time: &#039;unknown&#039;
System info: host: &#039;PC12159&#039;, ip: &#039;10.22.138.56&#039;, os.name: &#039;Windows 10&#039;, os.arch: &#039;amd64&#039;, os.version: &#039;10.0&#039;, java.version: &#039;1.8.0_144&#039;
Driver info: org.openqa.selenium.chrome.ChromeDriver
Capabilities [{applicationCacheEnabled=false, rotatable=false, mobileEmulationEnabled=false, networkConnectionEnabled=false, chrome={chromedriverVersion=2.33.506120 (e3e53437346286c0bc2d2dc9aa4915ba81d9023f), userDataDir=C:\Users\2712\AppData\Local\Temp\scoped_dir20408_30029}, takesHeapSnapshot=true, pageLoadStrategy=normal, databaseEnabled=false, handlesAlerts=true, hasTouchScreen=false, version=62.0.3202.94, platform=XP, browserConnectionEnabled=false, nativeEvents=true, acceptSslCerts=true, locationContextEnabled=true, webStorageEnabled=true, browserName=chrome, takesScreenshot=true, javascriptEnabled=true, cssSelectorsEnabled=true, setWindowRect=true, unexpectedAlertBehaviour=}]
Session ID: ac0cc11674a24abf6b8c014753b47f1d">
      <![CDATA[org.openqa.selenium.ElementNotVisibleException: element not visible
  (Session info: chrome=62.0.3202.94)
  (Driver info: chromedriver=2.33.506120 (e3e53437346286c0bc2d2dc9aa4915ba81d9023f),platform=Windows NT 10.0.15063 x86_64) (WARNING: The server did not provide any stacktrace information)
Command duration or timeout: 23 milliseconds
Build info: version: 'unknown', revision: 'unknown', time: 'unknown'
System info: host: 'PC12159', ip: '10.22.138.56', os.name: 'Windows 10', os.arch: 'amd64', os.version: '10.0', java.version: '1.8.0_144'
Driver info: org.openqa.selenium.chrome.ChromeDriver
Capabilities [{applicationCacheEnabled=false, rotatable=false, mobileEmulationEnabled=false, networkConnectionEnabled=false, chrome={chromedriverVersion=2.33.506120 (e3e53437346286c0bc2d2dc9aa4915ba81d9023f), userDataDir=C:\Users\2712\AppData\Local\Temp\scoped_dir20408_30029}, takesHeapSnapshot=true, pageLoadStrategy=normal, databaseEnabled=false, handlesAlerts=true, hasTouchScreen=false, version=62.0.3202.94, platform=XP, browserConnectionEnabled=false, nativeEvents=true, acceptSslCerts=true, locationContextEnabled=true, webStorageEnabled=true, browserName=chrome, takesScreenshot=true, javascriptEnabled=true, cssSelectorsEnabled=true, setWindowRect=true, unexpectedAlertBehaviour=}]
Session ID: ac0cc11674a24abf6b8c014753b47f1d
	at sun.reflect.NativeConstructorAccessorImpl.newInstance0(Native Method)
	at sun.reflect.NativeConstructorAccessorImpl.newInstance(Unknown Source)
	at sun.reflect.DelegatingConstructorAccessorImpl.newInstance(Unknown Source)
	at java.lang.reflect.Constructor.newInstance(Unknown Source)
	at org.openqa.selenium.remote.ErrorHandler.createThrowable(ErrorHandler.java:215)
	at org.openqa.selenium.remote.ErrorHandler.throwIfResponseFailed(ErrorHandler.java:167)
	at org.openqa.selenium.remote.RemoteWebDriver.execute(RemoteWebDriver.java:671)
	at org.openqa.selenium.remote.RemoteWebElement.execute(RemoteWebElement.java:272)
	at org.openqa.selenium.remote.RemoteWebElement.click(RemoteWebElement.java:82)
	at myTollHomePageActions.MyTollHomePageActions.ClickBookAPIckupMenu(MyTollHomePageActions.java:166)
	at bookAPickupE2ETests.Toll_IntermodalTest.RunSetup(Toll_IntermodalTest.java:27)
	at sun.reflect.NativeMethodAccessorImpl.invoke0(Native Method)
	at sun.reflect.NativeMethodAccessorImpl.invoke(Unknown Source)
	at sun.reflect.DelegatingMethodAccessorImpl.invoke(Unknown Source)
	at java.lang.reflect.Method.invoke(Unknown Source)
	at org.testng.internal.MethodInvocationHelper.invokeMethod(MethodInvocationHelper.java:108)
	at org.testng.internal.Invoker.invokeConfigurationMethod(Invoker.java:523)
	at org.testng.internal.Invoker.invokeConfigurations(Invoker.java:224)
	at org.testng.internal.Invoker.invokeMethod(Invoker.java:599)
	at org.testng.internal.Invoker.invokeTestMethod(Invoker.java:877)
	at org.testng.internal.Invoker.invokeTestMethods(Invoker.java:1201)
	at org.testng.internal.TestMethodWorker.invokeTestMethods(TestMethodWorker.java:125)
	at org.testng.internal.TestMethodWorker.run(TestMethodWorker.java:109)
	at org.testng.TestRunner.privateRun(TestRunner.java:776)
	at org.testng.TestRunner.run(TestRunner.java:634)
	at org.testng.SuiteRunner.runTest(SuiteRunner.java:425)
	at org.testng.SuiteRunner.access$000(SuiteRunner.java:40)
	at org.testng.SuiteRunner$SuiteWorker.run(SuiteRunner.java:459)
	at org.testng.internal.thread.ThreadUtil$1.call(ThreadUtil.java:52)
	at java.util.concurrent.FutureTask.run(Unknown Source)
	at java.util.concurrent.ThreadPoolExecutor.runWorker(Unknown Source)
	at java.util.concurrent.ThreadPoolExecutor$Worker.run(Unknown Source)
	at java.lang.Thread.run(Unknown Source)
]]>
    </error>
  </testcase> <!-- RunSetup -->
  <testcase name="BookAPickup_TollIntermodal_E2ETest_TID_618_Service_General_AddLineItemMaximum99" time="0.000" classname="bookAPickupE2ETests.Toll_IntermodalTest">
    <skipped/>
  </testcase> <!-- BookAPickup_TollIntermodal_E2ETest_TID_618_Service_General_AddLineItemMaximum99 -->
  <testcase name="BookAPickup_TollIntermodal_E2ETest_TID_618_Service_Refrigeration_ConfirmedDetails" time="0.000" classname="bookAPickupE2ETests.Toll_IntermodalTest">
    <skipped/>
  </testcase> <!-- BookAPickup_TollIntermodal_E2ETest_TID_618_Service_Refrigeration_ConfirmedDetails -->
  <testcase name="BookAPickup_TollIntermodal_E2ETest_TID_618_Service_Express_ConfirmedDetails" time="0.000" classname="bookAPickupE2ETests.Toll_IntermodalTest">
    <skipped/>
  </testcase> <!-- BookAPickup_TollIntermodal_E2ETest_TID_618_Service_Express_ConfirmedDetails -->
  <testcase name="BookAPickup_TollIntermodal_E2ETest_TID_618_Service_DGFreight_ConfirmedDetails" time="0.000" classname="bookAPickupE2ETests.Toll_IntermodalTest">
    <skipped/>
  </testcase> <!-- BookAPickup_TollIntermodal_E2ETest_TID_618_Service_DGFreight_ConfirmedDetails -->
</testsuite> <!-- bookAPickupE2ETests.Toll_IntermodalTest -->
