<?xml version="1.0" encoding="UTF-8"?>
<!-- Generated by org.testng.reporters.JUnitReportReporter -->
<testsuite skipped="0" hostname="DESKTOP-GTKVGKN" name="bookAPickupE2ETests.Toll_IntermodalTest_Template" tests="1" failures="0" timestamp="06 Oct 2017 03:57:24 GMT" time="87.708" errors="0">
  <testcase name="BookAPickup_TollIntermodal_E2ETest_TID_618_Service_Refrigeration" time="87.708" classname="bookAPickupE2ETests.Toll_IntermodalTest_Template"/>
</testsuite> <!-- bookAPickupE2ETests.Toll_IntermodalTest_Template -->
