<?xml version="1.0" encoding="UTF-8"?>
<!-- Generated by org.testng.reporters.JUnitReportReporter -->
<testsuite skipped="0" hostname="DESKTOP-GTKVGKN" name="manifestE2ETests.ManualManifestTollPriorityAUSTests" tests="1" failures="0" timestamp="15 Nov 2017 03:23:13 GMT" time="110.667" errors="0">
  <testcase name="Manifest_TollPriorityAU_E2ETest_TID_1127_Service_ServiceParcelsOffPeak_AddManifestManual" time="110.667" classname="manifestE2ETests.ManualManifestTollPriorityAUSTests"/>
</testsuite> <!-- manifestE2ETests.ManualManifestTollPriorityAUSTests -->
