<?xml version="1.0" encoding="UTF-8"?>
<!-- Generated by org.testng.reporters.JUnitReportReporter -->
<testsuite skipped="0" hostname="PC12159" name="bookAPickupE2ETests.TollTasmaniaTest" tests="8" failures="1" timestamp="11 Apr 2018 03:48:48 GMT" time="829.274" errors="0">
  <testcase name="TollTasmania_E2ETest_TID_1033_Service_DGFreight_ConfirmDetails" time="161.496" classname="bookAPickupE2ETests.TollTasmaniaTest">
    <failure type="org.junit.ComparisonFailure" message="expected:&lt;Access[]&gt; but was:&lt;Access[H]&gt;">
      <![CDATA[org.junit.ComparisonFailure: expected:<Access[]> but was:<Access[H]>
	at org.junit.Assert.assertEquals(Assert.java:115)
	at org.junit.Assert.assertEquals(Assert.java:144)
	at reviewYourPickupActions.ReviewYourPickupActions.VerifyPickupDetails(ReviewYourPickupActions.java:159)
	at bookAPickupE2ETests.TollTasmaniaTest.TollTasmania_E2ETest_TID_1033_Service_DGFreight_ConfirmDetails(TollTasmaniaTest.java:305)
	at sun.reflect.NativeMethodAccessorImpl.invoke0(Native Method)
	at sun.reflect.NativeMethodAccessorImpl.invoke(Unknown Source)
	at sun.reflect.DelegatingMethodAccessorImpl.invoke(Unknown Source)
	at java.lang.reflect.Method.invoke(Unknown Source)
	at org.testng.internal.MethodInvocationHelper.invokeMethod(MethodInvocationHelper.java:108)
	at org.testng.internal.Invoker.invokeMethod(Invoker.java:669)
	at org.testng.internal.Invoker.invokeTestMethod(Invoker.java:877)
	at org.testng.internal.Invoker.invokeTestMethods(Invoker.java:1201)
	at org.testng.internal.TestMethodWorker.invokeTestMethods(TestMethodWorker.java:125)
	at org.testng.internal.TestMethodWorker.run(TestMethodWorker.java:109)
	at org.testng.TestRunner.privateRun(TestRunner.java:776)
	at org.testng.TestRunner.run(TestRunner.java:634)
	at org.testng.SuiteRunner.runTest(SuiteRunner.java:425)
	at org.testng.SuiteRunner.runSequentially(SuiteRunner.java:420)
	at org.testng.SuiteRunner.privateRun(SuiteRunner.java:385)
	at org.testng.SuiteRunner.run(SuiteRunner.java:334)
	at org.testng.SuiteRunnerWorker.runSuite(SuiteRunnerWorker.java:52)
	at org.testng.SuiteRunnerWorker.run(SuiteRunnerWorker.java:86)
	at org.testng.TestNG.runSuitesSequentially(TestNG.java:1318)
	at org.testng.TestNG.runSuitesLocally(TestNG.java:1243)
	at org.testng.TestNG.runSuites(TestNG.java:1161)
	at org.testng.TestNG.run(TestNG.java:1129)
	at org.testng.remote.AbstractRemoteTestNG.run(AbstractRemoteTestNG.java:114)
	at org.testng.remote.RemoteTestNG.initAndRun(RemoteTestNG.java:251)
	at org.testng.remote.RemoteTestNG.main(RemoteTestNG.java:77)
]]>
    </failure>
  </testcase> <!-- TollTasmania_E2ETest_TID_1033_Service_DGFreight_ConfirmDetails -->
  <testcase name="TollTasmania_E2ETest_TID_1033_Service_Express_ConfirmDetails" time="105.996" classname="bookAPickupE2ETests.TollTasmaniaTest"/>
  <testcase name="TollTasmania_E2ETest_TID_1033_Service_Refrigeration_ConfirmDetails" time="76.534" classname="bookAPickupE2ETests.TollTasmaniaTest"/>
  <testcase name="TollTasmania_E2ETest_TID_1033_Service_Express" time="74.193" classname="bookAPickupE2ETests.TollTasmaniaTest"/>
  <testcase name="TollTasmania_E2ETest_TID_1033_Service_Refrigeration" time="85.288" classname="bookAPickupE2ETests.TollTasmaniaTest"/>
  <testcase name="TollTasmania_E2ETest_TID_1033_Service_DGFreight" time="106.825" classname="bookAPickupE2ETests.TollTasmaniaTest"/>
  <testcase name="BookAPickup_TollTasmania_E2ETest_TID_1033_Service_General" time="94.258" classname="bookAPickupE2ETests.TollTasmaniaTest"/>
  <testcase name="BookAPickup_TollTasmania_E2ETest_TID_1033_Service_General_ConfirmDetails" time="124.684" classname="bookAPickupE2ETests.TollTasmaniaTest"/>
</testsuite> <!-- bookAPickupE2ETests.TollTasmaniaTest -->
