<?xml version="1.0" encoding="UTF-8"?>
<!-- Generated by org.testng.reporters.JUnitReportReporter -->
<testsuite skipped="0" hostname="DESKTOP-GTKVGKN" name="rateEnquiryE2ETests.TollNQXTollExpressTests" tests="6" failures="0" timestamp="17 Oct 2017 23:26:23 GMT" time="550.631" errors="0">
  <testcase name="RateEnquiry_TollNQXTollExpress_E2ETest_TID_1052_Service_DGExpress" time="91.294" classname="rateEnquiryE2ETests.TollNQXTollExpressTests"/>
  <testcase name="RateEnquiry_TollNQXTollExpress_E2ETest_TID_1052_Service_General" time="95.298" classname="rateEnquiryE2ETests.TollNQXTollExpressTests"/>
  <testcase name="RateEnquiry_TollNQXTollExpress_E2ETest_TID_1052_Service_Express" time="94.100" classname="rateEnquiryE2ETests.TollNQXTollExpressTests"/>
  <testcase name="RateEnquiry_TollNQXTollExpress_E2ETest_TID_1052_Service_DangerousGoods" time="94.671" classname="rateEnquiryE2ETests.TollNQXTollExpressTests"/>
  <testcase name="RateEnquiry_TollNQXTollExpress_E2ETest_TID_1052_Service_Refrigeration" time="67.650" classname="rateEnquiryE2ETests.TollNQXTollExpressTests"/>
  <testcase name="RateEnquiry_TollNQXTollExpress_E2ETest_TID_1052_Service_Premium" time="107.618" classname="rateEnquiryE2ETests.TollNQXTollExpressTests"/>
</testsuite> <!-- rateEnquiryE2ETests.TollNQXTollExpressTests -->
