<?xml version="1.0" encoding="UTF-8"?>
<!-- Generated by org.testng.reporters.JUnitReportReporter -->
<testsuite skipped="0" hostname="DESKTOP-GTKVGKN" name="rateEnquiryE2ETests.TollIntermodalTests" tests="4" failures="0" timestamp="12 Oct 2017 23:32:05 GMT" time="343.926" errors="0">
  <testcase name="RateEnquiry_TollIntermodal_E2ETest_TID_1052_Service_DGFreight" time="105.340" classname="rateEnquiryE2ETests.TollIntermodalTests"/>
  <testcase name="RateEnquiry_TollIntermodal_E2ETest_TID_1052_Service_Express" time="91.967" classname="rateEnquiryE2ETests.TollIntermodalTests"/>
  <testcase name="RateEnquiry_TollIntermodal_E2ETest_TID_1052_Service_General" time="85.068" classname="rateEnquiryE2ETests.TollIntermodalTests"/>
  <testcase name="RateEnquiry_TollIntermodal_E2ETest_TID_1052_Service_Refrigeration" time="61.551" classname="rateEnquiryE2ETests.TollIntermodalTests"/>
</testsuite> <!-- rateEnquiryE2ETests.TollIntermodalTests -->
