<?xml version="1.0" encoding="UTF-8"?>
<!-- Generated by org.testng.reporters.JUnitReportReporter -->
<testsuite skipped="0" hostname="DESKTOP-GTKVGKN" name="rateEnquiryE2ETests.TollPriorityAUSTests" tests="3" failures="1" timestamp="17 Nov 2017 03:46:47 GMT" time="246.744" errors="0">
  <testcase name="RateEnquiry_TollPriorityAUS_E2ETest_TID_1052_Service_GlobalExpressDocuments" time="86.363" classname="rateEnquiryE2ETests.TollPriorityAUSTests"/>
  <testcase name="RateEnquiry_TollPriorityAUS_E2ETest_TID_1052_Service_ParcelOffPeak" time="65.850" classname="rateEnquiryE2ETests.TollPriorityAUSTests"/>
  <testcase name="RateEnquiry_TollPriorityAUS_E2ETest_TID_1052_Service_AuswideSatchel" time="94.531" classname="rateEnquiryE2ETests.TollPriorityAUSTests">
    <failure type="java.lang.AssertionError" message="FAILED - Create Shipment Page is Not loaded completely after &#039;15&#039; Seconds">
      <![CDATA[java.lang.AssertionError: FAILED - Create Shipment Page is Not loaded completely after '15' Seconds
	at org.junit.Assert.fail(Assert.java:88)
	at GlobalActions.PageBase.waitForPageLoadingEnd(PageBase.java:268)
	at rateEnquiryE2ETests.TollPriorityAUSTests.RateEnquiry_TollPriorityAUS_E2ETest_TID_1052_Service_AuswideSatchel(TollPriorityAUSTests.java:50)
	at sun.reflect.NativeMethodAccessorImpl.invoke0(Native Method)
	at sun.reflect.NativeMethodAccessorImpl.invoke(Unknown Source)
	at sun.reflect.DelegatingMethodAccessorImpl.invoke(Unknown Source)
	at java.lang.reflect.Method.invoke(Unknown Source)
	at org.testng.internal.MethodInvocationHelper.invokeMethod(MethodInvocationHelper.java:108)
	at org.testng.internal.Invoker.invokeMethod(Invoker.java:669)
	at org.testng.internal.Invoker.invokeTestMethod(Invoker.java:877)
	at org.testng.internal.Invoker.invokeTestMethods(Invoker.java:1201)
	at org.testng.internal.TestMethodWorker.invokeTestMethods(TestMethodWorker.java:125)
	at org.testng.internal.TestMethodWorker.run(TestMethodWorker.java:109)
	at org.testng.TestRunner.privateRun(TestRunner.java:776)
	at org.testng.TestRunner.run(TestRunner.java:634)
	at org.testng.SuiteRunner.runTest(SuiteRunner.java:425)
	at org.testng.SuiteRunner.runSequentially(SuiteRunner.java:420)
	at org.testng.SuiteRunner.privateRun(SuiteRunner.java:385)
	at org.testng.SuiteRunner.run(SuiteRunner.java:334)
	at org.testng.SuiteRunnerWorker.runSuite(SuiteRunnerWorker.java:52)
	at org.testng.SuiteRunnerWorker.run(SuiteRunnerWorker.java:86)
	at org.testng.TestNG.runSuitesSequentially(TestNG.java:1318)
	at org.testng.TestNG.runSuitesLocally(TestNG.java:1243)
	at org.testng.TestNG.runSuites(TestNG.java:1161)
	at org.testng.TestNG.run(TestNG.java:1129)
	at org.testng.remote.AbstractRemoteTestNG.run(AbstractRemoteTestNG.java:114)
	at org.testng.remote.RemoteTestNG.initAndRun(RemoteTestNG.java:251)
	at org.testng.remote.RemoteTestNG.main(RemoteTestNG.java:77)
]]>
    </failure>
  </testcase> <!-- RateEnquiry_TollPriorityAUS_E2ETest_TID_1052_Service_AuswideSatchel -->
</testsuite> <!-- rateEnquiryE2ETests.TollPriorityAUSTests -->
