<?xml version="1.0" encoding="UTF-8"?>
<!-- Generated by org.testng.reporters.JUnitReportReporter -->
<testsuite skipped="0" hostname="DESKTOP-GTKVGKN" name="rateEnquiryE2ETests.TollIntermodalTests" tests="4" failures="0" timestamp="13 Nov 2017 03:29:06 GMT" time="413.704" errors="0">
  <testcase name="RateEnquiry_TollIntermodal_E2ETest_TID_1052_Service_Express" time="69.022" classname="rateEnquiryE2ETests.TollIntermodalTests"/>
  <testcase name="RateEnquiry_TollIntermodal_E2ETest_TID_1052_Service_General" time="121.356" classname="rateEnquiryE2ETests.TollIntermodalTests"/>
  <testcase name="RateEnquiry_TollIntermodal_E2ETest_TID_1052_Service_DGFreight" time="95.644" classname="rateEnquiryE2ETests.TollIntermodalTests"/>
  <testcase name="RateEnquiry_TollIntermodal_E2ETest_TID_1052_Service_Refrigeration" time="127.682" classname="rateEnquiryE2ETests.TollIntermodalTests"/>
</testsuite> <!-- rateEnquiryE2ETests.TollIntermodalTests -->
