<?xml version="1.0" encoding="UTF-8"?>
<!-- Generated by org.testng.reporters.JUnitReportReporter -->
<testsuite skipped="0" hostname="DESKTOP-GTKVGKN" name="rateEnquiryE2ETests.TollPriorityNZTests" tests="1" failures="0" timestamp="13 Nov 2017 03:29:07 GMT" time="78.733" errors="0">
  <testcase name="RateEnquiry_TollPriorityNZ_E2ETest_TID_1052_Service_ParcelsSameDay" time="78.733" classname="rateEnquiryE2ETests.TollPriorityNZTests"/>
</testsuite> <!-- rateEnquiryE2ETests.TollPriorityNZTests -->
