<?xml version="1.0" encoding="UTF-8"?>
<!-- Generated by org.testng.reporters.JUnitReportReporter -->
<testsuite skipped="0" hostname="DESKTOP-GTKVGKN" name="rateEnquiryE2ETests.TollTasmaniaTests" tests="4" failures="0" timestamp="13 Nov 2017 03:29:06 GMT" time="375.360" errors="0">
  <testcase name="RateEnquiry_TollTasmanias_E2ETest_TID_1052_Service_Refrigeration" time="65.654" classname="rateEnquiryE2ETests.TollTasmaniaTests"/>
  <testcase name="RateEnquiry_TollTasmanias_E2ETest_TID_1052_Service_DGFreight" time="98.845" classname="rateEnquiryE2ETests.TollTasmaniaTests"/>
  <testcase name="RateEnquiry_TollTasmanias_E2ETest_TID_1052_Service_General" time="118.570" classname="rateEnquiryE2ETests.TollTasmaniaTests"/>
  <testcase name="RateEnquiry_TollTasmanias_E2ETest_TID_1052_Service_Express" time="92.291" classname="rateEnquiryE2ETests.TollTasmaniaTests"/>
</testsuite> <!-- rateEnquiryE2ETests.TollTasmaniaTests -->
