<?xml version="1.0" encoding="UTF-8"?>
<!-- Generated by org.testng.reporters.JUnitReportReporter -->
<testsuite skipped="0" hostname="PC12159" name="bookAPickupE2ETests.TollIPECTest" tests="2" failures="0" timestamp="25 Sep 2017 03:43:28 GMT" time="128.421" errors="0">
  <testcase name="BookAPickup_TollIPEC_E2ETest_TID_1032_Service_RoadExpress_ConfirmedDetails" time="60.415" classname="bookAPickupE2ETests.TollIPECTest"/>
  <testcase name="BookAPickup_TollIPEC_E2ETest_TID_1032_Service_RoadExpress" time="68.006" classname="bookAPickupE2ETests.TollIPECTest"/>
</testsuite> <!-- bookAPickupE2ETests.TollIPECTest -->
