<?xml version="1.0" encoding="UTF-8"?>
<!-- Generated by org.testng.reporters.JUnitReportReporter -->
<testsuite skipped="0" hostname="DESKTOP-GTKVGKN" name="rateEnquiryE2ETests.TollNQXTollExpressTests" tests="6" failures="2" timestamp="20 Nov 2017 00:25:35 GMT" time="817.263" errors="0">
  <testcase name="RateEnquiry_TollNQXTollExpress_E2ETest_TID_1052_Service_DangerousGoods" time="124.822" classname="rateEnquiryE2ETests.TollNQXTollExpressTests">
    <failure type="java.lang.AssertionError" message="FAILED - Create Shipment Page is Not loaded completely after &#039;15&#039; Seconds">
      <![CDATA[java.lang.AssertionError: FAILED - Create Shipment Page is Not loaded completely after '15' Seconds
	at org.junit.Assert.fail(Assert.java:88)
	at GlobalActions.PageBase.waitForPageLoadingEnd(PageBase.java:270)
	at rateEnquiryE2ETests.TollNQXTollExpressTests.RateEnquiry_TollNQXTollExpress_E2ETest_TID_1052_Service_DangerousGoods(TollNQXTollExpressTests.java:222)
	at sun.reflect.NativeMethodAccessorImpl.invoke0(Native Method)
	at sun.reflect.NativeMethodAccessorImpl.invoke(Unknown Source)
	at sun.reflect.DelegatingMethodAccessorImpl.invoke(Unknown Source)
	at java.lang.reflect.Method.invoke(Unknown Source)
	at org.testng.internal.MethodInvocationHelper.invokeMethod(MethodInvocationHelper.java:108)
	at org.testng.internal.Invoker.invokeMethod(Invoker.java:669)
	at org.testng.internal.Invoker.invokeTestMethod(Invoker.java:877)
	at org.testng.internal.Invoker.invokeTestMethods(Invoker.java:1201)
	at org.testng.internal.TestMethodWorker.invokeTestMethods(TestMethodWorker.java:125)
	at org.testng.internal.TestMethodWorker.run(TestMethodWorker.java:109)
	at org.testng.TestRunner.privateRun(TestRunner.java:776)
	at org.testng.TestRunner.run(TestRunner.java:634)
	at org.testng.SuiteRunner.runTest(SuiteRunner.java:425)
	at org.testng.SuiteRunner.runSequentially(SuiteRunner.java:420)
	at org.testng.SuiteRunner.privateRun(SuiteRunner.java:385)
	at org.testng.SuiteRunner.run(SuiteRunner.java:334)
	at org.testng.SuiteRunnerWorker.runSuite(SuiteRunnerWorker.java:52)
	at org.testng.SuiteRunnerWorker.run(SuiteRunnerWorker.java:86)
	at org.testng.TestNG.runSuitesSequentially(TestNG.java:1318)
	at org.testng.TestNG.runSuitesLocally(TestNG.java:1243)
	at org.testng.TestNG.runSuites(TestNG.java:1161)
	at org.testng.TestNG.run(TestNG.java:1129)
	at org.testng.remote.AbstractRemoteTestNG.run(AbstractRemoteTestNG.java:114)
	at org.testng.remote.RemoteTestNG.initAndRun(RemoteTestNG.java:251)
	at org.testng.remote.RemoteTestNG.main(RemoteTestNG.java:77)
]]>
    </failure>
  </testcase> <!-- RateEnquiry_TollNQXTollExpress_E2ETest_TID_1052_Service_DangerousGoods -->
  <testcase name="RateEnquiry_TollNQXTollExpress_E2ETest_TID_1052_Service_Premium" time="221.090" classname="rateEnquiryE2ETests.TollNQXTollExpressTests"/>
  <testcase name="RateEnquiry_TollNQXTollExpress_E2ETest_TID_1052_Service_Refrigeration" time="100.110" classname="rateEnquiryE2ETests.TollNQXTollExpressTests"/>
  <testcase name="RateEnquiry_TollNQXTollExpress_E2ETest_TID_1052_Service_General" time="104.284" classname="rateEnquiryE2ETests.TollNQXTollExpressTests"/>
  <testcase name="RateEnquiry_TollNQXTollExpress_E2ETest_TID_1052_Service_DGExpress" time="129.991" classname="rateEnquiryE2ETests.TollNQXTollExpressTests">
    <failure type="java.lang.AssertionError" message="FAILED - Create Shipment Page is Not loaded completely after &#039;15&#039; Seconds">
      <![CDATA[java.lang.AssertionError: FAILED - Create Shipment Page is Not loaded completely after '15' Seconds
	at org.junit.Assert.fail(Assert.java:88)
	at GlobalActions.PageBase.waitForPageLoadingEnd(PageBase.java:270)
	at rateEnquiryE2ETests.TollNQXTollExpressTests.RateEnquiry_TollNQXTollExpress_E2ETest_TID_1052_Service_DGExpress(TollNQXTollExpressTests.java:260)
	at sun.reflect.NativeMethodAccessorImpl.invoke0(Native Method)
	at sun.reflect.NativeMethodAccessorImpl.invoke(Unknown Source)
	at sun.reflect.DelegatingMethodAccessorImpl.invoke(Unknown Source)
	at java.lang.reflect.Method.invoke(Unknown Source)
	at org.testng.internal.MethodInvocationHelper.invokeMethod(MethodInvocationHelper.java:108)
	at org.testng.internal.Invoker.invokeMethod(Invoker.java:669)
	at org.testng.internal.Invoker.invokeTestMethod(Invoker.java:877)
	at org.testng.internal.Invoker.invokeTestMethods(Invoker.java:1201)
	at org.testng.internal.TestMethodWorker.invokeTestMethods(TestMethodWorker.java:125)
	at org.testng.internal.TestMethodWorker.run(TestMethodWorker.java:109)
	at org.testng.TestRunner.privateRun(TestRunner.java:776)
	at org.testng.TestRunner.run(TestRunner.java:634)
	at org.testng.SuiteRunner.runTest(SuiteRunner.java:425)
	at org.testng.SuiteRunner.runSequentially(SuiteRunner.java:420)
	at org.testng.SuiteRunner.privateRun(SuiteRunner.java:385)
	at org.testng.SuiteRunner.run(SuiteRunner.java:334)
	at org.testng.SuiteRunnerWorker.runSuite(SuiteRunnerWorker.java:52)
	at org.testng.SuiteRunnerWorker.run(SuiteRunnerWorker.java:86)
	at org.testng.TestNG.runSuitesSequentially(TestNG.java:1318)
	at org.testng.TestNG.runSuitesLocally(TestNG.java:1243)
	at org.testng.TestNG.runSuites(TestNG.java:1161)
	at org.testng.TestNG.run(TestNG.java:1129)
	at org.testng.remote.AbstractRemoteTestNG.run(AbstractRemoteTestNG.java:114)
	at org.testng.remote.RemoteTestNG.initAndRun(RemoteTestNG.java:251)
	at org.testng.remote.RemoteTestNG.main(RemoteTestNG.java:77)
]]>
    </failure>
  </testcase> <!-- RateEnquiry_TollNQXTollExpress_E2ETest_TID_1052_Service_DGExpress -->
  <testcase name="RateEnquiry_TollNQXTollExpress_E2ETest_TID_1052_Service_Express" time="136.966" classname="rateEnquiryE2ETests.TollNQXTollExpressTests"/>
</testsuite> <!-- rateEnquiryE2ETests.TollNQXTollExpressTests -->
