<?xml version="1.0" encoding="UTF-8"?>
<!-- Generated by org.testng.reporters.JUnitReportReporter -->
<testsuite skipped="0" hostname="DESKTOP-GTKVGKN" name="rateEnquiryE2ETests.TollPriorityAUSTests" tests="3" failures="0" timestamp="13 Nov 2017 03:29:06 GMT" time="198.604" errors="0">
  <testcase name="RateEnquiry_TollPriorityAUS_E2ETest_TID_1052_Service_AuswideSatchel" time="73.452" classname="rateEnquiryE2ETests.TollPriorityAUSTests"/>
  <testcase name="RateEnquiry_TollPriorityAUS_E2ETest_TID_1052_Service_GlobalExpressDocuments" time="75.201" classname="rateEnquiryE2ETests.TollPriorityAUSTests"/>
  <testcase name="RateEnquiry_TollPriorityAUS_E2ETest_TID_1052_Service_ParcelOffPeak" time="49.951" classname="rateEnquiryE2ETests.TollPriorityAUSTests"/>
</testsuite> <!-- rateEnquiryE2ETests.TollPriorityAUSTests -->
