<?xml version="1.0" encoding="UTF-8"?>
<!-- Generated by org.testng.reporters.JUnitReportReporter -->
<testsuite skipped="0" hostname="PC12159" name="bookAPickupE2ETests.TollPriorityNZTest" tests="3" failures="0" timestamp="22 Sep 2017 04:22:47 GMT" time="196.204" errors="0">
  <testcase name="BookAPickup_TollPriority_NZ_E2ETest_TID_619_VerifyDetails" time="79.352" classname="bookAPickupE2ETests.TollPriorityNZTest"/>
  <testcase name="BookAPickup_TollPriority_NZ_E2ETest_TID_619" time="61.674" classname="bookAPickupE2ETests.TollPriorityNZTest"/>
  <testcase name="BookAPickup_TollPriority_NZ_E2ETest_TID_619_Service_GlobalExpress" time="55.178" classname="bookAPickupE2ETests.TollPriorityNZTest"/>
</testsuite> <!-- bookAPickupE2ETests.TollPriorityNZTest -->
