<?xml version="1.0" encoding="UTF-8"?>
<!-- Generated by org.testng.reporters.JUnitReportReporter -->
<testsuite skipped="0" hostname="DESKTOP-GTKVGKN" name="rateEnquiryE2ETests.TollPriorityAUSTests" tests="3" failures="0" timestamp="16 Nov 2017 01:25:10 GMT" time="291.896" errors="0">
  <testcase name="RateEnquiry_TollPriorityAUS_E2ETest_TID_1052_Service_GlobalExpressDocuments" time="80.032" classname="rateEnquiryE2ETests.TollPriorityAUSTests"/>
  <testcase name="RateEnquiry_TollPriorityAUS_E2ETest_TID_1052_Service_ParcelOffPeak" time="112.599" classname="rateEnquiryE2ETests.TollPriorityAUSTests"/>
  <testcase name="RateEnquiry_TollPriorityAUS_E2ETest_TID_1052_Service_AuswideSatchel" time="99.265" classname="rateEnquiryE2ETests.TollPriorityAUSTests"/>
</testsuite> <!-- rateEnquiryE2ETests.TollPriorityAUSTests -->
