<?xml version="1.0" encoding="UTF-8"?>
<!-- Generated by org.testng.reporters.JUnitReportReporter -->
<testsuite skipped="0" hostname="DESKTOP-GTKVGKN" name="rateEnquiryE2ETests.TollNQXTollExpressTests" tests="6" failures="0" timestamp="12 Oct 2017 23:32:05 GMT" time="554.520" errors="0">
  <testcase name="RateEnquiry_TollNQXTollExpress_E2ETest_TID_1052_Service_Premium" time="83.855" classname="rateEnquiryE2ETests.TollNQXTollExpressTests"/>
  <testcase name="RateEnquiry_TollNQXTollExpress_E2ETest_TID_1052_Service_Express" time="87.223" classname="rateEnquiryE2ETests.TollNQXTollExpressTests"/>
  <testcase name="RateEnquiry_TollNQXTollExpress_E2ETest_TID_1052_Service_DGExpress" time="86.671" classname="rateEnquiryE2ETests.TollNQXTollExpressTests"/>
  <testcase name="RateEnquiry_TollNQXTollExpress_E2ETest_TID_1052_Service_Refrigeration" time="65.349" classname="rateEnquiryE2ETests.TollNQXTollExpressTests"/>
  <testcase name="RateEnquiry_TollNQXTollExpress_E2ETest_TID_1052_Service_DangerousGoods" time="117.436" classname="rateEnquiryE2ETests.TollNQXTollExpressTests"/>
  <testcase name="RateEnquiry_TollNQXTollExpress_E2ETest_TID_1052_Service_General" time="113.986" classname="rateEnquiryE2ETests.TollNQXTollExpressTests"/>
</testsuite> <!-- rateEnquiryE2ETests.TollNQXTollExpressTests -->
