<?xml version="1.0" encoding="UTF-8"?>
<!-- Generated by org.testng.reporters.JUnitReportReporter -->
<testsuite skipped="0" hostname="PC12159" name="createShipmentE2ETests.TollIPECTests" tests="3" failures="0" timestamp="22 Sep 2017 07:48:48 GMT" time="299.720" errors="0">
  <testcase name="CreateShipment_TollIPEC_E2ETest_TID_920_Service_RoadExpress" time="94.126" classname="createShipmentE2ETests.TollIPECTests"/>
  <testcase name="CreateShipment_TollIPEC_E2ETest_TID_920_Service_RoadExpress" time="112.886" classname="createShipmentE2ETests.TollIPECTests"/>
  <testcase name="CreateShipment_TollIPEC_E2ETest_TID_920_Service_RoadExpress" time="92.708" classname="createShipmentE2ETests.TollIPECTests"/>
</testsuite> <!-- createShipmentE2ETests.TollIPECTests -->
