<?xml version="1.0" encoding="UTF-8"?>
<!-- Generated by org.testng.reporters.JUnitReportReporter -->
<testsuite skipped="8" hostname="PC12159" name="createShipmentE2ETests.TollNQXTollExpressTests" tests="10" failures="0" timestamp="27 Sep 2017 05:43:49 GMT" time="31.751" errors="2">
  <testcase name="RunSetup" time="31.751" classname="createShipmentE2ETests.TollNQXTollExpressTests">
    <error type="org.openqa.selenium.WebDriverException" message="Failed to find width field
Build info: version: &#039;unknown&#039;, revision: &#039;unknown&#039;, time: &#039;unknown&#039;
System info: host: &#039;PC12159&#039;, ip: &#039;172.28.181.243&#039;, os.name: &#039;Windows 10&#039;, os.arch: &#039;amd64&#039;, os.version: &#039;10.0&#039;, java.version: &#039;1.8.0_144&#039;
Driver info: org.openqa.selenium.firefox.FirefoxDriver
Capabilities [{moz:profile=C:\Users\2712\AppData\Local\Temp\rust_mozprofile.XxpF4Jd8hmzD, rotatable=false, timeouts={implicit=0.0, pageLoad=300000.0, script=30000.0}, pageLoadStrategy=normal, platform=ANY, specificationLevel=0.0, moz:accessibilityChecks=false, acceptInsecureCerts=false, browserVersion=54.0.1, platformVersion=10.0, moz:processID=56716.0, browserName=firefox, javascriptEnabled=true, platformName=windows_nt}]
Session ID: e3d5a375-d980-4dc6-9f1a-13ce9c6aa7d2">
      <![CDATA[org.openqa.selenium.WebDriverException: Failed to find width field
Build info: version: 'unknown', revision: 'unknown', time: 'unknown'
System info: host: 'PC12159', ip: '172.28.181.243', os.name: 'Windows 10', os.arch: 'amd64', os.version: '10.0', java.version: '1.8.0_144'
Driver info: org.openqa.selenium.firefox.FirefoxDriver
Capabilities [{moz:profile=C:\Users\2712\AppData\Local\Temp\rust_mozprofile.XxpF4Jd8hmzD, rotatable=false, timeouts={implicit=0.0, pageLoad=300000.0, script=30000.0}, pageLoadStrategy=normal, platform=ANY, specificationLevel=0.0, moz:accessibilityChecks=false, acceptInsecureCerts=false, browserVersion=54.0.1, platformVersion=10.0, moz:processID=56716.0, browserName=firefox, javascriptEnabled=true, platformName=windows_nt}]
Session ID: e3d5a375-d980-4dc6-9f1a-13ce9c6aa7d2
	at sun.reflect.NativeConstructorAccessorImpl.newInstance0(Native Method)
	at sun.reflect.NativeConstructorAccessorImpl.newInstance(Unknown Source)
	at sun.reflect.DelegatingConstructorAccessorImpl.newInstance(Unknown Source)
	at java.lang.reflect.Constructor.newInstance(Unknown Source)
	at org.openqa.selenium.remote.http.W3CHttpResponseCodec.createException(W3CHttpResponseCodec.java:150)
	at org.openqa.selenium.remote.http.W3CHttpResponseCodec.decode(W3CHttpResponseCodec.java:115)
	at org.openqa.selenium.remote.http.W3CHttpResponseCodec.decode(W3CHttpResponseCodec.java:45)
	at org.openqa.selenium.remote.HttpCommandExecutor.execute(HttpCommandExecutor.java:164)
	at org.openqa.selenium.remote.service.DriverCommandExecutor.execute(DriverCommandExecutor.java:82)
	at org.openqa.selenium.remote.RemoteWebDriver.execute(RemoteWebDriver.java:637)
	at org.openqa.selenium.remote.RemoteWebDriver.execute(RemoteWebDriver.java:694)
	at org.openqa.selenium.remote.RemoteWebDriver$RemoteWebDriverOptions$RemoteWindow.maximize(RemoteWebDriver.java:925)
	at baseWebdriver.BaseWebdriver.setUp(BaseWebdriver.java:82)
	at createShipmentE2ETests.TollNQXTollExpressTests.RunSetup(TollNQXTollExpressTests.java:19)
	at sun.reflect.NativeMethodAccessorImpl.invoke0(Native Method)
	at sun.reflect.NativeMethodAccessorImpl.invoke(Unknown Source)
	at sun.reflect.DelegatingMethodAccessorImpl.invoke(Unknown Source)
	at java.lang.reflect.Method.invoke(Unknown Source)
	at org.testng.internal.MethodInvocationHelper.invokeMethod(MethodInvocationHelper.java:108)
	at org.testng.internal.Invoker.invokeConfigurationMethod(Invoker.java:523)
	at org.testng.internal.Invoker.invokeConfigurations(Invoker.java:224)
	at org.testng.internal.Invoker.invokeMethod(Invoker.java:599)
	at org.testng.internal.Invoker.invokeTestMethod(Invoker.java:877)
	at org.testng.internal.Invoker.invokeTestMethods(Invoker.java:1201)
	at org.testng.internal.TestMethodWorker.invokeTestMethods(TestMethodWorker.java:125)
	at org.testng.internal.TestMethodWorker.run(TestMethodWorker.java:109)
	at org.testng.TestRunner.privateRun(TestRunner.java:776)
	at org.testng.TestRunner.run(TestRunner.java:634)
	at org.testng.SuiteRunner.runTest(SuiteRunner.java:425)
	at org.testng.SuiteRunner.runSequentially(SuiteRunner.java:420)
	at org.testng.SuiteRunner.privateRun(SuiteRunner.java:385)
	at org.testng.SuiteRunner.run(SuiteRunner.java:334)
	at org.testng.SuiteRunnerWorker.runSuite(SuiteRunnerWorker.java:52)
	at org.testng.SuiteRunnerWorker.run(SuiteRunnerWorker.java:86)
	at org.testng.TestNG.runSuitesSequentially(TestNG.java:1318)
	at org.testng.TestNG.runSuitesLocally(TestNG.java:1243)
	at org.testng.TestNG.runSuites(TestNG.java:1161)
	at org.testng.TestNG.run(TestNG.java:1129)
	at org.testng.remote.AbstractRemoteTestNG.run(AbstractRemoteTestNG.java:114)
	at org.testng.remote.RemoteTestNG.initAndRun(RemoteTestNG.java:251)
	at org.testng.remote.RemoteTestNG.main(RemoteTestNG.java:77)
]]>
    </error>
  </testcase> <!-- RunSetup -->
  <testcase name="CreateShipment_TollNQXTollEXpress_E2ETest_TID_920_Service_General" time="0.000" classname="createShipmentE2ETests.TollNQXTollExpressTests">
    <skipped/>
  </testcase> <!-- CreateShipment_TollNQXTollEXpress_E2ETest_TID_920_Service_General -->
  <testcase name="CreateShipment_TollNQXTollEXpress_E2ETest_TID_920_Service_Express" time="0.000" classname="createShipmentE2ETests.TollNQXTollExpressTests">
    <skipped/>
  </testcase> <!-- CreateShipment_TollNQXTollEXpress_E2ETest_TID_920_Service_Express -->
  <testcase name="CreateShipment_TollNQXTollEXpress_E2ETest_TID_920_Service_Premium" time="0.000" classname="createShipmentE2ETests.TollNQXTollExpressTests">
    <skipped/>
  </testcase> <!-- CreateShipment_TollNQXTollEXpress_E2ETest_TID_920_Service_Premium -->
  <testcase name="CreateShipment_TollNQXTollEXpress_E2ETest_TID_920_Service_Refrigeration" time="0.000" classname="createShipmentE2ETests.TollNQXTollExpressTests">
    <skipped/>
  </testcase> <!-- CreateShipment_TollNQXTollEXpress_E2ETest_TID_920_Service_Refrigeration -->
  <testcase name="CreateShipment_TollNQXTollEXpress_E2ETest_TID_920_Service_DangerousGoods" time="0.000" classname="createShipmentE2ETests.TollNQXTollExpressTests">
    <skipped/>
  </testcase> <!-- CreateShipment_TollNQXTollEXpress_E2ETest_TID_920_Service_DangerousGoods -->
  <testcase name="CreateShipment_TollNQXTollEXpress_E2ETest_TID_920_Service_DGExpress" time="0.000" classname="createShipmentE2ETests.TollNQXTollExpressTests">
    <skipped/>
  </testcase> <!-- CreateShipment_TollNQXTollEXpress_E2ETest_TID_920_Service_DGExpress -->
  <testcase name="CreateShipment_TollNQXTollEXpress_E2ETest_TID_920_Service_DGRefrigerated" time="0.000" classname="createShipmentE2ETests.TollNQXTollExpressTests">
    <skipped/>
  </testcase> <!-- CreateShipment_TollNQXTollEXpress_E2ETest_TID_920_Service_DGRefrigerated -->
  <testcase name="CreateShipment_TollNQXTollEXpress_E2ETest_TID_920_Service_RailGeneral" time="0.000" classname="createShipmentE2ETests.TollNQXTollExpressTests">
    <error type="org.testng.TestNGException" message="
Parameter &#039;TollNQXServiceRailGeneral&#039; is required by @Test on method CreateShipment_TollNQXTollEXpress_E2ETest_TID_920_Service_RailGeneral but has not been marked @Optional or defined
in C:\Source\MYTOLLTestAutomation\CreateShipment.xml">
      <![CDATA[org.testng.TestNGException: 
Parameter 'TollNQXServiceRailGeneral' is required by @Test on method CreateShipment_TollNQXTollEXpress_E2ETest_TID_920_Service_RailGeneral but has not been marked @Optional or defined
in C:\Source\MYTOLLTestAutomation\CreateShipment.xml
	at org.testng.internal.Parameters.createParams(Parameters.java:248)
	at org.testng.internal.Parameters.createParametersForMethod(Parameters.java:286)
	at org.testng.internal.Parameters.createParameters(Parameters.java:547)
	at org.testng.internal.Parameters.handleParameters(Parameters.java:672)
	at org.testng.internal.Invoker.handleParameters(Invoker.java:1316)
	at org.testng.internal.Invoker.createParameters(Invoker.java:1044)
	at org.testng.internal.Invoker.invokeTestMethods(Invoker.java:1134)
	at org.testng.internal.TestMethodWorker.invokeTestMethods(TestMethodWorker.java:125)
	at org.testng.internal.TestMethodWorker.run(TestMethodWorker.java:109)
	at org.testng.TestRunner.privateRun(TestRunner.java:776)
	at org.testng.TestRunner.run(TestRunner.java:634)
	at org.testng.SuiteRunner.runTest(SuiteRunner.java:425)
	at org.testng.SuiteRunner.runSequentially(SuiteRunner.java:420)
	at org.testng.SuiteRunner.privateRun(SuiteRunner.java:385)
	at org.testng.SuiteRunner.run(SuiteRunner.java:334)
	at org.testng.SuiteRunnerWorker.runSuite(SuiteRunnerWorker.java:52)
	at org.testng.SuiteRunnerWorker.run(SuiteRunnerWorker.java:86)
	at org.testng.TestNG.runSuitesSequentially(TestNG.java:1318)
	at org.testng.TestNG.runSuitesLocally(TestNG.java:1243)
	at org.testng.TestNG.runSuites(TestNG.java:1161)
	at org.testng.TestNG.run(TestNG.java:1129)
	at org.testng.remote.AbstractRemoteTestNG.run(AbstractRemoteTestNG.java:114)
	at org.testng.remote.RemoteTestNG.initAndRun(RemoteTestNG.java:251)
	at org.testng.remote.RemoteTestNG.main(RemoteTestNG.java:77)
]]>
    </error>
  </testcase> <!-- CreateShipment_TollNQXTollEXpress_E2ETest_TID_920_Service_RailGeneral -->
  <testcase name="CreateShipment_TollNQXTollEXpress_E2ETest_TID_920_Service_RailDangerousGoods" time="0.000" classname="createShipmentE2ETests.TollNQXTollExpressTests">
    <skipped/>
  </testcase> <!-- CreateShipment_TollNQXTollEXpress_E2ETest_TID_920_Service_RailDangerousGoods -->
</testsuite> <!-- createShipmentE2ETests.TollNQXTollExpressTests -->
