<?xml version="1.0" encoding="UTF-8"?>
<!-- Generated by org.testng.reporters.JUnitReportReporter -->
<testsuite skipped="9" hostname="PC12159" name="bookAPickupE2ETests.TollNQXTollExpressTest" tests="10" failures="0" timestamp="25 Sep 2017 02:52:31 GMT" time="50.238" errors="1">
  <testcase name="RunSetup" time="50.238" classname="bookAPickupE2ETests.TollNQXTollExpressTest">
    <error type="java.lang.NullPointerException">
      <![CDATA[java.lang.NullPointerException
	at myTollHomePageActions.MyTollHomePageActions.ClickMenu(MyTollHomePageActions.java:44)
	at bookAPickupE2ETests.TollNQXTollExpressTest.RunSetup(TollNQXTollExpressTest.java:22)
	at sun.reflect.NativeMethodAccessorImpl.invoke0(Native Method)
	at sun.reflect.NativeMethodAccessorImpl.invoke(Unknown Source)
	at sun.reflect.DelegatingMethodAccessorImpl.invoke(Unknown Source)
	at java.lang.reflect.Method.invoke(Unknown Source)
	at org.testng.internal.MethodInvocationHelper.invokeMethod(MethodInvocationHelper.java:108)
	at org.testng.internal.Invoker.invokeConfigurationMethod(Invoker.java:523)
	at org.testng.internal.Invoker.invokeConfigurations(Invoker.java:224)
	at org.testng.internal.Invoker.invokeMethod(Invoker.java:599)
	at org.testng.internal.Invoker.invokeTestMethod(Invoker.java:877)
	at org.testng.internal.Invoker.invokeTestMethods(Invoker.java:1201)
	at org.testng.internal.TestMethodWorker.invokeTestMethods(TestMethodWorker.java:125)
	at org.testng.internal.TestMethodWorker.run(TestMethodWorker.java:109)
	at org.testng.TestRunner.privateRun(TestRunner.java:776)
	at org.testng.TestRunner.run(TestRunner.java:634)
	at org.testng.SuiteRunner.runTest(SuiteRunner.java:425)
	at org.testng.SuiteRunner.runSequentially(SuiteRunner.java:420)
	at org.testng.SuiteRunner.privateRun(SuiteRunner.java:385)
	at org.testng.SuiteRunner.run(SuiteRunner.java:334)
	at org.testng.SuiteRunnerWorker.runSuite(SuiteRunnerWorker.java:52)
	at org.testng.SuiteRunnerWorker.run(SuiteRunnerWorker.java:86)
	at org.testng.TestNG.runSuitesSequentially(TestNG.java:1318)
	at org.testng.TestNG.runSuitesLocally(TestNG.java:1243)
	at org.testng.TestNG.runSuites(TestNG.java:1161)
	at org.testng.TestNG.run(TestNG.java:1129)
	at org.testng.remote.AbstractRemoteTestNG.run(AbstractRemoteTestNG.java:114)
	at org.testng.remote.RemoteTestNG.initAndRun(RemoteTestNG.java:251)
	at org.testng.remote.RemoteTestNG.main(RemoteTestNG.java:77)
]]>
    </error>
  </testcase> <!-- RunSetup -->
  <testcase name="BookAPickup_TollNQXTollExpress_E2ETest_TID_295_Service_DangerousGoods" time="0.000" classname="bookAPickupE2ETests.TollNQXTollExpressTest">
    <skipped/>
  </testcase> <!-- BookAPickup_TollNQXTollExpress_E2ETest_TID_295_Service_DangerousGoods -->
  <testcase name="BookAPickup_TollNQXTollExpress_E2ETest_TID_295_Service_Express" time="0.000" classname="bookAPickupE2ETests.TollNQXTollExpressTest">
    <skipped/>
  </testcase> <!-- BookAPickup_TollNQXTollExpress_E2ETest_TID_295_Service_Express -->
  <testcase name="BookAPickup_TollNQXTollExpress_E2ETest_TID_295_Service_General" time="0.000" classname="bookAPickupE2ETests.TollNQXTollExpressTest">
    <skipped/>
  </testcase> <!-- BookAPickup_TollNQXTollExpress_E2ETest_TID_295_Service_General -->
  <testcase name="BookAPickup_TollNQXTollExpress_E2ETest_TID_295_Service_Premium" time="0.000" classname="bookAPickupE2ETests.TollNQXTollExpressTest">
    <skipped/>
  </testcase> <!-- BookAPickup_TollNQXTollExpress_E2ETest_TID_295_Service_Premium -->
  <testcase name="BookAPickup_TollNQXTollExpress_E2ETest_TID_295_Service_RailGeneral" time="0.000" classname="bookAPickupE2ETests.TollNQXTollExpressTest">
    <skipped/>
  </testcase> <!-- BookAPickup_TollNQXTollExpress_E2ETest_TID_295_Service_RailGeneral -->
  <testcase name="BookAPickup_TollNQXTollExpress_E2ETest_TID_295_Service_Refrigeration" time="0.000" classname="bookAPickupE2ETests.TollNQXTollExpressTest">
    <skipped/>
  </testcase> <!-- BookAPickup_TollNQXTollExpress_E2ETest_TID_295_Service_Refrigeration -->
  <testcase name="BookAPickup_TollNQXTollExpress_E2ETest_TID_295_Service_DGRefrigerated" time="0.000" classname="bookAPickupE2ETests.TollNQXTollExpressTest">
    <skipped/>
  </testcase> <!-- BookAPickup_TollNQXTollExpress_E2ETest_TID_295_Service_DGRefrigerated -->
  <testcase name="BookAPickup_TollNQXTollExpress_E2ETest_TID_295_Service_RailDangerousGoods" time="0.000" classname="bookAPickupE2ETests.TollNQXTollExpressTest">
    <skipped/>
  </testcase> <!-- BookAPickup_TollNQXTollExpress_E2ETest_TID_295_Service_RailDangerousGoods -->
  <testcase name="BookAPickup_TollNQXTollExpress_E2ETest_TID_295_Service_DGExpress" time="0.000" classname="bookAPickupE2ETests.TollNQXTollExpressTest">
    <skipped/>
  </testcase> <!-- BookAPickup_TollNQXTollExpress_E2ETest_TID_295_Service_DGExpress -->
</testsuite> <!-- bookAPickupE2ETests.TollNQXTollExpressTest -->
