<?xml version="1.0" encoding="UTF-8"?>
<!-- Generated by org.testng.reporters.JUnitReportReporter -->
<testsuite skipped="0" hostname="DESKTOP-GTKVGKN" name="bookAPickupE2ETests.Toll_MyProfile_Add_Accounts" tests="6" failures="0" timestamp="18 Oct 2017 23:28:39 GMT" time="643.191" errors="0">
  <testcase name="addTemplateIntermodal" time="102.283" classname="bookAPickupE2ETests.Toll_MyProfile_Add_Accounts"/>
  <testcase name="addTemplateTasmania" time="100.012" classname="bookAPickupE2ETests.Toll_MyProfile_Add_Accounts"/>
  <testcase name="addTemplateNQX" time="98.698" classname="bookAPickupE2ETests.Toll_MyProfile_Add_Accounts"/>
  <testcase name="addTemplateIPEC" time="100.360" classname="bookAPickupE2ETests.Toll_MyProfile_Add_Accounts"/>
  <testcase name="addTemplatePrioAU" time="119.985" classname="bookAPickupE2ETests.Toll_MyProfile_Add_Accounts"/>
  <testcase name="addTemplatePrioNZ" time="121.853" classname="bookAPickupE2ETests.Toll_MyProfile_Add_Accounts"/>
</testsuite> <!-- bookAPickupE2ETests.Toll_MyProfile_Add_Accounts -->
