<?xml version="1.0" encoding="UTF-8"?>
<!-- Generated by org.testng.reporters.JUnitReportReporter -->
<testsuite skipped="0" hostname="DESKTOP-GTKVGKN" name="manifestE2ETests.ManualManifestTollNQXTollExpressTests" tests="1" failures="0" timestamp="15 Nov 2017 03:14:30 GMT" time="128.779" errors="0">
  <testcase name="Manifest_TollNQXTollExpress_E2ETest_TID_1127_Service_Premium_AddManifestManual" time="128.779" classname="manifestE2ETests.ManualManifestTollNQXTollExpressTests"/>
</testsuite> <!-- manifestE2ETests.ManualManifestTollNQXTollExpressTests -->
