<?xml version="1.0" encoding="UTF-8"?>
<!-- Generated by org.testng.reporters.JUnitReportReporter -->
<testsuite skipped="0" hostname="PC12159" name="createShipmentE2ETests.TollIPECTests" tests="3" failures="1" timestamp="14 Dec 2017 04:16:59 GMT" time="311.427" errors="0">
  <testcase name="CreateShipment_TollIPEC_E2ETest_TID_920_Service_Fashion" time="133.750" classname="createShipmentE2ETests.TollIPECTests">
    <failure type="org.junit.ComparisonFailure" message="expected:&lt;Automation Template1[]&gt; but was:&lt;Automation Template1[Automation Template2]&gt;">
      <![CDATA[org.junit.ComparisonFailure: expected:<Automation Template1[]> but was:<Automation Template1[Automation Template2]>
	at org.junit.Assert.assertEquals(Assert.java:115)
	at org.junit.Assert.assertEquals(Assert.java:144)
	at createShipmentActions.ShipmentReviewActions.VerifyLineItem1Headings(ShipmentReviewActions.java:257)
	at createShipmentE2ETests.TollIPECTests.CreateShipment_TollIPEC_E2ETest_TID_920_Service_Fashion(TollIPECTests.java:234)
	at sun.reflect.NativeMethodAccessorImpl.invoke0(Native Method)
	at sun.reflect.NativeMethodAccessorImpl.invoke(Unknown Source)
	at sun.reflect.DelegatingMethodAccessorImpl.invoke(Unknown Source)
	at java.lang.reflect.Method.invoke(Unknown Source)
	at org.testng.internal.MethodInvocationHelper.invokeMethod(MethodInvocationHelper.java:108)
	at org.testng.internal.Invoker.invokeMethod(Invoker.java:669)
	at org.testng.internal.Invoker.invokeTestMethod(Invoker.java:877)
	at org.testng.internal.Invoker.invokeTestMethods(Invoker.java:1201)
	at org.testng.internal.TestMethodWorker.invokeTestMethods(TestMethodWorker.java:125)
	at org.testng.internal.TestMethodWorker.run(TestMethodWorker.java:109)
	at org.testng.TestRunner.privateRun(TestRunner.java:776)
	at org.testng.TestRunner.run(TestRunner.java:634)
	at org.testng.SuiteRunner.runTest(SuiteRunner.java:425)
	at org.testng.SuiteRunner.runSequentially(SuiteRunner.java:420)
	at org.testng.SuiteRunner.privateRun(SuiteRunner.java:385)
	at org.testng.SuiteRunner.run(SuiteRunner.java:334)
	at org.testng.SuiteRunnerWorker.runSuite(SuiteRunnerWorker.java:52)
	at org.testng.SuiteRunnerWorker.run(SuiteRunnerWorker.java:86)
	at org.testng.TestNG.runSuitesSequentially(TestNG.java:1318)
	at org.testng.TestNG.runSuitesLocally(TestNG.java:1243)
	at org.testng.TestNG.runSuites(TestNG.java:1161)
	at org.testng.TestNG.run(TestNG.java:1129)
	at org.testng.remote.AbstractRemoteTestNG.run(AbstractRemoteTestNG.java:114)
	at org.testng.remote.RemoteTestNG.initAndRun(RemoteTestNG.java:251)
	at org.testng.remote.RemoteTestNG.main(RemoteTestNG.java:77)
]]>
    </failure>
  </testcase> <!-- CreateShipment_TollIPEC_E2ETest_TID_920_Service_Fashion -->
  <testcase name="CreateShipment_TollIPEC_E2ETest_TID_920_Service_RoadExpress_ConsolidateShipments" time="31.207" classname="createShipmentE2ETests.TollIPECTests"/>
  <testcase name="CreateShipment_TollIPEC_E2ETest_TID_920_Service_RoadExpress_ShipmentReview" time="146.470" classname="createShipmentE2ETests.TollIPECTests"/>
</testsuite> <!-- createShipmentE2ETests.TollIPECTests -->
