<?xml version="1.0" encoding="UTF-8"?>
<!-- Generated by org.testng.reporters.JUnitReportReporter -->
<testsuite skipped="0" hostname="DESKTOP-GTKVGKN" name="manifestE2ETests.ManualManifestTollPriorityNZTests" tests="1" failures="0" timestamp="15 Nov 2017 03:23:13 GMT" time="114.715" errors="0">
  <testcase name="Manifest_TollPriorityNZ_E2ETest_TID_1127_Service_ServiceParcelsOffPeak_AddManifestManual" time="114.715" classname="manifestE2ETests.ManualManifestTollPriorityNZTests"/>
</testsuite> <!-- manifestE2ETests.ManualManifestTollPriorityNZTests -->
