<?xml version="1.0" encoding="UTF-8"?>
<!-- Generated by org.testng.reporters.JUnitReportReporter -->
<testsuite skipped="0" hostname="DESKTOP-GTKVGKN" name="manifestE2ETests.ManualManifestTollIPECTest" tests="1" failures="0" timestamp="15 Nov 2017 03:14:30 GMT" time="152.341" errors="0">
  <testcase name="Manifest_TollIPEC_E2ETest_TID_1127_Service_RoadExpress_AddManifestManual" time="152.341" classname="manifestE2ETests.ManualManifestTollIPECTest"/>
</testsuite> <!-- manifestE2ETests.ManualManifestTollIPECTest -->
