<?xml version="1.0" encoding="UTF-8"?>
<!-- Generated by org.testng.reporters.JUnitReportReporter -->
<testsuite skipped="8" hostname="PC12159" name="createShipmentE2ETests.TollIntermodalTests" tests="9" failures="0" timestamp="06 Nov 2017 04:13:00 GMT" time="9.396" errors="1">
  <testcase name="RunSetup" time="9.396" classname="createShipmentE2ETests.TollIntermodalTests">
    <error type="org.openqa.selenium.WebDriverException" message="disconnected: unable to connect to renderer
  (Session info: chrome=62.0.3202.75)
  (Driver info: chromedriver=2.30.477700 (0057494ad8732195794a7b32078424f92a5fce41),platform=Windows NT 10.0.14393 x86_64) (WARNING: The server did not provide any stacktrace information)
Command duration or timeout: 2.02 seconds
Build info: version: &#039;unknown&#039;, revision: &#039;unknown&#039;, time: &#039;unknown&#039;
System info: host: &#039;PC12159&#039;, ip: &#039;172.28.181.167&#039;, os.name: &#039;Windows 10&#039;, os.arch: &#039;amd64&#039;, os.version: &#039;10.0&#039;, java.version: &#039;1.8.0_144&#039;
Driver info: org.openqa.selenium.chrome.ChromeDriver
Capabilities [{applicationCacheEnabled=false, rotatable=false, mobileEmulationEnabled=false, networkConnectionEnabled=false, chrome={chromedriverVersion=2.30.477700 (0057494ad8732195794a7b32078424f92a5fce41), userDataDir=C:\Users\2712\AppData\Local\Temp\scoped_dir21196_30068}, takesHeapSnapshot=true, pageLoadStrategy=normal, databaseEnabled=false, handlesAlerts=true, hasTouchScreen=false, version=62.0.3202.75, platform=XP, browserConnectionEnabled=false, nativeEvents=true, acceptSslCerts=true, locationContextEnabled=true, webStorageEnabled=true, browserName=chrome, takesScreenshot=true, javascriptEnabled=true, cssSelectorsEnabled=true, unexpectedAlertBehaviour=}]
Session ID: b5a330e395ccea4575c77406c57e9281">
      <![CDATA[org.openqa.selenium.WebDriverException: disconnected: unable to connect to renderer
  (Session info: chrome=62.0.3202.75)
  (Driver info: chromedriver=2.30.477700 (0057494ad8732195794a7b32078424f92a5fce41),platform=Windows NT 10.0.14393 x86_64) (WARNING: The server did not provide any stacktrace information)
Command duration or timeout: 2.02 seconds
Build info: version: 'unknown', revision: 'unknown', time: 'unknown'
System info: host: 'PC12159', ip: '172.28.181.167', os.name: 'Windows 10', os.arch: 'amd64', os.version: '10.0', java.version: '1.8.0_144'
Driver info: org.openqa.selenium.chrome.ChromeDriver
Capabilities [{applicationCacheEnabled=false, rotatable=false, mobileEmulationEnabled=false, networkConnectionEnabled=false, chrome={chromedriverVersion=2.30.477700 (0057494ad8732195794a7b32078424f92a5fce41), userDataDir=C:\Users\2712\AppData\Local\Temp\scoped_dir21196_30068}, takesHeapSnapshot=true, pageLoadStrategy=normal, databaseEnabled=false, handlesAlerts=true, hasTouchScreen=false, version=62.0.3202.75, platform=XP, browserConnectionEnabled=false, nativeEvents=true, acceptSslCerts=true, locationContextEnabled=true, webStorageEnabled=true, browserName=chrome, takesScreenshot=true, javascriptEnabled=true, cssSelectorsEnabled=true, unexpectedAlertBehaviour=}]
Session ID: b5a330e395ccea4575c77406c57e9281
	at sun.reflect.NativeConstructorAccessorImpl.newInstance0(Native Method)
	at sun.reflect.NativeConstructorAccessorImpl.newInstance(Unknown Source)
	at sun.reflect.DelegatingConstructorAccessorImpl.newInstance(Unknown Source)
	at java.lang.reflect.Constructor.newInstance(Unknown Source)
	at org.openqa.selenium.remote.ErrorHandler.createThrowable(ErrorHandler.java:215)
	at org.openqa.selenium.remote.ErrorHandler.throwIfResponseFailed(ErrorHandler.java:167)
	at org.openqa.selenium.remote.RemoteWebDriver.execute(RemoteWebDriver.java:671)
	at org.openqa.selenium.remote.RemoteWebDriver.execute(RemoteWebDriver.java:694)
	at org.openqa.selenium.remote.RemoteWebDriver$RemoteWebDriverOptions$RemoteWindow.maximize(RemoteWebDriver.java:925)
	at baseWebdriver.BaseWebdriver.setUp(BaseWebdriver.java:86)
	at createShipmentE2ETests.TollIntermodalTests.RunSetup(TollIntermodalTests.java:19)
	at sun.reflect.NativeMethodAccessorImpl.invoke0(Native Method)
	at sun.reflect.NativeMethodAccessorImpl.invoke(Unknown Source)
	at sun.reflect.DelegatingMethodAccessorImpl.invoke(Unknown Source)
	at java.lang.reflect.Method.invoke(Unknown Source)
	at org.testng.internal.MethodInvocationHelper.invokeMethod(MethodInvocationHelper.java:108)
	at org.testng.internal.Invoker.invokeConfigurationMethod(Invoker.java:523)
	at org.testng.internal.Invoker.invokeConfigurations(Invoker.java:224)
	at org.testng.internal.Invoker.invokeMethod(Invoker.java:599)
	at org.testng.internal.Invoker.invokeTestMethod(Invoker.java:877)
	at org.testng.internal.Invoker.invokeTestMethods(Invoker.java:1201)
	at org.testng.internal.TestMethodWorker.invokeTestMethods(TestMethodWorker.java:125)
	at org.testng.internal.TestMethodWorker.run(TestMethodWorker.java:109)
	at org.testng.TestRunner.privateRun(TestRunner.java:776)
	at org.testng.TestRunner.run(TestRunner.java:634)
	at org.testng.SuiteRunner.runTest(SuiteRunner.java:425)
	at org.testng.SuiteRunner.runSequentially(SuiteRunner.java:420)
	at org.testng.SuiteRunner.privateRun(SuiteRunner.java:385)
	at org.testng.SuiteRunner.run(SuiteRunner.java:334)
	at org.testng.SuiteRunnerWorker.runSuite(SuiteRunnerWorker.java:52)
	at org.testng.SuiteRunnerWorker.run(SuiteRunnerWorker.java:86)
	at org.testng.TestNG.runSuitesSequentially(TestNG.java:1318)
	at org.testng.TestNG.runSuitesLocally(TestNG.java:1243)
	at org.testng.TestNG.runSuites(TestNG.java:1161)
	at org.testng.TestNG.run(TestNG.java:1129)
	at org.testng.remote.AbstractRemoteTestNG.run(AbstractRemoteTestNG.java:114)
	at org.testng.remote.RemoteTestNG.initAndRun(RemoteTestNG.java:251)
	at org.testng.remote.RemoteTestNG.main(RemoteTestNG.java:77)
]]>
    </error>
  </testcase> <!-- RunSetup -->
  <testcase name="CreateShipment_TollIntermodal_E2ETest_TID_920_Service_DGFreight" time="0.000" classname="createShipmentE2ETests.TollIntermodalTests">
    <skipped/>
  </testcase> <!-- CreateShipment_TollIntermodal_E2ETest_TID_920_Service_DGFreight -->
  <testcase name="CreateShipment_TollIntermodal_E2ETest_TID_920_Service_Express_ShipmentReview" time="0.000" classname="createShipmentE2ETests.TollIntermodalTests">
    <skipped/>
  </testcase> <!-- CreateShipment_TollIntermodal_E2ETest_TID_920_Service_Express_ShipmentReview -->
  <testcase name="CreateShipment_TollIntermodal_E2ETest_TID_920_Service_General" time="0.000" classname="createShipmentE2ETests.TollIntermodalTests">
    <skipped/>
  </testcase> <!-- CreateShipment_TollIntermodal_E2ETest_TID_920_Service_General -->
  <testcase name="CreateShipment_TollIntermodal_E2ETest_TID_920_Service_General_ShipmentReview" time="0.000" classname="createShipmentE2ETests.TollIntermodalTests">
    <skipped/>
  </testcase> <!-- CreateShipment_TollIntermodal_E2ETest_TID_920_Service_General_ShipmentReview -->
  <testcase name="CreateShipment_TollIntermodal_E2ETest_TID_920_Service_Refrigeration" time="0.000" classname="createShipmentE2ETests.TollIntermodalTests">
    <skipped/>
  </testcase> <!-- CreateShipment_TollIntermodal_E2ETest_TID_920_Service_Refrigeration -->
  <testcase name="CreateShipment_TollIntermodal_E2ETest_TID_920_Service_Refrigeration_ShipmentReview" time="0.000" classname="createShipmentE2ETests.TollIntermodalTests">
    <skipped/>
  </testcase> <!-- CreateShipment_TollIntermodal_E2ETest_TID_920_Service_Refrigeration_ShipmentReview -->
  <testcase name="CreateShipment_TollIntermodal_E2ETest_TID_920_Service_Express" time="0.000" classname="createShipmentE2ETests.TollIntermodalTests">
    <skipped/>
  </testcase> <!-- CreateShipment_TollIntermodal_E2ETest_TID_920_Service_Express -->
  <testcase name="CreateShipment_TollIntermodal_E2ETest_TID_920_Service_DGFreight_ShipmentReview" time="0.000" classname="createShipmentE2ETests.TollIntermodalTests">
    <skipped/>
  </testcase> <!-- CreateShipment_TollIntermodal_E2ETest_TID_920_Service_DGFreight_ShipmentReview -->
</testsuite> <!-- createShipmentE2ETests.TollIntermodalTests -->
