<?xml version="1.0" encoding="UTF-8"?>
<!-- Generated by org.testng.reporters.JUnitReportReporter -->
<testsuite skipped="0" hostname="PC12159" name="rateEnquiryE2ETests.TollNQXTollExpressTests" tests="1" failures="0" timestamp="14 Sep 2017 01:31:55 GMT" time="92.892" errors="0">
  <testcase name="RateEnquiry_TollNQXTollExpress_E2ETest_TID_1052_Service_DGExpress" time="92.892" classname="rateEnquiryE2ETests.TollNQXTollExpressTests"/>
</testsuite> <!-- rateEnquiryE2ETests.TollNQXTollExpressTests -->
