<?xml version="1.0" encoding="UTF-8"?>
<!-- Generated by org.testng.reporters.JUnitReportReporter -->
<testsuite skipped="0" hostname="DESKTOP-GTKVGKN" name="createShipmentE2ETests.TollIntermodalTests_AddAdress" tests="1" failures="0" timestamp="06 Oct 2017 02:55:19 GMT" time="100.279" errors="0">
  <testcase name="CreateShipment_TollIntermodal_E2ETest_TID_920_Service_DGFreight" time="100.279" classname="createShipmentE2ETests.TollIntermodalTests_AddAdress"/>
</testsuite> <!-- createShipmentE2ETests.TollIntermodalTests_AddAdress -->
