<?xml version="1.0" encoding="UTF-8"?>
<!-- Generated by org.testng.reporters.JUnitReportReporter -->
<testsuite skipped="0" hostname="DESKTOP-GTKVGKN" name="manifestE2ETests.ManualManifestTollTasmaniaTests" tests="1" failures="0" timestamp="15 Nov 2017 03:14:30 GMT" time="137.556" errors="0">
  <testcase name="Manifest_TollTasmania_E2ETest_TID_1127_Service_General_AddManifestManual" time="137.556" classname="manifestE2ETests.ManualManifestTollTasmaniaTests"/>
</testsuite> <!-- manifestE2ETests.ManualManifestTollTasmaniaTests -->
