<?xml version="1.0" encoding="UTF-8"?>
<!-- Generated by org.testng.reporters.JUnitReportReporter -->
<testsuite skipped="0" hostname="DESKTOP-GTKVGKN" name="rateEnquiryE2ETests.TollNQXTollExpressTests" tests="6" failures="0" timestamp="16 Nov 2017 01:25:10 GMT" time="546.324" errors="0">
  <testcase name="RateEnquiry_TollNQXTollExpress_E2ETest_TID_1052_Service_Refrigeration" time="85.811" classname="rateEnquiryE2ETests.TollNQXTollExpressTests"/>
  <testcase name="RateEnquiry_TollNQXTollExpress_E2ETest_TID_1052_Service_DGExpress" time="87.777" classname="rateEnquiryE2ETests.TollNQXTollExpressTests"/>
  <testcase name="RateEnquiry_TollNQXTollExpress_E2ETest_TID_1052_Service_DangerousGoods" time="107.776" classname="rateEnquiryE2ETests.TollNQXTollExpressTests"/>
  <testcase name="RateEnquiry_TollNQXTollExpress_E2ETest_TID_1052_Service_Express" time="86.777" classname="rateEnquiryE2ETests.TollNQXTollExpressTests"/>
  <testcase name="RateEnquiry_TollNQXTollExpress_E2ETest_TID_1052_Service_Premium" time="87.143" classname="rateEnquiryE2ETests.TollNQXTollExpressTests"/>
  <testcase name="RateEnquiry_TollNQXTollExpress_E2ETest_TID_1052_Service_General" time="91.040" classname="rateEnquiryE2ETests.TollNQXTollExpressTests"/>
</testsuite> <!-- rateEnquiryE2ETests.TollNQXTollExpressTests -->
