<?xml version="1.0" encoding="UTF-8"?>
<!-- Generated by org.testng.reporters.JUnitReportReporter -->
<testsuite skipped="0" hostname="PC12159" name="rateEnquiryE2ETests.TollPriorityAUSTests" tests="2" failures="0" timestamp="14 Sep 2017 03:20:30 GMT" time="123.659" errors="0">
  <testcase name="RateEnquiry_TollPriorityAUS_E2ETest_TID_1052_Service_GlobalExpressDocuments" time="66.728" classname="rateEnquiryE2ETests.TollPriorityAUSTests"/>
  <testcase name="RateEnquiry_TollPriorityAUS_E2ETest_TID_1052_Service_OvernightRegionalCollection" time="56.931" classname="rateEnquiryE2ETests.TollPriorityAUSTests"/>
</testsuite> <!-- rateEnquiryE2ETests.TollPriorityAUSTests -->
