<?xml version="1.0" encoding="UTF-8"?>
<!-- Generated by org.testng.reporters.JUnitXMLReporter -->
<testsuite hostname="DESKTOP-GTKVGKN" ignored="0" name="RateEnquiry" tests="4" failures="0" timestamp="16 Oct 2017 02:08:50 GMT" time="337.171" errors="0">
  <testcase name="RateEnquiry_TollTasmanias_E2ETest_TID_1052_Service_DGFreight" time="63.429" classname="rateEnquiryE2ETests.TollTasmaniaTests"/>
  <testcase name="RateEnquiry_TollTasmanias_E2ETest_TID_1052_Service_Express" time="63.714" classname="rateEnquiryE2ETests.TollTasmaniaTests"/>
  <testcase name="RateEnquiry_TollTasmanias_E2ETest_TID_1052_Service_General" time="62.027" classname="rateEnquiryE2ETests.TollTasmaniaTests"/>
  <testcase name="RateEnquiry_TollTasmanias_E2ETest_TID_1052_Service_Refrigeration" time="35.477" classname="rateEnquiryE2ETests.TollTasmaniaTests"/>
</testsuite> <!-- RateEnquiry -->
