<!DOCTYPE html>

<html>
  <head>
  <meta charset='utf-8'>
  <title>TestNG reports</title>

    <link type="text/css" href="testng-reports.css" rel="stylesheet" />
    <script type="text/javascript" src="jquery-1.7.1.min.js"></script>
    <script type="text/javascript" src="testng-reports.js"></script>
    <script type="text/javascript" src="https://www.google.com/jsapi"></script>
    <script type='text/javascript'>
      google.load('visualization', '1', {packages:['table']});
      google.setOnLoadCallback(drawTable);
      var suiteTableInitFunctions = new Array();
      var suiteTableData = new Array();
    </script>
    <!--
      <script type="text/javascript" src="jquery-ui/js/jquery-ui-1.8.16.custom.min.js"></script>
     -->
  </head>

  <body>
    <div class="top-banner-root">
      <span class="top-banner-title-font">Test results</span>
      <br/>
      <span class="top-banner-font-1">1 suite, 4 failed tests</span>
    </div> <!-- top-banner-root -->
    <div class="navigator-root">
      <div class="navigator-suite-header">
        <span>All suites</span>
        <a href="#" class="collapse-all-link" title="Collapse/expand all the suites">
          <img class="collapse-all-icon" src="collapseall.gif">
          </img> <!-- collapse-all-icon -->
        </a> <!-- collapse-all-link -->
      </div> <!-- navigator-suite-header -->
      <div class="suite">
        <div class="rounded-window">
          <div class="suite-header light-rounded-window-top">
            <a href="#" class="navigator-link" panel-name="suite-Suite">
              <span class="suite-name border-failed">Suite</span>
            </a> <!-- navigator-link -->
          </div> <!-- suite-header light-rounded-window-top -->
          <div class="navigator-suite-content">
            <div class="suite-section-title">
              <span>Info</span>
            </div> <!-- suite-section-title -->
            <div class="suite-section-content">
              <ul>
                <li>
                  <a href="#" class="navigator-link " panel-name="test-xml-Suite">
                    <span>C:\Source\MYTOLLTestAutomation\BookAPickup.xml</span>
                  </a> <!-- navigator-link  -->
                </li>
                <li>
                  <a href="#" class="navigator-link " panel-name="testlist-Suite">
                    <span class="test-stats">1 test</span>
                  </a> <!-- navigator-link  -->
                </li>
                <li>
                  <a href="#" class="navigator-link " panel-name="group-Suite">
                    <span>0 groups</span>
                  </a> <!-- navigator-link  -->
                </li>
                <li>
                  <a href="#" class="navigator-link " panel-name="times-Suite">
                    <span>Times</span>
                  </a> <!-- navigator-link  -->
                </li>
                <li>
                  <a href="#" class="navigator-link " panel-name="reporter-Suite">
                    <span>Reporter output</span>
                  </a> <!-- navigator-link  -->
                </li>
                <li>
                  <a href="#" class="navigator-link " panel-name="ignored-methods-Suite">
                    <span>Ignored methods</span>
                  </a> <!-- navigator-link  -->
                </li>
                <li>
                  <a href="#" class="navigator-link " panel-name="chronological-Suite">
                    <span>Chronological view</span>
                  </a> <!-- navigator-link  -->
                </li>
              </ul>
            </div> <!-- suite-section-content -->
            <div class="result-section">
              <div class="suite-section-title">
                <span>Results</span>
              </div> <!-- suite-section-title -->
              <div class="suite-section-content">
                <ul>
                  <li>
                    <span class="method-stats">5 methods, 4 failed,  1 skipped,  </span>
                  </li>
                  <li>
                    <span class="method-list-title failed">Failed methods</span>
                    <span class="show-or-hide-methods failed">
                      <a href="#" panel-name="suite-Suite" class="hide-methods failed suite-Suite"> (hide)</a> <!-- hide-methods failed suite-Suite -->
                      <a href="#" panel-name="suite-Suite" class="show-methods failed suite-Suite"> (show)</a> <!-- show-methods failed suite-Suite -->
                    </span>
                    <div class="method-list-content failed suite-Suite">
                      <span>
                        <img width="3%" src="failed.png"/>
                        <a href="#" class="method navigator-link" panel-name="suite-Suite" title="bookAPickupE2ETests.TollIPECTest" hash-for-method="BookAPickup_TollIPEC_E2ETest_TID_1032_Service_RoadExpress(Toll Intermodal, Road Express, 4, Automation Template1, 15, 100, 200, 300, 900, 5, Melbo, special in...)">BookAPickup_TollIPEC_E2ETest_TID_1032_Service_RoadExpress(Toll Intermodal, Road Express, 4, Automation Template1, 15, 100, 200, 300, 900, 5, Melbo, special in...)</a> <!-- method navigator-link -->
                      </span>
                      <br/>
                      <span>
                        <img width="3%" src="failed.png"/>
                        <a href="#" class="method navigator-link" panel-name="suite-Suite" title="bookAPickupE2ETests.TollPriorityAusTest" hash-for-method="BookAPickup_TollPriority_AUS_E2ETest_TID_620">BookAPickup_TollPriority_AUS_E2ETest_TID_620</a> <!-- method navigator-link -->
                      </span>
                      <br/>
                      <span>
                        <img width="3%" src="failed.png"/>
                        <a href="#" class="method navigator-link" panel-name="suite-Suite" title="bookAPickupE2ETests.TollPriorityNZTest" hash-for-method="BookAPickup_TollPriority_NZ_E2ETest_TID_619">BookAPickup_TollPriority_NZ_E2ETest_TID_619</a> <!-- method navigator-link -->
                      </span>
                      <br/>
                      <span>
                        <img width="3%" src="failed.png"/>
                        <a href="#" class="method navigator-link" panel-name="suite-Suite" title="bookAPickupE2ETests.TollPriorityNZTest" hash-for-method="BookAPickup_TollPriority_NZ_E2ETest_TID_619_VerifyDetails">BookAPickup_TollPriority_NZ_E2ETest_TID_619_VerifyDetails</a> <!-- method navigator-link -->
                      </span>
                      <br/>
                    </div> <!-- method-list-content failed suite-Suite -->
                  </li>
                  <li>
                    <span class="method-list-title skipped">Skipped methods</span>
                    <span class="show-or-hide-methods skipped">
                      <a href="#" panel-name="suite-Suite" class="hide-methods skipped suite-Suite"> (hide)</a> <!-- hide-methods skipped suite-Suite -->
                      <a href="#" panel-name="suite-Suite" class="show-methods skipped suite-Suite"> (show)</a> <!-- show-methods skipped suite-Suite -->
                    </span>
                    <div class="method-list-content skipped suite-Suite">
                      <span>
                        <img width="3%" src="skipped.png"/>
                        <a href="#" class="method navigator-link" panel-name="suite-Suite" title="bookAPickupE2ETests.TollIPECTest" hash-for-method="BookAPickup_TollIPEC_E2ETest_TID_1032_Service_RoadExpress_ConfirmedDetails">BookAPickup_TollIPEC_E2ETest_TID_1032_Service_RoadExpress_ConfirmedDetails</a> <!-- method navigator-link -->
                      </span>
                      <br/>
                    </div> <!-- method-list-content skipped suite-Suite -->
                  </li>
                </ul>
              </div> <!-- suite-section-content -->
            </div> <!-- result-section -->
          </div> <!-- navigator-suite-content -->
        </div> <!-- rounded-window -->
      </div> <!-- suite -->
    </div> <!-- navigator-root -->
    <div class="wrapper">
      <div class="main-panel-root">
        <div panel-name="suite-Suite" class="panel Suite">
          <div class="suite-Suite-class-failed">
            <div class="main-panel-header rounded-window-top">
              <img src="failed.png"/>
              <span class="class-name">bookAPickupE2ETests.TollIPECTest</span>
            </div> <!-- main-panel-header rounded-window-top -->
            <div class="main-panel-content rounded-window-bottom">
              <div class="method">
                <div class="method-content">
                  <a name="BookAPickup_TollIPEC_E2ETest_TID_1032_Service_RoadExpress(Toll Intermodal, Road Express, 4, Automation Template1, 15, 100, 200, 300, 900, 5, Melbo, special in...)">
                  </a> <!-- BookAPickup_TollIPEC_E2ETest_TID_1032_Service_RoadExpress(Toll Intermodal, Road Express, 4, Automation Template1, 15, 100, 200, 300, 900, 5, Melbo, special in...) -->
                  <span class="method-name">BookAPickup_TollIPEC_E2ETest_TID_1032_Service_RoadExpress</span>
                  <span class="parameters">(Toll Intermodal, Road Express, 4, Automation Template1, 15, 100, 200, 300, 900, 5, Melbo, special instructions test)</span>
                  <div class="stack-trace">org.openqa.selenium.NoSuchElementException: no such element: Unable to locate element: {&quot;method&quot;:&quot;xpath&quot;,&quot;selector&quot;:&quot;//*[@id=&quot;service-type-selector&quot;]//ul/li/div[text()=&apos;Road Express&apos;]&quot;}
  (Session info: chrome=60.0.3112.113)
  (Driver info: chromedriver=2.30.477700 (0057494ad8732195794a7b32078424f92a5fce41),platform=Windows NT 10.0.14393 x86_64) (WARNING: The server did not provide any stacktrace information)
Command duration or timeout: 20.04 seconds
For documentation on this error, please visit: http://seleniumhq.org/exceptions/no_such_element.html
Build info: version: &apos;unknown&apos;, revision: &apos;unknown&apos;, time: &apos;unknown&apos;
System info: host: &apos;PC12159&apos;, ip: &apos;172.28.181.243&apos;, os.name: &apos;Windows 10&apos;, os.arch: &apos;amd64&apos;, os.version: &apos;10.0&apos;, java.version: &apos;1.8.0_144&apos;
Driver info: org.openqa.selenium.chrome.ChromeDriver
Capabilities [{applicationCacheEnabled=false, rotatable=false, mobileEmulationEnabled=false, networkConnectionEnabled=false, chrome={chromedriverVersion=2.30.477700 (0057494ad8732195794a7b32078424f92a5fce41), userDataDir=C:\Users\2712\AppData\Local\Temp\scoped_dir25304_15270}, takesHeapSnapshot=true, pageLoadStrategy=normal, databaseEnabled=false, handlesAlerts=true, hasTouchScreen=false, version=60.0.3112.113, platform=XP, browserConnectionEnabled=false, nativeEvents=true, acceptSslCerts=true, locationContextEnabled=true, webStorageEnabled=true, browserName=chrome, takesScreenshot=true, javascriptEnabled=true, cssSelectorsEnabled=true, unexpectedAlertBehaviour=}]
Session ID: da931ce72b4c60129cc6fc6abd6793cd
*** Element info: {Using=xpath, value=//*[@id=&quot;service-type-selector&quot;]//ul/li/div[text()=&apos;Road Express&apos;]}
	at org.openqa.selenium.remote.ErrorHandler.createThrowable(ErrorHandler.java:215)
	at org.openqa.selenium.remote.ErrorHandler.throwIfResponseFailed(ErrorHandler.java:167)
	at org.openqa.selenium.remote.RemoteWebDriver.execute(RemoteWebDriver.java:671)
	at org.openqa.selenium.remote.RemoteWebDriver.findElement(RemoteWebDriver.java:410)
	at org.openqa.selenium.remote.RemoteWebDriver.findElementByXPath(RemoteWebDriver.java:509)
	at org.openqa.selenium.By$ByXPath.findElement(By.java:361)
	at org.openqa.selenium.remote.RemoteWebDriver.findElement(RemoteWebDriver.java:402)
	at bookAPickupActions.BookAPickupActions.EnterService(BookAPickupActions.java:164)
	at bookAPickupE2ETests.TollIPECTest.BookAPickup_TollIPEC_E2ETest_TID_1032_Service_RoadExpress(TollIPECTest.java:55)
... Removed 29 stack frames
</div> <!-- stack-trace -->
                </div> <!-- method-content -->
              </div> <!-- method -->
            </div> <!-- main-panel-content rounded-window-bottom -->
          </div> <!-- suite-Suite-class-failed -->
          <div class="suite-Suite-class-failed">
            <div class="main-panel-header rounded-window-top">
              <img src="failed.png"/>
              <span class="class-name">bookAPickupE2ETests.TollPriorityNZTest</span>
            </div> <!-- main-panel-header rounded-window-top -->
            <div class="main-panel-content rounded-window-bottom">
              <div class="method">
                <div class="method-content">
                  <a name="BookAPickup_TollPriority_NZ_E2ETest_TID_619">
                  </a> <!-- BookAPickup_TollPriority_NZ_E2ETest_TID_619 -->
                  <span class="method-name">BookAPickup_TollPriority_NZ_E2ETest_TID_619</span>
                  <div class="stack-trace">org.openqa.selenium.NoSuchElementException: no such element: Unable to locate element: {&quot;method&quot;:&quot;xpath&quot;,&quot;selector&quot;:&quot;//*[@id=&quot;account-selector&quot;]/label/a/i&quot;}
  (Session info: chrome=60.0.3112.113)
  (Driver info: chromedriver=2.30.477700 (0057494ad8732195794a7b32078424f92a5fce41),platform=Windows NT 10.0.14393 x86_64) (WARNING: The server did not provide any stacktrace information)
Command duration or timeout: 20.03 seconds
For documentation on this error, please visit: http://seleniumhq.org/exceptions/no_such_element.html
Build info: version: &apos;unknown&apos;, revision: &apos;unknown&apos;, time: &apos;unknown&apos;
System info: host: &apos;PC12159&apos;, ip: &apos;172.28.181.243&apos;, os.name: &apos;Windows 10&apos;, os.arch: &apos;amd64&apos;, os.version: &apos;10.0&apos;, java.version: &apos;1.8.0_144&apos;
Driver info: org.openqa.selenium.chrome.ChromeDriver
Capabilities [{applicationCacheEnabled=false, rotatable=false, mobileEmulationEnabled=false, networkConnectionEnabled=false, chrome={chromedriverVersion=2.30.477700 (0057494ad8732195794a7b32078424f92a5fce41), userDataDir=C:\Users\2712\AppData\Local\Temp\scoped_dir63932_12667}, takesHeapSnapshot=true, pageLoadStrategy=normal, databaseEnabled=false, handlesAlerts=true, hasTouchScreen=false, version=60.0.3112.113, platform=XP, browserConnectionEnabled=false, nativeEvents=true, acceptSslCerts=true, locationContextEnabled=true, webStorageEnabled=true, browserName=chrome, takesScreenshot=true, javascriptEnabled=true, cssSelectorsEnabled=true, unexpectedAlertBehaviour=}]
Session ID: bb92cf61aeef195aa626ea96a57e2a88
*** Element info: {Using=xpath, value=//*[@id=&quot;account-selector&quot;]/label/a/i}
	at org.openqa.selenium.remote.ErrorHandler.createThrowable(ErrorHandler.java:215)
	at org.openqa.selenium.remote.ErrorHandler.throwIfResponseFailed(ErrorHandler.java:167)
	at org.openqa.selenium.remote.RemoteWebDriver.execute(RemoteWebDriver.java:671)
	at org.openqa.selenium.remote.RemoteWebDriver.findElement(RemoteWebDriver.java:410)
	at org.openqa.selenium.remote.RemoteWebDriver.findElementByXPath(RemoteWebDriver.java:509)
	at org.openqa.selenium.By$ByXPath.findElement(By.java:361)
	at org.openqa.selenium.remote.RemoteWebDriver.findElement(RemoteWebDriver.java:402)
	at bookAPickupActions.BookAPickupActions.SelectAccountNumber1(BookAPickupActions.java:222)
	at bookAPickupE2ETests.TollPriorityNZTest.BookAPickup_TollPriority_NZ_E2ETest_TID_619(TollPriorityNZTest.java:34)
... Removed 29 stack frames
</div> <!-- stack-trace -->
                </div> <!-- method-content -->
              </div> <!-- method -->
              <div class="method">
                <div class="method-content">
                  <a name="BookAPickup_TollPriority_NZ_E2ETest_TID_619_VerifyDetails">
                  </a> <!-- BookAPickup_TollPriority_NZ_E2ETest_TID_619_VerifyDetails -->
                  <span class="method-name">BookAPickup_TollPriority_NZ_E2ETest_TID_619_VerifyDetails</span>
                  <div class="stack-trace">org.openqa.selenium.NoSuchElementException: no such element: Unable to locate element: {&quot;method&quot;:&quot;xpath&quot;,&quot;selector&quot;:&quot;//*[@id=&quot;account-selector&quot;]/label/a/i&quot;}
  (Session info: chrome=60.0.3112.113)
  (Driver info: chromedriver=2.30.477700 (0057494ad8732195794a7b32078424f92a5fce41),platform=Windows NT 10.0.14393 x86_64) (WARNING: The server did not provide any stacktrace information)
Command duration or timeout: 20.04 seconds
For documentation on this error, please visit: http://seleniumhq.org/exceptions/no_such_element.html
Build info: version: &apos;unknown&apos;, revision: &apos;unknown&apos;, time: &apos;unknown&apos;
System info: host: &apos;PC12159&apos;, ip: &apos;172.28.181.243&apos;, os.name: &apos;Windows 10&apos;, os.arch: &apos;amd64&apos;, os.version: &apos;10.0&apos;, java.version: &apos;1.8.0_144&apos;
Driver info: org.openqa.selenium.chrome.ChromeDriver
Capabilities [{applicationCacheEnabled=false, rotatable=false, mobileEmulationEnabled=false, networkConnectionEnabled=false, chrome={chromedriverVersion=2.30.477700 (0057494ad8732195794a7b32078424f92a5fce41), userDataDir=C:\Users\2712\AppData\Local\Temp\scoped_dir39708_10270}, takesHeapSnapshot=true, pageLoadStrategy=normal, databaseEnabled=false, handlesAlerts=true, hasTouchScreen=false, version=60.0.3112.113, platform=XP, browserConnectionEnabled=false, nativeEvents=true, acceptSslCerts=true, locationContextEnabled=true, webStorageEnabled=true, browserName=chrome, takesScreenshot=true, javascriptEnabled=true, cssSelectorsEnabled=true, unexpectedAlertBehaviour=}]
Session ID: f1b4821b8b61a97616c8b3e18bd19ce7
*** Element info: {Using=xpath, value=//*[@id=&quot;account-selector&quot;]/label/a/i}
	at org.openqa.selenium.remote.ErrorHandler.createThrowable(ErrorHandler.java:215)
	at org.openqa.selenium.remote.ErrorHandler.throwIfResponseFailed(ErrorHandler.java:167)
	at org.openqa.selenium.remote.RemoteWebDriver.execute(RemoteWebDriver.java:671)
	at org.openqa.selenium.remote.RemoteWebDriver.findElement(RemoteWebDriver.java:410)
	at org.openqa.selenium.remote.RemoteWebDriver.findElementByXPath(RemoteWebDriver.java:509)
	at org.openqa.selenium.By$ByXPath.findElement(By.java:361)
	at org.openqa.selenium.remote.RemoteWebDriver.findElement(RemoteWebDriver.java:402)
	at bookAPickupActions.BookAPickupActions.SelectAccountNumber1(BookAPickupActions.java:222)
	at bookAPickupE2ETests.TollPriorityNZTest.BookAPickup_TollPriority_NZ_E2ETest_TID_619_VerifyDetails(TollPriorityNZTest.java:78)
... Removed 29 stack frames
</div> <!-- stack-trace -->
                </div> <!-- method-content -->
              </div> <!-- method -->
            </div> <!-- main-panel-content rounded-window-bottom -->
          </div> <!-- suite-Suite-class-failed -->
          <div class="suite-Suite-class-failed">
            <div class="main-panel-header rounded-window-top">
              <img src="failed.png"/>
              <span class="class-name">bookAPickupE2ETests.TollPriorityAusTest</span>
            </div> <!-- main-panel-header rounded-window-top -->
            <div class="main-panel-content rounded-window-bottom">
              <div class="method">
                <div class="method-content">
                  <a name="BookAPickup_TollPriority_AUS_E2ETest_TID_620">
                  </a> <!-- BookAPickup_TollPriority_AUS_E2ETest_TID_620 -->
                  <span class="method-name">BookAPickup_TollPriority_AUS_E2ETest_TID_620</span>
                  <div class="stack-trace">org.openqa.selenium.WebDriverException: unknown error: Element &lt;i class=&quot;ico-arrow-down-green&quot;&gt;&lt;/i&gt; is not clickable at point (777, 212). Other element would receive the click: &lt;p class=&quot;error-message&quot;&gt;...&lt;/p&gt;
  (Session info: chrome=60.0.3112.113)
  (Driver info: chromedriver=2.30.477700 (0057494ad8732195794a7b32078424f92a5fce41),platform=Windows NT 10.0.14393 x86_64) (WARNING: The server did not provide any stacktrace information)
Command duration or timeout: 42 milliseconds
Build info: version: &apos;unknown&apos;, revision: &apos;unknown&apos;, time: &apos;unknown&apos;
System info: host: &apos;PC12159&apos;, ip: &apos;172.28.181.243&apos;, os.name: &apos;Windows 10&apos;, os.arch: &apos;amd64&apos;, os.version: &apos;10.0&apos;, java.version: &apos;1.8.0_144&apos;
Driver info: org.openqa.selenium.chrome.ChromeDriver
Capabilities [{applicationCacheEnabled=false, rotatable=false, mobileEmulationEnabled=false, networkConnectionEnabled=false, chrome={chromedriverVersion=2.30.477700 (0057494ad8732195794a7b32078424f92a5fce41), userDataDir=C:\Users\2712\AppData\Local\Temp\scoped_dir56808_27952}, takesHeapSnapshot=true, pageLoadStrategy=normal, databaseEnabled=false, handlesAlerts=true, hasTouchScreen=false, version=60.0.3112.113, platform=XP, browserConnectionEnabled=false, nativeEvents=true, acceptSslCerts=true, locationContextEnabled=true, webStorageEnabled=true, browserName=chrome, takesScreenshot=true, javascriptEnabled=true, cssSelectorsEnabled=true, unexpectedAlertBehaviour=}]
Session ID: 932ac01f6efc7331f7c208ef89e31bb8
	at org.openqa.selenium.remote.ErrorHandler.createThrowable(ErrorHandler.java:215)
	at org.openqa.selenium.remote.ErrorHandler.throwIfResponseFailed(ErrorHandler.java:167)
	at org.openqa.selenium.remote.RemoteWebDriver.execute(RemoteWebDriver.java:671)
	at org.openqa.selenium.remote.RemoteWebElement.execute(RemoteWebElement.java:272)
	at org.openqa.selenium.remote.RemoteWebElement.click(RemoteWebElement.java:82)
	at bookAPickupActions.BookAPickupActions.SelectAccountNumber1(BookAPickupActions.java:222)
	at bookAPickupE2ETests.TollPriorityAusTest.BookAPickup_TollPriority_AUS_E2ETest_TID_620(TollPriorityAusTest.java:35)
... Removed 29 stack frames
</div> <!-- stack-trace -->
                </div> <!-- method-content -->
              </div> <!-- method -->
            </div> <!-- main-panel-content rounded-window-bottom -->
          </div> <!-- suite-Suite-class-failed -->
          <div class="suite-Suite-class-skipped">
            <div class="main-panel-header rounded-window-top">
              <img src="skipped.png"/>
              <span class="class-name">bookAPickupE2ETests.TollIPECTest</span>
            </div> <!-- main-panel-header rounded-window-top -->
            <div class="main-panel-content rounded-window-bottom">
              <div class="method">
                <div class="method-content">
                  <a name="BookAPickup_TollIPEC_E2ETest_TID_1032_Service_RoadExpress_ConfirmedDetails">
                  </a> <!-- BookAPickup_TollIPEC_E2ETest_TID_1032_Service_RoadExpress_ConfirmedDetails -->
                  <span class="method-name">BookAPickup_TollIPEC_E2ETest_TID_1032_Service_RoadExpress_ConfirmedDetails</span>
                  <div class="stack-trace">org.openqa.selenium.WebDriverException: unknown error: Element &lt;a id=&quot;bookaPickup&quot; onclick=&quot;return checkValidation(&apos;bookaPickup&apos;)&quot; href=&quot;/group/guest/bookapickup&quot;&gt;...&lt;/a&gt; is not clickable at point (0, 0). Other element would receive the click: &lt;div class=&quot;page-header&quot;&gt;...&lt;/div&gt;
  (Session info: chrome=60.0.3112.113)
  (Driver info: chromedriver=2.30.477700 (0057494ad8732195794a7b32078424f92a5fce41),platform=Windows NT 10.0.14393 x86_64) (WARNING: The server did not provide any stacktrace information)
Command duration or timeout: 50 milliseconds
Build info: version: &apos;unknown&apos;, revision: &apos;unknown&apos;, time: &apos;unknown&apos;
System info: host: &apos;PC12159&apos;, ip: &apos;172.28.181.243&apos;, os.name: &apos;Windows 10&apos;, os.arch: &apos;amd64&apos;, os.version: &apos;10.0&apos;, java.version: &apos;1.8.0_144&apos;
Driver info: org.openqa.selenium.chrome.ChromeDriver
Capabilities [{applicationCacheEnabled=false, rotatable=false, mobileEmulationEnabled=false, networkConnectionEnabled=false, chrome={chromedriverVersion=2.30.477700 (0057494ad8732195794a7b32078424f92a5fce41), userDataDir=C:\Users\2712\AppData\Local\Temp\scoped_dir48988_3243}, takesHeapSnapshot=true, pageLoadStrategy=normal, databaseEnabled=false, handlesAlerts=true, hasTouchScreen=false, version=60.0.3112.113, platform=XP, browserConnectionEnabled=false, nativeEvents=true, acceptSslCerts=true, locationContextEnabled=true, webStorageEnabled=true, browserName=chrome, takesScreenshot=true, javascriptEnabled=true, cssSelectorsEnabled=true, unexpectedAlertBehaviour=}]
Session ID: 7cd624986b03cbbfa0d550a09b9af5ae
	at org.openqa.selenium.remote.ErrorHandler.createThrowable(ErrorHandler.java:215)
	at org.openqa.selenium.remote.ErrorHandler.throwIfResponseFailed(ErrorHandler.java:167)
	at org.openqa.selenium.remote.RemoteWebDriver.execute(RemoteWebDriver.java:671)
	at org.openqa.selenium.remote.RemoteWebElement.execute(RemoteWebElement.java:272)
	at org.openqa.selenium.remote.RemoteWebElement.click(RemoteWebElement.java:82)
	at myTollHomePageActions.MyTollHomePageActions.ClickBookAPIckupMenu(MyTollHomePageActions.java:52)
	at bookAPickupE2ETests.TollIPECTest.RunSetup(TollIPECTest.java:27)
... Removed 31 stack frames
</div> <!-- stack-trace -->
                </div> <!-- method-content -->
              </div> <!-- method -->
            </div> <!-- main-panel-content rounded-window-bottom -->
          </div> <!-- suite-Suite-class-skipped -->
        </div> <!-- panel Suite -->
        <div panel-name="test-xml-Suite" class="panel">
          <div class="main-panel-header rounded-window-top">
            <span class="header-content">C:\Source\MYTOLLTestAutomation\BookAPickup.xml</span>
          </div> <!-- main-panel-header rounded-window-top -->
          <div class="main-panel-content rounded-window-bottom">
            <pre>
&lt;?xml version=&quot;1.0&quot; encoding=&quot;UTF-8&quot;?&gt;
&lt;!DOCTYPE suite SYSTEM &quot;http://testng.org/testng-1.0.dtd&quot;&gt;
&lt;suite guice-stage=&quot;DEVELOPMENT&quot; name=&quot;Suite&quot;&gt;
  &lt;test name=&quot;chromeTest&quot;&gt;
    &lt;parameter name=&quot;Destination&quot; value=&quot;Melbo&quot;/&gt;
    &lt;parameter name=&quot;TollCarrierTollNQXTollExpress&quot; value=&quot;Toll NQX | Toll Express&quot;/&gt;
    &lt;parameter name=&quot;TollCarrierTollPrioNZ&quot; value=&quot;Toll Priority NZ&quot;/&gt;
    &lt;parameter name=&quot;pDgPkgQty&quot; value=&quot;50&quot;/&gt;
    &lt;parameter name=&quot;pDgQtyKg&quot; value=&quot;600&quot;/&gt;
    &lt;parameter name=&quot;ServiceRoadExpress&quot; value=&quot;Road Express&quot;/&gt;
    &lt;parameter name=&quot;ServiceDGRefrigerated&quot; value=&quot;DG Refrigerated&quot;/&gt;
    &lt;parameter name=&quot;ServiceRailDangerousGoods&quot; value=&quot;Rail Dangerous Goods&quot;/&gt;
    &lt;parameter name=&quot;palletSpace&quot; value=&quot;5&quot;/&gt;
    &lt;parameter name=&quot;ServiceRefrigeration&quot; value=&quot;Refrigeration&quot;/&gt;
    &lt;parameter name=&quot;bookInNum&quot; value=&quot;4567&quot;/&gt;
    &lt;parameter name=&quot;ItemTemplateName&quot; value=&quot;Automation Template1&quot;/&gt;
    &lt;parameter name=&quot;packageDescription&quot; value=&quot;Testing package Description&quot;/&gt;
    &lt;parameter name=&quot;lookupItem&quot; value=&quot;1&quot;/&gt;
    &lt;parameter name=&quot;temperatureLow&quot; value=&quot;10&quot;/&gt;
    &lt;parameter name=&quot;browser&quot; value=&quot;chrome&quot;/&gt;
    &lt;parameter name=&quot;ServiceDGExpress&quot; value=&quot;DG Express&quot;/&gt;
    &lt;parameter name=&quot;Height&quot; value=&quot;300&quot;/&gt;
    &lt;parameter name=&quot;TollCarrierTollIntermodal&quot; value=&quot;Toll Intermodal&quot;/&gt;
    &lt;parameter name=&quot;ServiceExpress&quot; value=&quot;Express&quot;/&gt;
    &lt;parameter name=&quot;vendorNum&quot; value=&quot;4567&quot;/&gt;
    &lt;parameter name=&quot;TollCarrierTollTasmania&quot; value=&quot;Toll Tasmania&quot;/&gt;
    &lt;parameter name=&quot;Width&quot; value=&quot;200&quot;/&gt;
    &lt;parameter name=&quot;email&quot; value=&quot;superuser@gmail.com&quot;/&gt;
    &lt;parameter name=&quot;lookupName&quot; value=&quot;1234&quot;/&gt;
    &lt;parameter name=&quot;TollCarrierTollIPEC&quot; value=&quot;TollIPEC&quot;/&gt;
    &lt;parameter name=&quot;GlobalExpressDocumentsItem&quot; value=&quot;Global Express Documents&quot;/&gt;
    &lt;parameter name=&quot;ServiceDGFreight&quot; value=&quot;DGFreight&quot;/&gt;
    &lt;parameter name=&quot;ServiceDangerousGoods&quot; value=&quot;Dangerous Goods&quot;/&gt;
    &lt;parameter name=&quot;refrigerationRefNum&quot; value=&quot;1234&quot;/&gt;
    &lt;parameter name=&quot;locationIndex&quot; value=&quot;4&quot;/&gt;
    &lt;parameter name=&quot;ServiceGeneral&quot; value=&quot;General&quot;/&gt;
    &lt;parameter name=&quot;Weight&quot; value=&quot;900&quot;/&gt;
    &lt;parameter name=&quot;temperatureHigh&quot; value=&quot;20&quot;/&gt;
    &lt;parameter name=&quot;NumberOfItems&quot; value=&quot;15&quot;/&gt;
    &lt;parameter name=&quot;Length&quot; value=&quot;100&quot;/&gt;
    &lt;parameter name=&quot;specialIns&quot; value=&quot;special instructions test&quot;/&gt;
    &lt;parameter name=&quot;TollCarrierTollPrioAU&quot; value=&quot;Toll Priority (Aus)&quot;/&gt;
    &lt;classes&gt;
      &lt;class name=&quot;bookAPickupE2ETests.Toll_IntermodalTest&quot;/&gt;
      &lt;class name=&quot;bookAPickupE2ETests.TollPriorityAusTest&quot;/&gt;
      &lt;class name=&quot;bookAPickupE2ETests.TollPriorityNZTest&quot;/&gt;
      &lt;class name=&quot;bookAPickupE2ETests.TollIPECTest&quot;/&gt;
      &lt;class name=&quot;bookAPickupE2ETests.TollNQXTollExpressTest&quot;/&gt;
      &lt;class name=&quot;bookAPickupE2ETests.TollTasmaniaTest&quot;/&gt;
    &lt;/classes&gt;
  &lt;/test&gt; &lt;!-- chromeTest --&gt;
&lt;/suite&gt; &lt;!-- Suite --&gt;
            </pre>
          </div> <!-- main-panel-content rounded-window-bottom -->
        </div> <!-- panel -->
        <div panel-name="testlist-Suite" class="panel">
          <div class="main-panel-header rounded-window-top">
            <span class="header-content">Tests for Suite</span>
          </div> <!-- main-panel-header rounded-window-top -->
          <div class="main-panel-content rounded-window-bottom">
            <ul>
              <li>
                <span class="test-name">chromeTest (6 classes)</span>
              </li>
            </ul>
          </div> <!-- main-panel-content rounded-window-bottom -->
        </div> <!-- panel -->
        <div panel-name="group-Suite" class="panel">
          <div class="main-panel-header rounded-window-top">
            <span class="header-content">Groups for Suite</span>
          </div> <!-- main-panel-header rounded-window-top -->
          <div class="main-panel-content rounded-window-bottom">
          </div> <!-- main-panel-content rounded-window-bottom -->
        </div> <!-- panel -->
        <div panel-name="times-Suite" class="panel">
          <div class="main-panel-header rounded-window-top">
            <span class="header-content">Times for Suite</span>
          </div> <!-- main-panel-header rounded-window-top -->
          <div class="main-panel-content rounded-window-bottom">
            <div class="times-div">
              <script type="text/javascript">
suiteTableInitFunctions.push('tableData_Suite');
function tableData_Suite() {
var data = new google.visualization.DataTable();
data.addColumn('number', 'Number');
data.addColumn('string', 'Method');
data.addColumn('string', 'Class');
data.addColumn('number', 'Time (ms)');
data.addRows(5);
data.setCell(0, 0, 0)
data.setCell(0, 1, 'BookAPickup_TollPriority_NZ_E2ETest_TID_619_VerifyDetails')
data.setCell(0, 2, 'bookAPickupE2ETests.TollPriorityNZTest')
data.setCell(0, 3, 35360);
data.setCell(1, 0, 1)
data.setCell(1, 1, 'BookAPickup_TollPriority_NZ_E2ETest_TID_619')
data.setCell(1, 2, 'bookAPickupE2ETests.TollPriorityNZTest')
data.setCell(1, 3, 35307);
data.setCell(2, 0, 2)
data.setCell(2, 1, 'BookAPickup_TollIPEC_E2ETest_TID_1032_Service_RoadExpress')
data.setCell(2, 2, 'bookAPickupE2ETests.TollIPECTest')
data.setCell(2, 3, 32857);
data.setCell(3, 0, 3)
data.setCell(3, 1, 'BookAPickup_TollPriority_AUS_E2ETest_TID_620')
data.setCell(3, 2, 'bookAPickupE2ETests.TollPriorityAusTest')
data.setCell(3, 3, 15412);
data.setCell(4, 0, 4)
data.setCell(4, 1, 'BookAPickup_TollIPEC_E2ETest_TID_1032_Service_RoadExpress_ConfirmedDetails')
data.setCell(4, 2, 'bookAPickupE2ETests.TollIPECTest')
data.setCell(4, 3, 1);
window.suiteTableData['Suite']= { tableData: data, tableDiv: 'times-div-Suite'}
return data;
}
              </script>
              <span class="suite-total-time">Total running time: 1 minutes</span>
              <div id="times-div-Suite">
              </div> <!-- times-div-Suite -->
            </div> <!-- times-div -->
          </div> <!-- main-panel-content rounded-window-bottom -->
        </div> <!-- panel -->
        <div panel-name="reporter-Suite" class="panel">
          <div class="main-panel-header rounded-window-top">
            <span class="header-content">Reporter output for Suite</span>
          </div> <!-- main-panel-header rounded-window-top -->
          <div class="main-panel-content rounded-window-bottom">
          </div> <!-- main-panel-content rounded-window-bottom -->
        </div> <!-- panel -->
        <div panel-name="ignored-methods-Suite" class="panel">
          <div class="main-panel-header rounded-window-top">
            <span class="header-content">0 ignored methods</span>
          </div> <!-- main-panel-header rounded-window-top -->
          <div class="main-panel-content rounded-window-bottom">
          </div> <!-- main-panel-content rounded-window-bottom -->
        </div> <!-- panel -->
        <div panel-name="chronological-Suite" class="panel">
          <div class="main-panel-header rounded-window-top">
            <span class="header-content">Methods in chronological order</span>
          </div> <!-- main-panel-header rounded-window-top -->
          <div class="main-panel-content rounded-window-bottom">
            <div class="chronological-class">
              <div class="chronological-class-name">bookAPickupE2ETests.TollPriorityAusTest</div> <!-- chronological-class-name -->
              <div class="configuration-method before">
                <span class="method-name">RunSetup</span>
                <span class="method-start">0 ms</span>
              </div> <!-- configuration-method before -->
              <div class="test-method">
                <img src="failed.png">
                </img>
                <span class="method-name">BookAPickup_TollPriority_AUS_E2ETest_TID_620</span>
                <span class="method-start">34870 ms</span>
              </div> <!-- test-method -->
              <div class="configuration-method after">
                <span class="method-name">RunTearDown</span>
                <span class="method-start">50285 ms</span>
              </div> <!-- configuration-method after -->
            </div> <!-- chronological-class -->
            <div class="chronological-class">
              <div class="chronological-class-name">bookAPickupE2ETests.TollPriorityNZTest</div> <!-- chronological-class-name -->
              <div class="configuration-method before">
                <span class="method-name">RunSetup</span>
                <span class="method-start">50287 ms</span>
              </div> <!-- configuration-method before -->
              <div class="test-method">
                <img src="failed.png">
                </img>
                <span class="method-name">BookAPickup_TollPriority_NZ_E2ETest_TID_619</span>
                <span class="method-start">81618 ms</span>
              </div> <!-- test-method -->
              <div class="configuration-method after">
                <span class="method-name">RunTearDown</span>
                <span class="method-start">116927 ms</span>
              </div> <!-- configuration-method after -->
              <div class="configuration-method before">
                <span class="method-name">RunSetup</span>
                <span class="method-start">116928 ms</span>
              </div> <!-- configuration-method before -->
              <div class="test-method">
                <img src="failed.png">
                </img>
                <span class="method-name">BookAPickup_TollPriority_NZ_E2ETest_TID_619_VerifyDetails</span>
                <span class="method-start">150347 ms</span>
              </div> <!-- test-method -->
              <div class="configuration-method after">
                <span class="method-name">RunTearDown</span>
                <span class="method-start">185708 ms</span>
              </div> <!-- configuration-method after -->
            </div> <!-- chronological-class -->
            <div class="chronological-class">
              <div class="chronological-class-name">bookAPickupE2ETests.TollIPECTest</div> <!-- chronological-class-name -->
              <div class="configuration-method before">
                <span class="method-name">RunSetup</span>
                <span class="method-start">185714 ms</span>
              </div> <!-- configuration-method before -->
              <div class="test-method">
                <img src="failed.png">
                </img>
                <span class="method-name">BookAPickup_TollIPEC_E2ETest_TID_1032_Service_RoadExpress(Toll Intermodal, Road Express, 4, Automation Template1, 15, 100, 200, 300, 900, 5, Melbo, special in...)</span>
                <span class="method-start">227002 ms</span>
              </div> <!-- test-method -->
              <div class="configuration-method after">
                <span class="method-name">RunTearDown</span>
                <span class="method-start">259861 ms</span>
              </div> <!-- configuration-method after -->
              <div class="configuration-method before">
                <img src="failed.png">
                </img>
                <span class="method-name">RunSetup</span>
                <span class="method-start">259862 ms</span>
              </div> <!-- configuration-method before -->
          </div> <!-- main-panel-content rounded-window-bottom -->
        </div> <!-- panel -->
      </div> <!-- main-panel-root -->
    </div> <!-- wrapper -->
  </body>
</html>
