<?xml version="1.0" encoding="UTF-8"?>
<testng-results skipped="0" failed="9" ignored="0" total="9" passed="0">
  <reporter-output>
  </reporter-output>
  <suite name="Suite" duration-ms="587936" started-at="2017-09-26T06:57:21Z" finished-at="2017-09-26T07:07:09Z">
    <groups>
    </groups>
    <test name="createShipmentE2ETests.TollNQXTollExpressTests.CreateShipment_TollNQXTollEXpress_E2ETest_TID_920_Service_General" duration-ms="587936" started-at="2017-09-26T06:57:21Z" finished-at="2017-09-26T07:07:09Z">
      <class name="createShipmentE2ETests.TollNQXTollExpressTests">
        <test-method status="PASS" signature="RunSetup()[pri:0, instance:createShipmentE2ETests.TollNQXTollExpressTests@29774679]" name="RunSetup" is-config="true" duration-ms="33226" started-at="2017-09-26T16:57:21Z" finished-at="2017-09-26T16:57:55Z">
          <reporter-output>
          </reporter-output>
        </test-method> <!-- RunSetup -->
        <test-method status="FAIL" signature="CreateShipment_TollNQXTollEXpress_E2ETest_TID_920_Service_General(java.lang.String, java.lang.String, java.lang.Integer, java.lang.Integer, java.lang.Integer, java.lang.Integer, java.lang.String, java.lang.Integer, java.lang.Integer, java.lang.String, java.lang.String, java.lang.String, java.lang.String, java.lang.String, java.lang.String, java.lang.String, java.lang.String, java.lang.String, java.lang.String, java.lang.String, java.lang.Integer, java.lang.Integer, java.lang.Integer, java.lang.String, java.lang.Integer, java.lang.String, java.lang.String, java.lang.String, java.lang.String, java.lang.String, java.lang.String, java.lang.String, java.lang.String, java.lang.String, java.lang.String, java.lang.String, java.lang.String, java.lang.String, java.lang.String, java.lang.String, java.lang.String, java.lang.String, java.lang.String, java.lang.String, java.lang.String, java.lang.String)[pri:1, instance:createShipmentE2ETests.TollNQXTollExpressTests@29774679]" name="CreateShipment_TollNQXTollEXpress_E2ETest_TID_920_Service_General" duration-ms="58015" started-at="2017-09-26T16:57:55Z" finished-at="2017-09-26T16:58:53Z">
          <params>
            <param index="0">
              <value>
                <![CDATA[Toll NQX | Toll Express]]>
              </value>
            </param>
            <param index="1">
              <value>
                <![CDATA[General]]>
              </value>
            </param>
            <param index="2">
              <value>
                <![CDATA[1]]>
              </value>
            </param>
            <param index="3">
              <value>
                <![CDATA[1]]>
              </value>
            </param>
            <param index="4">
              <value>
                <![CDATA[2]]>
              </value>
            </param>
            <param index="5">
              <value>
                <![CDATA[1]]>
              </value>
            </param>
            <param index="6">
              <value>
                <![CDATA[5123355]]>
              </value>
            </param>
            <param index="7">
              <value>
                <![CDATA[1]]>
              </value>
            </param>
            <param index="8">
              <value>
                <![CDATA[2]]>
              </value>
            </param>
            <param index="9">
              <value>
                <![CDATA[Dadd]]>
              </value>
            </param>
            <param index="10">
              <value>
                <![CDATA[jagdish.khera@hcl.com]]>
              </value>
            </param>
            <param index="11">
              <value>
                <![CDATA[ajay.karol@gmail.com]]>
              </value>
            </param>
            <param index="12">
              <value>
                <![CDATA[012345]]>
              </value>
            </param>
            <param index="13">
              <value>
                <![CDATA[567879]]>
              </value>
            </param>
            <param index="14">
              <value>
                <![CDATA[Automation Template1]]>
              </value>
            </param>
            <param index="15">
              <value>
                <![CDATA[15]]>
              </value>
            </param>
            <param index="16">
              <value>
                <![CDATA[100]]>
              </value>
            </param>
            <param index="17">
              <value>
                <![CDATA[200]]>
              </value>
            </param>
            <param index="18">
              <value>
                <![CDATA[300]]>
              </value>
            </param>
            <param index="19">
              <value>
                <![CDATA[900]]>
              </value>
            </param>
            <param index="20">
              <value>
                <![CDATA[1]]>
              </value>
            </param>
            <param index="21">
              <value>
                <![CDATA[2]]>
              </value>
            </param>
            <param index="22">
              <value>
                <![CDATA[1]]>
              </value>
            </param>
            <param index="23">
              <value>
                <![CDATA[Test Special Ins]]>
              </value>
            </param>
            <param index="24">
              <value>
                <![CDATA[2]]>
              </value>
            </param>
            <param index="25">
              <value>
                <![CDATA[1234]]>
              </value>
            </param>
            <param index="26">
              <value>
                <![CDATA[Test PackageDescription]]>
              </value>
            </param>
            <param index="27">
              <value>
                <![CDATA[20]]>
              </value>
            </param>
            <param index="28">
              <value>
                <![CDATA[10]]>
              </value>
            </param>
            <param index="29">
              <value>
                <![CDATA[1234]]>
              </value>
            </param>
            <param index="30">
              <value>
                <![CDATA[4124]]>
              </value>
            </param>
            <param index="31">
              <value>
                <![CDATA[2345]]>
              </value>
            </param>
            <param index="32">
              <value>
                <![CDATA[7891]]>
              </value>
            </param>
            <param index="33">
              <value>
                <![CDATA[5671]]>
              </value>
            </param>
            <param index="34">
              <value>
                <![CDATA[6541]]>
              </value>
            </param>
            <param index="35">
              <value>
                <![CDATA[3451]]>
              </value>
            </param>
            <param index="36">
              <value>
                <![CDATA[3451]]>
              </value>
            </param>
            <param index="37">
              <value>
                <![CDATA[0123]]>
              </value>
            </param>
            <param index="38">
              <value>
                <![CDATA[5678]]>
              </value>
            </param>
            <param index="39">
              <value>
                <![CDATA[5123]]>
              </value>
            </param>
            <param index="40">
              <value>
                <![CDATA[1111]]>
              </value>
            </param>
            <param index="41">
              <value>
                <![CDATA[2222]]>
              </value>
            </param>
            <param index="42">
              <value>
                <![CDATA[3333]]>
              </value>
            </param>
            <param index="43">
              <value>
                <![CDATA[1598]]>
              </value>
            </param>
            <param index="44">
              <value>
                <![CDATA[Abcd1234]]>
              </value>
            </param>
            <param index="45">
              <value>
                <![CDATA[5000]]>
              </value>
            </param>
          </params>
          <exception class="org.openqa.selenium.ElementNotVisibleException">
            <message>
              <![CDATA[element not visible
  (Session info: chrome=60.0.3112.113)
  (Driver info: chromedriver=2.30.477700 (0057494ad8732195794a7b32078424f92a5fce41),platform=Windows NT 10.0.14393 x86_64) (WARNING: The server did not provide any stacktrace information)
Command duration or timeout: 21 milliseconds
Build info: version: 'unknown', revision: 'unknown', time: 'unknown'
System info: host: 'PC12159', ip: '172.28.181.243', os.name: 'Windows 10', os.arch: 'amd64', os.version: '10.0', java.version: '1.8.0_144'
Driver info: org.openqa.selenium.chrome.ChromeDriver
Capabilities [{applicationCacheEnabled=false, rotatable=false, mobileEmulationEnabled=false, networkConnectionEnabled=false, chrome={chromedriverVersion=2.30.477700 (0057494ad8732195794a7b32078424f92a5fce41), userDataDir=C:\Users\2712\AppData\Local\Temp\scoped_dir49212_30331}, takesHeapSnapshot=true, pageLoadStrategy=normal, databaseEnabled=false, handlesAlerts=true, hasTouchScreen=false, version=60.0.3112.113, platform=XP, browserConnectionEnabled=false, nativeEvents=true, acceptSslCerts=true, locationContextEnabled=true, webStorageEnabled=true, browserName=chrome, takesScreenshot=true, javascriptEnabled=true, cssSelectorsEnabled=true, unexpectedAlertBehaviour=}]
Session ID: 6cbbb3fdd92e791dbbbb6f687d84994a]]>
            </message>
            <full-stacktrace>
              <![CDATA[org.openqa.selenium.ElementNotVisibleException: element not visible
  (Session info: chrome=60.0.3112.113)
  (Driver info: chromedriver=2.30.477700 (0057494ad8732195794a7b32078424f92a5fce41),platform=Windows NT 10.0.14393 x86_64) (WARNING: The server did not provide any stacktrace information)
Command duration or timeout: 21 milliseconds
Build info: version: 'unknown', revision: 'unknown', time: 'unknown'
System info: host: 'PC12159', ip: '172.28.181.243', os.name: 'Windows 10', os.arch: 'amd64', os.version: '10.0', java.version: '1.8.0_144'
Driver info: org.openqa.selenium.chrome.ChromeDriver
Capabilities [{applicationCacheEnabled=false, rotatable=false, mobileEmulationEnabled=false, networkConnectionEnabled=false, chrome={chromedriverVersion=2.30.477700 (0057494ad8732195794a7b32078424f92a5fce41), userDataDir=C:\Users\2712\AppData\Local\Temp\scoped_dir49212_30331}, takesHeapSnapshot=true, pageLoadStrategy=normal, databaseEnabled=false, handlesAlerts=true, hasTouchScreen=false, version=60.0.3112.113, platform=XP, browserConnectionEnabled=false, nativeEvents=true, acceptSslCerts=true, locationContextEnabled=true, webStorageEnabled=true, browserName=chrome, takesScreenshot=true, javascriptEnabled=true, cssSelectorsEnabled=true, unexpectedAlertBehaviour=}]
Session ID: 6cbbb3fdd92e791dbbbb6f687d84994a
	at sun.reflect.NativeConstructorAccessorImpl.newInstance0(Native Method)
	at sun.reflect.NativeConstructorAccessorImpl.newInstance(Unknown Source)
	at sun.reflect.DelegatingConstructorAccessorImpl.newInstance(Unknown Source)
	at java.lang.reflect.Constructor.newInstance(Unknown Source)
	at org.openqa.selenium.remote.ErrorHandler.createThrowable(ErrorHandler.java:215)
	at org.openqa.selenium.remote.ErrorHandler.throwIfResponseFailed(ErrorHandler.java:167)
	at org.openqa.selenium.remote.RemoteWebDriver.execute(RemoteWebDriver.java:671)
	at org.openqa.selenium.remote.RemoteWebElement.execute(RemoteWebElement.java:272)
	at org.openqa.selenium.remote.RemoteWebElement.click(RemoteWebElement.java:82)
	at createShipmentActions.CreateShipmentActions.SelectBillingType(CreateShipmentActions.java:258)
	at createShipmentE2ETests.TollNQXTollExpressTests.CreateShipment_TollNQXTollEXpress_E2ETest_TID_920_Service_General(TollNQXTollExpressTests.java:68)
	at sun.reflect.NativeMethodAccessorImpl.invoke0(Native Method)
	at sun.reflect.NativeMethodAccessorImpl.invoke(Unknown Source)
	at sun.reflect.DelegatingMethodAccessorImpl.invoke(Unknown Source)
	at java.lang.reflect.Method.invoke(Unknown Source)
	at org.testng.internal.MethodInvocationHelper.invokeMethod(MethodInvocationHelper.java:108)
	at org.testng.internal.Invoker.invokeMethod(Invoker.java:669)
	at org.testng.internal.Invoker.invokeTestMethod(Invoker.java:877)
	at org.testng.internal.Invoker.invokeTestMethods(Invoker.java:1201)
	at org.testng.internal.TestMethodWorker.invokeTestMethods(TestMethodWorker.java:125)
	at org.testng.internal.TestMethodWorker.run(TestMethodWorker.java:109)
	at org.testng.TestRunner.privateRun(TestRunner.java:776)
	at org.testng.TestRunner.run(TestRunner.java:634)
	at org.testng.SuiteRunner.runTest(SuiteRunner.java:425)
	at org.testng.SuiteRunner.runSequentially(SuiteRunner.java:420)
	at org.testng.SuiteRunner.privateRun(SuiteRunner.java:385)
	at org.testng.SuiteRunner.run(SuiteRunner.java:334)
	at org.testng.SuiteRunnerWorker.runSuite(SuiteRunnerWorker.java:52)
	at org.testng.SuiteRunnerWorker.run(SuiteRunnerWorker.java:86)
	at org.testng.TestNG.runSuitesSequentially(TestNG.java:1318)
	at org.testng.TestNG.runSuitesLocally(TestNG.java:1243)
	at org.testng.TestNG.runSuites(TestNG.java:1161)
	at org.testng.TestNG.run(TestNG.java:1129)
	at org.testng.remote.AbstractRemoteTestNG.run(AbstractRemoteTestNG.java:114)
	at org.testng.remote.RemoteTestNG.initAndRun(RemoteTestNG.java:251)
	at org.testng.remote.RemoteTestNG.main(RemoteTestNG.java:77)
]]>
            </full-stacktrace>
          </exception> <!-- org.openqa.selenium.ElementNotVisibleException -->
          <reporter-output>
          </reporter-output>
        </test-method> <!-- CreateShipment_TollNQXTollEXpress_E2ETest_TID_920_Service_General -->
        <test-method status="PASS" signature="RunSetup()[pri:0, instance:createShipmentE2ETests.TollNQXTollExpressTests@29774679]" name="RunSetup" is-config="true" duration-ms="31200" started-at="2017-09-26T16:58:53Z" finished-at="2017-09-26T16:59:24Z">
          <reporter-output>
          </reporter-output>
        </test-method> <!-- RunSetup -->
        <test-method status="FAIL" signature="CreateShipment_TollNQXTollEXpress_E2ETest_TID_920_Service_Express(java.lang.String, java.lang.String, java.lang.Integer, java.lang.Integer, java.lang.Integer, java.lang.Integer, java.lang.String, java.lang.Integer, java.lang.Integer, java.lang.String, java.lang.String, java.lang.String, java.lang.String, java.lang.String, java.lang.String, java.lang.String, java.lang.String, java.lang.String, java.lang.String, java.lang.String, java.lang.Integer, java.lang.Integer, java.lang.Integer, java.lang.String, java.lang.Integer, java.lang.String, java.lang.String, java.lang.String, java.lang.String, java.lang.String, java.lang.String, java.lang.String, java.lang.String, java.lang.String, java.lang.String, java.lang.String, java.lang.String, java.lang.String, java.lang.String, java.lang.String, java.lang.String, java.lang.String, java.lang.String, java.lang.String, java.lang.String, java.lang.String)[pri:2, instance:createShipmentE2ETests.TollNQXTollExpressTests@29774679]" name="CreateShipment_TollNQXTollEXpress_E2ETest_TID_920_Service_Express" duration-ms="58048" started-at="2017-09-26T16:59:24Z" finished-at="2017-09-26T17:00:22Z">
          <params>
            <param index="0">
              <value>
                <![CDATA[Toll NQX | Toll Express]]>
              </value>
            </param>
            <param index="1">
              <value>
                <![CDATA[Express]]>
              </value>
            </param>
            <param index="2">
              <value>
                <![CDATA[1]]>
              </value>
            </param>
            <param index="3">
              <value>
                <![CDATA[1]]>
              </value>
            </param>
            <param index="4">
              <value>
                <![CDATA[2]]>
              </value>
            </param>
            <param index="5">
              <value>
                <![CDATA[1]]>
              </value>
            </param>
            <param index="6">
              <value>
                <![CDATA[5123355]]>
              </value>
            </param>
            <param index="7">
              <value>
                <![CDATA[1]]>
              </value>
            </param>
            <param index="8">
              <value>
                <![CDATA[2]]>
              </value>
            </param>
            <param index="9">
              <value>
                <![CDATA[Dadd]]>
              </value>
            </param>
            <param index="10">
              <value>
                <![CDATA[jagdish.khera@hcl.com]]>
              </value>
            </param>
            <param index="11">
              <value>
                <![CDATA[ajay.karol@gmail.com]]>
              </value>
            </param>
            <param index="12">
              <value>
                <![CDATA[012345]]>
              </value>
            </param>
            <param index="13">
              <value>
                <![CDATA[567879]]>
              </value>
            </param>
            <param index="14">
              <value>
                <![CDATA[Automation Template1]]>
              </value>
            </param>
            <param index="15">
              <value>
                <![CDATA[15]]>
              </value>
            </param>
            <param index="16">
              <value>
                <![CDATA[100]]>
              </value>
            </param>
            <param index="17">
              <value>
                <![CDATA[200]]>
              </value>
            </param>
            <param index="18">
              <value>
                <![CDATA[300]]>
              </value>
            </param>
            <param index="19">
              <value>
                <![CDATA[900]]>
              </value>
            </param>
            <param index="20">
              <value>
                <![CDATA[1]]>
              </value>
            </param>
            <param index="21">
              <value>
                <![CDATA[2]]>
              </value>
            </param>
            <param index="22">
              <value>
                <![CDATA[1]]>
              </value>
            </param>
            <param index="23">
              <value>
                <![CDATA[Test Special Ins]]>
              </value>
            </param>
            <param index="24">
              <value>
                <![CDATA[2]]>
              </value>
            </param>
            <param index="25">
              <value>
                <![CDATA[1234]]>
              </value>
            </param>
            <param index="26">
              <value>
                <![CDATA[Test PackageDescription]]>
              </value>
            </param>
            <param index="27">
              <value>
                <![CDATA[20]]>
              </value>
            </param>
            <param index="28">
              <value>
                <![CDATA[10]]>
              </value>
            </param>
            <param index="29">
              <value>
                <![CDATA[1234]]>
              </value>
            </param>
            <param index="30">
              <value>
                <![CDATA[4124]]>
              </value>
            </param>
            <param index="31">
              <value>
                <![CDATA[2345]]>
              </value>
            </param>
            <param index="32">
              <value>
                <![CDATA[7891]]>
              </value>
            </param>
            <param index="33">
              <value>
                <![CDATA[5671]]>
              </value>
            </param>
            <param index="34">
              <value>
                <![CDATA[6541]]>
              </value>
            </param>
            <param index="35">
              <value>
                <![CDATA[3451]]>
              </value>
            </param>
            <param index="36">
              <value>
                <![CDATA[3451]]>
              </value>
            </param>
            <param index="37">
              <value>
                <![CDATA[0123]]>
              </value>
            </param>
            <param index="38">
              <value>
                <![CDATA[5678]]>
              </value>
            </param>
            <param index="39">
              <value>
                <![CDATA[5123]]>
              </value>
            </param>
            <param index="40">
              <value>
                <![CDATA[1111]]>
              </value>
            </param>
            <param index="41">
              <value>
                <![CDATA[2222]]>
              </value>
            </param>
            <param index="42">
              <value>
                <![CDATA[3333]]>
              </value>
            </param>
            <param index="43">
              <value>
                <![CDATA[1598]]>
              </value>
            </param>
            <param index="44">
              <value>
                <![CDATA[Abcd1234]]>
              </value>
            </param>
            <param index="45">
              <value>
                <![CDATA[5000]]>
              </value>
            </param>
          </params>
          <exception class="org.openqa.selenium.ElementNotVisibleException">
            <message>
              <![CDATA[element not visible
  (Session info: chrome=60.0.3112.113)
  (Driver info: chromedriver=2.30.477700 (0057494ad8732195794a7b32078424f92a5fce41),platform=Windows NT 10.0.14393 x86_64) (WARNING: The server did not provide any stacktrace information)
Command duration or timeout: 26 milliseconds
Build info: version: 'unknown', revision: 'unknown', time: 'unknown'
System info: host: 'PC12159', ip: '172.28.181.243', os.name: 'Windows 10', os.arch: 'amd64', os.version: '10.0', java.version: '1.8.0_144'
Driver info: org.openqa.selenium.chrome.ChromeDriver
Capabilities [{applicationCacheEnabled=false, rotatable=false, mobileEmulationEnabled=false, networkConnectionEnabled=false, chrome={chromedriverVersion=2.30.477700 (0057494ad8732195794a7b32078424f92a5fce41), userDataDir=C:\Users\2712\AppData\Local\Temp\scoped_dir54840_967}, takesHeapSnapshot=true, pageLoadStrategy=normal, databaseEnabled=false, handlesAlerts=true, hasTouchScreen=false, version=60.0.3112.113, platform=XP, browserConnectionEnabled=false, nativeEvents=true, acceptSslCerts=true, locationContextEnabled=true, webStorageEnabled=true, browserName=chrome, takesScreenshot=true, javascriptEnabled=true, cssSelectorsEnabled=true, unexpectedAlertBehaviour=}]
Session ID: 3a1127865a3a367067033330418e6041]]>
            </message>
            <full-stacktrace>
              <![CDATA[org.openqa.selenium.ElementNotVisibleException: element not visible
  (Session info: chrome=60.0.3112.113)
  (Driver info: chromedriver=2.30.477700 (0057494ad8732195794a7b32078424f92a5fce41),platform=Windows NT 10.0.14393 x86_64) (WARNING: The server did not provide any stacktrace information)
Command duration or timeout: 26 milliseconds
Build info: version: 'unknown', revision: 'unknown', time: 'unknown'
System info: host: 'PC12159', ip: '172.28.181.243', os.name: 'Windows 10', os.arch: 'amd64', os.version: '10.0', java.version: '1.8.0_144'
Driver info: org.openqa.selenium.chrome.ChromeDriver
Capabilities [{applicationCacheEnabled=false, rotatable=false, mobileEmulationEnabled=false, networkConnectionEnabled=false, chrome={chromedriverVersion=2.30.477700 (0057494ad8732195794a7b32078424f92a5fce41), userDataDir=C:\Users\2712\AppData\Local\Temp\scoped_dir54840_967}, takesHeapSnapshot=true, pageLoadStrategy=normal, databaseEnabled=false, handlesAlerts=true, hasTouchScreen=false, version=60.0.3112.113, platform=XP, browserConnectionEnabled=false, nativeEvents=true, acceptSslCerts=true, locationContextEnabled=true, webStorageEnabled=true, browserName=chrome, takesScreenshot=true, javascriptEnabled=true, cssSelectorsEnabled=true, unexpectedAlertBehaviour=}]
Session ID: 3a1127865a3a367067033330418e6041
	at sun.reflect.NativeConstructorAccessorImpl.newInstance0(Native Method)
	at sun.reflect.NativeConstructorAccessorImpl.newInstance(Unknown Source)
	at sun.reflect.DelegatingConstructorAccessorImpl.newInstance(Unknown Source)
	at java.lang.reflect.Constructor.newInstance(Unknown Source)
	at org.openqa.selenium.remote.ErrorHandler.createThrowable(ErrorHandler.java:215)
	at org.openqa.selenium.remote.ErrorHandler.throwIfResponseFailed(ErrorHandler.java:167)
	at org.openqa.selenium.remote.RemoteWebDriver.execute(RemoteWebDriver.java:671)
	at org.openqa.selenium.remote.RemoteWebElement.execute(RemoteWebElement.java:272)
	at org.openqa.selenium.remote.RemoteWebElement.click(RemoteWebElement.java:82)
	at createShipmentActions.CreateShipmentActions.SelectBillingType(CreateShipmentActions.java:258)
	at createShipmentE2ETests.TollNQXTollExpressTests.CreateShipment_TollNQXTollEXpress_E2ETest_TID_920_Service_Express(TollNQXTollExpressTests.java:139)
	at sun.reflect.NativeMethodAccessorImpl.invoke0(Native Method)
	at sun.reflect.NativeMethodAccessorImpl.invoke(Unknown Source)
	at sun.reflect.DelegatingMethodAccessorImpl.invoke(Unknown Source)
	at java.lang.reflect.Method.invoke(Unknown Source)
	at org.testng.internal.MethodInvocationHelper.invokeMethod(MethodInvocationHelper.java:108)
	at org.testng.internal.Invoker.invokeMethod(Invoker.java:669)
	at org.testng.internal.Invoker.invokeTestMethod(Invoker.java:877)
	at org.testng.internal.Invoker.invokeTestMethods(Invoker.java:1201)
	at org.testng.internal.TestMethodWorker.invokeTestMethods(TestMethodWorker.java:125)
	at org.testng.internal.TestMethodWorker.run(TestMethodWorker.java:109)
	at org.testng.TestRunner.privateRun(TestRunner.java:776)
	at org.testng.TestRunner.run(TestRunner.java:634)
	at org.testng.SuiteRunner.runTest(SuiteRunner.java:425)
	at org.testng.SuiteRunner.runSequentially(SuiteRunner.java:420)
	at org.testng.SuiteRunner.privateRun(SuiteRunner.java:385)
	at org.testng.SuiteRunner.run(SuiteRunner.java:334)
	at org.testng.SuiteRunnerWorker.runSuite(SuiteRunnerWorker.java:52)
	at org.testng.SuiteRunnerWorker.run(SuiteRunnerWorker.java:86)
	at org.testng.TestNG.runSuitesSequentially(TestNG.java:1318)
	at org.testng.TestNG.runSuitesLocally(TestNG.java:1243)
	at org.testng.TestNG.runSuites(TestNG.java:1161)
	at org.testng.TestNG.run(TestNG.java:1129)
	at org.testng.remote.AbstractRemoteTestNG.run(AbstractRemoteTestNG.java:114)
	at org.testng.remote.RemoteTestNG.initAndRun(RemoteTestNG.java:251)
	at org.testng.remote.RemoteTestNG.main(RemoteTestNG.java:77)
]]>
            </full-stacktrace>
          </exception> <!-- org.openqa.selenium.ElementNotVisibleException -->
          <reporter-output>
          </reporter-output>
        </test-method> <!-- CreateShipment_TollNQXTollEXpress_E2ETest_TID_920_Service_Express -->
        <test-method status="PASS" signature="RunSetup()[pri:0, instance:createShipmentE2ETests.TollNQXTollExpressTests@29774679]" name="RunSetup" is-config="true" duration-ms="30419" started-at="2017-09-26T17:00:22Z" finished-at="2017-09-26T17:00:52Z">
          <reporter-output>
          </reporter-output>
        </test-method> <!-- RunSetup -->
        <test-method status="FAIL" signature="CreateShipment_TollNQXTollEXpress_E2ETest_TID_920_Service_Premium(java.lang.String, java.lang.String, java.lang.Integer, java.lang.Integer, java.lang.Integer, java.lang.Integer, java.lang.String, java.lang.Integer, java.lang.Integer, java.lang.String, java.lang.String, java.lang.String, java.lang.String, java.lang.String, java.lang.String, java.lang.String, java.lang.String, java.lang.String, java.lang.String, java.lang.String, java.lang.Integer, java.lang.Integer, java.lang.Integer, java.lang.String, java.lang.Integer, java.lang.String, java.lang.String, java.lang.String, java.lang.String, java.lang.String, java.lang.String, java.lang.String, java.lang.String, java.lang.String, java.lang.String, java.lang.String, java.lang.String, java.lang.String, java.lang.String, java.lang.String, java.lang.String, java.lang.String, java.lang.String, java.lang.String, java.lang.String, java.lang.String)[pri:3, instance:createShipmentE2ETests.TollNQXTollExpressTests@29774679]" name="CreateShipment_TollNQXTollEXpress_E2ETest_TID_920_Service_Premium" duration-ms="48980" started-at="2017-09-26T17:00:52Z" finished-at="2017-09-26T17:01:41Z">
          <params>
            <param index="0">
              <value>
                <![CDATA[Toll NQX | Toll Express]]>
              </value>
            </param>
            <param index="1">
              <value>
                <![CDATA[Premium]]>
              </value>
            </param>
            <param index="2">
              <value>
                <![CDATA[1]]>
              </value>
            </param>
            <param index="3">
              <value>
                <![CDATA[1]]>
              </value>
            </param>
            <param index="4">
              <value>
                <![CDATA[2]]>
              </value>
            </param>
            <param index="5">
              <value>
                <![CDATA[1]]>
              </value>
            </param>
            <param index="6">
              <value>
                <![CDATA[5123355]]>
              </value>
            </param>
            <param index="7">
              <value>
                <![CDATA[1]]>
              </value>
            </param>
            <param index="8">
              <value>
                <![CDATA[2]]>
              </value>
            </param>
            <param index="9">
              <value>
                <![CDATA[Dadd]]>
              </value>
            </param>
            <param index="10">
              <value>
                <![CDATA[jagdish.khera@hcl.com]]>
              </value>
            </param>
            <param index="11">
              <value>
                <![CDATA[ajay.karol@gmail.com]]>
              </value>
            </param>
            <param index="12">
              <value>
                <![CDATA[012345]]>
              </value>
            </param>
            <param index="13">
              <value>
                <![CDATA[567879]]>
              </value>
            </param>
            <param index="14">
              <value>
                <![CDATA[Automation Template1]]>
              </value>
            </param>
            <param index="15">
              <value>
                <![CDATA[15]]>
              </value>
            </param>
            <param index="16">
              <value>
                <![CDATA[100]]>
              </value>
            </param>
            <param index="17">
              <value>
                <![CDATA[200]]>
              </value>
            </param>
            <param index="18">
              <value>
                <![CDATA[300]]>
              </value>
            </param>
            <param index="19">
              <value>
                <![CDATA[900]]>
              </value>
            </param>
            <param index="20">
              <value>
                <![CDATA[1]]>
              </value>
            </param>
            <param index="21">
              <value>
                <![CDATA[2]]>
              </value>
            </param>
            <param index="22">
              <value>
                <![CDATA[1]]>
              </value>
            </param>
            <param index="23">
              <value>
                <![CDATA[Test Special Ins]]>
              </value>
            </param>
            <param index="24">
              <value>
                <![CDATA[2]]>
              </value>
            </param>
            <param index="25">
              <value>
                <![CDATA[1234]]>
              </value>
            </param>
            <param index="26">
              <value>
                <![CDATA[Test PackageDescription]]>
              </value>
            </param>
            <param index="27">
              <value>
                <![CDATA[20]]>
              </value>
            </param>
            <param index="28">
              <value>
                <![CDATA[10]]>
              </value>
            </param>
            <param index="29">
              <value>
                <![CDATA[1234]]>
              </value>
            </param>
            <param index="30">
              <value>
                <![CDATA[4124]]>
              </value>
            </param>
            <param index="31">
              <value>
                <![CDATA[2345]]>
              </value>
            </param>
            <param index="32">
              <value>
                <![CDATA[7891]]>
              </value>
            </param>
            <param index="33">
              <value>
                <![CDATA[5671]]>
              </value>
            </param>
            <param index="34">
              <value>
                <![CDATA[6541]]>
              </value>
            </param>
            <param index="35">
              <value>
                <![CDATA[3451]]>
              </value>
            </param>
            <param index="36">
              <value>
                <![CDATA[3451]]>
              </value>
            </param>
            <param index="37">
              <value>
                <![CDATA[0123]]>
              </value>
            </param>
            <param index="38">
              <value>
                <![CDATA[5678]]>
              </value>
            </param>
            <param index="39">
              <value>
                <![CDATA[5123]]>
              </value>
            </param>
            <param index="40">
              <value>
                <![CDATA[1111]]>
              </value>
            </param>
            <param index="41">
              <value>
                <![CDATA[2222]]>
              </value>
            </param>
            <param index="42">
              <value>
                <![CDATA[3333]]>
              </value>
            </param>
            <param index="43">
              <value>
                <![CDATA[1598]]>
              </value>
            </param>
            <param index="44">
              <value>
                <![CDATA[Abcd1234]]>
              </value>
            </param>
            <param index="45">
              <value>
                <![CDATA[5000]]>
              </value>
            </param>
          </params>
          <exception class="org.openqa.selenium.NoSuchElementException">
            <message>
              <![CDATA[no such element: Unable to locate element: {"method":"xpath","selector":"//*[@id="shipment-cons-popup-wrpr"]/div/div/section/div/ul/li[2]/div[1]/div[7]"}
  (Session info: chrome=60.0.3112.113)
  (Driver info: chromedriver=2.30.477700 (0057494ad8732195794a7b32078424f92a5fce41),platform=Windows NT 10.0.14393 x86_64) (WARNING: The server did not provide any stacktrace information)
Command duration or timeout: 20.05 seconds
For documentation on this error, please visit: http://seleniumhq.org/exceptions/no_such_element.html
Build info: version: 'unknown', revision: 'unknown', time: 'unknown'
System info: host: 'PC12159', ip: '172.28.181.243', os.name: 'Windows 10', os.arch: 'amd64', os.version: '10.0', java.version: '1.8.0_144'
Driver info: org.openqa.selenium.chrome.ChromeDriver
Capabilities [{applicationCacheEnabled=false, rotatable=false, mobileEmulationEnabled=false, networkConnectionEnabled=false, chrome={chromedriverVersion=2.30.477700 (0057494ad8732195794a7b32078424f92a5fce41), userDataDir=C:\Users\2712\AppData\Local\Temp\scoped_dir23640_7833}, takesHeapSnapshot=true, pageLoadStrategy=normal, databaseEnabled=false, handlesAlerts=true, hasTouchScreen=false, version=60.0.3112.113, platform=XP, browserConnectionEnabled=false, nativeEvents=true, acceptSslCerts=true, locationContextEnabled=true, webStorageEnabled=true, browserName=chrome, takesScreenshot=true, javascriptEnabled=true, cssSelectorsEnabled=true, unexpectedAlertBehaviour=}]
Session ID: cab779e0440bc1229bd11fbbc77731e3
*** Element info: {Using=xpath, value=//*[@id="shipment-cons-popup-wrpr"]/div/div/section/div/ul/li[2]/div[1]/div[7]}]]>
            </message>
            <full-stacktrace>
              <![CDATA[org.openqa.selenium.NoSuchElementException: no such element: Unable to locate element: {"method":"xpath","selector":"//*[@id="shipment-cons-popup-wrpr"]/div/div/section/div/ul/li[2]/div[1]/div[7]"}
  (Session info: chrome=60.0.3112.113)
  (Driver info: chromedriver=2.30.477700 (0057494ad8732195794a7b32078424f92a5fce41),platform=Windows NT 10.0.14393 x86_64) (WARNING: The server did not provide any stacktrace information)
Command duration or timeout: 20.05 seconds
For documentation on this error, please visit: http://seleniumhq.org/exceptions/no_such_element.html
Build info: version: 'unknown', revision: 'unknown', time: 'unknown'
System info: host: 'PC12159', ip: '172.28.181.243', os.name: 'Windows 10', os.arch: 'amd64', os.version: '10.0', java.version: '1.8.0_144'
Driver info: org.openqa.selenium.chrome.ChromeDriver
Capabilities [{applicationCacheEnabled=false, rotatable=false, mobileEmulationEnabled=false, networkConnectionEnabled=false, chrome={chromedriverVersion=2.30.477700 (0057494ad8732195794a7b32078424f92a5fce41), userDataDir=C:\Users\2712\AppData\Local\Temp\scoped_dir23640_7833}, takesHeapSnapshot=true, pageLoadStrategy=normal, databaseEnabled=false, handlesAlerts=true, hasTouchScreen=false, version=60.0.3112.113, platform=XP, browserConnectionEnabled=false, nativeEvents=true, acceptSslCerts=true, locationContextEnabled=true, webStorageEnabled=true, browserName=chrome, takesScreenshot=true, javascriptEnabled=true, cssSelectorsEnabled=true, unexpectedAlertBehaviour=}]
Session ID: cab779e0440bc1229bd11fbbc77731e3
*** Element info: {Using=xpath, value=//*[@id="shipment-cons-popup-wrpr"]/div/div/section/div/ul/li[2]/div[1]/div[7]}
	at sun.reflect.NativeConstructorAccessorImpl.newInstance0(Native Method)
	at sun.reflect.NativeConstructorAccessorImpl.newInstance(Unknown Source)
	at sun.reflect.DelegatingConstructorAccessorImpl.newInstance(Unknown Source)
	at java.lang.reflect.Constructor.newInstance(Unknown Source)
	at org.openqa.selenium.remote.ErrorHandler.createThrowable(ErrorHandler.java:215)
	at org.openqa.selenium.remote.ErrorHandler.throwIfResponseFailed(ErrorHandler.java:167)
	at org.openqa.selenium.remote.RemoteWebDriver.execute(RemoteWebDriver.java:671)
	at org.openqa.selenium.remote.RemoteWebDriver.findElement(RemoteWebDriver.java:410)
	at org.openqa.selenium.remote.RemoteWebDriver.findElementByXPath(RemoteWebDriver.java:509)
	at org.openqa.selenium.By$ByXPath.findElement(By.java:361)
	at org.openqa.selenium.remote.RemoteWebDriver.findElement(RemoteWebDriver.java:402)
	at createShipmentActions.CreateShipmentActions.SelectShipmentConsolidatedContinue(CreateShipmentActions.java:151)
	at createShipmentE2ETests.TollNQXTollExpressTests.CreateShipment_TollNQXTollEXpress_E2ETest_TID_920_Service_Premium(TollNQXTollExpressTests.java:194)
	at sun.reflect.NativeMethodAccessorImpl.invoke0(Native Method)
	at sun.reflect.NativeMethodAccessorImpl.invoke(Unknown Source)
	at sun.reflect.DelegatingMethodAccessorImpl.invoke(Unknown Source)
	at java.lang.reflect.Method.invoke(Unknown Source)
	at org.testng.internal.MethodInvocationHelper.invokeMethod(MethodInvocationHelper.java:108)
	at org.testng.internal.Invoker.invokeMethod(Invoker.java:669)
	at org.testng.internal.Invoker.invokeTestMethod(Invoker.java:877)
	at org.testng.internal.Invoker.invokeTestMethods(Invoker.java:1201)
	at org.testng.internal.TestMethodWorker.invokeTestMethods(TestMethodWorker.java:125)
	at org.testng.internal.TestMethodWorker.run(TestMethodWorker.java:109)
	at org.testng.TestRunner.privateRun(TestRunner.java:776)
	at org.testng.TestRunner.run(TestRunner.java:634)
	at org.testng.SuiteRunner.runTest(SuiteRunner.java:425)
	at org.testng.SuiteRunner.runSequentially(SuiteRunner.java:420)
	at org.testng.SuiteRunner.privateRun(SuiteRunner.java:385)
	at org.testng.SuiteRunner.run(SuiteRunner.java:334)
	at org.testng.SuiteRunnerWorker.runSuite(SuiteRunnerWorker.java:52)
	at org.testng.SuiteRunnerWorker.run(SuiteRunnerWorker.java:86)
	at org.testng.TestNG.runSuitesSequentially(TestNG.java:1318)
	at org.testng.TestNG.runSuitesLocally(TestNG.java:1243)
	at org.testng.TestNG.runSuites(TestNG.java:1161)
	at org.testng.TestNG.run(TestNG.java:1129)
	at org.testng.remote.AbstractRemoteTestNG.run(AbstractRemoteTestNG.java:114)
	at org.testng.remote.RemoteTestNG.initAndRun(RemoteTestNG.java:251)
	at org.testng.remote.RemoteTestNG.main(RemoteTestNG.java:77)
]]>
            </full-stacktrace>
          </exception> <!-- org.openqa.selenium.NoSuchElementException -->
          <reporter-output>
          </reporter-output>
        </test-method> <!-- CreateShipment_TollNQXTollEXpress_E2ETest_TID_920_Service_Premium -->
        <test-method status="PASS" signature="RunSetup()[pri:0, instance:createShipmentE2ETests.TollNQXTollExpressTests@29774679]" name="RunSetup" is-config="true" duration-ms="27981" started-at="2017-09-26T17:01:41Z" finished-at="2017-09-26T17:02:09Z">
          <reporter-output>
          </reporter-output>
        </test-method> <!-- RunSetup -->
        <test-method status="FAIL" signature="CreateShipment_TollNQXTollEXpress_E2ETest_TID_920_Service_Refrigeration(java.lang.String, java.lang.Integer, java.lang.Integer, java.lang.Integer, java.lang.Integer, java.lang.Integer, java.lang.String, java.lang.Integer, java.lang.Integer, java.lang.String, java.lang.String, java.lang.String, java.lang.String, java.lang.String, java.lang.String, java.lang.String, java.lang.String, java.lang.String, java.lang.String, java.lang.String, java.lang.Integer, java.lang.Integer, java.lang.Integer, java.lang.String, java.lang.Integer, java.lang.String, java.lang.String, java.lang.String, java.lang.String, java.lang.String, java.lang.String, java.lang.String, java.lang.String, java.lang.String, java.lang.String, java.lang.String, java.lang.String, java.lang.String, java.lang.String, java.lang.String, java.lang.String, java.lang.String, java.lang.String, java.lang.String, java.lang.String, java.lang.String)[pri:4, instance:createShipmentE2ETests.TollNQXTollExpressTests@29774679]" name="CreateShipment_TollNQXTollEXpress_E2ETest_TID_920_Service_Refrigeration" duration-ms="28615" started-at="2017-09-26T17:02:09Z" finished-at="2017-09-26T17:02:38Z">
          <params>
            <param index="0">
              <value>
                <![CDATA[Toll NQX | Toll Express]]>
              </value>
            </param>
            <param index="1">
              <value>
                <![CDATA[4]]>
              </value>
            </param>
            <param index="2">
              <value>
                <![CDATA[1]]>
              </value>
            </param>
            <param index="3">
              <value>
                <![CDATA[1]]>
              </value>
            </param>
            <param index="4">
              <value>
                <![CDATA[2]]>
              </value>
            </param>
            <param index="5">
              <value>
                <![CDATA[1]]>
              </value>
            </param>
            <param index="6">
              <value>
                <![CDATA[5123355]]>
              </value>
            </param>
            <param index="7">
              <value>
                <![CDATA[1]]>
              </value>
            </param>
            <param index="8">
              <value>
                <![CDATA[2]]>
              </value>
            </param>
            <param index="9">
              <value>
                <![CDATA[Dadd]]>
              </value>
            </param>
            <param index="10">
              <value>
                <![CDATA[jagdish.khera@hcl.com]]>
              </value>
            </param>
            <param index="11">
              <value>
                <![CDATA[ajay.karol@gmail.com]]>
              </value>
            </param>
            <param index="12">
              <value>
                <![CDATA[012345]]>
              </value>
            </param>
            <param index="13">
              <value>
                <![CDATA[567879]]>
              </value>
            </param>
            <param index="14">
              <value>
                <![CDATA[Automation Template1]]>
              </value>
            </param>
            <param index="15">
              <value>
                <![CDATA[15]]>
              </value>
            </param>
            <param index="16">
              <value>
                <![CDATA[100]]>
              </value>
            </param>
            <param index="17">
              <value>
                <![CDATA[200]]>
              </value>
            </param>
            <param index="18">
              <value>
                <![CDATA[300]]>
              </value>
            </param>
            <param index="19">
              <value>
                <![CDATA[900]]>
              </value>
            </param>
            <param index="20">
              <value>
                <![CDATA[1]]>
              </value>
            </param>
            <param index="21">
              <value>
                <![CDATA[2]]>
              </value>
            </param>
            <param index="22">
              <value>
                <![CDATA[1]]>
              </value>
            </param>
            <param index="23">
              <value>
                <![CDATA[Test Special Ins]]>
              </value>
            </param>
            <param index="24">
              <value>
                <![CDATA[2]]>
              </value>
            </param>
            <param index="25">
              <value>
                <![CDATA[1234]]>
              </value>
            </param>
            <param index="26">
              <value>
                <![CDATA[Test PackageDescription]]>
              </value>
            </param>
            <param index="27">
              <value>
                <![CDATA[20]]>
              </value>
            </param>
            <param index="28">
              <value>
                <![CDATA[10]]>
              </value>
            </param>
            <param index="29">
              <value>
                <![CDATA[1234]]>
              </value>
            </param>
            <param index="30">
              <value>
                <![CDATA[4124]]>
              </value>
            </param>
            <param index="31">
              <value>
                <![CDATA[2345]]>
              </value>
            </param>
            <param index="32">
              <value>
                <![CDATA[7891]]>
              </value>
            </param>
            <param index="33">
              <value>
                <![CDATA[5671]]>
              </value>
            </param>
            <param index="34">
              <value>
                <![CDATA[6541]]>
              </value>
            </param>
            <param index="35">
              <value>
                <![CDATA[3451]]>
              </value>
            </param>
            <param index="36">
              <value>
                <![CDATA[3451]]>
              </value>
            </param>
            <param index="37">
              <value>
                <![CDATA[0123]]>
              </value>
            </param>
            <param index="38">
              <value>
                <![CDATA[5678]]>
              </value>
            </param>
            <param index="39">
              <value>
                <![CDATA[5123]]>
              </value>
            </param>
            <param index="40">
              <value>
                <![CDATA[1111]]>
              </value>
            </param>
            <param index="41">
              <value>
                <![CDATA[2222]]>
              </value>
            </param>
            <param index="42">
              <value>
                <![CDATA[3333]]>
              </value>
            </param>
            <param index="43">
              <value>
                <![CDATA[1598]]>
              </value>
            </param>
            <param index="44">
              <value>
                <![CDATA[Abcd1234]]>
              </value>
            </param>
            <param index="45">
              <value>
                <![CDATA[5000]]>
              </value>
            </param>
          </params>
          <exception class="org.openqa.selenium.NoSuchElementException">
            <message>
              <![CDATA[no such element: Unable to locate element: {"method":"id","selector":"confirm-true"}
  (Session info: chrome=60.0.3112.113)
  (Driver info: chromedriver=2.30.477700 (0057494ad8732195794a7b32078424f92a5fce41),platform=Windows NT 10.0.14393 x86_64) (WARNING: The server did not provide any stacktrace information)
Command duration or timeout: 20.06 seconds
For documentation on this error, please visit: http://seleniumhq.org/exceptions/no_such_element.html
Build info: version: 'unknown', revision: 'unknown', time: 'unknown'
System info: host: 'PC12159', ip: '172.28.181.243', os.name: 'Windows 10', os.arch: 'amd64', os.version: '10.0', java.version: '1.8.0_144'
Driver info: org.openqa.selenium.chrome.ChromeDriver
Capabilities [{applicationCacheEnabled=false, rotatable=false, mobileEmulationEnabled=false, networkConnectionEnabled=false, chrome={chromedriverVersion=2.30.477700 (0057494ad8732195794a7b32078424f92a5fce41), userDataDir=C:\Users\2712\AppData\Local\Temp\scoped_dir12824_14401}, takesHeapSnapshot=true, pageLoadStrategy=normal, databaseEnabled=false, handlesAlerts=true, hasTouchScreen=false, version=60.0.3112.113, platform=XP, browserConnectionEnabled=false, nativeEvents=true, acceptSslCerts=true, locationContextEnabled=true, webStorageEnabled=true, browserName=chrome, takesScreenshot=true, javascriptEnabled=true, cssSelectorsEnabled=true, unexpectedAlertBehaviour=}]
Session ID: 3339bb84cd4c250ee85585e8ec462ce1
*** Element info: {Using=id, value=confirm-true}]]>
            </message>
            <full-stacktrace>
              <![CDATA[org.openqa.selenium.NoSuchElementException: no such element: Unable to locate element: {"method":"id","selector":"confirm-true"}
  (Session info: chrome=60.0.3112.113)
  (Driver info: chromedriver=2.30.477700 (0057494ad8732195794a7b32078424f92a5fce41),platform=Windows NT 10.0.14393 x86_64) (WARNING: The server did not provide any stacktrace information)
Command duration or timeout: 20.06 seconds
For documentation on this error, please visit: http://seleniumhq.org/exceptions/no_such_element.html
Build info: version: 'unknown', revision: 'unknown', time: 'unknown'
System info: host: 'PC12159', ip: '172.28.181.243', os.name: 'Windows 10', os.arch: 'amd64', os.version: '10.0', java.version: '1.8.0_144'
Driver info: org.openqa.selenium.chrome.ChromeDriver
Capabilities [{applicationCacheEnabled=false, rotatable=false, mobileEmulationEnabled=false, networkConnectionEnabled=false, chrome={chromedriverVersion=2.30.477700 (0057494ad8732195794a7b32078424f92a5fce41), userDataDir=C:\Users\2712\AppData\Local\Temp\scoped_dir12824_14401}, takesHeapSnapshot=true, pageLoadStrategy=normal, databaseEnabled=false, handlesAlerts=true, hasTouchScreen=false, version=60.0.3112.113, platform=XP, browserConnectionEnabled=false, nativeEvents=true, acceptSslCerts=true, locationContextEnabled=true, webStorageEnabled=true, browserName=chrome, takesScreenshot=true, javascriptEnabled=true, cssSelectorsEnabled=true, unexpectedAlertBehaviour=}]
Session ID: 3339bb84cd4c250ee85585e8ec462ce1
*** Element info: {Using=id, value=confirm-true}
	at sun.reflect.NativeConstructorAccessorImpl.newInstance0(Native Method)
	at sun.reflect.NativeConstructorAccessorImpl.newInstance(Unknown Source)
	at sun.reflect.DelegatingConstructorAccessorImpl.newInstance(Unknown Source)
	at java.lang.reflect.Constructor.newInstance(Unknown Source)
	at org.openqa.selenium.remote.ErrorHandler.createThrowable(ErrorHandler.java:215)
	at org.openqa.selenium.remote.ErrorHandler.throwIfResponseFailed(ErrorHandler.java:167)
	at org.openqa.selenium.remote.RemoteWebDriver.execute(RemoteWebDriver.java:671)
	at org.openqa.selenium.remote.RemoteWebDriver.findElement(RemoteWebDriver.java:410)
	at org.openqa.selenium.remote.RemoteWebDriver.findElementById(RemoteWebDriver.java:453)
	at org.openqa.selenium.By$ById.findElement(By.java:218)
	at org.openqa.selenium.remote.RemoteWebDriver.findElement(RemoteWebDriver.java:402)
	at createShipmentActions.CreateShipmentActions.ClickContinueAccountChangeMsg(CreateShipmentActions.java:106)
	at createShipmentE2ETests.TollNQXTollExpressTests.CreateShipment_TollNQXTollEXpress_E2ETest_TID_920_Service_Refrigeration(TollNQXTollExpressTests.java:258)
	at sun.reflect.NativeMethodAccessorImpl.invoke0(Native Method)
	at sun.reflect.NativeMethodAccessorImpl.invoke(Unknown Source)
	at sun.reflect.DelegatingMethodAccessorImpl.invoke(Unknown Source)
	at java.lang.reflect.Method.invoke(Unknown Source)
	at org.testng.internal.MethodInvocationHelper.invokeMethod(MethodInvocationHelper.java:108)
	at org.testng.internal.Invoker.invokeMethod(Invoker.java:669)
	at org.testng.internal.Invoker.invokeTestMethod(Invoker.java:877)
	at org.testng.internal.Invoker.invokeTestMethods(Invoker.java:1201)
	at org.testng.internal.TestMethodWorker.invokeTestMethods(TestMethodWorker.java:125)
	at org.testng.internal.TestMethodWorker.run(TestMethodWorker.java:109)
	at org.testng.TestRunner.privateRun(TestRunner.java:776)
	at org.testng.TestRunner.run(TestRunner.java:634)
	at org.testng.SuiteRunner.runTest(SuiteRunner.java:425)
	at org.testng.SuiteRunner.runSequentially(SuiteRunner.java:420)
	at org.testng.SuiteRunner.privateRun(SuiteRunner.java:385)
	at org.testng.SuiteRunner.run(SuiteRunner.java:334)
	at org.testng.SuiteRunnerWorker.runSuite(SuiteRunnerWorker.java:52)
	at org.testng.SuiteRunnerWorker.run(SuiteRunnerWorker.java:86)
	at org.testng.TestNG.runSuitesSequentially(TestNG.java:1318)
	at org.testng.TestNG.runSuitesLocally(TestNG.java:1243)
	at org.testng.TestNG.runSuites(TestNG.java:1161)
	at org.testng.TestNG.run(TestNG.java:1129)
	at org.testng.remote.AbstractRemoteTestNG.run(AbstractRemoteTestNG.java:114)
	at org.testng.remote.RemoteTestNG.initAndRun(RemoteTestNG.java:251)
	at org.testng.remote.RemoteTestNG.main(RemoteTestNG.java:77)
]]>
            </full-stacktrace>
          </exception> <!-- org.openqa.selenium.NoSuchElementException -->
          <reporter-output>
          </reporter-output>
        </test-method> <!-- CreateShipment_TollNQXTollEXpress_E2ETest_TID_920_Service_Refrigeration -->
        <test-method status="PASS" signature="RunSetup()[pri:0, instance:createShipmentE2ETests.TollNQXTollExpressTests@29774679]" name="RunSetup" is-config="true" duration-ms="27575" started-at="2017-09-26T17:02:38Z" finished-at="2017-09-26T17:03:05Z">
          <reporter-output>
          </reporter-output>
        </test-method> <!-- RunSetup -->
        <test-method status="FAIL" signature="CreateShipment_TollNQXTollEXpress_E2ETest_TID_920_Service_DangerousGoods(java.lang.String, java.lang.Integer, java.lang.Integer, java.lang.Integer, java.lang.Integer, java.lang.Integer, java.lang.String, java.lang.Integer, java.lang.Integer, java.lang.String, java.lang.String, java.lang.String, java.lang.String, java.lang.String, java.lang.String, java.lang.String, java.lang.String, java.lang.String, java.lang.String, java.lang.String, java.lang.String, java.lang.Integer, java.lang.Integer, java.lang.Integer, java.lang.String, java.lang.Integer, java.lang.String, java.lang.String, java.lang.String, java.lang.String, java.lang.String, java.lang.String, java.lang.String, java.lang.String, java.lang.String, java.lang.String, java.lang.String, java.lang.String, java.lang.String, java.lang.String, java.lang.String, java.lang.String, java.lang.String, java.lang.String, java.lang.String, java.lang.String, java.lang.String)[pri:5, instance:createShipmentE2ETests.TollNQXTollExpressTests@29774679]" name="CreateShipment_TollNQXTollEXpress_E2ETest_TID_920_Service_DangerousGoods" duration-ms="28805" started-at="2017-09-26T17:03:05Z" finished-at="2017-09-26T17:03:34Z">
          <params>
            <param index="0">
              <value>
                <![CDATA[Toll NQX | Toll Express]]>
              </value>
            </param>
            <param index="1">
              <value>
                <![CDATA[5]]>
              </value>
            </param>
            <param index="2">
              <value>
                <![CDATA[1]]>
              </value>
            </param>
            <param index="3">
              <value>
                <![CDATA[1]]>
              </value>
            </param>
            <param index="4">
              <value>
                <![CDATA[2]]>
              </value>
            </param>
            <param index="5">
              <value>
                <![CDATA[1]]>
              </value>
            </param>
            <param index="6">
              <value>
                <![CDATA[5123355]]>
              </value>
            </param>
            <param index="7">
              <value>
                <![CDATA[1]]>
              </value>
            </param>
            <param index="8">
              <value>
                <![CDATA[2]]>
              </value>
            </param>
            <param index="9">
              <value>
                <![CDATA[Dadd]]>
              </value>
            </param>
            <param index="10">
              <value>
                <![CDATA[34324324]]>
              </value>
            </param>
            <param index="11">
              <value>
                <![CDATA[jagdish.khera@hcl.com]]>
              </value>
            </param>
            <param index="12">
              <value>
                <![CDATA[ajay.karol@gmail.com]]>
              </value>
            </param>
            <param index="13">
              <value>
                <![CDATA[012345]]>
              </value>
            </param>
            <param index="14">
              <value>
                <![CDATA[567879]]>
              </value>
            </param>
            <param index="15">
              <value>
                <![CDATA[Automation Template1]]>
              </value>
            </param>
            <param index="16">
              <value>
                <![CDATA[15]]>
              </value>
            </param>
            <param index="17">
              <value>
                <![CDATA[100]]>
              </value>
            </param>
            <param index="18">
              <value>
                <![CDATA[200]]>
              </value>
            </param>
            <param index="19">
              <value>
                <![CDATA[300]]>
              </value>
            </param>
            <param index="20">
              <value>
                <![CDATA[900]]>
              </value>
            </param>
            <param index="21">
              <value>
                <![CDATA[1]]>
              </value>
            </param>
            <param index="22">
              <value>
                <![CDATA[2]]>
              </value>
            </param>
            <param index="23">
              <value>
                <![CDATA[1]]>
              </value>
            </param>
            <param index="24">
              <value>
                <![CDATA[Test Special Ins]]>
              </value>
            </param>
            <param index="25">
              <value>
                <![CDATA[2]]>
              </value>
            </param>
            <param index="26">
              <value>
                <![CDATA[1234]]>
              </value>
            </param>
            <param index="27">
              <value>
                <![CDATA[Test PackageDescription]]>
              </value>
            </param>
            <param index="28">
              <value>
                <![CDATA[20]]>
              </value>
            </param>
            <param index="29">
              <value>
                <![CDATA[10]]>
              </value>
            </param>
            <param index="30">
              <value>
                <![CDATA[1234]]>
              </value>
            </param>
            <param index="31">
              <value>
                <![CDATA[4124]]>
              </value>
            </param>
            <param index="32">
              <value>
                <![CDATA[2345]]>
              </value>
            </param>
            <param index="33">
              <value>
                <![CDATA[7891]]>
              </value>
            </param>
            <param index="34">
              <value>
                <![CDATA[5671]]>
              </value>
            </param>
            <param index="35">
              <value>
                <![CDATA[6541]]>
              </value>
            </param>
            <param index="36">
              <value>
                <![CDATA[3451]]>
              </value>
            </param>
            <param index="37">
              <value>
                <![CDATA[3451]]>
              </value>
            </param>
            <param index="38">
              <value>
                <![CDATA[0123]]>
              </value>
            </param>
            <param index="39">
              <value>
                <![CDATA[5678]]>
              </value>
            </param>
            <param index="40">
              <value>
                <![CDATA[5123]]>
              </value>
            </param>
            <param index="41">
              <value>
                <![CDATA[1111]]>
              </value>
            </param>
            <param index="42">
              <value>
                <![CDATA[2222]]>
              </value>
            </param>
            <param index="43">
              <value>
                <![CDATA[3333]]>
              </value>
            </param>
            <param index="44">
              <value>
                <![CDATA[1598]]>
              </value>
            </param>
            <param index="45">
              <value>
                <![CDATA[Abcd1234]]>
              </value>
            </param>
            <param index="46">
              <value>
                <![CDATA[5000]]>
              </value>
            </param>
          </params>
          <exception class="org.openqa.selenium.NoSuchElementException">
            <message>
              <![CDATA[no such element: Unable to locate element: {"method":"id","selector":"confirm-true"}
  (Session info: chrome=60.0.3112.113)
  (Driver info: chromedriver=2.30.477700 (0057494ad8732195794a7b32078424f92a5fce41),platform=Windows NT 10.0.14393 x86_64) (WARNING: The server did not provide any stacktrace information)
Command duration or timeout: 20.04 seconds
For documentation on this error, please visit: http://seleniumhq.org/exceptions/no_such_element.html
Build info: version: 'unknown', revision: 'unknown', time: 'unknown'
System info: host: 'PC12159', ip: '172.28.181.243', os.name: 'Windows 10', os.arch: 'amd64', os.version: '10.0', java.version: '1.8.0_144'
Driver info: org.openqa.selenium.chrome.ChromeDriver
Capabilities [{applicationCacheEnabled=false, rotatable=false, mobileEmulationEnabled=false, networkConnectionEnabled=false, chrome={chromedriverVersion=2.30.477700 (0057494ad8732195794a7b32078424f92a5fce41), userDataDir=C:\Users\2712\AppData\Local\Temp\scoped_dir28188_24388}, takesHeapSnapshot=true, pageLoadStrategy=normal, databaseEnabled=false, handlesAlerts=true, hasTouchScreen=false, version=60.0.3112.113, platform=XP, browserConnectionEnabled=false, nativeEvents=true, acceptSslCerts=true, locationContextEnabled=true, webStorageEnabled=true, browserName=chrome, takesScreenshot=true, javascriptEnabled=true, cssSelectorsEnabled=true, unexpectedAlertBehaviour=}]
Session ID: 1b3e742d71d72673486f1e57696ea533
*** Element info: {Using=id, value=confirm-true}]]>
            </message>
            <full-stacktrace>
              <![CDATA[org.openqa.selenium.NoSuchElementException: no such element: Unable to locate element: {"method":"id","selector":"confirm-true"}
  (Session info: chrome=60.0.3112.113)
  (Driver info: chromedriver=2.30.477700 (0057494ad8732195794a7b32078424f92a5fce41),platform=Windows NT 10.0.14393 x86_64) (WARNING: The server did not provide any stacktrace information)
Command duration or timeout: 20.04 seconds
For documentation on this error, please visit: http://seleniumhq.org/exceptions/no_such_element.html
Build info: version: 'unknown', revision: 'unknown', time: 'unknown'
System info: host: 'PC12159', ip: '172.28.181.243', os.name: 'Windows 10', os.arch: 'amd64', os.version: '10.0', java.version: '1.8.0_144'
Driver info: org.openqa.selenium.chrome.ChromeDriver
Capabilities [{applicationCacheEnabled=false, rotatable=false, mobileEmulationEnabled=false, networkConnectionEnabled=false, chrome={chromedriverVersion=2.30.477700 (0057494ad8732195794a7b32078424f92a5fce41), userDataDir=C:\Users\2712\AppData\Local\Temp\scoped_dir28188_24388}, takesHeapSnapshot=true, pageLoadStrategy=normal, databaseEnabled=false, handlesAlerts=true, hasTouchScreen=false, version=60.0.3112.113, platform=XP, browserConnectionEnabled=false, nativeEvents=true, acceptSslCerts=true, locationContextEnabled=true, webStorageEnabled=true, browserName=chrome, takesScreenshot=true, javascriptEnabled=true, cssSelectorsEnabled=true, unexpectedAlertBehaviour=}]
Session ID: 1b3e742d71d72673486f1e57696ea533
*** Element info: {Using=id, value=confirm-true}
	at sun.reflect.NativeConstructorAccessorImpl.newInstance0(Native Method)
	at sun.reflect.NativeConstructorAccessorImpl.newInstance(Unknown Source)
	at sun.reflect.DelegatingConstructorAccessorImpl.newInstance(Unknown Source)
	at java.lang.reflect.Constructor.newInstance(Unknown Source)
	at org.openqa.selenium.remote.ErrorHandler.createThrowable(ErrorHandler.java:215)
	at org.openqa.selenium.remote.ErrorHandler.throwIfResponseFailed(ErrorHandler.java:167)
	at org.openqa.selenium.remote.RemoteWebDriver.execute(RemoteWebDriver.java:671)
	at org.openqa.selenium.remote.RemoteWebDriver.findElement(RemoteWebDriver.java:410)
	at org.openqa.selenium.remote.RemoteWebDriver.findElementById(RemoteWebDriver.java:453)
	at org.openqa.selenium.By$ById.findElement(By.java:218)
	at org.openqa.selenium.remote.RemoteWebDriver.findElement(RemoteWebDriver.java:402)
	at createShipmentActions.CreateShipmentActions.ClickContinueAccountChangeMsg(CreateShipmentActions.java:106)
	at createShipmentE2ETests.TollNQXTollExpressTests.CreateShipment_TollNQXTollEXpress_E2ETest_TID_920_Service_DangerousGoods(TollNQXTollExpressTests.java:331)
	at sun.reflect.NativeMethodAccessorImpl.invoke0(Native Method)
	at sun.reflect.NativeMethodAccessorImpl.invoke(Unknown Source)
	at sun.reflect.DelegatingMethodAccessorImpl.invoke(Unknown Source)
	at java.lang.reflect.Method.invoke(Unknown Source)
	at org.testng.internal.MethodInvocationHelper.invokeMethod(MethodInvocationHelper.java:108)
	at org.testng.internal.Invoker.invokeMethod(Invoker.java:669)
	at org.testng.internal.Invoker.invokeTestMethod(Invoker.java:877)
	at org.testng.internal.Invoker.invokeTestMethods(Invoker.java:1201)
	at org.testng.internal.TestMethodWorker.invokeTestMethods(TestMethodWorker.java:125)
	at org.testng.internal.TestMethodWorker.run(TestMethodWorker.java:109)
	at org.testng.TestRunner.privateRun(TestRunner.java:776)
	at org.testng.TestRunner.run(TestRunner.java:634)
	at org.testng.SuiteRunner.runTest(SuiteRunner.java:425)
	at org.testng.SuiteRunner.runSequentially(SuiteRunner.java:420)
	at org.testng.SuiteRunner.privateRun(SuiteRunner.java:385)
	at org.testng.SuiteRunner.run(SuiteRunner.java:334)
	at org.testng.SuiteRunnerWorker.runSuite(SuiteRunnerWorker.java:52)
	at org.testng.SuiteRunnerWorker.run(SuiteRunnerWorker.java:86)
	at org.testng.TestNG.runSuitesSequentially(TestNG.java:1318)
	at org.testng.TestNG.runSuitesLocally(TestNG.java:1243)
	at org.testng.TestNG.runSuites(TestNG.java:1161)
	at org.testng.TestNG.run(TestNG.java:1129)
	at org.testng.remote.AbstractRemoteTestNG.run(AbstractRemoteTestNG.java:114)
	at org.testng.remote.RemoteTestNG.initAndRun(RemoteTestNG.java:251)
	at org.testng.remote.RemoteTestNG.main(RemoteTestNG.java:77)
]]>
            </full-stacktrace>
          </exception> <!-- org.openqa.selenium.NoSuchElementException -->
          <reporter-output>
          </reporter-output>
        </test-method> <!-- CreateShipment_TollNQXTollEXpress_E2ETest_TID_920_Service_DangerousGoods -->
        <test-method status="PASS" signature="RunSetup()[pri:0, instance:createShipmentE2ETests.TollNQXTollExpressTests@29774679]" name="RunSetup" is-config="true" duration-ms="35167" started-at="2017-09-26T17:03:34Z" finished-at="2017-09-26T17:04:09Z">
          <reporter-output>
          </reporter-output>
        </test-method> <!-- RunSetup -->
        <test-method status="FAIL" signature="CreateShipment_TollNQXTollEXpress_E2ETest_TID_920_Service_DGExpress(java.lang.String, java.lang.Integer, java.lang.Integer, java.lang.Integer, java.lang.Integer, java.lang.Integer, java.lang.String, java.lang.Integer, java.lang.Integer, java.lang.String, java.lang.String, java.lang.String, java.lang.String, java.lang.String, java.lang.String, java.lang.String, java.lang.String, java.lang.String, java.lang.String, java.lang.String, java.lang.String, java.lang.Integer, java.lang.Integer, java.lang.Integer, java.lang.String, java.lang.Integer, java.lang.String, java.lang.String, java.lang.String, java.lang.String, java.lang.String, java.lang.String, java.lang.String, java.lang.String, java.lang.String, java.lang.String, java.lang.String, java.lang.String, java.lang.String, java.lang.String, java.lang.String, java.lang.String, java.lang.String, java.lang.String, java.lang.String, java.lang.String, java.lang.String)[pri:6, instance:createShipmentE2ETests.TollNQXTollExpressTests@29774679]" name="CreateShipment_TollNQXTollEXpress_E2ETest_TID_920_Service_DGExpress" duration-ms="29080" started-at="2017-09-26T17:04:09Z" finished-at="2017-09-26T17:04:38Z">
          <params>
            <param index="0">
              <value>
                <![CDATA[Toll NQX | Toll Express]]>
              </value>
            </param>
            <param index="1">
              <value>
                <![CDATA[6]]>
              </value>
            </param>
            <param index="2">
              <value>
                <![CDATA[1]]>
              </value>
            </param>
            <param index="3">
              <value>
                <![CDATA[1]]>
              </value>
            </param>
            <param index="4">
              <value>
                <![CDATA[2]]>
              </value>
            </param>
            <param index="5">
              <value>
                <![CDATA[1]]>
              </value>
            </param>
            <param index="6">
              <value>
                <![CDATA[5123355]]>
              </value>
            </param>
            <param index="7">
              <value>
                <![CDATA[1]]>
              </value>
            </param>
            <param index="8">
              <value>
                <![CDATA[2]]>
              </value>
            </param>
            <param index="9">
              <value>
                <![CDATA[Dadd]]>
              </value>
            </param>
            <param index="10">
              <value>
                <![CDATA[34324324]]>
              </value>
            </param>
            <param index="11">
              <value>
                <![CDATA[jagdish.khera@hcl.com]]>
              </value>
            </param>
            <param index="12">
              <value>
                <![CDATA[ajay.karol@gmail.com]]>
              </value>
            </param>
            <param index="13">
              <value>
                <![CDATA[012345]]>
              </value>
            </param>
            <param index="14">
              <value>
                <![CDATA[567879]]>
              </value>
            </param>
            <param index="15">
              <value>
                <![CDATA[Automation Template1]]>
              </value>
            </param>
            <param index="16">
              <value>
                <![CDATA[15]]>
              </value>
            </param>
            <param index="17">
              <value>
                <![CDATA[100]]>
              </value>
            </param>
            <param index="18">
              <value>
                <![CDATA[200]]>
              </value>
            </param>
            <param index="19">
              <value>
                <![CDATA[300]]>
              </value>
            </param>
            <param index="20">
              <value>
                <![CDATA[900]]>
              </value>
            </param>
            <param index="21">
              <value>
                <![CDATA[1]]>
              </value>
            </param>
            <param index="22">
              <value>
                <![CDATA[2]]>
              </value>
            </param>
            <param index="23">
              <value>
                <![CDATA[1]]>
              </value>
            </param>
            <param index="24">
              <value>
                <![CDATA[Test Special Ins]]>
              </value>
            </param>
            <param index="25">
              <value>
                <![CDATA[2]]>
              </value>
            </param>
            <param index="26">
              <value>
                <![CDATA[1234]]>
              </value>
            </param>
            <param index="27">
              <value>
                <![CDATA[Test PackageDescription]]>
              </value>
            </param>
            <param index="28">
              <value>
                <![CDATA[20]]>
              </value>
            </param>
            <param index="29">
              <value>
                <![CDATA[10]]>
              </value>
            </param>
            <param index="30">
              <value>
                <![CDATA[1234]]>
              </value>
            </param>
            <param index="31">
              <value>
                <![CDATA[4124]]>
              </value>
            </param>
            <param index="32">
              <value>
                <![CDATA[2345]]>
              </value>
            </param>
            <param index="33">
              <value>
                <![CDATA[7891]]>
              </value>
            </param>
            <param index="34">
              <value>
                <![CDATA[5671]]>
              </value>
            </param>
            <param index="35">
              <value>
                <![CDATA[6541]]>
              </value>
            </param>
            <param index="36">
              <value>
                <![CDATA[3451]]>
              </value>
            </param>
            <param index="37">
              <value>
                <![CDATA[3451]]>
              </value>
            </param>
            <param index="38">
              <value>
                <![CDATA[0123]]>
              </value>
            </param>
            <param index="39">
              <value>
                <![CDATA[5678]]>
              </value>
            </param>
            <param index="40">
              <value>
                <![CDATA[5123]]>
              </value>
            </param>
            <param index="41">
              <value>
                <![CDATA[1111]]>
              </value>
            </param>
            <param index="42">
              <value>
                <![CDATA[2222]]>
              </value>
            </param>
            <param index="43">
              <value>
                <![CDATA[3333]]>
              </value>
            </param>
            <param index="44">
              <value>
                <![CDATA[1598]]>
              </value>
            </param>
            <param index="45">
              <value>
                <![CDATA[Abcd1234]]>
              </value>
            </param>
            <param index="46">
              <value>
                <![CDATA[5000]]>
              </value>
            </param>
          </params>
          <exception class="org.openqa.selenium.NoSuchElementException">
            <message>
              <![CDATA[no such element: Unable to locate element: {"method":"id","selector":"confirm-true"}
  (Session info: chrome=60.0.3112.113)
  (Driver info: chromedriver=2.30.477700 (0057494ad8732195794a7b32078424f92a5fce41),platform=Windows NT 10.0.14393 x86_64) (WARNING: The server did not provide any stacktrace information)
Command duration or timeout: 20.02 seconds
For documentation on this error, please visit: http://seleniumhq.org/exceptions/no_such_element.html
Build info: version: 'unknown', revision: 'unknown', time: 'unknown'
System info: host: 'PC12159', ip: '172.28.181.243', os.name: 'Windows 10', os.arch: 'amd64', os.version: '10.0', java.version: '1.8.0_144'
Driver info: org.openqa.selenium.chrome.ChromeDriver
Capabilities [{applicationCacheEnabled=false, rotatable=false, mobileEmulationEnabled=false, networkConnectionEnabled=false, chrome={chromedriverVersion=2.30.477700 (0057494ad8732195794a7b32078424f92a5fce41), userDataDir=C:\Users\2712\AppData\Local\Temp\scoped_dir63296_30007}, takesHeapSnapshot=true, pageLoadStrategy=normal, databaseEnabled=false, handlesAlerts=true, hasTouchScreen=false, version=60.0.3112.113, platform=XP, browserConnectionEnabled=false, nativeEvents=true, acceptSslCerts=true, locationContextEnabled=true, webStorageEnabled=true, browserName=chrome, takesScreenshot=true, javascriptEnabled=true, cssSelectorsEnabled=true, unexpectedAlertBehaviour=}]
Session ID: 0f5aaa720c004b8e974bf4b444d52811
[...]
	at org.testng.internal.Invoker.invokeMethod(Invoker.java:669)
	at org.testng.internal.Invoker.invokeTestMethod(Invoker.java:877)
	at org.testng.internal.Invoker.invokeTestMethods(Invoker.java:1201)
	at org.testng.internal.TestMethodWorker.invokeTestMethods(TestMethodWorker.java:125)
	at org.testng.internal.TestMethodWorker.run(TestMethodWorker.java:109)
	at org.testng.TestRunner.privateRun(TestRunner.java:776)
	at org.testng.TestRunner.run(TestRunner.java:634)
	at org.testng.SuiteRunner.runTest(SuiteRunner.java:425)
	at org.testng.SuiteRunner.runSequentially(SuiteRunner.java:420)
	at org.testng.SuiteRunner.privateRun(SuiteRunner.java:385)
	at org.testng.SuiteRunner.run(SuiteRunner.java:334)
	at org.testng.SuiteRunnerWorker.runSuite(SuiteRunnerWorker.java:52)
	at org.testng.SuiteRunnerWorker.run(SuiteRunnerWorker.java:86)
	at org.testng.TestNG.runSuitesSequentially(TestNG.java:1318)
	at org.testng.TestNG.runSuitesLocally(TestNG.java:1243)
	at org.testng.TestNG.runSuites(TestNG.java:1161)
	at org.testng.TestNG.run(TestNG.java:1129)
	at org.testng.remote.AbstractRemoteTestNG.run(AbstractRemoteTestNG.java:114)
	at org.testng.remote.RemoteTestNG.initAndRun(RemoteTestNG.java:251)
	at org.testng.remote.RemoteTestNG.main(RemoteTestNG.java:77)
]]>
            </full-stacktrace>
          </exception> <!-- org.openqa.selenium.NoSuchElementException -->
          <reporter-output>
          </reporter-output>
        </test-method> <!-- CreateShipment_TollNQXTollEXpress_E2ETest_TID_920_Service_DGRefrigerated -->
        <test-method status="FAIL" signature="CreateShipment_TollNQXTollEXpress_E2ETest_TID_920_Service_RailGeneral(java.lang.String, java.lang.Integer, java.lang.Integer, java.lang.Integer, java.lang.Integer, java.lang.Integer, java.lang.String, java.lang.Integer, java.lang.Integer, java.lang.String, java.lang.String, java.lang.String, java.lang.String, java.lang.String, java.lang.String, java.lang.String, java.lang.String, java.lang.String, java.lang.String, java.lang.String, java.lang.String, java.lang.Integer, java.lang.Integer, java.lang.Integer, java.lang.String, java.lang.Integer, java.lang.String, java.lang.String, java.lang.String, java.lang.String, java.lang.String, java.lang.String, java.lang.String, java.lang.String, java.lang.String, java.lang.String, java.lang.String, java.lang.String, java.lang.String, java.lang.String, java.lang.String, java.lang.String, java.lang.String, java.lang.String, java.lang.String, java.lang.String, java.lang.String)[pri:8, instance:createShipmentE2ETests.TollNQXTollExpressTests@29774679]" name="CreateShipment_TollNQXTollEXpress_E2ETest_TID_920_Service_RailGeneral" duration-ms="0" started-at="2017-09-26T17:05:35Z" finished-at="2017-09-26T17:05:35Z">
          <exception class="org.testng.TestNGException">
            <message>
              <![CDATA[
Parameter 'TollNQXServiceRailGeneral' is required by @Test on method CreateShipment_TollNQXTollEXpress_E2ETest_TID_920_Service_RailGeneral but has not been marked @Optional or defined
in C:\Source\MYTOLLTestAutomation\CreateShipment.xml]]>
            </message>
            <full-stacktrace>
              <![CDATA[org.testng.TestNGException: 
Parameter 'TollNQXServiceRailGeneral' is required by @Test on method CreateShipment_TollNQXTollEXpress_E2ETest_TID_920_Service_RailGeneral but has not been marked @Optional or defined
in C:\Source\MYTOLLTestAutomation\CreateShipment.xml
	at org.testng.internal.Parameters.createParams(Parameters.java:248)
	at org.testng.internal.Parameters.createParametersForMethod(Parameters.java:286)
	at org.testng.internal.Parameters.createParameters(Parameters.java:547)
	at org.testng.internal.Parameters.handleParameters(Parameters.java:672)
	at org.testng.internal.Invoker.handleParameters(Invoker.java:1316)
	at org.testng.internal.Invoker.createParameters(Invoker.java:1044)
	at org.testng.internal.Invoker.invokeTestMethods(Invoker.java:1134)
	at org.testng.internal.TestMethodWorker.invokeTestMethods(TestMethodWorker.java:125)
	at org.testng.internal.TestMethodWorker.run(TestMethodWorker.java:109)
	at org.testng.TestRunner.privateRun(TestRunner.java:776)
	at org.testng.TestRunner.run(TestRunner.java:634)
	at org.testng.SuiteRunner.runTest(SuiteRunner.java:425)
	at org.testng.SuiteRunner.runSequentially(SuiteRunner.java:420)
	at org.testng.SuiteRunner.privateRun(SuiteRunner.java:385)
	at org.testng.SuiteRunner.run(SuiteRunner.java:334)
	at org.testng.SuiteRunnerWorker.runSuite(SuiteRunnerWorker.java:52)
	at org.testng.SuiteRunnerWorker.run(SuiteRunnerWorker.java:86)
	at org.testng.TestNG.runSuitesSequentially(TestNG.java:1318)
	at org.testng.TestNG.runSuitesLocally(TestNG.java:1243)
	at org.testng.TestNG.runSuites(TestNG.java:1161)
	at org.testng.TestNG.run(TestNG.java:1129)
	at org.testng.remote.AbstractRemoteTestNG.run(AbstractRemoteTestNG.java:114)
	at org.testng.remote.RemoteTestNG.initAndRun(RemoteTestNG.java:251)
	at org.testng.remote.RemoteTestNG.main(RemoteTestNG.java:77)
]]>
            </full-stacktrace>
          </exception> <!-- org.testng.TestNGException -->
          <reporter-output>
          </reporter-output>
        </test-method> <!-- CreateShipment_TollNQXTollEXpress_E2ETest_TID_920_Service_RailGeneral -->
        <test-method status="PASS" signature="RunSetup()[pri:0, instance:createShipmentE2ETests.TollNQXTollExpressTests@29774679]" name="RunSetup" is-config="true" duration-ms="67427" started-at="2017-09-26T17:05:35Z" finished-at="2017-09-26T17:06:42Z">
          <reporter-output>
          </reporter-output>
        </test-method> <!-- RunSetup -->
        <test-method status="FAIL" signature="CreateShipment_TollNQXTollEXpress_E2ETest_TID_920_Service_RailDangerousGoods(java.lang.String, java.lang.Integer, java.lang.Integer, java.lang.Integer, java.lang.Integer, java.lang.Integer, java.lang.String, java.lang.Integer, java.lang.Integer, java.lang.String, java.lang.String, java.lang.String, java.lang.String, java.lang.String, java.lang.String, java.lang.String, java.lang.String, java.lang.String, java.lang.String, java.lang.String, java.lang.String, java.lang.Integer, java.lang.Integer, java.lang.Integer, java.lang.String, java.lang.Integer, java.lang.String, java.lang.String, java.lang.String, java.lang.String, java.lang.String, java.lang.String, java.lang.String, java.lang.String, java.lang.String, java.lang.String, java.lang.String, java.lang.String, java.lang.String, java.lang.String, java.lang.String, java.lang.String, java.lang.String, java.lang.String, java.lang.String, java.lang.String, java.lang.String)[pri:9, instance:createShipmentE2ETests.TollNQXTollExpressTests@29774679]" name="CreateShipment_TollNQXTollEXpress_E2ETest_TID_920_Service_RailDangerousGoods" duration-ms="27226" started-at="2017-09-26T17:06:42Z" finished-at="2017-09-26T17:07:09Z">
          <params>
            <param index="0">
              <value>
                <![CDATA[Toll NQX | Toll Express]]>
              </value>
            </param>
            <param index="1">
              <value>
                <![CDATA[9]]>
              </value>
            </param>
            <param index="2">
              <value>
                <![CDATA[1]]>
              </value>
            </param>
            <param index="3">
              <value>
                <![CDATA[1]]>
              </value>
            </param>
            <param index="4">
              <value>
                <![CDATA[2]]>
              </value>
            </param>
            <param index="5">
              <value>
                <![CDATA[1]]>
              </value>
            </param>
            <param index="6">
              <value>
                <![CDATA[5123355]]>
              </value>
            </param>
            <param index="7">
              <value>
                <![CDATA[1]]>
              </value>
            </param>
            <param index="8">
              <value>
                <![CDATA[2]]>
              </value>
            </param>
            <param index="9">
              <value>
                <![CDATA[Dadd]]>
              </value>
            </param>
            <param index="10">
              <value>
                <![CDATA[34324324]]>
              </value>
            </param>
            <param index="11">
              <value>
                <![CDATA[jagdish.khera@hcl.com]]>
              </value>
            </param>
            <param index="12">
              <value>
                <![CDATA[ajay.karol@gmail.com]]>
              </value>
            </param>
            <param index="13">
              <value>
                <![CDATA[012345]]>
              </value>
            </param>
            <param index="14">
              <value>
                <![CDATA[567879]]>
              </value>
            </param>
            <param index="15">
              <value>
                <![CDATA[Automation Template1]]>
              </value>
            </param>
            <param index="16">
              <value>
                <![CDATA[15]]>
              </value>
            </param>
            <param index="17">
              <value>
                <![CDATA[100]]>
              </value>
            </param>
            <param index="18">
              <value>
                <![CDATA[200]]>
              </value>
            </param>
            <param index="19">
              <value>
                <![CDATA[300]]>
              </value>
            </param>
            <param index="20">
              <value>
                <![CDATA[900]]>
              </value>
            </param>
            <param index="21">
              <value>
                <![CDATA[1]]>
              </value>
            </param>
            <param index="22">
              <value>
                <![CDATA[2]]>
              </value>
            </param>
            <param index="23">
              <value>
                <![CDATA[1]]>
              </value>
            </param>
            <param index="24">
              <value>
                <![CDATA[Test Special Ins]]>
              </value>
            </param>
            <param index="25">
              <value>
                <![CDATA[2]]>
              </value>
            </param>
            <param index="26">
              <value>
                <![CDATA[1234]]>
              </value>
            </param>
            <param index="27">
              <value>
                <![CDATA[Test PackageDescription]]>
              </value>
            </param>
            <param index="28">
              <value>
                <![CDATA[20]]>
              </value>
            </param>
            <param index="29">
              <value>
                <![CDATA[10]]>
              </value>
            </param>
            <param index="30">
              <value>
                <![CDATA[1234]]>
              </value>
            </param>
            <param index="31">
              <value>
                <![CDATA[4124]]>
              </value>
            </param>
            <param index="32">
              <value>
                <![CDATA[2345]]>
              </value>
            </param>
            <param index="33">
              <value>
                <![CDATA[7891]]>
              </value>
            </param>
            <param index="34">
              <value>
                <![CDATA[5671]]>
              </value>
            </param>
            <param index="35">
              <value>
                <![CDATA[6541]]>
              </value>
            </param>
            <param index="36">
              <value>
                <![CDATA[3451]]>
              </value>
            </param>
            <param index="37">
              <value>
                <![CDATA[3451]]>
              </value>
            </param>
            <param index="38">
              <value>
                <![CDATA[0123]]>
              </value>
            </param>
            <param index="39">
              <value>
                <![CDATA[5678]]>
              </value>
            </param>
            <param index="40">
              <value>
                <![CDATA[5123]]>
              </value>
            </param>
            <param index="41">
              <value>
                <![CDATA[1111]]>
              </value>
            </param>
            <param index="42">
              <value>
                <![CDATA[2222]]>
              </value>
            </param>
            <param index="43">
              <value>
                <![CDATA[3333]]>
              </value>
            </param>
            <param index="44">
              <value>
                <![CDATA[1598]]>
              </value>
            </param>
            <param index="45">
              <value>
                <![CDATA[Abcd1234]]>
              </value>
            </param>
            <param index="46">
              <value>
                <![CDATA[5000]]>
              </value>
            </param>
          </params>
          <exception class="org.openqa.selenium.NoSuchElementException">
            <message>
              <![CDATA[no such element: Unable to locate element: {"method":"xpath","selector":"//*[@id="service-selector"]/div/ul/li[9]/div"}
  (Session info: chrome=60.0.3112.113)
  (Driver info: chromedriver=2.30.477700 (0057494ad8732195794a7b32078424f92a5fce41),platform=Windows NT 10.0.14393 x86_64) (WARNING: The server did not provide any stacktrace information)
Command duration or timeout: 20.05 seconds
For documentation on this error, please visit: http://seleniumhq.org/exceptions/no_such_element.html
Build info: version: 'unknown', revision: 'unknown', time: 'unknown'
System info: host: 'PC12159', ip: '172.28.181.243', os.name: 'Windows 10', os.arch: 'amd64', os.version: '10.0', java.version: '1.8.0_144'
Driver info: org.openqa.selenium.chrome.ChromeDriver
Capabilities [{applicationCacheEnabled=false, rotatable=false, mobileEmulationEnabled=false, networkConnectionEnabled=false, chrome={chromedriverVersion=2.30.477700 (0057494ad8732195794a7b32078424f92a5fce41), userDataDir=C:\Users\2712\AppData\Local\Temp\scoped_dir63360_5092}, takesHeapSnapshot=true, pageLoadStrategy=normal, databaseEnabled=false, handlesAlerts=true, hasTouchScreen=false, version=60.0.3112.113, platform=XP, browserConnectionEnabled=false, nativeEvents=true, acceptSslCerts=true, locationContextEnabled=true, webStorageEnabled=true, browserName=chrome, takesScreenshot=true, javascriptEnabled=true, cssSelectorsEnabled=true, unexpectedAlertBehaviour=}]
Session ID: 731e34ebc8d762ee6ee88a75ba899aa6
*** Element info: {Using=xpath, value=//*[@id="service-selector"]/div/ul/li[9]/div}]]>
            </message>
            <full-stacktrace>
              <![CDATA[org.openqa.selenium.NoSuchElementException: no such element: Unable to locate element: {"method":"xpath","selector":"//*[@id="service-selector"]/div/ul/li[9]/div"}
  (Session info: chrome=60.0.3112.113)
  (Driver info: chromedriver=2.30.477700 (0057494ad8732195794a7b32078424f92a5fce41),platform=Windows NT 10.0.14393 x86_64) (WARNING: The server did not provide any stacktrace information)
Command duration or timeout: 20.05 seconds
For documentation on this error, please visit: http://seleniumhq.org/exceptions/no_such_element.html
Build info: version: 'unknown', revision: 'unknown', time: 'unknown'
System info: host: 'PC12159', ip: '172.28.181.243', os.name: 'Windows 10', os.arch: 'amd64', os.version: '10.0', java.version: '1.8.0_144'
Driver info: org.openqa.selenium.chrome.ChromeDriver
Capabilities [{applicationCacheEnabled=false, rotatable=false, mobileEmulationEnabled=false, networkConnectionEnabled=false, chrome={chromedriverVersion=2.30.477700 (0057494ad8732195794a7b32078424f92a5fce41), userDataDir=C:\Users\2712\AppData\Local\Temp\scoped_dir63360_5092}, takesHeapSnapshot=true, pageLoadStrategy=normal, databaseEnabled=false, handlesAlerts=true, hasTouchScreen=false, version=60.0.3112.113, platform=XP, browserConnectionEnabled=false, nativeEvents=true, acceptSslCerts=true, locationContextEnabled=true, webStorageEnabled=true, browserName=chrome, takesScreenshot=true, javascriptEnabled=true, cssSelectorsEnabled=true, unexpectedAlertBehaviour=}]
Session ID: 731e34ebc8d762ee6ee88a75ba899aa6
*** Element info: {Using=xpath, value=//*[@id="service-selector"]/div/ul/li[9]/div}
	at sun.reflect.NativeConstructorAccessorImpl.newInstance0(Native Method)
	at sun.reflect.NativeConstructorAccessorImpl.newInstance(Unknown Source)
	at sun.reflect.DelegatingConstructorAccessorImpl.newInstance(Unknown Source)
	at java.lang.reflect.Constructor.newInstance(Unknown Source)
	at org.openqa.selenium.remote.ErrorHandler.createThrowable(ErrorHandler.java:215)
	at org.openqa.selenium.remote.ErrorHandler.throwIfResponseFailed(ErrorHandler.java:167)
	at org.openqa.selenium.remote.RemoteWebDriver.execute(RemoteWebDriver.java:671)
	at org.openqa.selenium.remote.RemoteWebDriver.findElement(RemoteWebDriver.java:410)
	at org.openqa.selenium.remote.RemoteWebDriver.findElementByXPath(RemoteWebDriver.java:509)
	at org.openqa.selenium.By$ByXPath.findElement(By.java:361)
	at org.openqa.selenium.remote.RemoteWebDriver.findElement(RemoteWebDriver.java:402)
	at createShipmentActions.CreateShipmentActions.SelectService(CreateShipmentActions.java:86)
	at createShipmentE2ETests.TollNQXTollExpressTests.CreateShipment_TollNQXTollEXpress_E2ETest_TID_920_Service_RailDangerousGoods(TollNQXTollExpressTests.java:633)
	at sun.reflect.NativeMethodAccessorImpl.invoke0(Native Method)
	at sun.reflect.NativeMethodAccessorImpl.invoke(Unknown Source)
	at sun.reflect.DelegatingMethodAccessorImpl.invoke(Unknown Source)
	at java.lang.reflect.Method.invoke(Unknown Source)
	at org.testng.internal.MethodInvocationHelper.invokeMethod(MethodInvocationHelper.java:108)
	at org.testng.internal.Invoker.invokeMethod(Invoker.java:669)
	at org.testng.internal.Invoker.invokeTestMethod(Invoker.java:877)
	at org.testng.internal.Invoker.invokeTestMethods(Invoker.java:1201)
	at org.testng.internal.TestMethodWorker.invokeTestMethods(TestMethodWorker.java:125)
	at org.testng.internal.TestMethodWorker.run(TestMethodWorker.java:109)
	at org.testng.TestRunner.privateRun(TestRunner.java:776)
	at org.testng.TestRunner.run(TestRunner.java:634)
	at org.testng.SuiteRunner.runTest(SuiteRunner.java:425)
	at org.testng.SuiteRunner.runSequentially(SuiteRunner.java:420)
	at org.testng.SuiteRunner.privateRun(SuiteRunner.java:385)
	at org.testng.SuiteRunner.run(SuiteRunner.java:334)
	at org.testng.SuiteRunnerWorker.runSuite(SuiteRunnerWorker.java:52)
	at org.testng.SuiteRunnerWorker.run(SuiteRunnerWorker.java:86)
	at org.testng.TestNG.runSuitesSequentially(TestNG.java:1318)
	at org.testng.TestNG.runSuitesLocally(TestNG.java:1243)
	at org.testng.TestNG.runSuites(TestNG.java:1161)
	at org.testng.TestNG.run(TestNG.java:1129)
	at org.testng.remote.AbstractRemoteTestNG.run(AbstractRemoteTestNG.java:114)
	at org.testng.remote.RemoteTestNG.initAndRun(RemoteTestNG.java:251)
	at org.testng.remote.RemoteTestNG.main(RemoteTestNG.java:77)
]]>
            </full-stacktrace>
          </exception> <!-- org.openqa.selenium.NoSuchElementException -->
          <reporter-output>
          </reporter-output>
        </test-method> <!-- CreateShipment_TollNQXTollEXpress_E2ETest_TID_920_Service_RailDangerousGoods -->
      </class> <!-- createShipmentE2ETests.TollNQXTollExpressTests -->
    </test> <!-- createShipmentE2ETests.TollNQXTollExpressTests.CreateShipment_TollNQXTollEXpress_E2ETest_TID_920_Service_General -->
  </suite> <!-- Suite -->
</testng-results>
