<?xml version="1.0" encoding="UTF-8"?>
<testng-results skipped="0" failed="1" ignored="0" total="1" passed="0">
  <reporter-output>
  </reporter-output>
  <suite name="Default suite" duration-ms="21" started-at="2017-11-20T05:01:15Z" finished-at="2017-11-20T05:01:15Z">
    <groups>
    </groups>
    <test name="Default test" duration-ms="21" started-at="2017-11-20T05:01:15Z" finished-at="2017-11-20T05:01:15Z">
      <class name="manifestE2ETests.ManualManifestTollIntermodalTests">
        <test-method status="FAIL" signature="Manifest_TollIntermodal_E2ETest_TID_1127_Service_Express_AddManifestManual(java.lang.String, java.lang.String, java.lang.String, java.lang.String, java.lang.String, java.lang.String, java.lang.String, java.lang.String, java.lang.String, java.lang.String, java.lang.String, java.lang.String, java.lang.String, java.lang.String, java.lang.String, java.lang.String, java.lang.Integer, java.lang.Integer, java.lang.String, java.lang.String, java.lang.String)[pri:1, instance:manifestE2ETests.ManualManifestTollIntermodalTests@61832929]" name="Manifest_TollIntermodal_E2ETest_TID_1127_Service_Express_AddManifestManual" duration-ms="0" started-at="2017-11-20T16:01:15Z" finished-at="2017-11-20T16:01:15Z">
          <exception class="org.testng.TestNGException">
            <message>
              <![CDATA[
Parameter 'TollCarrierTollIntermodal' is required by @Test on method Manifest_TollIntermodal_E2ETest_TID_1127_Service_Express_AddManifestManual but has not been marked @Optional or defined
in C:\Users\Sheyan Rizfee\AppData\Local\Temp\testng-eclipse-925928280\testng-customsuite.xml]]>
            </message>
            <full-stacktrace>
              <![CDATA[org.testng.TestNGException: 
Parameter 'TollCarrierTollIntermodal' is required by @Test on method Manifest_TollIntermodal_E2ETest_TID_1127_Service_Express_AddManifestManual but has not been marked @Optional or defined
in C:\Users\Sheyan Rizfee\AppData\Local\Temp\testng-eclipse-925928280\testng-customsuite.xml
	at org.testng.internal.Parameters.createParams(Parameters.java:248)
	at org.testng.internal.Parameters.createParametersForMethod(Parameters.java:286)
	at org.testng.internal.Parameters.createParameters(Parameters.java:547)
	at org.testng.internal.Parameters.handleParameters(Parameters.java:672)
	at org.testng.internal.Invoker.handleParameters(Invoker.java:1316)
	at org.testng.internal.Invoker.createParameters(Invoker.java:1044)
	at org.testng.internal.Invoker.invokeTestMethods(Invoker.java:1134)
	at org.testng.internal.TestMethodWorker.invokeTestMethods(TestMethodWorker.java:125)
	at org.testng.internal.TestMethodWorker.run(TestMethodWorker.java:109)
	at org.testng.TestRunner.privateRun(TestRunner.java:776)
	at org.testng.TestRunner.run(TestRunner.java:634)
	at org.testng.SuiteRunner.runTest(SuiteRunner.java:425)
	at org.testng.SuiteRunner.runSequentially(SuiteRunner.java:420)
	at org.testng.SuiteRunner.privateRun(SuiteRunner.java:385)
	at org.testng.SuiteRunner.run(SuiteRunner.java:334)
	at org.testng.SuiteRunnerWorker.runSuite(SuiteRunnerWorker.java:52)
	at org.testng.SuiteRunnerWorker.run(SuiteRunnerWorker.java:86)
	at org.testng.TestNG.runSuitesSequentially(TestNG.java:1318)
	at org.testng.TestNG.runSuitesLocally(TestNG.java:1243)
	at org.testng.TestNG.runSuites(TestNG.java:1161)
	at org.testng.TestNG.run(TestNG.java:1129)
	at org.testng.remote.AbstractRemoteTestNG.run(AbstractRemoteTestNG.java:114)
	at org.testng.remote.RemoteTestNG.initAndRun(RemoteTestNG.java:251)
	at org.testng.remote.RemoteTestNG.main(RemoteTestNG.java:77)
]]>
            </full-stacktrace>
          </exception> <!-- org.testng.TestNGException -->
          <reporter-output>
          </reporter-output>
        </test-method> <!-- Manifest_TollIntermodal_E2ETest_TID_1127_Service_Express_AddManifestManual -->
      </class> <!-- manifestE2ETests.ManualManifestTollIntermodalTests -->
    </test> <!-- Default test -->
  </suite> <!-- Default suite -->
</testng-results>
