<?xml version="1.0" encoding="UTF-8"?>
<testng-results skipped="3" failed="0" ignored="0" total="3" passed="0">
  <reporter-output>
  </reporter-output>
  <suite name="Suite" duration-ms="14780" started-at="2017-11-28T00:18:11Z" finished-at="2017-11-28T00:18:25Z">
    <groups>
    </groups>
    <test name="RateEnquiry" duration-ms="14780" started-at="2017-11-28T00:18:11Z" finished-at="2017-11-28T00:18:25Z">
      <class name="rateEnquiryE2ETests.RateEnquiry_ErrorMsgValidations">
        <test-method status="FAIL" signature="RunSetup()[pri:0, instance:rateEnquiryE2ETests.RateEnquiry_ErrorMsgValidations@3ffc5af1]" name="RunSetup" is-config="true" duration-ms="14693" started-at="2017-11-28T11:18:11Z" finished-at="2017-11-28T11:18:25Z">
          <exception class="java.lang.NullPointerException">
            <full-stacktrace>
              <![CDATA[java.lang.NullPointerException
	at myTollHomePageActions.MyTollHomePageActions.Login(MyTollHomePageActions.java:72)
	at rateEnquiryE2ETests.RateEnquiry_ErrorMsgValidations.RunSetup(RateEnquiry_ErrorMsgValidations.java:24)
	at sun.reflect.NativeMethodAccessorImpl.invoke0(Native Method)
	at sun.reflect.NativeMethodAccessorImpl.invoke(Unknown Source)
	at sun.reflect.DelegatingMethodAccessorImpl.invoke(Unknown Source)
	at java.lang.reflect.Method.invoke(Unknown Source)
	at org.testng.internal.MethodInvocationHelper.invokeMethod(MethodInvocationHelper.java:108)
	at org.testng.internal.Invoker.invokeConfigurationMethod(Invoker.java:523)
	at org.testng.internal.Invoker.invokeConfigurations(Invoker.java:224)
	at org.testng.internal.Invoker.invokeMethod(Invoker.java:599)
	at org.testng.internal.Invoker.invokeTestMethod(Invoker.java:877)
	at org.testng.internal.Invoker.invokeTestMethods(Invoker.java:1201)
	at org.testng.internal.TestMethodWorker.invokeTestMethods(TestMethodWorker.java:125)
	at org.testng.internal.TestMethodWorker.run(TestMethodWorker.java:109)
	at org.testng.TestRunner.privateRun(TestRunner.java:776)
	at org.testng.TestRunner.run(TestRunner.java:634)
	at org.testng.SuiteRunner.runTest(SuiteRunner.java:425)
	at org.testng.SuiteRunner.runSequentially(SuiteRunner.java:420)
	at org.testng.SuiteRunner.privateRun(SuiteRunner.java:385)
	at org.testng.SuiteRunner.run(SuiteRunner.java:334)
	at org.testng.SuiteRunnerWorker.runSuite(SuiteRunnerWorker.java:52)
	at org.testng.SuiteRunnerWorker.run(SuiteRunnerWorker.java:86)
	at org.testng.TestNG.runSuitesSequentially(TestNG.java:1318)
	at org.testng.TestNG.runSuitesLocally(TestNG.java:1243)
	at org.testng.TestNG.runSuites(TestNG.java:1161)
	at org.testng.TestNG.run(TestNG.java:1129)
	at org.testng.remote.AbstractRemoteTestNG.run(AbstractRemoteTestNG.java:114)
	at org.testng.remote.RemoteTestNG.initAndRun(RemoteTestNG.java:251)
	at org.testng.remote.RemoteTestNG.main(RemoteTestNG.java:77)
]]>
            </full-stacktrace>
          </exception> <!-- java.lang.NullPointerException -->
          <reporter-output>
          </reporter-output>
        </test-method> <!-- RunSetup -->
        <test-method status="SKIP" signature="RateEnquiry_TollPriorityAUS_E2ETest_TID_1052_Service_ParcelOffPeak(java.lang.String, java.lang.String, java.lang.String, java.lang.String, java.lang.String, java.lang.String, java.lang.String, java.lang.String, java.lang.String, java.lang.String, java.lang.String, java.lang.String, java.lang.String, java.lang.String)[pri:0, instance:rateEnquiryE2ETests.RateEnquiry_ErrorMsgValidations@3ffc5af1]" name="RateEnquiry_TollPriorityAUS_E2ETest_TID_1052_Service_ParcelOffPeak" duration-ms="0" started-at="2017-11-28T11:18:25Z" finished-at="2017-11-28T11:18:25Z">
          <exception class="java.lang.NullPointerException">
            <full-stacktrace>
              <![CDATA[java.lang.NullPointerException
	at myTollHomePageActions.MyTollHomePageActions.Login(MyTollHomePageActions.java:72)
	at rateEnquiryE2ETests.RateEnquiry_ErrorMsgValidations.RunSetup(RateEnquiry_ErrorMsgValidations.java:24)
	at sun.reflect.NativeMethodAccessorImpl.invoke0(Native Method)
	at sun.reflect.NativeMethodAccessorImpl.invoke(Unknown Source)
	at sun.reflect.DelegatingMethodAccessorImpl.invoke(Unknown Source)
	at java.lang.reflect.Method.invoke(Unknown Source)
	at org.testng.internal.MethodInvocationHelper.invokeMethod(MethodInvocationHelper.java:108)
	at org.testng.internal.Invoker.invokeConfigurationMethod(Invoker.java:523)
	at org.testng.internal.Invoker.invokeConfigurations(Invoker.java:224)
	at org.testng.internal.Invoker.invokeMethod(Invoker.java:599)
	at org.testng.internal.Invoker.invokeTestMethod(Invoker.java:877)
	at org.testng.internal.Invoker.invokeTestMethods(Invoker.java:1201)
	at org.testng.internal.TestMethodWorker.invokeTestMethods(TestMethodWorker.java:125)
	at org.testng.internal.TestMethodWorker.run(TestMethodWorker.java:109)
	at org.testng.TestRunner.privateRun(TestRunner.java:776)
	at org.testng.TestRunner.run(TestRunner.java:634)
	at org.testng.SuiteRunner.runTest(SuiteRunner.java:425)
	at org.testng.SuiteRunner.runSequentially(SuiteRunner.java:420)
	at org.testng.SuiteRunner.privateRun(SuiteRunner.java:385)
	at org.testng.SuiteRunner.run(SuiteRunner.java:334)
	at org.testng.SuiteRunnerWorker.runSuite(SuiteRunnerWorker.java:52)
	at org.testng.SuiteRunnerWorker.run(SuiteRunnerWorker.java:86)
	at org.testng.TestNG.runSuitesSequentially(TestNG.java:1318)
	at org.testng.TestNG.runSuitesLocally(TestNG.java:1243)
	at org.testng.TestNG.runSuites(TestNG.java:1161)
	at org.testng.TestNG.run(TestNG.java:1129)
	at org.testng.remote.AbstractRemoteTestNG.run(AbstractRemoteTestNG.java:114)
	at org.testng.remote.RemoteTestNG.initAndRun(RemoteTestNG.java:251)
	at org.testng.remote.RemoteTestNG.main(RemoteTestNG.java:77)
]]>
            </full-stacktrace>
          </exception> <!-- java.lang.NullPointerException -->
          <reporter-output>
          </reporter-output>
        </test-method> <!-- RateEnquiry_TollPriorityAUS_E2ETest_TID_1052_Service_ParcelOffPeak -->
        <test-method status="SKIP" signature="RunTearDown()[pri:0, instance:rateEnquiryE2ETests.RateEnquiry_ErrorMsgValidations@3ffc5af1]" name="RunTearDown" is-config="true" duration-ms="0" started-at="2017-11-28T11:18:25Z" finished-at="2017-11-28T11:18:25Z">
          <reporter-output>
          </reporter-output>
        </test-method> <!-- RunTearDown -->
        <test-method status="SKIP" signature="RunSetup()[pri:0, instance:rateEnquiryE2ETests.RateEnquiry_ErrorMsgValidations@3ffc5af1]" name="RunSetup" is-config="true" duration-ms="0" started-at="2017-11-28T11:18:25Z" finished-at="2017-11-28T11:18:25Z">
          <reporter-output>
          </reporter-output>
        </test-method> <!-- RunSetup -->
        <test-method status="SKIP" signature="RateEnquiry_TollPriorityNZ_E2ETest_TID_1052_Service_GlobalExpressParcels(java.lang.String, java.lang.String, java.lang.String, java.lang.String, java.lang.String, java.lang.String, java.lang.String, java.lang.String, java.lang.String, java.lang.String, java.lang.String, java.lang.String, java.lang.String, java.lang.String, java.lang.String, java.lang.String)[pri:0, instance:rateEnquiryE2ETests.RateEnquiry_ErrorMsgValidations@3ffc5af1]" name="RateEnquiry_TollPriorityNZ_E2ETest_TID_1052_Service_GlobalExpressParcels" duration-ms="0" started-at="2017-11-28T11:18:25Z" finished-at="2017-11-28T11:18:25Z">
          <exception class="java.lang.NullPointerException">
            <full-stacktrace>
              <![CDATA[java.lang.NullPointerException
	at myTollHomePageActions.MyTollHomePageActions.Login(MyTollHomePageActions.java:72)
	at rateEnquiryE2ETests.RateEnquiry_ErrorMsgValidations.RunSetup(RateEnquiry_ErrorMsgValidations.java:24)
	at sun.reflect.NativeMethodAccessorImpl.invoke0(Native Method)
	at sun.reflect.NativeMethodAccessorImpl.invoke(Unknown Source)
	at sun.reflect.DelegatingMethodAccessorImpl.invoke(Unknown Source)
	at java.lang.reflect.Method.invoke(Unknown Source)
	at org.testng.internal.MethodInvocationHelper.invokeMethod(MethodInvocationHelper.java:108)
	at org.testng.internal.Invoker.invokeConfigurationMethod(Invoker.java:523)
	at org.testng.internal.Invoker.invokeConfigurations(Invoker.java:224)
	at org.testng.internal.Invoker.invokeMethod(Invoker.java:599)
	at org.testng.internal.Invoker.invokeTestMethod(Invoker.java:877)
	at org.testng.internal.Invoker.invokeTestMethods(Invoker.java:1201)
	at org.testng.internal.TestMethodWorker.invokeTestMethods(TestMethodWorker.java:125)
	at org.testng.internal.TestMethodWorker.run(TestMethodWorker.java:109)
	at org.testng.TestRunner.privateRun(TestRunner.java:776)
	at org.testng.TestRunner.run(TestRunner.java:634)
	at org.testng.SuiteRunner.runTest(SuiteRunner.java:425)
	at org.testng.SuiteRunner.runSequentially(SuiteRunner.java:420)
	at org.testng.SuiteRunner.privateRun(SuiteRunner.java:385)
	at org.testng.SuiteRunner.run(SuiteRunner.java:334)
	at org.testng.SuiteRunnerWorker.runSuite(SuiteRunnerWorker.java:52)
	at org.testng.SuiteRunnerWorker.run(SuiteRunnerWorker.java:86)
	at org.testng.TestNG.runSuitesSequentially(TestNG.java:1318)
	at org.testng.TestNG.runSuitesLocally(TestNG.java:1243)
	at org.testng.TestNG.runSuites(TestNG.java:1161)
	at org.testng.TestNG.run(TestNG.java:1129)
	at org.testng.remote.AbstractRemoteTestNG.run(AbstractRemoteTestNG.java:114)
	at org.testng.remote.RemoteTestNG.initAndRun(RemoteTestNG.java:251)
	at org.testng.remote.RemoteTestNG.main(RemoteTestNG.java:77)
]]>
            </full-stacktrace>
          </exception> <!-- java.lang.NullPointerException -->
          <reporter-output>
          </reporter-output>
        </test-method> <!-- RateEnquiry_TollPriorityNZ_E2ETest_TID_1052_Service_GlobalExpressParcels -->
        <test-method status="SKIP" signature="RunTearDown()[pri:0, instance:rateEnquiryE2ETests.RateEnquiry_ErrorMsgValidations@3ffc5af1]" name="RunTearDown" is-config="true" duration-ms="0" started-at="2017-11-28T11:18:25Z" finished-at="2017-11-28T11:18:25Z">
          <reporter-output>
          </reporter-output>
        </test-method> <!-- RunTearDown -->
        <test-method status="SKIP" signature="RunSetup()[pri:0, instance:rateEnquiryE2ETests.RateEnquiry_ErrorMsgValidations@3ffc5af1]" name="RunSetup" is-config="true" duration-ms="0" started-at="2017-11-28T11:18:25Z" finished-at="2017-11-28T11:18:25Z">
          <reporter-output>
          </reporter-output>
        </test-method> <!-- RunSetup -->
        <test-method status="SKIP" signature="RateEnquiry_TollTasmanias_E2ETest_TID_1052_Service_DGFreight(java.lang.String, java.lang.String, java.lang.String, java.lang.String, java.lang.String, java.lang.String, java.lang.String, java.lang.String, java.lang.String, java.lang.String, java.lang.String, java.lang.String, java.lang.String, java.lang.String, java.lang.String, java.lang.String)[pri:0, instance:rateEnquiryE2ETests.RateEnquiry_ErrorMsgValidations@3ffc5af1]" name="RateEnquiry_TollTasmanias_E2ETest_TID_1052_Service_DGFreight" duration-ms="0" started-at="2017-11-28T11:18:25Z" finished-at="2017-11-28T11:18:25Z">
          <exception class="java.lang.NullPointerException">
            <full-stacktrace>
              <![CDATA[java.lang.NullPointerException
	at myTollHomePageActions.MyTollHomePageActions.Login(MyTollHomePageActions.java:72)
	at rateEnquiryE2ETests.RateEnquiry_ErrorMsgValidations.RunSetup(RateEnquiry_ErrorMsgValidations.java:24)
	at sun.reflect.NativeMethodAccessorImpl.invoke0(Native Method)
	at sun.reflect.NativeMethodAccessorImpl.invoke(Unknown Source)
	at sun.reflect.DelegatingMethodAccessorImpl.invoke(Unknown Source)
	at java.lang.reflect.Method.invoke(Unknown Source)
	at org.testng.internal.MethodInvocationHelper.invokeMethod(MethodInvocationHelper.java:108)
	at org.testng.internal.Invoker.invokeConfigurationMethod(Invoker.java:523)
	at org.testng.internal.Invoker.invokeConfigurations(Invoker.java:224)
	at org.testng.internal.Invoker.invokeMethod(Invoker.java:599)
	at org.testng.internal.Invoker.invokeTestMethod(Invoker.java:877)
	at org.testng.internal.Invoker.invokeTestMethods(Invoker.java:1201)
	at org.testng.internal.TestMethodWorker.invokeTestMethods(TestMethodWorker.java:125)
	at org.testng.internal.TestMethodWorker.run(TestMethodWorker.java:109)
	at org.testng.TestRunner.privateRun(TestRunner.java:776)
	at org.testng.TestRunner.run(TestRunner.java:634)
	at org.testng.SuiteRunner.runTest(SuiteRunner.java:425)
	at org.testng.SuiteRunner.runSequentially(SuiteRunner.java:420)
	at org.testng.SuiteRunner.privateRun(SuiteRunner.java:385)
	at org.testng.SuiteRunner.run(SuiteRunner.java:334)
	at org.testng.SuiteRunnerWorker.runSuite(SuiteRunnerWorker.java:52)
	at org.testng.SuiteRunnerWorker.run(SuiteRunnerWorker.java:86)
	at org.testng.TestNG.runSuitesSequentially(TestNG.java:1318)
	at org.testng.TestNG.runSuitesLocally(TestNG.java:1243)
	at org.testng.TestNG.runSuites(TestNG.java:1161)
	at org.testng.TestNG.run(TestNG.java:1129)
	at org.testng.remote.AbstractRemoteTestNG.run(AbstractRemoteTestNG.java:114)
	at org.testng.remote.RemoteTestNG.initAndRun(RemoteTestNG.java:251)
	at org.testng.remote.RemoteTestNG.main(RemoteTestNG.java:77)
]]>
            </full-stacktrace>
          </exception> <!-- java.lang.NullPointerException -->
          <reporter-output>
          </reporter-output>
        </test-method> <!-- RateEnquiry_TollTasmanias_E2ETest_TID_1052_Service_DGFreight -->
        <test-method status="SKIP" signature="RunTearDown()[pri:0, instance:rateEnquiryE2ETests.RateEnquiry_ErrorMsgValidations@3ffc5af1]" name="RunTearDown" is-config="true" duration-ms="0" started-at="2017-11-28T11:18:25Z" finished-at="2017-11-28T11:18:25Z">
          <reporter-output>
          </reporter-output>
        </test-method> <!-- RunTearDown -->
      </class> <!-- rateEnquiryE2ETests.RateEnquiry_ErrorMsgValidations -->
    </test> <!-- RateEnquiry -->
  </suite> <!-- Suite -->
</testng-results>
