<?xml version="1.0" encoding="UTF-8"?>
<testng-results skipped="0" failed="0" ignored="0" total="2" passed="2">
  <reporter-output>
    <line>
      <![CDATA[Expected Text : MANIFEST - TESTMANIFEST5363 Matched the Text on Screen :MANIFEST - TESTMANIFEST5363]]>
    </line>
    <line>
      <![CDATA[Expected Text : Toll Priority (Aus) Matched the Text on Screen :Toll Priority (Aus)]]>
    </line>
    <line>
      <![CDATA[Expected Text : Toll Priority (Aus) Matched the Text on Screen :Toll Priority (Aus)]]>
    </line>
    <line>
      <![CDATA[Expected Text : 09:15 Matched the Text on Screen :09:15]]>
    </line>
    <line>
      <![CDATA[Expected Text : MANIFEST - TESTMANIFEST6664 Matched the Text on Screen :MANIFEST - TESTMANIFEST6664]]>
    </line>
    <line>
      <![CDATA[Expected Text : Toll Priority (NZ) Matched the Text on Screen :Toll Priority (NZ)]]>
    </line>
    <line>
      <![CDATA[Expected Text : Toll Priority (NZ) Matched the Text on Screen :Toll Priority (NZ)]]>
    </line>
    <line>
      <![CDATA[Expected Text : 09:15 Matched the Text on Screen :09:15]]>
    </line>
  </reporter-output>
  <suite name="Suite" duration-ms="225405" started-at="2017-11-15T03:19:28Z" finished-at="2017-11-15T03:23:13Z">
    <groups>
    </groups>
    <test name="ManifestTest" duration-ms="225405" started-at="2017-11-15T03:19:28Z" finished-at="2017-11-15T03:23:13Z">
      <class name="manifestE2ETests.ManualManifestTollPriorityNZTests">
        <test-method status="PASS" signature="RunSetup()[pri:0, instance:manifestE2ETests.ManualManifestTollPriorityNZTests@26653222]" name="RunSetup" is-config="true" duration-ms="17479" started-at="2017-11-15T14:21:18Z" finished-at="2017-11-15T14:21:36Z">
          <reporter-output>
          </reporter-output>
        </test-method> <!-- RunSetup -->
        <test-method status="PASS" signature="Manifest_TollPriorityNZ_E2ETest_TID_1127_Service_ServiceParcelsOffPeak_AddManifestManual(java.lang.String, java.lang.String, java.lang.String, java.lang.String, java.lang.String, java.lang.String, java.lang.String, java.lang.String, java.lang.String, java.lang.String, java.lang.String, java.lang.String, java.lang.String, java.lang.String, java.lang.String, java.lang.String, java.lang.Integer, java.lang.Integer, java.lang.String, java.lang.String, java.lang.String)[pri:1, instance:manifestE2ETests.ManualManifestTollPriorityNZTests@26653222]" name="Manifest_TollPriorityNZ_E2ETest_TID_1127_Service_ServiceParcelsOffPeak_AddManifestManual" duration-ms="97235" started-at="2017-11-15T14:21:36Z" finished-at="2017-11-15T14:23:13Z">
          <params>
            <param index="0">
              <value>
                <![CDATA[Toll Priority (NZ)]]>
              </value>
            </param>
            <param index="1">
              <value>
                <![CDATA[Parcels - Off Peak]]>
              </value>
            </param>
            <param index="2">
              <value>
                <![CDATA[106119]]>
              </value>
            </param>
            <param index="3">
              <value>
                <![CDATA[Test]]>
              </value>
            </param>
            <param index="4">
              <value>
                <![CDATA[Toll Group Test]]>
              </value>
            </param>
            <param index="5">
              <value>
                <![CDATA[ACT TOLLFAST]]>
              </value>
            </param>
            <param index="6">
              <value>
                <![CDATA[ADC Port Adelaide (TMS)]]>
              </value>
            </param>
            <param index="7">
              <value>
                <![CDATA[Dadd]]>
              </value>
            </param>
            <param index="8">
              <value>
                <![CDATA[012345]]>
              </value>
            </param>
            <param index="9">
              <value>
                <![CDATA[567879]]>
              </value>
            </param>
            <param index="10">
              <value>
                <![CDATA[Automation Template1]]>
              </value>
            </param>
            <param index="11">
              <value>
                <![CDATA[15]]>
              </value>
            </param>
            <param index="12">
              <value>
                <![CDATA[100]]>
              </value>
            </param>
            <param index="13">
              <value>
                <![CDATA[200]]>
              </value>
            </param>
            <param index="14">
              <value>
                <![CDATA[300]]>
              </value>
            </param>
            <param index="15">
              <value>
                <![CDATA[900]]>
              </value>
            </param>
            <param index="16">
              <value>
                <![CDATA[1]]>
              </value>
            </param>
            <param index="17">
              <value>
                <![CDATA[2]]>
              </value>
            </param>
            <param index="18">
              <value>
                <![CDATA[General Freight]]>
              </value>
            </param>
            <param index="19">
              <value>
                <![CDATA[Test Special Ins]]>
              </value>
            </param>
            <param index="20">
              <value>
                <![CDATA[5000]]>
              </value>
            </param>
          </params>
          <reporter-output>
            <line>
              <![CDATA[Expected Text : MANIFEST - TESTMANIFEST6664 Matched the Text on Screen :MANIFEST - TESTMANIFEST6664]]>
            </line>
            <line>
              <![CDATA[Expected Text : Toll Priority (NZ) Matched the Text on Screen :Toll Priority (NZ)]]>
            </line>
            <line>
              <![CDATA[Expected Text : Toll Priority (NZ) Matched the Text on Screen :Toll Priority (NZ)]]>
            </line>
            <line>
              <![CDATA[Expected Text : 09:15 Matched the Text on Screen :09:15]]>
            </line>
          </reporter-output>
        </test-method> <!-- Manifest_TollPriorityNZ_E2ETest_TID_1127_Service_ServiceParcelsOffPeak_AddManifestManual -->
        <test-method status="PASS" signature="RunTearDown()[pri:0, instance:manifestE2ETests.ManualManifestTollPriorityNZTests@26653222]" name="RunTearDown" is-config="true" duration-ms="1" started-at="2017-11-15T14:23:13Z" finished-at="2017-11-15T14:23:13Z">
          <reporter-output>
          </reporter-output>
        </test-method> <!-- RunTearDown -->
      </class> <!-- manifestE2ETests.ManualManifestTollPriorityNZTests -->
      <class name="manifestE2ETests.ManualManifestTollPriorityAUSTests">
        <test-method status="PASS" signature="RunSetup()[pri:0, instance:manifestE2ETests.ManualManifestTollPriorityAUSTests@5e5792a0]" name="RunSetup" is-config="true" duration-ms="20427" started-at="2017-11-15T14:19:28Z" finished-at="2017-11-15T14:19:48Z">
          <reporter-output>
          </reporter-output>
        </test-method> <!-- RunSetup -->
        <test-method status="PASS" signature="Manifest_TollPriorityAU_E2ETest_TID_1127_Service_ServiceParcelsOffPeak_AddManifestManual(java.lang.String, java.lang.String, java.lang.String, java.lang.String, java.lang.String, java.lang.String, java.lang.String, java.lang.String, java.lang.String, java.lang.String, java.lang.String, java.lang.String, java.lang.String, java.lang.String, java.lang.String, java.lang.String, java.lang.Integer, java.lang.Integer, java.lang.String, java.lang.String, java.lang.String)[pri:1, instance:manifestE2ETests.ManualManifestTollPriorityAUSTests@5e5792a0]" name="Manifest_TollPriorityAU_E2ETest_TID_1127_Service_ServiceParcelsOffPeak_AddManifestManual" duration-ms="90240" started-at="2017-11-15T14:19:48Z" finished-at="2017-11-15T14:21:18Z">
          <params>
            <param index="0">
              <value>
                <![CDATA[Toll Priority (Aus)]]>
              </value>
            </param>
            <param index="1">
              <value>
                <![CDATA[Parcels - Off Peak]]>
              </value>
            </param>
            <param index="2">
              <value>
                <![CDATA[106119]]>
              </value>
            </param>
            <param index="3">
              <value>
                <![CDATA[Test]]>
              </value>
            </param>
            <param index="4">
              <value>
                <![CDATA[Toll Group Test]]>
              </value>
            </param>
            <param index="5">
              <value>
                <![CDATA[ACT TOLLFAST]]>
              </value>
            </param>
            <param index="6">
              <value>
                <![CDATA[ADC Port Adelaide (TMS)]]>
              </value>
            </param>
            <param index="7">
              <value>
                <![CDATA[Dadd]]>
              </value>
            </param>
            <param index="8">
              <value>
                <![CDATA[012345]]>
              </value>
            </param>
            <param index="9">
              <value>
                <![CDATA[567879]]>
              </value>
            </param>
            <param index="10">
              <value>
                <![CDATA[Automation Template1]]>
              </value>
            </param>
            <param index="11">
              <value>
                <![CDATA[15]]>
              </value>
            </param>
            <param index="12">
              <value>
                <![CDATA[100]]>
              </value>
            </param>
            <param index="13">
              <value>
                <![CDATA[200]]>
              </value>
            </param>
            <param index="14">
              <value>
                <![CDATA[300]]>
              </value>
            </param>
            <param index="15">
              <value>
                <![CDATA[900]]>
              </value>
            </param>
            <param index="16">
              <value>
                <![CDATA[1]]>
              </value>
            </param>
            <param index="17">
              <value>
                <![CDATA[2]]>
              </value>
            </param>
            <param index="18">
              <value>
                <![CDATA[General Freight]]>
              </value>
            </param>
            <param index="19">
              <value>
                <![CDATA[Test Special Ins]]>
              </value>
            </param>
            <param index="20">
              <value>
                <![CDATA[5000]]>
              </value>
            </param>
          </params>
          <reporter-output>
            <line>
              <![CDATA[Expected Text : MANIFEST - TESTMANIFEST5363 Matched the Text on Screen :MANIFEST - TESTMANIFEST5363]]>
            </line>
            <line>
              <![CDATA[Expected Text : Toll Priority (Aus) Matched the Text on Screen :Toll Priority (Aus)]]>
            </line>
            <line>
              <![CDATA[Expected Text : Toll Priority (Aus) Matched the Text on Screen :Toll Priority (Aus)]]>
            </line>
            <line>
              <![CDATA[Expected Text : 09:15 Matched the Text on Screen :09:15]]>
            </line>
          </reporter-output>
        </test-method> <!-- Manifest_TollPriorityAU_E2ETest_TID_1127_Service_ServiceParcelsOffPeak_AddManifestManual -->
        <test-method status="PASS" signature="RunTearDown()[pri:0, instance:manifestE2ETests.ManualManifestTollPriorityAUSTests@5e5792a0]" name="RunTearDown" is-config="true" duration-ms="0" started-at="2017-11-15T14:21:18Z" finished-at="2017-11-15T14:21:18Z">
          <reporter-output>
          </reporter-output>
        </test-method> <!-- RunTearDown -->
      </class> <!-- manifestE2ETests.ManualManifestTollPriorityAUSTests -->
    </test> <!-- ManifestTest -->
  </suite> <!-- Suite -->
</testng-results>
