<?xml version="1.0" encoding="UTF-8"?>
<testng-results skipped="0" failed="0" ignored="0" total="1" passed="1">
  <reporter-output>
    <line>
      <![CDATA[Expected Text : MANIFEST - TESTMANIFEST6824 Matched the Text on Screen :MANIFEST - TESTMANIFEST6824]]>
    </line>
    <line>
      <![CDATA[Expected Text : Toll Intermodal Matched the Text on Screen :Toll Intermodal]]>
    </line>
    <line>
      <![CDATA[Expected Text : Toll Intermodal Matched the Text on Screen :Toll Intermodal]]>
    </line>
    <line>
      <![CDATA[Expected Text : 09:15 Matched the Text on Screen :09:15]]>
    </line>
  </reporter-output>
  <suite name="Suite" duration-ms="120288" started-at="2017-11-15T05:03:30Z" finished-at="2017-11-15T05:05:31Z">
    <groups>
    </groups>
    <test name="ManifestTest" duration-ms="120288" started-at="2017-11-15T05:03:30Z" finished-at="2017-11-15T05:05:31Z">
      <class name="manifestE2ETests.ManualManifestTollIntermodalTests">
        <test-method status="PASS" signature="RunSetup()[pri:0, instance:manifestE2ETests.ManualManifestTollIntermodalTests@3ffc5af1]" name="RunSetup" is-config="true" duration-ms="22464" started-at="2017-11-15T16:03:30Z" finished-at="2017-11-15T16:03:53Z">
          <reporter-output>
          </reporter-output>
        </test-method> <!-- RunSetup -->
        <test-method status="PASS" signature="Manifest_TollIntermodal_E2ETest_TID_1127_Service_Express_AddManifestManual(java.lang.String, java.lang.String, java.lang.String, java.lang.String, java.lang.String, java.lang.String, java.lang.String, java.lang.String, java.lang.String, java.lang.String, java.lang.String, java.lang.String, java.lang.String, java.lang.String, java.lang.String, java.lang.String, java.lang.Integer, java.lang.Integer, java.lang.String, java.lang.String, java.lang.String)[pri:1, instance:manifestE2ETests.ManualManifestTollIntermodalTests@3ffc5af1]" name="Manifest_TollIntermodal_E2ETest_TID_1127_Service_Express_AddManifestManual" duration-ms="97769" started-at="2017-11-15T16:03:53Z" finished-at="2017-11-15T16:05:31Z">
          <params>
            <param index="0">
              <value>
                <![CDATA[Toll Intermodal]]>
              </value>
            </param>
            <param index="1">
              <value>
                <![CDATA[Express]]>
              </value>
            </param>
            <param index="2">
              <value>
                <![CDATA[106119]]>
              </value>
            </param>
            <param index="3">
              <value>
                <![CDATA[Test]]>
              </value>
            </param>
            <param index="4">
              <value>
                <![CDATA[Toll Group Test]]>
              </value>
            </param>
            <param index="5">
              <value>
                <![CDATA[ACT TOLLFAST]]>
              </value>
            </param>
            <param index="6">
              <value>
                <![CDATA[ADC Port Adelaide (TMS)]]>
              </value>
            </param>
            <param index="7">
              <value>
                <![CDATA[Dadd]]>
              </value>
            </param>
            <param index="8">
              <value>
                <![CDATA[012345]]>
              </value>
            </param>
            <param index="9">
              <value>
                <![CDATA[567879]]>
              </value>
            </param>
            <param index="10">
              <value>
                <![CDATA[Automation Template1]]>
              </value>
            </param>
            <param index="11">
              <value>
                <![CDATA[15]]>
              </value>
            </param>
            <param index="12">
              <value>
                <![CDATA[100]]>
              </value>
            </param>
            <param index="13">
              <value>
                <![CDATA[200]]>
              </value>
            </param>
            <param index="14">
              <value>
                <![CDATA[300]]>
              </value>
            </param>
            <param index="15">
              <value>
                <![CDATA[900]]>
              </value>
            </param>
            <param index="16">
              <value>
                <![CDATA[1]]>
              </value>
            </param>
            <param index="17">
              <value>
                <![CDATA[2]]>
              </value>
            </param>
            <param index="18">
              <value>
                <![CDATA[General Freight]]>
              </value>
            </param>
            <param index="19">
              <value>
                <![CDATA[Test Special Ins]]>
              </value>
            </param>
            <param index="20">
              <value>
                <![CDATA[5000]]>
              </value>
            </param>
          </params>
          <reporter-output>
            <line>
              <![CDATA[Expected Text : MANIFEST - TESTMANIFEST6824 Matched the Text on Screen :MANIFEST - TESTMANIFEST6824]]>
            </line>
            <line>
              <![CDATA[Expected Text : Toll Intermodal Matched the Text on Screen :Toll Intermodal]]>
            </line>
            <line>
              <![CDATA[Expected Text : Toll Intermodal Matched the Text on Screen :Toll Intermodal]]>
            </line>
            <line>
              <![CDATA[Expected Text : 09:15 Matched the Text on Screen :09:15]]>
            </line>
          </reporter-output>
        </test-method> <!-- Manifest_TollIntermodal_E2ETest_TID_1127_Service_Express_AddManifestManual -->
        <test-method status="PASS" signature="RunTearDown()[pri:0, instance:manifestE2ETests.ManualManifestTollIntermodalTests@3ffc5af1]" name="RunTearDown" is-config="true" duration-ms="0" started-at="2017-11-15T16:05:31Z" finished-at="2017-11-15T16:05:31Z">
          <reporter-output>
          </reporter-output>
        </test-method> <!-- RunTearDown -->
      </class> <!-- manifestE2ETests.ManualManifestTollIntermodalTests -->
    </test> <!-- ManifestTest -->
  </suite> <!-- Suite -->
</testng-results>
