<?xml version="1.0" encoding="UTF-8"?>
<testng-results skipped="0" failed="9" ignored="0" total="9" passed="0">
  <reporter-output>
  </reporter-output>
  <suite name="Suite" duration-ms="540736" started-at="2017-09-25T04:41:29Z" finished-at="2017-09-25T04:50:30Z">
    <groups>
    </groups>
    <test name="createShipmentE2ETests.TollNQXTollExpressTests.CreateShipment_TollNQXTollEXpress_E2ETest_TID_920_Service_General" duration-ms="540736" started-at="2017-09-25T04:41:29Z" finished-at="2017-09-25T04:50:30Z">
      <class name="createShipmentE2ETests.TollNQXTollExpressTests">
        <test-method status="PASS" signature="RunSetup()[pri:0, instance:createShipmentE2ETests.TollNQXTollExpressTests@29774679]" name="RunSetup" is-config="true" duration-ms="20450" started-at="2017-09-25T14:41:29Z" finished-at="2017-09-25T14:41:50Z">
          <reporter-output>
          </reporter-output>
        </test-method> <!-- RunSetup -->
        <test-method status="FAIL" signature="CreateShipment_TollNQXTollEXpress_E2ETest_TID_920_Service_General(java.lang.Integer, java.lang.Integer, java.lang.Integer, java.lang.Integer, java.lang.Integer, java.lang.Integer, java.lang.String, java.lang.Integer, java.lang.Integer, java.lang.String, java.lang.String, java.lang.String, java.lang.String, java.lang.String, java.lang.String, java.lang.String, java.lang.String, java.lang.String, java.lang.String, java.lang.String, java.lang.Integer, java.lang.Integer, java.lang.Integer, java.lang.String, java.lang.Integer, java.lang.String, java.lang.String, java.lang.String, java.lang.String, java.lang.String, java.lang.String, java.lang.String, java.lang.String, java.lang.String, java.lang.String, java.lang.String, java.lang.String, java.lang.String, java.lang.String, java.lang.String, java.lang.String, java.lang.String, java.lang.String, java.lang.String, java.lang.String, java.lang.String)[pri:1, instance:createShipmentE2ETests.TollNQXTollExpressTests@29774679]" name="CreateShipment_TollNQXTollEXpress_E2ETest_TID_920_Service_General" duration-ms="59348" started-at="2017-09-25T14:41:50Z" finished-at="2017-09-25T14:42:49Z">
          <params>
            <param index="0">
              <value>
                <![CDATA[3]]>
              </value>
            </param>
            <param index="1">
              <value>
                <![CDATA[1]]>
              </value>
            </param>
            <param index="2">
              <value>
                <![CDATA[1]]>
              </value>
            </param>
            <param index="3">
              <value>
                <![CDATA[1]]>
              </value>
            </param>
            <param index="4">
              <value>
                <![CDATA[3]]>
              </value>
            </param>
            <param index="5">
              <value>
                <![CDATA[2]]>
              </value>
            </param>
            <param index="6">
              <value>
                <![CDATA[5123355]]>
              </value>
            </param>
            <param index="7">
              <value>
                <![CDATA[1]]>
              </value>
            </param>
            <param index="8">
              <value>
                <![CDATA[2]]>
              </value>
            </param>
            <param index="9">
              <value>
                <![CDATA[Dadd]]>
              </value>
            </param>
            <param index="10">
              <value>
                <![CDATA[jagdish.khera@hcl.com]]>
              </value>
            </param>
            <param index="11">
              <value>
                <![CDATA[ajay.karol@gmail.com]]>
              </value>
            </param>
            <param index="12">
              <value>
                <![CDATA[012345]]>
              </value>
            </param>
            <param index="13">
              <value>
                <![CDATA[567879]]>
              </value>
            </param>
            <param index="14">
              <value>
                <![CDATA[Automation Template1]]>
              </value>
            </param>
            <param index="15">
              <value>
                <![CDATA[15]]>
              </value>
            </param>
            <param index="16">
              <value>
                <![CDATA[100]]>
              </value>
            </param>
            <param index="17">
              <value>
                <![CDATA[200]]>
              </value>
            </param>
            <param index="18">
              <value>
                <![CDATA[300]]>
              </value>
            </param>
            <param index="19">
              <value>
                <![CDATA[900]]>
              </value>
            </param>
            <param index="20">
              <value>
                <![CDATA[1]]>
              </value>
            </param>
            <param index="21">
              <value>
                <![CDATA[2]]>
              </value>
            </param>
            <param index="22">
              <value>
                <![CDATA[1]]>
              </value>
            </param>
            <param index="23">
              <value>
                <![CDATA[Test Special Ins]]>
              </value>
            </param>
            <param index="24">
              <value>
                <![CDATA[2]]>
              </value>
            </param>
            <param index="25">
              <value>
                <![CDATA[1234]]>
              </value>
            </param>
            <param index="26">
              <value>
                <![CDATA[Test PackageDescription]]>
              </value>
            </param>
            <param index="27">
              <value>
                <![CDATA[20]]>
              </value>
            </param>
            <param index="28">
              <value>
                <![CDATA[10]]>
              </value>
            </param>
            <param index="29">
              <value>
                <![CDATA[1234]]>
              </value>
            </param>
            <param index="30">
              <value>
                <![CDATA[4124]]>
              </value>
            </param>
            <param index="31">
              <value>
                <![CDATA[2345]]>
              </value>
            </param>
            <param index="32">
              <value>
                <![CDATA[7891]]>
              </value>
            </param>
            <param index="33">
              <value>
                <![CDATA[5671]]>
              </value>
            </param>
            <param index="34">
              <value>
                <![CDATA[6541]]>
              </value>
            </param>
            <param index="35">
              <value>
                <![CDATA[3451]]>
              </value>
            </param>
            <param index="36">
              <value>
                <![CDATA[3451]]>
              </value>
            </param>
            <param index="37">
              <value>
                <![CDATA[0123]]>
              </value>
            </param>
            <param index="38">
              <value>
                <![CDATA[5678]]>
              </value>
            </param>
            <param index="39">
              <value>
                <![CDATA[5123]]>
              </value>
            </param>
            <param index="40">
              <value>
                <![CDATA[1111]]>
              </value>
            </param>
            <param index="41">
              <value>
                <![CDATA[2222]]>
              </value>
            </param>
            <param index="42">
              <value>
                <![CDATA[3333]]>
              </value>
            </param>
            <param index="43">
              <value>
                <![CDATA[1598]]>
              </value>
            </param>
            <param index="44">
              <value>
                <![CDATA[Abcd1234]]>
              </value>
            </param>
            <param index="45">
              <value>
                <![CDATA[5000]]>
              </value>
            </param>
          </params>
          <exception class="org.openqa.selenium.NoSuchElementException">
            <message>
              <![CDATA[no such element: Unable to locate element: {"method":"xpath","selector":"//*[@id="shipment-cons-popup-wrpr"]/div/div/header/h2"}
  (Session info: chrome=60.0.3112.113)
  (Driver info: chromedriver=2.30.477700 (0057494ad8732195794a7b32078424f92a5fce41),platform=Windows NT 10.0.14393 x86_64) (WARNING: The server did not provide any stacktrace information)
Command duration or timeout: 20.07 seconds
For documentation on this error, please visit: http://seleniumhq.org/exceptions/no_such_element.html
Build info: version: 'unknown', revision: 'unknown', time: 'unknown'
System info: host: 'PC12159', ip: '10.22.139.33', os.name: 'Windows 10', os.arch: 'amd64', os.version: '10.0', java.version: '1.8.0_144'
Driver info: org.openqa.selenium.chrome.ChromeDriver
Capabilities [{applicationCacheEnabled=false, rotatable=false, mobileEmulationEnabled=false, networkConnectionEnabled=false, chrome={chromedriverVersion=2.30.477700 (0057494ad8732195794a7b32078424f92a5fce41), userDataDir=C:\Users\2712\AppData\Local\Temp\scoped_dir58024_20331}, takesHeapSnapshot=true, pageLoadStrategy=normal, databaseEnabled=false, handlesAlerts=true, hasTouchScreen=false, version=60.0.3112.113, platform=XP, browserConnectionEnabled=false, nativeEvents=true, acceptSslCerts=true, locationContextEnabled=true, webStorageEnabled=true, browserName=chrome, takesScreenshot=true, javascriptEnabled=true, cssSelectorsEnabled=true, unexpectedAlertBehaviour=}]
Session ID: c5e6b8b5ef906c3b644ff2f8858d54d7
*** Element info: {Using=xpath, value=//*[@id="shipment-cons-popup-wrpr"]/div/div/header/h2}]]>
            </message>
            <full-stacktrace>
              <![CDATA[org.openqa.selenium.NoSuchElementException: no such element: Unable to locate element: {"method":"xpath","selector":"//*[@id="shipment-cons-popup-wrpr"]/div/div/header/h2"}
  (Session info: chrome=60.0.3112.113)
  (Driver info: chromedriver=2.30.477700 (0057494ad8732195794a7b32078424f92a5fce41),platform=Windows NT 10.0.14393 x86_64) (WARNING: The server did not provide any stacktrace information)
Command duration or timeout: 20.07 seconds
For documentation on this error, please visit: http://seleniumhq.org/exceptions/no_such_element.html
Build info: version: 'unknown', revision: 'unknown', time: 'unknown'
System info: host: 'PC12159', ip: '10.22.139.33', os.name: 'Windows 10', os.arch: 'amd64', os.version: '10.0', java.version: '1.8.0_144'
Driver info: org.openqa.selenium.chrome.ChromeDriver
Capabilities [{applicationCacheEnabled=false, rotatable=false, mobileEmulationEnabled=false, networkConnectionEnabled=false, chrome={chromedriverVersion=2.30.477700 (0057494ad8732195794a7b32078424f92a5fce41), userDataDir=C:\Users\2712\AppData\Local\Temp\scoped_dir58024_20331}, takesHeapSnapshot=true, pageLoadStrategy=normal, databaseEnabled=false, handlesAlerts=true, hasTouchScreen=false, version=60.0.3112.113, platform=XP, browserConnectionEnabled=false, nativeEvents=true, acceptSslCerts=true, locationContextEnabled=true, webStorageEnabled=true, browserName=chrome, takesScreenshot=true, javascriptEnabled=true, cssSelectorsEnabled=true, unexpectedAlertBehaviour=}]
Session ID: c5e6b8b5ef906c3b644ff2f8858d54d7
*** Element info: {Using=xpath, value=//*[@id="shipment-cons-popup-wrpr"]/div/div/header/h2}
	at sun.reflect.NativeConstructorAccessorImpl.newInstance0(Native Method)
	at sun.reflect.NativeConstructorAccessorImpl.newInstance(Unknown Source)
	at sun.reflect.DelegatingConstructorAccessorImpl.newInstance(Unknown Source)
	at java.lang.reflect.Constructor.newInstance(Unknown Source)
	at org.openqa.selenium.remote.ErrorHandler.createThrowable(ErrorHandler.java:215)
	at org.openqa.selenium.remote.ErrorHandler.throwIfResponseFailed(ErrorHandler.java:167)
	at org.openqa.selenium.remote.RemoteWebDriver.execute(RemoteWebDriver.java:671)
	at org.openqa.selenium.remote.RemoteWebDriver.findElement(RemoteWebDriver.java:410)
	at org.openqa.selenium.remote.RemoteWebDriver.findElementByXPath(RemoteWebDriver.java:509)
	at org.openqa.selenium.By$ByXPath.findElement(By.java:361)
	at org.openqa.selenium.remote.RemoteWebDriver.findElement(RemoteWebDriver.java:402)
	at createShipmentActions.CreateShipmentActions.SelectShipmentConsolidated(CreateShipmentActions.java:144)
	at createShipmentE2ETests.TollNQXTollExpressTests.CreateShipment_TollNQXTollEXpress_E2ETest_TID_920_Service_General(TollNQXTollExpressTests.java:57)
	at sun.reflect.NativeMethodAccessorImpl.invoke0(Native Method)
	at sun.reflect.NativeMethodAccessorImpl.invoke(Unknown Source)
	at sun.reflect.DelegatingMethodAccessorImpl.invoke(Unknown Source)
	at java.lang.reflect.Method.invoke(Unknown Source)
	at org.testng.internal.MethodInvocationHelper.invokeMethod(MethodInvocationHelper.java:108)
	at org.testng.internal.Invoker.invokeMethod(Invoker.java:669)
	at org.testng.internal.Invoker.invokeTestMethod(Invoker.java:877)
	at org.testng.internal.Invoker.invokeTestMethods(Invoker.java:1201)
	at org.testng.internal.TestMethodWorker.invokeTestMethods(TestMethodWorker.java:125)
	at org.testng.internal.TestMethodWorker.run(TestMethodWorker.java:109)
	at org.testng.TestRunner.privateRun(TestRunner.java:776)
	at org.testng.TestRunner.run(TestRunner.java:634)
	at org.testng.SuiteRunner.runTest(SuiteRunner.java:425)
	at org.testng.SuiteRunner.runSequentially(SuiteRunner.java:420)
	at org.testng.SuiteRunner.privateRun(SuiteRunner.java:385)
	at org.testng.SuiteRunner.run(SuiteRunner.java:334)
	at org.testng.SuiteRunnerWorker.runSuite(SuiteRunnerWorker.java:52)
	at org.testng.SuiteRunnerWorker.run(SuiteRunnerWorker.java:86)
	at org.testng.TestNG.runSuitesSequentially(TestNG.java:1318)
	at org.testng.TestNG.runSuitesLocally(TestNG.java:1243)
	at org.testng.TestNG.runSuites(TestNG.java:1161)
	at org.testng.TestNG.run(TestNG.java:1129)
	at org.testng.remote.AbstractRemoteTestNG.run(AbstractRemoteTestNG.java:114)
	at org.testng.remote.RemoteTestNG.initAndRun(RemoteTestNG.java:251)
	at org.testng.remote.RemoteTestNG.main(RemoteTestNG.java:77)
]]>
            </full-stacktrace>
          </exception> <!-- org.openqa.selenium.NoSuchElementException -->
          <reporter-output>
          </reporter-output>
        </test-method> <!-- CreateShipment_TollNQXTollEXpress_E2ETest_TID_920_Service_General -->
        <test-method status="PASS" signature="RunSetup()[pri:0, instance:createShipmentE2ETests.TollNQXTollExpressTests@29774679]" name="RunSetup" is-config="true" duration-ms="20789" started-at="2017-09-25T14:42:49Z" finished-at="2017-09-25T14:43:10Z">
          <reporter-output>
          </reporter-output>
        </test-method> <!-- RunSetup -->
        <test-method status="FAIL" signature="CreateShipment_TollNQXTollEXpress_E2ETest_TID_920_Service_Express(java.lang.Integer, java.lang.Integer, java.lang.Integer, java.lang.Integer, java.lang.Integer, java.lang.Integer, java.lang.String, java.lang.Integer, java.lang.Integer, java.lang.String, java.lang.String, java.lang.String, java.lang.String, java.lang.String, java.lang.String, java.lang.String, java.lang.String, java.lang.String, java.lang.String, java.lang.String, java.lang.Integer, java.lang.Integer, java.lang.Integer, java.lang.String, java.lang.Integer, java.lang.String, java.lang.String, java.lang.String, java.lang.String, java.lang.String, java.lang.String, java.lang.String, java.lang.String, java.lang.String, java.lang.String, java.lang.String, java.lang.String, java.lang.String, java.lang.String, java.lang.String, java.lang.String, java.lang.String, java.lang.String, java.lang.String, java.lang.String, java.lang.String)[pri:2, instance:createShipmentE2ETests.TollNQXTollExpressTests@29774679]" name="CreateShipment_TollNQXTollEXpress_E2ETest_TID_920_Service_Express" duration-ms="56972" started-at="2017-09-25T14:43:10Z" finished-at="2017-09-25T14:44:07Z">
          <params>
            <param index="0">
              <value>
                <![CDATA[3]]>
              </value>
            </param>
            <param index="1">
              <value>
                <![CDATA[2]]>
              </value>
            </param>
            <param index="2">
              <value>
                <![CDATA[1]]>
              </value>
            </param>
            <param index="3">
              <value>
                <![CDATA[1]]>
              </value>
            </param>
            <param index="4">
              <value>
                <![CDATA[3]]>
              </value>
            </param>
            <param index="5">
              <value>
                <![CDATA[2]]>
              </value>
            </param>
            <param index="6">
              <value>
                <![CDATA[5123355]]>
              </value>
            </param>
            <param index="7">
              <value>
                <![CDATA[1]]>
              </value>
            </param>
            <param index="8">
              <value>
                <![CDATA[2]]>
              </value>
            </param>
            <param index="9">
              <value>
                <![CDATA[Dadd]]>
              </value>
            </param>
            <param index="10">
              <value>
                <![CDATA[jagdish.khera@hcl.com]]>
              </value>
            </param>
            <param index="11">
              <value>
                <![CDATA[ajay.karol@gmail.com]]>
              </value>
            </param>
            <param index="12">
              <value>
                <![CDATA[012345]]>
              </value>
            </param>
            <param index="13">
              <value>
                <![CDATA[567879]]>
              </value>
            </param>
            <param index="14">
              <value>
                <![CDATA[Automation Template1]]>
              </value>
            </param>
            <param index="15">
              <value>
                <![CDATA[15]]>
              </value>
            </param>
            <param index="16">
              <value>
                <![CDATA[100]]>
              </value>
            </param>
            <param index="17">
              <value>
                <![CDATA[200]]>
              </value>
            </param>
            <param index="18">
              <value>
                <![CDATA[300]]>
              </value>
            </param>
            <param index="19">
              <value>
                <![CDATA[900]]>
              </value>
            </param>
            <param index="20">
              <value>
                <![CDATA[1]]>
              </value>
            </param>
            <param index="21">
              <value>
                <![CDATA[2]]>
              </value>
            </param>
            <param index="22">
              <value>
                <![CDATA[1]]>
              </value>
            </param>
            <param index="23">
              <value>
                <![CDATA[Test Special Ins]]>
              </value>
            </param>
            <param index="24">
              <value>
                <![CDATA[2]]>
              </value>
            </param>
            <param index="25">
              <value>
                <![CDATA[1234]]>
              </value>
            </param>
            <param index="26">
              <value>
                <![CDATA[Test PackageDescription]]>
              </value>
            </param>
            <param index="27">
              <value>
                <![CDATA[20]]>
              </value>
            </param>
            <param index="28">
              <value>
                <![CDATA[10]]>
              </value>
            </param>
            <param index="29">
              <value>
                <![CDATA[1234]]>
              </value>
            </param>
            <param index="30">
              <value>
                <![CDATA[4124]]>
              </value>
            </param>
            <param index="31">
              <value>
                <![CDATA[2345]]>
              </value>
            </param>
            <param index="32">
              <value>
                <![CDATA[7891]]>
              </value>
            </param>
            <param index="33">
              <value>
                <![CDATA[5671]]>
              </value>
            </param>
            <param index="34">
              <value>
                <![CDATA[6541]]>
              </value>
            </param>
            <param index="35">
              <value>
                <![CDATA[3451]]>
              </value>
            </param>
            <param index="36">
              <value>
                <![CDATA[3451]]>
              </value>
            </param>
            <param index="37">
              <value>
                <![CDATA[0123]]>
              </value>
            </param>
            <param index="38">
              <value>
                <![CDATA[5678]]>
              </value>
            </param>
            <param index="39">
              <value>
                <![CDATA[5123]]>
              </value>
            </param>
            <param index="40">
              <value>
                <![CDATA[1111]]>
              </value>
            </param>
            <param index="41">
              <value>
                <![CDATA[2222]]>
              </value>
            </param>
            <param index="42">
              <value>
                <![CDATA[3333]]>
              </value>
            </param>
            <param index="43">
              <value>
                <![CDATA[1598]]>
              </value>
            </param>
            <param index="44">
              <value>
                <![CDATA[Abcd1234]]>
              </value>
            </param>
            <param index="45">
              <value>
                <![CDATA[5000]]>
              </value>
            </param>
          </params>
          <exception class="org.openqa.selenium.ElementNotVisibleException">
            <message>
              <![CDATA[element not visible
  (Session info: chrome=60.0.3112.113)
  (Driver info: chromedriver=2.30.477700 (0057494ad8732195794a7b32078424f92a5fce41),platform=Windows NT 10.0.14393 x86_64) (WARNING: The server did not provide any stacktrace information)
Command duration or timeout: 19 milliseconds
Build info: version: 'unknown', revision: 'unknown', time: 'unknown'
System info: host: 'PC12159', ip: '10.22.139.33', os.name: 'Windows 10', os.arch: 'amd64', os.version: '10.0', java.version: '1.8.0_144'
Driver info: org.openqa.selenium.chrome.ChromeDriver
Capabilities [{applicationCacheEnabled=false, rotatable=false, mobileEmulationEnabled=false, networkConnectionEnabled=false, chrome={chromedriverVersion=2.30.477700 (0057494ad8732195794a7b32078424f92a5fce41), userDataDir=C:\Users\2712\AppData\Local\Temp\scoped_dir56372_8943}, takesHeapSnapshot=true, pageLoadStrategy=normal, databaseEnabled=false, handlesAlerts=true, hasTouchScreen=false, version=60.0.3112.113, platform=XP, browserConnectionEnabled=false, nativeEvents=true, acceptSslCerts=true, locationContextEnabled=true, webStorageEnabled=true, browserName=chrome, takesScreenshot=true, javascriptEnabled=true, cssSelectorsEnabled=true, unexpectedAlertBehaviour=}]
Session ID: ab605a91efea22aa23ba27b884c86a98]]>
            </message>
            <full-stacktrace>
              <![CDATA[org.openqa.selenium.ElementNotVisibleException: element not visible
  (Session info: chrome=60.0.3112.113)
  (Driver info: chromedriver=2.30.477700 (0057494ad8732195794a7b32078424f92a5fce41),platform=Windows NT 10.0.14393 x86_64) (WARNING: The server did not provide any stacktrace information)
Command duration or timeout: 19 milliseconds
Build info: version: 'unknown', revision: 'unknown', time: 'unknown'
System info: host: 'PC12159', ip: '10.22.139.33', os.name: 'Windows 10', os.arch: 'amd64', os.version: '10.0', java.version: '1.8.0_144'
Driver info: org.openqa.selenium.chrome.ChromeDriver
Capabilities [{applicationCacheEnabled=false, rotatable=false, mobileEmulationEnabled=false, networkConnectionEnabled=false, chrome={chromedriverVersion=2.30.477700 (0057494ad8732195794a7b32078424f92a5fce41), userDataDir=C:\Users\2712\AppData\Local\Temp\scoped_dir56372_8943}, takesHeapSnapshot=true, pageLoadStrategy=normal, databaseEnabled=false, handlesAlerts=true, hasTouchScreen=false, version=60.0.3112.113, platform=XP, browserConnectionEnabled=false, nativeEvents=true, acceptSslCerts=true, locationContextEnabled=true, webStorageEnabled=true, browserName=chrome, takesScreenshot=true, javascriptEnabled=true, cssSelectorsEnabled=true, unexpectedAlertBehaviour=}]
Session ID: ab605a91efea22aa23ba27b884c86a98
	at sun.reflect.NativeConstructorAccessorImpl.newInstance0(Native Method)
	at sun.reflect.NativeConstructorAccessorImpl.newInstance(Unknown Source)
	at sun.reflect.DelegatingConstructorAccessorImpl.newInstance(Unknown Source)
	at java.lang.reflect.Constructor.newInstance(Unknown Source)
	at org.openqa.selenium.remote.ErrorHandler.createThrowable(ErrorHandler.java:215)
	at org.openqa.selenium.remote.ErrorHandler.throwIfResponseFailed(ErrorHandler.java:167)
	at org.openqa.selenium.remote.RemoteWebDriver.execute(RemoteWebDriver.java:671)
	at org.openqa.selenium.remote.RemoteWebElement.execute(RemoteWebElement.java:272)
	at org.openqa.selenium.remote.RemoteWebElement.click(RemoteWebElement.java:82)
	at createShipmentActions.CreateShipmentActions.SelectBillingType(CreateShipmentActions.java:242)
	at createShipmentE2ETests.TollNQXTollExpressTests.CreateShipment_TollNQXTollEXpress_E2ETest_TID_920_Service_Express(TollNQXTollExpressTests.java:138)
	at sun.reflect.NativeMethodAccessorImpl.invoke0(Native Method)
	at sun.reflect.NativeMethodAccessorImpl.invoke(Unknown Source)
	at sun.reflect.DelegatingMethodAccessorImpl.invoke(Unknown Source)
	at java.lang.reflect.Method.invoke(Unknown Source)
	at org.testng.internal.MethodInvocationHelper.invokeMethod(MethodInvocationHelper.java:108)
	at org.testng.internal.Invoker.invokeMethod(Invoker.java:669)
	at org.testng.internal.Invoker.invokeTestMethod(Invoker.java:877)
	at org.testng.internal.Invoker.invokeTestMethods(Invoker.java:1201)
	at org.testng.internal.TestMethodWorker.invokeTestMethods(TestMethodWorker.java:125)
	at org.testng.internal.TestMethodWorker.run(TestMethodWorker.java:109)
	at org.testng.TestRunner.privateRun(TestRunner.java:776)
	at org.testng.TestRunner.run(TestRunner.java:634)
	at org.testng.SuiteRunner.runTest(SuiteRunner.java:425)
	at org.testng.SuiteRunner.runSequentially(SuiteRunner.java:420)
	at org.testng.SuiteRunner.privateRun(SuiteRunner.java:385)
	at org.testng.SuiteRunner.run(SuiteRunner.java:334)
	at org.testng.SuiteRunnerWorker.runSuite(SuiteRunnerWorker.java:52)
	at org.testng.SuiteRunnerWorker.run(SuiteRunnerWorker.java:86)
	at org.testng.TestNG.runSuitesSequentially(TestNG.java:1318)
	at org.testng.TestNG.runSuitesLocally(TestNG.java:1243)
	at org.testng.TestNG.runSuites(TestNG.java:1161)
	at org.testng.TestNG.run(TestNG.java:1129)
	at org.testng.remote.AbstractRemoteTestNG.run(AbstractRemoteTestNG.java:114)
	at org.testng.remote.RemoteTestNG.initAndRun(RemoteTestNG.java:251)
	at org.testng.remote.RemoteTestNG.main(RemoteTestNG.java:77)
]]>
            </full-stacktrace>
          </exception> <!-- org.openqa.selenium.ElementNotVisibleException -->
          <reporter-output>
          </reporter-output>
        </test-method> <!-- CreateShipment_TollNQXTollEXpress_E2ETest_TID_920_Service_Express -->
        <test-method status="PASS" signature="RunSetup()[pri:0, instance:createShipmentE2ETests.TollNQXTollExpressTests@29774679]" name="RunSetup" is-config="true" duration-ms="20791" started-at="2017-09-25T14:44:07Z" finished-at="2017-09-25T14:44:28Z">
          <reporter-output>
          </reporter-output>
        </test-method> <!-- RunSetup -->
        <test-method status="FAIL" signature="CreateShipment_TollNQXTollEXpress_E2ETest_TID_920_Service_Premium(java.lang.Integer, java.lang.Integer, java.lang.Integer, java.lang.Integer, java.lang.Integer, java.lang.Integer, java.lang.String, java.lang.Integer, java.lang.Integer, java.lang.String, java.lang.String, java.lang.String, java.lang.String, java.lang.String, java.lang.String, java.lang.String, java.lang.String, java.lang.String, java.lang.String, java.lang.String, java.lang.Integer, java.lang.Integer, java.lang.Integer, java.lang.String, java.lang.Integer, java.lang.String, java.lang.String, java.lang.String, java.lang.String, java.lang.String, java.lang.String, java.lang.String, java.lang.String, java.lang.String, java.lang.String, java.lang.String, java.lang.String, java.lang.String, java.lang.String, java.lang.String, java.lang.String, java.lang.String, java.lang.String, java.lang.String, java.lang.String, java.lang.String)[pri:3, instance:createShipmentE2ETests.TollNQXTollExpressTests@29774679]" name="CreateShipment_TollNQXTollEXpress_E2ETest_TID_920_Service_Premium" duration-ms="57397" started-at="2017-09-25T14:44:28Z" finished-at="2017-09-25T14:45:25Z">
          <params>
            <param index="0">
              <value>
                <![CDATA[3]]>
              </value>
            </param>
            <param index="1">
              <value>
                <![CDATA[3]]>
              </value>
            </param>
            <param index="2">
              <value>
                <![CDATA[1]]>
              </value>
            </param>
            <param index="3">
              <value>
                <![CDATA[1]]>
              </value>
            </param>
            <param index="4">
              <value>
                <![CDATA[3]]>
              </value>
            </param>
            <param index="5">
              <value>
                <![CDATA[2]]>
              </value>
            </param>
            <param index="6">
              <value>
                <![CDATA[5123355]]>
              </value>
            </param>
            <param index="7">
              <value>
                <![CDATA[1]]>
              </value>
            </param>
            <param index="8">
              <value>
                <![CDATA[2]]>
              </value>
            </param>
            <param index="9">
              <value>
                <![CDATA[Dadd]]>
              </value>
            </param>
            <param index="10">
              <value>
                <![CDATA[jagdish.khera@hcl.com]]>
              </value>
            </param>
            <param index="11">
              <value>
                <![CDATA[ajay.karol@gmail.com]]>
              </value>
            </param>
            <param index="12">
              <value>
                <![CDATA[012345]]>
              </value>
            </param>
            <param index="13">
              <value>
                <![CDATA[567879]]>
              </value>
            </param>
            <param index="14">
              <value>
                <![CDATA[Automation Template1]]>
              </value>
            </param>
            <param index="15">
              <value>
                <![CDATA[15]]>
              </value>
            </param>
            <param index="16">
              <value>
                <![CDATA[100]]>
              </value>
            </param>
            <param index="17">
              <value>
                <![CDATA[200]]>
              </value>
            </param>
            <param index="18">
              <value>
                <![CDATA[300]]>
              </value>
            </param>
            <param index="19">
              <value>
                <![CDATA[900]]>
              </value>
            </param>
            <param index="20">
              <value>
                <![CDATA[1]]>
              </value>
            </param>
            <param index="21">
              <value>
                <![CDATA[2]]>
              </value>
            </param>
            <param index="22">
              <value>
                <![CDATA[1]]>
              </value>
            </param>
            <param index="23">
              <value>
                <![CDATA[Test Special Ins]]>
              </value>
            </param>
            <param index="24">
              <value>
                <![CDATA[2]]>
              </value>
            </param>
            <param index="25">
              <value>
                <![CDATA[1234]]>
              </value>
            </param>
            <param index="26">
              <value>
                <![CDATA[Test PackageDescription]]>
              </value>
            </param>
            <param index="27">
              <value>
                <![CDATA[20]]>
              </value>
            </param>
            <param index="28">
              <value>
                <![CDATA[10]]>
              </value>
            </param>
            <param index="29">
              <value>
                <![CDATA[1234]]>
              </value>
            </param>
            <param index="30">
              <value>
                <![CDATA[4124]]>
              </value>
            </param>
            <param index="31">
              <value>
                <![CDATA[2345]]>
              </value>
            </param>
            <param index="32">
              <value>
                <![CDATA[7891]]>
              </value>
            </param>
            <param index="33">
              <value>
                <![CDATA[5671]]>
              </value>
            </param>
            <param index="34">
              <value>
                <![CDATA[6541]]>
              </value>
            </param>
            <param index="35">
              <value>
                <![CDATA[3451]]>
              </value>
            </param>
            <param index="36">
              <value>
                <![CDATA[3451]]>
              </value>
            </param>
            <param index="37">
              <value>
                <![CDATA[0123]]>
              </value>
            </param>
            <param index="38">
              <value>
                <![CDATA[5678]]>
              </value>
            </param>
            <param index="39">
              <value>
                <![CDATA[5123]]>
              </value>
            </param>
            <param index="40">
              <value>
                <![CDATA[1111]]>
              </value>
            </param>
            <param index="41">
              <value>
                <![CDATA[2222]]>
              </value>
            </param>
            <param index="42">
              <value>
                <![CDATA[3333]]>
              </value>
            </param>
            <param index="43">
              <value>
                <![CDATA[1598]]>
              </value>
            </param>
            <param index="44">
              <value>
                <![CDATA[Abcd1234]]>
              </value>
            </param>
            <param index="45">
              <value>
                <![CDATA[5000]]>
              </value>
            </param>
          </params>
          <exception class="org.openqa.selenium.ElementNotVisibleException">
            <message>
              <![CDATA[element not visible
  (Session info: chrome=60.0.3112.113)
  (Driver info: chromedriver=2.30.477700 (0057494ad8732195794a7b32078424f92a5fce41),platform=Windows NT 10.0.14393 x86_64) (WARNING: The server did not provide any stacktrace information)
Command duration or timeout: 21 milliseconds
Build info: version: 'unknown', revision: 'unknown', time: 'unknown'
System info: host: 'PC12159', ip: '10.22.139.33', os.name: 'Windows 10', os.arch: 'amd64', os.version: '10.0', java.version: '1.8.0_144'
Driver info: org.openqa.selenium.chrome.ChromeDriver
Capabilities [{applicationCacheEnabled=false, rotatable=false, mobileEmulationEnabled=false, networkConnectionEnabled=false, chrome={chromedriverVersion=2.30.477700 (0057494ad8732195794a7b32078424f92a5fce41), userDataDir=C:\Users\2712\AppData\Local\Temp\scoped_dir27072_3191}, takesHeapSnapshot=true, pageLoadStrategy=normal, databaseEnabled=false, handlesAlerts=true, hasTouchScreen=false, version=60.0.3112.113, platform=XP, browserConnectionEnabled=false, nativeEvents=true, acceptSslCerts=true, locationContextEnabled=true, webStorageEnabled=true, browserName=chrome, takesScreenshot=true, javascriptEnabled=true, cssSelectorsEnabled=true, unexpectedAlertBehaviour=}]
Session ID: 9dc31392daf56320b9115b2c925625db]]>
            </message>
            <full-stacktrace>
              <![CDATA[org.openqa.selenium.ElementNotVisibleException: element not visible
  (Session info: chrome=60.0.3112.113)
  (Driver info: chromedriver=2.30.477700 (0057494ad8732195794a7b32078424f92a5fce41),platform=Windows NT 10.0.14393 x86_64) (WARNING: The server did not provide any stacktrace information)
Command duration or timeout: 21 milliseconds
Build info: version: 'unknown', revision: 'unknown', time: 'unknown'
System info: host: 'PC12159', ip: '10.22.139.33', os.name: 'Windows 10', os.arch: 'amd64', os.version: '10.0', java.version: '1.8.0_144'
Driver info: org.openqa.selenium.chrome.ChromeDriver
Capabilities [{applicationCacheEnabled=false, rotatable=false, mobileEmulationEnabled=false, networkConnectionEnabled=false, chrome={chromedriverVersion=2.30.477700 (0057494ad8732195794a7b32078424f92a5fce41), userDataDir=C:\Users\2712\AppData\Local\Temp\scoped_dir27072_3191}, takesHeapSnapshot=true, pageLoadStrategy=normal, databaseEnabled=false, handlesAlerts=true, hasTouchScreen=false, version=60.0.3112.113, platform=XP, browserConnectionEnabled=false, nativeEvents=true, acceptSslCerts=true, locationContextEnabled=true, webStorageEnabled=true, browserName=chrome, takesScreenshot=true, javascriptEnabled=true, cssSelectorsEnabled=true, unexpectedAlertBehaviour=}]
Session ID: 9dc31392daf56320b9115b2c925625db
	at sun.reflect.NativeConstructorAccessorImpl.newInstance0(Native Method)
	at sun.reflect.NativeConstructorAccessorImpl.newInstance(Unknown Source)
	at sun.reflect.DelegatingConstructorAccessorImpl.newInstance(Unknown Source)
	at java.lang.reflect.Constructor.newInstance(Unknown Source)
	at org.openqa.selenium.remote.ErrorHandler.createThrowable(ErrorHandler.java:215)
	at org.openqa.selenium.remote.ErrorHandler.throwIfResponseFailed(ErrorHandler.java:167)
	at org.openqa.selenium.remote.RemoteWebDriver.execute(RemoteWebDriver.java:671)
	at org.openqa.selenium.remote.RemoteWebElement.execute(RemoteWebElement.java:272)
	at org.openqa.selenium.remote.RemoteWebElement.click(RemoteWebElement.java:82)
	at createShipmentActions.CreateShipmentActions.SelectBillingType(CreateShipmentActions.java:242)
	at createShipmentE2ETests.TollNQXTollExpressTests.CreateShipment_TollNQXTollEXpress_E2ETest_TID_920_Service_Premium(TollNQXTollExpressTests.java:209)
	at sun.reflect.NativeMethodAccessorImpl.invoke0(Native Method)
	at sun.reflect.NativeMethodAccessorImpl.invoke(Unknown Source)
	at sun.reflect.DelegatingMethodAccessorImpl.invoke(Unknown Source)
	at java.lang.reflect.Method.invoke(Unknown Source)
	at org.testng.internal.MethodInvocationHelper.invokeMethod(MethodInvocationHelper.java:108)
	at org.testng.internal.Invoker.invokeMethod(Invoker.java:669)
	at org.testng.internal.Invoker.invokeTestMethod(Invoker.java:877)
	at org.testng.internal.Invoker.invokeTestMethods(Invoker.java:1201)
	at org.testng.internal.TestMethodWorker.invokeTestMethods(TestMethodWorker.java:125)
	at org.testng.internal.TestMethodWorker.run(TestMethodWorker.java:109)
	at org.testng.TestRunner.privateRun(TestRunner.java:776)
	at org.testng.TestRunner.run(TestRunner.java:634)
	at org.testng.SuiteRunner.runTest(SuiteRunner.java:425)
	at org.testng.SuiteRunner.runSequentially(SuiteRunner.java:420)
	at org.testng.SuiteRunner.privateRun(SuiteRunner.java:385)
	at org.testng.SuiteRunner.run(SuiteRunner.java:334)
	at org.testng.SuiteRunnerWorker.runSuite(SuiteRunnerWorker.java:52)
	at org.testng.SuiteRunnerWorker.run(SuiteRunnerWorker.java:86)
	at org.testng.TestNG.runSuitesSequentially(TestNG.java:1318)
	at org.testng.TestNG.runSuitesLocally(TestNG.java:1243)
	at org.testng.TestNG.runSuites(TestNG.java:1161)
	at org.testng.TestNG.run(TestNG.java:1129)
	at org.testng.remote.AbstractRemoteTestNG.run(AbstractRemoteTestNG.java:114)
	at org.testng.remote.RemoteTestNG.initAndRun(RemoteTestNG.java:251)
	at org.testng.remote.RemoteTestNG.main(RemoteTestNG.java:77)
]]>
            </full-stacktrace>
          </exception> <!-- org.openqa.selenium.ElementNotVisibleException -->
          <reporter-output>
          </reporter-output>
        </test-method> <!-- CreateShipment_TollNQXTollEXpress_E2ETest_TID_920_Service_Premium -->
        <test-method status="PASS" signature="RunSetup()[pri:0, instance:createShipmentE2ETests.TollNQXTollExpressTests@29774679]" name="RunSetup" is-config="true" duration-ms="21334" started-at="2017-09-25T14:45:25Z" finished-at="2017-09-25T14:45:47Z">
          <reporter-output>
          </reporter-output>
        </test-method> <!-- RunSetup -->
        <test-method status="FAIL" signature="CreateShipment_TollNQXTollEXpress_E2ETest_TID_920_Service_Refrigeration(java.lang.Integer, java.lang.Integer, java.lang.Integer, java.lang.Integer, java.lang.Integer, java.lang.Integer, java.lang.String, java.lang.Integer, java.lang.Integer, java.lang.String, java.lang.String, java.lang.String, java.lang.String, java.lang.String, java.lang.String, java.lang.String, java.lang.String, java.lang.String, java.lang.String, java.lang.String, java.lang.Integer, java.lang.Integer, java.lang.Integer, java.lang.String, java.lang.Integer, java.lang.String, java.lang.String, java.lang.String, java.lang.String, java.lang.String, java.lang.String, java.lang.String, java.lang.String, java.lang.String, java.lang.String, java.lang.String, java.lang.String, java.lang.String, java.lang.String, java.lang.String, java.lang.String, java.lang.String, java.lang.String, java.lang.String, java.lang.String, java.lang.String)[pri:4, instance:createShipmentE2ETests.TollNQXTollExpressTests@29774679]" name="CreateShipment_TollNQXTollEXpress_E2ETest_TID_920_Service_Refrigeration" duration-ms="60195" started-at="2017-09-25T14:45:47Z" finished-at="2017-09-25T14:46:47Z">
          <params>
            <param index="0">
              <value>
                <![CDATA[3]]>
              </value>
            </param>
            <param index="1">
              <value>
                <![CDATA[4]]>
              </value>
            </param>
            <param index="2">
              <value>
                <![CDATA[1]]>
              </value>
            </param>
            <param index="3">
              <value>
                <![CDATA[1]]>
              </value>
            </param>
            <param index="4">
              <value>
                <![CDATA[3]]>
              </value>
            </param>
            <param index="5">
              <value>
                <![CDATA[2]]>
              </value>
            </param>
            <param index="6">
              <value>
                <![CDATA[5123355]]>
              </value>
            </param>
            <param index="7">
              <value>
                <![CDATA[1]]>
              </value>
            </param>
            <param index="8">
              <value>
                <![CDATA[2]]>
              </value>
            </param>
            <param index="9">
              <value>
                <![CDATA[Dadd]]>
              </value>
            </param>
            <param index="10">
              <value>
                <![CDATA[jagdish.khera@hcl.com]]>
              </value>
            </param>
            <param index="11">
              <value>
                <![CDATA[ajay.karol@gmail.com]]>
              </value>
            </param>
            <param index="12">
              <value>
                <![CDATA[012345]]>
              </value>
            </param>
            <param index="13">
              <value>
                <![CDATA[567879]]>
              </value>
            </param>
            <param index="14">
              <value>
                <![CDATA[Automation Template1]]>
              </value>
            </param>
            <param index="15">
              <value>
                <![CDATA[15]]>
              </value>
            </param>
            <param index="16">
              <value>
                <![CDATA[100]]>
              </value>
            </param>
            <param index="17">
              <value>
                <![CDATA[200]]>
              </value>
            </param>
            <param index="18">
              <value>
                <![CDATA[300]]>
              </value>
            </param>
            <param index="19">
              <value>
                <![CDATA[900]]>
              </value>
            </param>
            <param index="20">
              <value>
                <![CDATA[1]]>
              </value>
            </param>
            <param index="21">
              <value>
                <![CDATA[2]]>
              </value>
            </param>
            <param index="22">
              <value>
                <![CDATA[1]]>
              </value>
            </param>
            <param index="23">
              <value>
                <![CDATA[Test Special Ins]]>
              </value>
            </param>
            <param index="24">
              <value>
                <![CDATA[2]]>
              </value>
            </param>
            <param index="25">
              <value>
                <![CDATA[1234]]>
              </value>
            </param>
            <param index="26">
              <value>
                <![CDATA[Test PackageDescription]]>
              </value>
            </param>
            <param index="27">
              <value>
                <![CDATA[20]]>
              </value>
            </param>
            <param index="28">
              <value>
                <![CDATA[10]]>
              </value>
            </param>
            <param index="29">
              <value>
                <![CDATA[1234]]>
              </value>
            </param>
            <param index="30">
              <value>
                <![CDATA[4124]]>
              </value>
            </param>
            <param index="31">
              <value>
                <![CDATA[2345]]>
              </value>
            </param>
            <param index="32">
              <value>
                <![CDATA[7891]]>
              </value>
            </param>
            <param index="33">
              <value>
                <![CDATA[5671]]>
              </value>
            </param>
            <param index="34">
              <value>
                <![CDATA[6541]]>
              </value>
            </param>
            <param index="35">
              <value>
                <![CDATA[3451]]>
              </value>
            </param>
            <param index="36">
              <value>
                <![CDATA[3451]]>
              </value>
            </param>
            <param index="37">
              <value>
                <![CDATA[0123]]>
              </value>
            </param>
            <param index="38">
              <value>
                <![CDATA[5678]]>
              </value>
            </param>
            <param index="39">
              <value>
                <![CDATA[5123]]>
              </value>
            </param>
            <param index="40">
              <value>
                <![CDATA[1111]]>
              </value>
            </param>
            <param index="41">
              <value>
                <![CDATA[2222]]>
              </value>
            </param>
            <param index="42">
              <value>
                <![CDATA[3333]]>
              </value>
            </param>
            <param index="43">
              <value>
                <![CDATA[1598]]>
              </value>
            </param>
            <param index="44">
              <value>
                <![CDATA[Abcd1234]]>
              </value>
            </param>
            <param index="45">
              <value>
                <![CDATA[5000]]>
              </value>
            </param>
          </params>
          <exception class="org.openqa.selenium.ElementNotVisibleException">
            <message>
              <![CDATA[element not visible
  (Session info: chrome=60.0.3112.113)
  (Driver info: chromedriver=2.30.477700 (0057494ad8732195794a7b32078424f92a5fce41),platform=Windows NT 10.0.14393 x86_64) (WARNING: The server did not provide any stacktrace information)
Command duration or timeout: 19 milliseconds
Build info: version: 'unknown', revision: 'unknown', time: 'unknown'
System info: host: 'PC12159', ip: '10.22.139.33', os.name: 'Windows 10', os.arch: 'amd64', os.version: '10.0', java.version: '1.8.0_144'
Driver info: org.openqa.selenium.chrome.ChromeDriver
Capabilities [{applicationCacheEnabled=false, rotatable=false, mobileEmulationEnabled=false, networkConnectionEnabled=false, chrome={chromedriverVersion=2.30.477700 (0057494ad8732195794a7b32078424f92a5fce41), userDataDir=C:\Users\2712\AppData\Local\Temp\scoped_dir44776_4003}, takesHeapSnapshot=true, pageLoadStrategy=normal, databaseEnabled=false, handlesAlerts=true, hasTouchScreen=false, version=60.0.3112.113, platform=XP, browserConnectionEnabled=false, nativeEvents=true, acceptSslCerts=true, locationContextEnabled=true, webStorageEnabled=true, browserName=chrome, takesScreenshot=true, javascriptEnabled=true, cssSelectorsEnabled=true, unexpectedAlertBehaviour=}]
Session ID: 6be97627d4cebe08d685d7d1f88b278b]]>
            </message>
            <full-stacktrace>
              <![CDATA[org.openqa.selenium.ElementNotVisibleException: element not visible
  (Session info: chrome=60.0.3112.113)
  (Driver info: chromedriver=2.30.477700 (0057494ad8732195794a7b32078424f92a5fce41),platform=Windows NT 10.0.14393 x86_64) (WARNING: The server did not provide any stacktrace information)
Command duration or timeout: 19 milliseconds
Build info: version: 'unknown', revision: 'unknown', time: 'unknown'
System info: host: 'PC12159', ip: '10.22.139.33', os.name: 'Windows 10', os.arch: 'amd64', os.version: '10.0', java.version: '1.8.0_144'
Driver info: org.openqa.selenium.chrome.ChromeDriver
Capabilities [{applicationCacheEnabled=false, rotatable=false, mobileEmulationEnabled=false, networkConnectionEnabled=false, chrome={chromedriverVersion=2.30.477700 (0057494ad8732195794a7b32078424f92a5fce41), userDataDir=C:\Users\2712\AppData\Local\Temp\scoped_dir44776_4003}, takesHeapSnapshot=true, pageLoadStrategy=normal, databaseEnabled=false, handlesAlerts=true, hasTouchScreen=false, version=60.0.3112.113, platform=XP, browserConnectionEnabled=false, nativeEvents=true, acceptSslCerts=true, locationContextEnabled=true, webStorageEnabled=true, browserName=chrome, takesScreenshot=true, javascriptEnabled=true, cssSelectorsEnabled=true, unexpectedAlertBehaviour=}]
Session ID: 6be97627d4cebe08d685d7d1f88b278b
	at sun.reflect.NativeConstructorAccessorImpl.newInstance0(Native Method)
	at sun.reflect.NativeConstructorAccessorImpl.newInstance(Unknown Source)
	at sun.reflect.DelegatingConstructorAccessorImpl.newInstance(Unknown Source)
	at java.lang.reflect.Constructor.newInstance(Unknown Source)
	at org.openqa.selenium.remote.ErrorHandler.createThrowable(ErrorHandler.java:215)
	at org.openqa.selenium.remote.ErrorHandler.throwIfResponseFailed(ErrorHandler.java:167)
	at org.openqa.selenium.remote.RemoteWebDriver.execute(RemoteWebDriver.java:671)
	at org.openqa.selenium.remote.RemoteWebElement.execute(RemoteWebElement.java:272)
	at org.openqa.selenium.remote.RemoteWebElement.click(RemoteWebElement.java:82)
	at createShipmentActions.CreateShipmentActions.SelectBillingType(CreateShipmentActions.java:242)
	at createShipmentE2ETests.TollNQXTollExpressTests.CreateShipment_TollNQXTollEXpress_E2ETest_TID_920_Service_Refrigeration(TollNQXTollExpressTests.java:281)
	at sun.reflect.NativeMethodAccessorImpl.invoke0(Native Method)
	at sun.reflect.NativeMethodAccessorImpl.invoke(Unknown Source)
	at sun.reflect.DelegatingMethodAccessorImpl.invoke(Unknown Source)
	at java.lang.reflect.Method.invoke(Unknown Source)
	at org.testng.internal.MethodInvocationHelper.invokeMethod(MethodInvocationHelper.java:108)
	at org.testng.internal.Invoker.invokeMethod(Invoker.java:669)
	at org.testng.internal.Invoker.invokeTestMethod(Invoker.java:877)
	at org.testng.internal.Invoker.invokeTestMethods(Invoker.java:1201)
	at org.testng.internal.TestMethodWorker.invokeTestMethods(TestMethodWorker.java:125)
	at org.testng.internal.TestMethodWorker.run(TestMethodWorker.java:109)
	at org.testng.TestRunner.privateRun(TestRunner.java:776)
	at org.testng.TestRunner.run(TestRunner.java:634)
	at org.testng.SuiteRunner.runTest(SuiteRunner.java:425)
	at org.testng.SuiteRunner.runSequentially(SuiteRunner.java:420)
	at org.testng.SuiteRunner.privateRun(SuiteRunner.java:385)
	at org.testng.SuiteRunner.run(SuiteRunner.java:334)
	at org.testng.SuiteRunnerWorker.runSuite(SuiteRunnerWorker.java:52)
	at org.testng.SuiteRunnerWorker.run(SuiteRunnerWorker.java:86)
	at org.testng.TestNG.runSuitesSequentially(TestNG.java:1318)
	at org.testng.TestNG.runSuitesLocally(TestNG.java:1243)
	at org.testng.TestNG.runSuites(TestNG.java:1161)
	at org.testng.TestNG.run(TestNG.java:1129)
	at org.testng.remote.AbstractRemoteTestNG.run(AbstractRemoteTestNG.java:114)
	at org.testng.remote.RemoteTestNG.initAndRun(RemoteTestNG.java:251)
	at org.testng.remote.RemoteTestNG.main(RemoteTestNG.java:77)
]]>
            </full-stacktrace>
          </exception> <!-- org.openqa.selenium.ElementNotVisibleException -->
          <reporter-output>
          </reporter-output>
        </test-method> <!-- CreateShipment_TollNQXTollEXpress_E2ETest_TID_920_Service_Refrigeration -->
        <test-method status="PASS" signature="RunSetup()[pri:0, instance:createShipmentE2ETests.TollNQXTollExpressTests@29774679]" name="RunSetup" is-config="true" duration-ms="22631" started-at="2017-09-25T14:46:47Z" finished-at="2017-09-25T14:47:09Z">
          <reporter-output>
          </reporter-output>
        </test-method> <!-- RunSetup -->
        <test-method status="FAIL" signature="CreateShipment_TollNQXTollEXpress_E2ETest_TID_920_Service_DangerousGoods(java.lang.Integer, java.lang.Integer, java.lang.Integer, java.lang.Integer, java.lang.Integer, java.lang.Integer, java.lang.String, java.lang.Integer, java.lang.Integer, java.lang.String, java.lang.String, java.lang.String, java.lang.String, java.lang.String, java.lang.String, java.lang.String, java.lang.String, java.lang.String, java.lang.String, java.lang.String, java.lang.String, java.lang.Integer, java.lang.Integer, java.lang.Integer, java.lang.String, java.lang.Integer, java.lang.String, java.lang.String, java.lang.String, java.lang.String, java.lang.String, java.lang.String, java.lang.String, java.lang.String, java.lang.String, java.lang.String, java.lang.String, java.lang.String, java.lang.String, java.lang.String, java.lang.String, java.lang.String, java.lang.String, java.lang.String, java.lang.String, java.lang.String, java.lang.String)[pri:5, instance:createShipmentE2ETests.TollNQXTollExpressTests@29774679]" name="CreateShipment_TollNQXTollEXpress_E2ETest_TID_920_Service_DangerousGoods" duration-ms="35738" started-at="2017-09-25T14:47:09Z" finished-at="2017-09-25T14:47:45Z">
          <params>
            <param index="0">
              <value>
                <![CDATA[3]]>
              </value>
            </param>
            <param index="1">
              <value>
                <![CDATA[5]]>
              </value>
            </param>
            <param index="2">
              <value>
                <![CDATA[1]]>
              </value>
            </param>
            <param index="3">
              <value>
                <![CDATA[1]]>
              </value>
            </param>
            <param index="4">
              <value>
                <![CDATA[3]]>
              </value>
            </param>
            <param index="5">
              <value>
                <![CDATA[2]]>
              </value>
            </param>
            <param index="6">
              <value>
                <![CDATA[5123355]]>
              </value>
            </param>
            <param index="7">
              <value>
                <![CDATA[1]]>
              </value>
            </param>
            <param index="8">
              <value>
                <![CDATA[2]]>
              </value>
            </param>
            <param index="9">
              <value>
                <![CDATA[Dadd]]>
              </value>
            </param>
            <param index="10">
              <value>
                <![CDATA[34324324]]>
              </value>
            </param>
            <param index="11">
              <value>
                <![CDATA[jagdish.khera@hcl.com]]>
              </value>
            </param>
            <param index="12">
              <value>
                <![CDATA[ajay.karol@gmail.com]]>
              </value>
            </param>
            <param index="13">
              <value>
                <![CDATA[012345]]>
              </value>
            </param>
            <param index="14">
              <value>
                <![CDATA[567879]]>
              </value>
            </param>
            <param index="15">
              <value>
                <![CDATA[Automation Template1]]>
              </value>
            </param>
            <param index="16">
              <value>
                <![CDATA[15]]>
              </value>
            </param>
            <param index="17">
              <value>
                <![CDATA[100]]>
              </value>
            </param>
            <param index="18">
              <value>
                <![CDATA[200]]>
              </value>
            </param>
            <param index="19">
              <value>
                <![CDATA[300]]>
              </value>
            </param>
            <param index="20">
              <value>
                <![CDATA[900]]>
              </value>
            </param>
            <param index="21">
              <value>
                <![CDATA[1]]>
              </value>
            </param>
            <param index="22">
              <value>
                <![CDATA[2]]>
              </value>
            </param>
            <param index="23">
              <value>
                <![CDATA[1]]>
              </value>
            </param>
            <param index="24">
              <value>
                <![CDATA[Test Special Ins]]>
              </value>
            </param>
            <param index="25">
              <value>
                <![CDATA[2]]>
              </value>
            </param>
            <param index="26">
              <value>
                <![CDATA[1234]]>
              </value>
            </param>
            <param index="27">
              <value>
                <![CDATA[Test PackageDescription]]>
              </value>
            </param>
            <param index="28">
              <value>
                <![CDATA[20]]>
              </value>
            </param>
            <param index="29">
              <value>
                <![CDATA[10]]>
              </value>
            </param>
            <param index="30">
              <value>
                <![CDATA[1234]]>
              </value>
            </param>
            <param index="31">
              <value>
                <![CDATA[4124]]>
              </value>
            </param>
            <param index="32">
              <value>
                <![CDATA[2345]]>
              </value>
            </param>
            <param index="33">
              <value>
                <![CDATA[7891]]>
              </value>
            </param>
            <param index="34">
              <value>
                <![CDATA[5671]]>
              </value>
            </param>
            <param index="35">
              <value>
                <![CDATA[6541]]>
              </value>
            </param>
            <param index="36">
              <value>
                <![CDATA[3451]]>
              </value>
            </param>
            <param index="37">
              <value>
                <![CDATA[3451]]>
              </value>
            </param>
            <param index="38">
              <value>
                <![CDATA[0123]]>
              </value>
            </param>
            <param index="39">
              <value>
                <![CDATA[5678]]>
              </value>
            </param>
            <param index="40">
              <value>
                <![CDATA[5123]]>
              </value>
            </param>
            <param index="41">
              <value>
                <![CDATA[1111]]>
              </value>
            </param>
            <param index="42">
              <value>
                <![CDATA[2222]]>
              </value>
            </param>
            <param index="43">
              <value>
                <![CDATA[3333]]>
              </value>
            </param>
            <param index="44">
              <value>
                <![CDATA[1598]]>
              </value>
            </param>
            <param index="45">
              <value>
                <![CDATA[Abcd1234]]>
              </value>
            </param>
            <param index="46">
              <value>
                <![CDATA[5000]]>
              </value>
            </param>
          </params>
          <exception class="org.openqa.selenium.NoSuchElementException">
            <message>
              <![CDATA[no such element: Unable to locate element: {"method":"xpath","selector":"//*[@id="refrigeration-type-selector"]/div[1]/a/i"}
  (Session info: chrome=60.0.3112.113)
  (Driver info: chromedriver=2.30.477700 (0057494ad8732195794a7b32078424f92a5fce41),platform=Windows NT 10.0.14393 x86_64) (WARNING: The server did not provide any stacktrace information)
Command duration or timeout: 20.03 seconds
For documentation on this error, please visit: http://seleniumhq.org/exceptions/no_such_element.html
Build info: version: 'unknown', revision: 'unknown', time: 'unknown'
System info: host: 'PC12159', ip: '10.22.139.33', os.name: 'Windows 10', os.arch: 'amd64', os.version: '10.0', java.version: '1.8.0_144'
Driver info: org.openqa.selenium.chrome.ChromeDriver
Capabilities [{applicationCacheEnabled=false, rotatable=false, mobileEmulationEnabled=false, networkConnectionEnabled=false, chrome={chromedriverVersion=2.30.477700 (0057494ad8732195794a7b32078424f92a5fce41), userDataDir=C:\Users\2712\AppData\Local\Temp\scoped_dir14160_3942}, takesHeapSnapshot=true, pageLoadStrategy=normal, databaseEnabled=false, handlesAlerts=true, hasTouchScreen=false, version=60.0.3112.113, platform=XP, browserConnectionEnabled=false, nativeEvents=true, acceptSslCerts=true, locationContextEnabled=true, webStorageEnabled=true, browserName=chrome, takesScreenshot=true, javascriptEnabled=true, cssSelectorsEnabled=true, unexpectedAlertBehaviour=}]
Session ID: 2b9b4b54dd74d3c9c879e323215e92bd
*** Element info: {Using=xpath, value=//*[@id="refrigeration-type-selector"]/div[1]/a/i}]]>
            </message>
            <full-stacktrace>
              <![CDATA[org.openqa.selenium.NoSuchElementException: no such element: Unable to locate element: {"method":"xpath","selector":"//*[@id="refrigeration-type-selector"]/div[1]/a/i"}
  (Session info: chrome=60.0.3112.113)
  (Driver info: chromedriver=2.30.477700 (0057494ad8732195794a7b32078424f92a5fce41),platform=Windows NT 10.0.14393 x86_64) (WARNING: The server did not provide any stacktrace information)
Command duration or timeout: 20.03 seconds
For documentation on this error, please visit: http://seleniumhq.org/exceptions/no_such_element.html
Build info: version: 'unknown', revision: 'unknown', time: 'unknown'
System info: host: 'PC12159', ip: '10.22.139.33', os.name: 'Windows 10', os.arch: 'amd64', os.version: '10.0', java.version: '1.8.0_144'
Driver info: org.openqa.selenium.chrome.ChromeDriver
Capabilities [{applicationCacheEnabled=false, rotatable=false, mobileEmulationEnabled=false, networkConnectionEnabled=false, chrome={chromedriverVersion=2.30.477700 (0057494ad8732195794a7b32078424f92a5fce41), userDataDir=C:\Users\2712\AppData\Local\Temp\scoped_dir14160_3942}, takesHeapSnapshot=true, pageLoadStrategy=normal, databaseEnabled=false, handlesAlerts=true, hasTouchScreen=false, version=60.0.3112.113, platform=XP, browserConnectionEnabled=false, nativeEvents=true, acceptSslCerts=true, locationContextEnabled=true, webStorageEnabled=true, browserName=chrome, takesScreenshot=true, javascriptEnabled=true, cssSelectorsEnabled=true, unexpectedAlertBehaviour=}]
Session ID: 2b9b4b54dd74d3c9c879e323215e92bd
*** Element info: {Using=xpath, value=//*[@id="refrigeration-type-selector"]/div[1]/a/i}
	at sun.reflect.NativeConstructorAccessorImpl.newInstance0(Native Method)
	at sun.reflect.NativeConstructorAccessorImpl.newInstance(Unknown Source)
	at sun.reflect.DelegatingConstructorAccessorImpl.newInstance(Unknown Source)
	at java.lang.reflect.Constructor.newInstance(Unknown Source)
	at org.openqa.selenium.remote.ErrorHandler.createThrowable(ErrorHandler.java:215)
	at org.openqa.selenium.remote.ErrorHandler.throwIfResponseFailed(ErrorHandler.java:167)
	at org.openqa.selenium.remote.RemoteWebDriver.execute(RemoteWebDriver.java:671)
	at org.openqa.selenium.remote.RemoteWebDriver.findElement(RemoteWebDriver.java:410)
	at org.openqa.selenium.remote.RemoteWebDriver.findElementByXPath(RemoteWebDriver.java:509)
	at org.openqa.selenium.By$ByXPath.findElement(By.java:361)
	at org.openqa.selenium.remote.RemoteWebDriver.findElement(RemoteWebDriver.java:402)
	at createShipmentActions.CreateShipmentActions.SelectTempratureType(CreateShipmentActions.java:105)
	at createShipmentE2ETests.TollNQXTollExpressTests.CreateShipment_TollNQXTollEXpress_E2ETest_TID_920_Service_DangerousGoods(TollNQXTollExpressTests.java:332)
	at sun.reflect.NativeMethodAccessorImpl.invoke0(Native Method)
	at sun.reflect.NativeMethodAccessorImpl.invoke(Unknown Source)
	at sun.reflect.DelegatingMethodAccessorImpl.invoke(Unknown Source)
	at java.lang.reflect.Method.invoke(Unknown Source)
	at org.testng.internal.MethodInvocationHelper.invokeMethod(MethodInvocationHelper.java:108)
	at org.testng.internal.Invoker.invokeMethod(Invoker.java:669)
	at org.testng.internal.Invoker.invokeTestMethod(Invoker.java:877)
	at org.testng.internal.Invoker.invokeTestMethods(Invoker.java:1201)
	at org.testng.internal.TestMethodWorker.invokeTestMethods(TestMethodWorker.java:125)
	at org.testng.internal.TestMethodWorker.run(TestMethodWorker.java:109)
	at org.testng.TestRunner.privateRun(TestRunner.java:776)
	at org.testng.TestRunner.run(TestRunner.java:634)
	at org.testng.SuiteRunner.runTest(SuiteRunner.java:425)
	at org.testng.SuiteRunner.runSequentially(SuiteRunner.java:420)
	at org.testng.SuiteRunner.privateRun(SuiteRunner.java:385)
	at org.testng.SuiteRunner.run(SuiteRunner.java:334)
	at org.testng.SuiteRunnerWorker.runSuite(SuiteRunnerWorker.java:52)
	at org.testng.SuiteRunnerWorker.run(SuiteRunnerWorker.java:86)
	at org.testng.TestNG.runSuitesSequentially(TestNG.java:1318)
	at org.testng.TestNG.runSuitesLocally(TestNG.java:1243)
	at org.testng.TestNG.runSuites(TestNG.java:1161)
	at org.testng.TestNG.run(TestNG.java:1129)
	at org.testng.remote.AbstractRemoteTestNG.run(AbstractRemoteTestNG.java:114)
	at org.testng.remote.RemoteTestNG.initAndRun(RemoteTestNG.java:251)
	at org.testng.remote.RemoteTestNG.main(RemoteTestNG.java:77)
]]>
            </full-stacktrace>
          </exception> <!-- org.openqa.selenium.NoSuchElementException -->
          <reporter-output>
          </reporter-output>
        </test-method> <!-- CreateShipment_TollNQXTollEXpress_E2ETest_TID_920_Service_DangerousGoods -->
        <test-method status="PASS" signature="RunSetup()[pri:0, instance:createShipmentE2ETests.TollNQXTollExpressTests@29774679]" name="RunSetup" is-config="true" duration-ms="25312" started-at="2017-09-25T14:47:45Z" finished-at="2017-09-25T14:48:10Z">
          <reporter-output>
          </reporter-output>
        </test-method> <!-- RunSetup -->
        <test-method status="FAIL" signature="CreateShipment_TollNQXTollEXpress_E2ETest_TID_920_Service_DGExpress(java.lang.Integer, java.lang.Integer, java.lang.Integer, java.lang.Integer, java.lang.Integer, java.lang.Integer, java.lang.String, java.lang.Integer, java.lang.Integer, java.lang.String, java.lang.String, java.lang.String, java.lang.String, java.lang.String, java.lang.String, java.lang.String, java.lang.String, java.lang.String, java.lang.String, java.lang.String, java.lang.String, java.lang.Integer, java.lang.Integer, java.lang.Integer, java.lang.String, java.lang.Integer, java.lang.String, java.lang.String, java.lang.String, java.lang.String, java.lang.String, java.lang.String, java.lang.String, java.lang.String, java.lang.String, java.lang.String, java.lang.String, java.lang.String, java.lang.String, java.lang.String, java.lang.String, java.lang.String, java.lang.String, java.lang.String, java.lang.String, java.lang.String, java.lang.String)[pri:6, instance:createShipmentE2ETests.TollNQXTollExpressTests@29774679]" name="CreateShipment_TollNQXTollEXpress_E2ETest_TID_920_Service_DGExpress" duration-ms="30376" started-at="2017-09-25T14:48:10Z" finished-at="2017-09-25T14:48:41Z">
          <params>
            <param index="0">
              <value>
                <![CDATA[3]]>
              </value>
            </param>
            <param index="1">
              <value>
                <![CDATA[6]]>
              </value>
            </param>
            <param index="2">
              <value>
                <![CDATA[1]]>
              </value>
            </param>
            <param index="3">
              <value>
                <![CDATA[1]]>
              </value>
            </param>
            <param index="4">
              <value>
                <![CDATA[3]]>
              </value>
            </param>
            <param index="5">
              <value>
                <![CDATA[2]]>
              </value>
            </param>
            <param index="6">
              <value>
                <![CDATA[5123355]]>
              </value>
            </param>
            <param index="7">
              <value>
                <![CDATA[1]]>
              </value>
            </param>
            <param index="8">
              <value>
                <![CDATA[2]]>
              </value>
            </param>
            <param index="9">
              <value>
                <![CDATA[Dadd]]>
              </value>
            </param>
            <param index="10">
              <value>
                <![CDATA[34324324]]>
              </value>
            </param>
            <param index="11">
              <value>
                <![CDATA[jagdish.khera@hcl.com]]>
              </value>
            </param>
            <param index="12">
              <value>
                <![CDATA[ajay.karol@gmail.com]]>
              </value>
            </param>
            <param index="13">
              <value>
                <![CDATA[012345]]>
              </value>
            </param>
            <param index="14">
              <value>
                <![CDATA[567879]]>
              </value>
            </param>
            <param index="15">
              <value>
                <![CDATA[Automation Template1]]>
              </value>
            </param>
            <param index="16">
              <value>
                <![CDATA[15]]>
              </value>
            </param>
            <param index="17">
              <value>
                <![CDATA[100]]>
              </value>
            </param>
            <param index="18">
              <value>
                <![CDATA[200]]>
              </value>
            </param>
            <param index="19">
              <value>
                <![CDATA[300]]>
              </value>
            </param>
            <param index="20">
              <value>
                <![CDATA[900]]>
              </value>
            </param>
            <param index="21">
              <value>
                <![CDATA[1]]>
              </value>
            </param>
            <param index="22">
              <value>
                <![CDATA[2]]>
              </value>
            </param>
            <param index="23">
              <value>
                <![CDATA[1]]>
              </value>
            </param>
            <param index="24">
              <value>
                <![CDATA[Test Special Ins]]>
              </value>
            </param>
            <param index="25">
              <value>
                <![CDATA[2]]>
              </value>
            </param>
            <param index="26">
              <value>
                <![CDATA[1234]]>
              </value>
            </param>
            <param index="27">
              <value>
                <![CDATA[Test PackageDescription]]>
              </value>
            </param>
            <param index="28">
              <value>
                <![CDATA[20]]>
              </value>
            </param>
            <param index="29">
              <value>
                <![CDATA[10]]>
              </value>
            </param>
            <param index="30">
              <value>
                <![CDATA[1234]]>
              </value>
            </param>
            <param index="31">
              <value>
                <![CDATA[4124]]>
              </value>
            </param>
            <param index="32">
              <value>
                <![CDATA[2345]]>
              </value>
            </param>
            <param index="33">
              <value>
                <![CDATA[7891]]>
              </value>
            </param>
            <param index="34">
              <value>
                <![CDATA[5671]]>
              </value>
            </param>
            <param index="35">
              <value>
                <![CDATA[6541]]>
              </value>
            </param>
            <param index="36">
              <value>
                <![CDATA[3451]]>
              </value>
            </param>
            <param index="37">
              <value>
                <![CDATA[3451]]>
              </value>
            </param>
            <param index="38">
              <value>
                <![CDATA[0123]]>
              </value>
            </param>
            <param index="39">
              <value>
                <![CDATA[5678]]>
              </value>
            </param>
            <param index="40">
              <value>
                <![CDATA[5123]]>
              </value>
            </param>
            <param index="41">
              <value>
                <![CDATA[1111]]>
              </value>
            </param>
            <param index="42">
              <value>
                <![CDATA[2222]]>
              </value>
            </param>
            <param index="43">
              <value>
                <![CDATA[3333]]>
              </value>
            </param>
            <param index="44">
              <value>
                <![CDATA[1598]]>
              </value>
            </param>
            <param index="45">
              <value>
                <![CDATA[Abcd1234]]>
              </value>
            </param>
            <param index="46">
              <value>
                <![CDATA[5000]]>
              </value>
            </param>
          </params>
          <exception class="org.junit.ComparisonFailure">
            <message>
              <![CDATA[expected:<[Dadd]> but was:<[]>]]>
            </message>
            <full-stacktrace>
              <![CDATA[org.junit.ComparisonFailure: expected:<[Dadd]> but was:<[]>
	at org.junit.Assert.assertEquals(Assert.java:115)
	at org.junit.Assert.assertEquals(Assert.java:144)
	at createShipmentActions.CreateShipmentActions.VerifyDGContactName(CreateShipmentActions.java:385)
	at createShipmentE2ETests.TollNQXTollExpressTests.CreateShipment_TollNQXTollEXpress_E2ETest_TID_920_Service_DGExpress(TollNQXTollExpressTests.java:414)
	at sun.reflect.NativeMethodAccessorImpl.invoke0(Native Method)
	at sun.reflect.NativeMethodAccessorImpl.invoke(Unknown Source)
	at sun.reflect.DelegatingMethodAccessorImpl.invoke(Unknown Source)
	at java.lang.reflect.Method.invoke(Unknown Source)
	at org.testng.internal.MethodInvocationHelper.invokeMethod(MethodInvocationHelper.java:108)
	at org.testng.internal.Invoker.invokeMethod(Invoker.java:669)
	at org.testng.internal.Invoker.invokeTestMethod(Invoker.java:877)
	at org.testng.internal.Invoker.invokeTestMethods(Invoker.java:1201)
	at org.testng.internal.TestMethodWorker.invokeTestMethods(TestMethodWorker.java:125)
	at org.testng.internal.TestMethodWorker.run(TestMethodWorker.java:109)
	at org.testng.TestRunner.privateRun(TestRunner.java:776)
	at org.testng.TestRunner.run(TestRunner.java:634)
	at org.testng.SuiteRunner.runTest(SuiteRunner.java:425)
	at org.testng.SuiteRunner.runSequentially(SuiteRunner.java:420)
	at org.testng.SuiteRunner.privateRun(SuiteRunner.java:385)
	at org.testng.SuiteRunner.run(SuiteRunner.java:334)
	at org.testng.SuiteRunnerWorker.runSuite(SuiteRunnerWorker.java:52)
	at org.testng.SuiteRunnerWorker.run(SuiteRunnerWorker.java:86)
	at org.testng.TestNG.runSuitesSequentially(TestNG.java:1318)
	at org.testng.TestNG.runSuitesLocally(TestNG.java:1243)
	at org.testng.TestNG.runSuites(TestNG.java:1161)
	at org.testng.TestNG.run(TestNG.java:1129)
	at org.testng.remote.AbstractRemoteTestNG.run(AbstractRemoteTestNG.java:114)
	at org.testng.remote.RemoteTestNG.initAndRun(RemoteTestNG.java:251)
	at org.testng.remote.RemoteTestNG.main(RemoteTestNG.java:77)
]]>
[...]
              </value>
            </param>
            <param index="26">
              <value>
                <![CDATA[1234]]>
              </value>
            </param>
            <param index="27">
              <value>
                <![CDATA[Test PackageDescription]]>
              </value>
            </param>
            <param index="28">
              <value>
                <![CDATA[20]]>
              </value>
            </param>
            <param index="29">
              <value>
                <![CDATA[10]]>
              </value>
            </param>
            <param index="30">
              <value>
                <![CDATA[1234]]>
              </value>
            </param>
            <param index="31">
              <value>
                <![CDATA[4124]]>
              </value>
            </param>
            <param index="32">
              <value>
                <![CDATA[2345]]>
              </value>
            </param>
            <param index="33">
              <value>
                <![CDATA[7891]]>
              </value>
            </param>
            <param index="34">
              <value>
                <![CDATA[5671]]>
              </value>
            </param>
            <param index="35">
              <value>
                <![CDATA[6541]]>
              </value>
            </param>
            <param index="36">
              <value>
                <![CDATA[3451]]>
              </value>
            </param>
            <param index="37">
              <value>
                <![CDATA[3451]]>
              </value>
            </param>
            <param index="38">
              <value>
                <![CDATA[0123]]>
              </value>
            </param>
            <param index="39">
              <value>
                <![CDATA[5678]]>
              </value>
            </param>
            <param index="40">
              <value>
                <![CDATA[5123]]>
              </value>
            </param>
            <param index="41">
              <value>
                <![CDATA[1111]]>
              </value>
            </param>
            <param index="42">
              <value>
                <![CDATA[2222]]>
              </value>
            </param>
            <param index="43">
              <value>
                <![CDATA[3333]]>
              </value>
            </param>
            <param index="44">
              <value>
                <![CDATA[1598]]>
              </value>
            </param>
            <param index="45">
              <value>
                <![CDATA[Abcd1234]]>
              </value>
            </param>
            <param index="46">
              <value>
                <![CDATA[5000]]>
              </value>
            </param>
          </params>
          <exception class="org.junit.ComparisonFailure">
            <message>
              <![CDATA[expected:<[Dadd]> but was:<[]>]]>
            </message>
            <full-stacktrace>
              <![CDATA[org.junit.ComparisonFailure: expected:<[Dadd]> but was:<[]>
	at org.junit.Assert.assertEquals(Assert.java:115)
	at org.junit.Assert.assertEquals(Assert.java:144)
	at createShipmentActions.CreateShipmentActions.VerifyDGContactName(CreateShipmentActions.java:385)
	at createShipmentE2ETests.TollNQXTollExpressTests.CreateShipment_TollNQXTollEXpress_E2ETest_TID_920_Service_DGRefrigerated(TollNQXTollExpressTests.java:490)
	at sun.reflect.NativeMethodAccessorImpl.invoke0(Native Method)
	at sun.reflect.NativeMethodAccessorImpl.invoke(Unknown Source)
	at sun.reflect.DelegatingMethodAccessorImpl.invoke(Unknown Source)
	at java.lang.reflect.Method.invoke(Unknown Source)
	at org.testng.internal.MethodInvocationHelper.invokeMethod(MethodInvocationHelper.java:108)
	at org.testng.internal.Invoker.invokeMethod(Invoker.java:669)
	at org.testng.internal.Invoker.invokeTestMethod(Invoker.java:877)
	at org.testng.internal.Invoker.invokeTestMethods(Invoker.java:1201)
	at org.testng.internal.TestMethodWorker.invokeTestMethods(TestMethodWorker.java:125)
	at org.testng.internal.TestMethodWorker.run(TestMethodWorker.java:109)
	at org.testng.TestRunner.privateRun(TestRunner.java:776)
	at org.testng.TestRunner.run(TestRunner.java:634)
	at org.testng.SuiteRunner.runTest(SuiteRunner.java:425)
	at org.testng.SuiteRunner.runSequentially(SuiteRunner.java:420)
	at org.testng.SuiteRunner.privateRun(SuiteRunner.java:385)
	at org.testng.SuiteRunner.run(SuiteRunner.java:334)
	at org.testng.SuiteRunnerWorker.runSuite(SuiteRunnerWorker.java:52)
	at org.testng.SuiteRunnerWorker.run(SuiteRunnerWorker.java:86)
	at org.testng.TestNG.runSuitesSequentially(TestNG.java:1318)
	at org.testng.TestNG.runSuitesLocally(TestNG.java:1243)
	at org.testng.TestNG.runSuites(TestNG.java:1161)
	at org.testng.TestNG.run(TestNG.java:1129)
	at org.testng.remote.AbstractRemoteTestNG.run(AbstractRemoteTestNG.java:114)
	at org.testng.remote.RemoteTestNG.initAndRun(RemoteTestNG.java:251)
	at org.testng.remote.RemoteTestNG.main(RemoteTestNG.java:77)
]]>
            </full-stacktrace>
          </exception> <!-- org.junit.ComparisonFailure -->
          <reporter-output>
          </reporter-output>
        </test-method> <!-- CreateShipment_TollNQXTollEXpress_E2ETest_TID_920_Service_DGRefrigerated -->
        <test-method status="FAIL" signature="CreateShipment_TollNQXTollEXpress_E2ETest_TID_920_Service_RailGeneral(java.lang.Integer, java.lang.Integer, java.lang.Integer, java.lang.Integer, java.lang.Integer, java.lang.Integer, java.lang.String, java.lang.Integer, java.lang.Integer, java.lang.String, java.lang.String, java.lang.String, java.lang.String, java.lang.String, java.lang.String, java.lang.String, java.lang.String, java.lang.String, java.lang.String, java.lang.String, java.lang.String, java.lang.Integer, java.lang.Integer, java.lang.Integer, java.lang.String, java.lang.Integer, java.lang.String, java.lang.String, java.lang.String, java.lang.String, java.lang.String, java.lang.String, java.lang.String, java.lang.String, java.lang.String, java.lang.String, java.lang.String, java.lang.String, java.lang.String, java.lang.String, java.lang.String, java.lang.String, java.lang.String, java.lang.String, java.lang.String, java.lang.String, java.lang.String)[pri:8, instance:createShipmentE2ETests.TollNQXTollExpressTests@29774679]" name="CreateShipment_TollNQXTollEXpress_E2ETest_TID_920_Service_RailGeneral" duration-ms="0" started-at="2017-09-25T14:49:37Z" finished-at="2017-09-25T14:49:37Z">
          <exception class="org.testng.TestNGException">
            <message>
              <![CDATA[
Parameter 'TollNQXServiceRailGeneral' is required by @Test on method CreateShipment_TollNQXTollEXpress_E2ETest_TID_920_Service_RailGeneral but has not been marked @Optional or defined
in C:\Source\MYTOLLTestAutomation\CreateShipment.xml]]>
            </message>
            <full-stacktrace>
              <![CDATA[org.testng.TestNGException: 
Parameter 'TollNQXServiceRailGeneral' is required by @Test on method CreateShipment_TollNQXTollEXpress_E2ETest_TID_920_Service_RailGeneral but has not been marked @Optional or defined
in C:\Source\MYTOLLTestAutomation\CreateShipment.xml
	at org.testng.internal.Parameters.createParams(Parameters.java:248)
	at org.testng.internal.Parameters.createParametersForMethod(Parameters.java:286)
	at org.testng.internal.Parameters.createParameters(Parameters.java:547)
	at org.testng.internal.Parameters.handleParameters(Parameters.java:672)
	at org.testng.internal.Invoker.handleParameters(Invoker.java:1316)
	at org.testng.internal.Invoker.createParameters(Invoker.java:1044)
	at org.testng.internal.Invoker.invokeTestMethods(Invoker.java:1134)
	at org.testng.internal.TestMethodWorker.invokeTestMethods(TestMethodWorker.java:125)
	at org.testng.internal.TestMethodWorker.run(TestMethodWorker.java:109)
	at org.testng.TestRunner.privateRun(TestRunner.java:776)
	at org.testng.TestRunner.run(TestRunner.java:634)
	at org.testng.SuiteRunner.runTest(SuiteRunner.java:425)
	at org.testng.SuiteRunner.runSequentially(SuiteRunner.java:420)
	at org.testng.SuiteRunner.privateRun(SuiteRunner.java:385)
	at org.testng.SuiteRunner.run(SuiteRunner.java:334)
	at org.testng.SuiteRunnerWorker.runSuite(SuiteRunnerWorker.java:52)
	at org.testng.SuiteRunnerWorker.run(SuiteRunnerWorker.java:86)
	at org.testng.TestNG.runSuitesSequentially(TestNG.java:1318)
	at org.testng.TestNG.runSuitesLocally(TestNG.java:1243)
	at org.testng.TestNG.runSuites(TestNG.java:1161)
	at org.testng.TestNG.run(TestNG.java:1129)
	at org.testng.remote.AbstractRemoteTestNG.run(AbstractRemoteTestNG.java:114)
	at org.testng.remote.RemoteTestNG.initAndRun(RemoteTestNG.java:251)
	at org.testng.remote.RemoteTestNG.main(RemoteTestNG.java:77)
]]>
            </full-stacktrace>
          </exception> <!-- org.testng.TestNGException -->
          <reporter-output>
          </reporter-output>
        </test-method> <!-- CreateShipment_TollNQXTollEXpress_E2ETest_TID_920_Service_RailGeneral -->
        <test-method status="PASS" signature="RunSetup()[pri:0, instance:createShipmentE2ETests.TollNQXTollExpressTests@29774679]" name="RunSetup" is-config="true" duration-ms="21829" started-at="2017-09-25T14:49:37Z" finished-at="2017-09-25T14:49:59Z">
          <reporter-output>
          </reporter-output>
        </test-method> <!-- RunSetup -->
        <test-method status="FAIL" signature="CreateShipment_TollNQXTollEXpress_E2ETest_TID_920_Service_RailDangerousGoods(java.lang.Integer, java.lang.Integer, java.lang.Integer, java.lang.Integer, java.lang.Integer, java.lang.Integer, java.lang.String, java.lang.Integer, java.lang.Integer, java.lang.String, java.lang.String, java.lang.String, java.lang.String, java.lang.String, java.lang.String, java.lang.String, java.lang.String, java.lang.String, java.lang.String, java.lang.String, java.lang.String, java.lang.Integer, java.lang.Integer, java.lang.Integer, java.lang.String, java.lang.Integer, java.lang.String, java.lang.String, java.lang.String, java.lang.String, java.lang.String, java.lang.String, java.lang.String, java.lang.String, java.lang.String, java.lang.String, java.lang.String, java.lang.String, java.lang.String, java.lang.String, java.lang.String, java.lang.String, java.lang.String, java.lang.String, java.lang.String, java.lang.String, java.lang.String)[pri:9, instance:createShipmentE2ETests.TollNQXTollExpressTests@29774679]" name="CreateShipment_TollNQXTollEXpress_E2ETest_TID_920_Service_RailDangerousGoods" duration-ms="31495" started-at="2017-09-25T14:49:59Z" finished-at="2017-09-25T14:50:30Z">
          <params>
            <param index="0">
              <value>
                <![CDATA[3]]>
              </value>
            </param>
            <param index="1">
              <value>
                <![CDATA[9]]>
              </value>
            </param>
            <param index="2">
              <value>
                <![CDATA[1]]>
              </value>
            </param>
            <param index="3">
              <value>
                <![CDATA[1]]>
              </value>
            </param>
            <param index="4">
              <value>
                <![CDATA[3]]>
              </value>
            </param>
            <param index="5">
              <value>
                <![CDATA[2]]>
              </value>
            </param>
            <param index="6">
              <value>
                <![CDATA[5123355]]>
              </value>
            </param>
            <param index="7">
              <value>
                <![CDATA[1]]>
              </value>
            </param>
            <param index="8">
              <value>
                <![CDATA[2]]>
              </value>
            </param>
            <param index="9">
              <value>
                <![CDATA[Dadd]]>
              </value>
            </param>
            <param index="10">
              <value>
                <![CDATA[34324324]]>
              </value>
            </param>
            <param index="11">
              <value>
                <![CDATA[jagdish.khera@hcl.com]]>
              </value>
            </param>
            <param index="12">
              <value>
                <![CDATA[ajay.karol@gmail.com]]>
              </value>
            </param>
            <param index="13">
              <value>
                <![CDATA[012345]]>
              </value>
            </param>
            <param index="14">
              <value>
                <![CDATA[567879]]>
              </value>
            </param>
            <param index="15">
              <value>
                <![CDATA[Automation Template1]]>
              </value>
            </param>
            <param index="16">
              <value>
                <![CDATA[15]]>
              </value>
            </param>
            <param index="17">
              <value>
                <![CDATA[100]]>
              </value>
            </param>
            <param index="18">
              <value>
                <![CDATA[200]]>
              </value>
            </param>
            <param index="19">
              <value>
                <![CDATA[300]]>
              </value>
            </param>
            <param index="20">
              <value>
                <![CDATA[900]]>
              </value>
            </param>
            <param index="21">
              <value>
                <![CDATA[1]]>
              </value>
            </param>
            <param index="22">
              <value>
                <![CDATA[2]]>
              </value>
            </param>
            <param index="23">
              <value>
                <![CDATA[1]]>
              </value>
            </param>
            <param index="24">
              <value>
                <![CDATA[Test Special Ins]]>
              </value>
            </param>
            <param index="25">
              <value>
                <![CDATA[2]]>
              </value>
            </param>
            <param index="26">
              <value>
                <![CDATA[1234]]>
              </value>
            </param>
            <param index="27">
              <value>
                <![CDATA[Test PackageDescription]]>
              </value>
            </param>
            <param index="28">
              <value>
                <![CDATA[20]]>
              </value>
            </param>
            <param index="29">
              <value>
                <![CDATA[10]]>
              </value>
            </param>
            <param index="30">
              <value>
                <![CDATA[1234]]>
              </value>
            </param>
            <param index="31">
              <value>
                <![CDATA[4124]]>
              </value>
            </param>
            <param index="32">
              <value>
                <![CDATA[2345]]>
              </value>
            </param>
            <param index="33">
              <value>
                <![CDATA[7891]]>
              </value>
            </param>
            <param index="34">
              <value>
                <![CDATA[5671]]>
              </value>
            </param>
            <param index="35">
              <value>
                <![CDATA[6541]]>
              </value>
            </param>
            <param index="36">
              <value>
                <![CDATA[3451]]>
              </value>
            </param>
            <param index="37">
              <value>
                <![CDATA[3451]]>
              </value>
            </param>
            <param index="38">
              <value>
                <![CDATA[0123]]>
              </value>
            </param>
            <param index="39">
              <value>
                <![CDATA[5678]]>
              </value>
            </param>
            <param index="40">
              <value>
                <![CDATA[5123]]>
              </value>
            </param>
            <param index="41">
              <value>
                <![CDATA[1111]]>
              </value>
            </param>
            <param index="42">
              <value>
                <![CDATA[2222]]>
              </value>
            </param>
            <param index="43">
              <value>
                <![CDATA[3333]]>
              </value>
            </param>
            <param index="44">
              <value>
                <![CDATA[1598]]>
              </value>
            </param>
            <param index="45">
              <value>
                <![CDATA[Abcd1234]]>
              </value>
            </param>
            <param index="46">
              <value>
                <![CDATA[5000]]>
              </value>
            </param>
          </params>
          <exception class="org.junit.ComparisonFailure">
            <message>
              <![CDATA[expected:<[Dadd]> but was:<[]>]]>
            </message>
            <full-stacktrace>
              <![CDATA[org.junit.ComparisonFailure: expected:<[Dadd]> but was:<[]>
	at org.junit.Assert.assertEquals(Assert.java:115)
	at org.junit.Assert.assertEquals(Assert.java:144)
	at createShipmentActions.CreateShipmentActions.VerifyDGContactName(CreateShipmentActions.java:385)
	at createShipmentE2ETests.TollNQXTollExpressTests.CreateShipment_TollNQXTollEXpress_E2ETest_TID_920_Service_RailDangerousGoods(TollNQXTollExpressTests.java:638)
	at sun.reflect.NativeMethodAccessorImpl.invoke0(Native Method)
	at sun.reflect.NativeMethodAccessorImpl.invoke(Unknown Source)
	at sun.reflect.DelegatingMethodAccessorImpl.invoke(Unknown Source)
	at java.lang.reflect.Method.invoke(Unknown Source)
	at org.testng.internal.MethodInvocationHelper.invokeMethod(MethodInvocationHelper.java:108)
	at org.testng.internal.Invoker.invokeMethod(Invoker.java:669)
	at org.testng.internal.Invoker.invokeTestMethod(Invoker.java:877)
	at org.testng.internal.Invoker.invokeTestMethods(Invoker.java:1201)
	at org.testng.internal.TestMethodWorker.invokeTestMethods(TestMethodWorker.java:125)
	at org.testng.internal.TestMethodWorker.run(TestMethodWorker.java:109)
	at org.testng.TestRunner.privateRun(TestRunner.java:776)
	at org.testng.TestRunner.run(TestRunner.java:634)
	at org.testng.SuiteRunner.runTest(SuiteRunner.java:425)
	at org.testng.SuiteRunner.runSequentially(SuiteRunner.java:420)
	at org.testng.SuiteRunner.privateRun(SuiteRunner.java:385)
	at org.testng.SuiteRunner.run(SuiteRunner.java:334)
	at org.testng.SuiteRunnerWorker.runSuite(SuiteRunnerWorker.java:52)
	at org.testng.SuiteRunnerWorker.run(SuiteRunnerWorker.java:86)
	at org.testng.TestNG.runSuitesSequentially(TestNG.java:1318)
	at org.testng.TestNG.runSuitesLocally(TestNG.java:1243)
	at org.testng.TestNG.runSuites(TestNG.java:1161)
	at org.testng.TestNG.run(TestNG.java:1129)
	at org.testng.remote.AbstractRemoteTestNG.run(AbstractRemoteTestNG.java:114)
	at org.testng.remote.RemoteTestNG.initAndRun(RemoteTestNG.java:251)
	at org.testng.remote.RemoteTestNG.main(RemoteTestNG.java:77)
]]>
            </full-stacktrace>
          </exception> <!-- org.junit.ComparisonFailure -->
          <reporter-output>
          </reporter-output>
        </test-method> <!-- CreateShipment_TollNQXTollEXpress_E2ETest_TID_920_Service_RailDangerousGoods -->
      </class> <!-- createShipmentE2ETests.TollNQXTollExpressTests -->
    </test> <!-- createShipmentE2ETests.TollNQXTollExpressTests.CreateShipment_TollNQXTollEXpress_E2ETest_TID_920_Service_General -->
  </suite> <!-- Suite -->
</testng-results>
