<?xml version="1.0" encoding="UTF-8"?>
<testng-results skipped="0" failed="5" ignored="0" total="21" passed="16">
  <reporter-output>
    <line>
      <![CDATA[User Selects Toll Carrier - Toll IPEC]]>
    </line>
    <line>
      <![CDATA[User Selects Service - Road Express]]>
    </line>
    <line>
      <![CDATA[User Enters Account No - 2230899]]>
    </line>
    <line>
      <![CDATA[User Selects Orgin - Surburb:MELBOURNE PostCode:3000]]>
    </line>
    <line>
      <![CDATA[User Selects Destination - Surburb:FOOTSCRAY PostCode:3011]]>
    </line>
    <line>
      <![CDATA[User Enters Item Description - Automation Template]]>
    </line>
    <line>
      <![CDATA[User Billing Type - ALL FREIGHT]]>
    </line>
    <line>
      <![CDATA[User Enters No. of Items - 10]]>
    </line>
    <line>
      <![CDATA[User Enters Dimension - Length:10, Width:10, Height:10, Weight:10]]>
    </line>
    <line>
      <![CDATA[User Clicks Price Now]]>
    </line>
    <line>
      <![CDATA[Expected Text : Note: The rate shown may change if there are any variations to the actual weight, dimensions, or locations entered above. Matched the Text on Screen :Note: The rate shown may change if there are any variations to the actual weight, dimensions, or locations entered above.]]>
    </line>
    <line>
      <![CDATA[Full Charge: Total Charge: AUD $126.48]]>
    </line>
    <line>
      <![CDATA[Expected Text : Total Charge: Matched the Text on Screen :Total Charge:]]>
    </line>
    <line>
      <![CDATA[Expected Text : GST: Matched the Text on Screen :GST:]]>
    </line>
    <line>
      <![CDATA[Expected Text : Rate: Matched the Text on Screen :Rate:]]>
    </line>
    <line>
      <![CDATA[Expected Text : Toll IPEC Matched the Text on Screen :Toll IPEC]]>
    </line>
    <line>
      <![CDATA[Expected Text : Road Express Matched the Text on Screen :Road Express]]>
    </line>
    <line>
      <![CDATA[Expected Text : 2230899 Matched the Text on Screen :2230899]]>
    </line>
    <line>
      <![CDATA[Expected Text : 10cm x 10 cm x 10cm Matched the Text on Screen :10cm x 10 cm x 10cm]]>
    </line>
    <line>
      <![CDATA[---------------END OF TEST---------------]]>
    </line>
    <line>
      <![CDATA[User Selects Toll Carrier - Toll Intermodal]]>
    </line>
    <line>
      <![CDATA[User Selects Service - DG Freight]]>
    </line>
    <line>
      <![CDATA[User Selects Mode - ROAD]]>
    </line>
    <line>
      <![CDATA[User Enters Account No - 5685]]>
    </line>
    <line>
      <![CDATA[User Selects Orgin - Surburb:ROWLAND FLAT PostCode:5352]]>
    </line>
    <line>
      <![CDATA[User Selects Destination - Surburb:ALBERT PARK PostCode:5014]]>
    </line>
    <line>
      <![CDATA[User Enters Item Description - Automation Template]]>
    </line>
    <line>
      <![CDATA[User Billing Type - CARTONS - OVER 301KG]]>
    </line>
    <line>
      <![CDATA[User Enters No. of Items - 1]]>
    </line>
    <line>
      <![CDATA[User Selects Quantity Type - Items]]>
    </line>
    <line>
      <![CDATA[User Enters Dimension - Length:20, Width:20, Height:20, Weight:100]]>
    </line>
    <line>
      <![CDATA[User Clicks Price Now]]>
    </line>
    <line>
      <![CDATA[Expected Text : Note: The rate shown may change if there are any variations to the actual weight, dimensions, or locations entered above. Matched the Text on Screen :Note: The rate shown may change if there are any variations to the actual weight, dimensions, or locations entered above.]]>
    </line>
    <line>
      <![CDATA[Full Charge: Total Charge: AUD $49.51]]>
    </line>
    <line>
      <![CDATA[Expected Text : Total Charge: Matched the Text on Screen :Total Charge:]]>
    </line>
    <line>
      <![CDATA[Expected Text : GST: Matched the Text on Screen :GST:]]>
    </line>
    <line>
      <![CDATA[Expected Text : Rate: Matched the Text on Screen :Rate:]]>
    </line>
    <line>
      <![CDATA[Expected Text : Toll Intermodal Matched the Text on Screen :Toll Intermodal]]>
    </line>
    <line>
      <![CDATA[Expected Text : DG Freight Matched the Text on Screen :DG Freight]]>
    </line>
    <line>
      <![CDATA[Expected Text : 5685 Matched the Text on Screen :5685]]>
    </line>
    <line>
      <![CDATA[Expected Text : 20cm x 20 cm x 20cm Matched the Text on Screen :20cm x 20 cm x 20cm]]>
    </line>
    <line>
      <![CDATA[---------------END OF TEST---------------]]>
    </line>
    <line>
      <![CDATA[User Selects Toll Carrier - Toll Intermodal]]>
    </line>
    <line>
      <![CDATA[User Selects Service - Express]]>
    </line>
    <line>
      <![CDATA[User Selects Mode - ROAD]]>
    </line>
    <line>
      <![CDATA[User Enters Account No - 5685]]>
    </line>
    <line>
      <![CDATA[User Selects Orgin - Surburb:ROWLAND FLAT PostCode:5352]]>
    </line>
    <line>
      <![CDATA[User Selects Toll Carrier - Toll Intermodal]]>
    </line>
    <line>
      <![CDATA[User Selects Service - General]]>
    </line>
    <line>
      <![CDATA[User Selects Mode - ROAD]]>
    </line>
    <line>
      <![CDATA[User Enters Account No - 5685]]>
    </line>
    <line>
      <![CDATA[User Selects Orgin - Surburb:ROWLAND FLAT PostCode:5352]]>
    </line>
    <line>
      <![CDATA[User Selects Destination - Surburb:ALBERT PARK PostCode:5014]]>
    </line>
    <line>
      <![CDATA[User Enters Item Description - Automation Template]]>
    </line>
    <line>
      <![CDATA[User Billing Type - CARTONS - OVER 301KG]]>
    </line>
    <line>
      <![CDATA[User Enters No. of Items - 1]]>
    </line>
    <line>
      <![CDATA[User Selects Quantity Type - Items]]>
    </line>
    <line>
      <![CDATA[User Enters Dimension - Length:20, Width:20, Height:20, Weight:100]]>
    </line>
    <line>
      <![CDATA[User Clicks Price Now]]>
    </line>
    <line>
      <![CDATA[Expected Text : Note: The rate shown may change if there are any variations to the actual weight, dimensions, or locations entered above. Matched the Text on Screen :Note: The rate shown may change if there are any variations to the actual weight, dimensions, or locations entered above.]]>
    </line>
    <line>
      <![CDATA[Full Charge: Total Charge: AUD $49.51]]>
    </line>
    <line>
      <![CDATA[Expected Text : Total Charge: Matched the Text on Screen :Total Charge:]]>
    </line>
    <line>
      <![CDATA[Expected Text : GST: Matched the Text on Screen :GST:]]>
    </line>
    <line>
      <![CDATA[Expected Text : Rate: Matched the Text on Screen :Rate:]]>
    </line>
    <line>
      <![CDATA[Expected Text : Toll Intermodal Matched the Text on Screen :Toll Intermodal]]>
    </line>
    <line>
      <![CDATA[Expected Text : General Matched the Text on Screen :General]]>
    </line>
    <line>
      <![CDATA[Expected Text : 5685 Matched the Text on Screen :5685]]>
    </line>
    <line>
      <![CDATA[Expected Text : 20cm x 20 cm x 20cm Matched the Text on Screen :20cm x 20 cm x 20cm]]>
    </line>
    <line>
      <![CDATA[---------------END OF TEST---------------]]>
    </line>
    <line>
      <![CDATA[User Selects Toll Carrier - Toll Intermodal]]>
    </line>
    <line>
      <![CDATA[User Selects Service - Refrigeration]]>
    </line>
    <line>
      <![CDATA[User Selects Mode - ROAD]]>
    </line>
    <line>
      <![CDATA[User Enters Account No - 5685]]>
    </line>
    <line>
      <![CDATA[User Selects Orgin - Surburb:ROWLAND FLAT PostCode:5352]]>
    </line>
    <line>
      <![CDATA[User Selects Destination - Surburb:ALBERT PARK PostCode:5014]]>
    </line>
    <line>
      <![CDATA[User Enters Item Description - Automation Template]]>
    </line>
    <line>
      <![CDATA[User Billing Type - CARTONS - OVER 301KG]]>
    </line>
    <line>
      <![CDATA[User Enters No. of Items - 1]]>
    </line>
    <line>
      <![CDATA[User Selects Quantity Type - Items]]>
    </line>
    <line>
      <![CDATA[User Enters Dimension - Length:20, Width:20, Height:20, Weight:100]]>
    </line>
    <line>
      <![CDATA[User Clicks Price Now]]>
    </line>
    <line>
      <![CDATA[Popup Exits as Price is Unavailable, Moving to Shipment]]>
    </line>
    <line>
      <![CDATA[Expected Text : Toll Intermodal Matched the Text on Screen :Toll Intermodal]]>
    </line>
    <line>
      <![CDATA[Expected Text : Refrigeration Matched the Text on Screen :Refrigeration]]>
    </line>
    <line>
      <![CDATA[Expected Text : 5685 Matched the Text on Screen :5685]]>
    </line>
    <line>
      <![CDATA[Expected Text : 20cm x 20 cm x 20cm Matched the Text on Screen :20cm x 20 cm x 20cm]]>
    </line>
    <line>
      <![CDATA[---------------END OF TEST---------------]]>
    </line>
    <line>
      <![CDATA[User Selects Toll Carrier - Toll Priority (Aus)]]>
    </line>
    <line>
      <![CDATA[User Selects Service - Auswide 3kg Satchel - Overnight]]>
    </line>
    <line>
      <![CDATA[User Enters Account No - 401509]]>
    </line>
    <line>
      <![CDATA[User Selects Orgin - Surburb:MELBOURNE PostCode:3000]]>
    </line>
    <line>
      <![CDATA[User Selects Destination - Surburb:MELBOURNE PostCode:3000]]>
    </line>
    <line>
      <![CDATA[User Enters Item Description - Automation Template]]>
    </line>
    <line>
      <![CDATA[User Clicks Price Now]]>
    </line>
    <line>
      <![CDATA[Expected Text : Note: The rate shown may change if there are any variations to the actual weight, dimensions, or locations entered above. Matched the Text on Screen :Note: The rate shown may change if there are any variations to the actual weight, dimensions, or locations entered above.]]>
    </line>
    <line>
      <![CDATA[Full Charge: Total Charge: AUD $9.58]]>
    </line>
    <line>
      <![CDATA[Expected Text : Total Charge: Matched the Text on Screen :Total Charge:]]>
    </line>
    <line>
      <![CDATA[Expected Text : GST: Matched the Text on Screen :GST:]]>
    </line>
    <line>
      <![CDATA[Expected Text : Rate: Matched the Text on Screen :Rate:]]>
    </line>
    <line>
      <![CDATA[Expected Text : Toll Priority (Aus) Matched the Text on Screen :Toll Priority (Aus)]]>
    </line>
    <line>
      <![CDATA[Expected Text : Auswide 3kg Satchel - Overnight Matched the Text on Screen :Auswide 3kg Satchel - Overnight]]>
    </line>
    <line>
      <![CDATA[Expected Text : 401509 Matched the Text on Screen :401509]]>
    </line>
    <line>
      <![CDATA[---------------END OF TEST---------------]]>
    </line>
    <line>
      <![CDATA[User Selects Toll Carrier - Toll Priority (Aus)]]>
    </line>
    <line>
      <![CDATA[User Selects Service - Global - Express Documents]]>
    </line>
    <line>
      <![CDATA[User Enters Account No - 401509]]>
    </line>
    <line>
      <![CDATA[User Selects Orgin - Surburb:MELBOURNE PostCode:3000]]>
    </line>
    <line>
      <![CDATA[User Enters No. of Items - 1]]>
    </line>
    <line>
      <![CDATA[User Enters Item Description - Automation Template]]>
    </line>
    <line>
      <![CDATA[User Enters Dimension - Length:10, Width:10, Height:10, Weight:3]]>
    </line>
    <line>
      <![CDATA[User Clicks Price Now]]>
    </line>
    <line>
      <![CDATA[Expected Text : Note: The rate shown may change if there are any variations to the actual weight, dimensions, or locations entered above. Matched the Text on Screen :Note: The rate shown may change if there are any variations to the actual weight, dimensions, or locations entered above.]]>
    </line>
    <line>
      <![CDATA[Full Charge: Total Charge: AUD $50.50]]>
    </line>
    <line>
      <![CDATA[Expected Text : Total Charge: Matched the Text on Screen :Total Charge:]]>
    </line>
    <line>
      <![CDATA[Expected Text : GST: Matched the Text on Screen :GST:]]>
    </line>
    <line>
      <![CDATA[Expected Text : Rate: Matched the Text on Screen :Rate:]]>
    </line>
    <line>
      <![CDATA[Expected Text : Toll Priority (Aus) Matched the Text on Screen :Toll Priority (Aus)]]>
    </line>
    <line>
      <![CDATA[Expected Text : Global - Express Documents Matched the Text on Screen :Global - Express Documents]]>
    </line>
    <line>
      <![CDATA[Expected Text : 401509 Matched the Text on Screen :401509]]>
    </line>
    <line>
      <![CDATA[Expected Text : 10cm x 10 cm x 10cm Matched the Text on Screen :10cm x 10 cm x 10cm]]>
    </line>
    <line>
      <![CDATA[---------------END OF TEST---------------]]>
    </line>
    <line>
      <![CDATA[User Selects Toll Carrier - Toll Priority (Aus)]]>
    </line>
    <line>
      <![CDATA[User Selects Service - Parcels - Off Peak]]>
    </line>
    <line>
      <![CDATA[User Enters Account No - 401509]]>
    </line>
    <line>
      <![CDATA[User Selects Orgin - Surburb:MELBOURNE PostCode:3000]]>
    </line>
    <line>
      <![CDATA[User Selects Destination - Surburb:MELBOURNE PostCode:3000]]>
    </line>
    <line>
      <![CDATA[User Enters No. of Items - 1]]>
    </line>
    <line>
      <![CDATA[User Enters Item Description - Automation Template]]>
    </line>
    <line>
      <![CDATA[User Enters Dimension - Length:10, Width:10, Height:10, Weight:3]]>
    </line>
    <line>
      <![CDATA[User Clicks Price Now]]>
    </line>
    <line>
      <![CDATA[Popup Exits as Price is Unavailable, Moving to Shipment]]>
    </line>
    <line>
      <![CDATA[Expected Text : Toll Priority (Aus) Matched the Text on Screen :Toll Priority (Aus)]]>
    </line>
    <line>
      <![CDATA[Expected Text : Parcels - Off Peak Matched the Text on Screen :Parcels - Off Peak]]>
    </line>
    <line>
      <![CDATA[Expected Text : 401509 Matched the Text on Screen :401509]]>
    </line>
    <line>
      <![CDATA[Expected Text : 10cm x 10 cm x 10cm Matched the Text on Screen :10cm x 10 cm x 10cm]]>
    </line>
    <line>
      <![CDATA[---------------END OF TEST---------------]]>
    </line>
    <line>
      <![CDATA[User Selects Toll Carrier - Toll NQX | Toll Express]]>
    </line>
    <line>
      <![CDATA[User Selects Service - DG Express]]>
    </line>
    <line>
      <![CDATA[User Selects Mode - ROAD]]>
    </line>
    <line>
      <![CDATA[User Enters Account No - 614060]]>
    </line>
    <line>
      <![CDATA[User Selects Orgin - Surburb:MELBOURNE PostCode:3000]]>
    </line>
    <line>
      <![CDATA[User Selects Destination - Surburb:SYDNEY PostCode:2000]]>
    </line>
    <line>
      <![CDATA[User Enters Item Description - Automation Template]]>
    </line>
    <line>
      <![CDATA[User Billing Type - General Freight]]>
    </line>
    <line>
      <![CDATA[User Enters No. of Items - 3]]>
    </line>
    <line>
      <![CDATA[User Selects Quantity Type - Items]]>
    </line>
    <line>
      <![CDATA[User Enters Dimension - Length:33, Width:33, Height:33, Weight:3]]>
    </line>
    <line>
      <![CDATA[User Clicks Price Now]]>
    </line>
    <line>
      <![CDATA[Expected Text : Note: The rate shown may change if there are any variations to the actual weight, dimensions, or locations entered above. Matched the Text on Screen :Note: The rate shown may change if there are any variations to the actual weight, dimensions, or locations entered above.]]>
    </line>
    <line>
      <![CDATA[Full Charge: Total Charge: AUD $278.50]]>
    </line>
    <line>
      <![CDATA[Expected Text : Total Charge: Matched the Text on Screen :Total Charge:]]>
    </line>
    <line>
      <![CDATA[Expected Text : GST: Matched the Text on Screen :GST:]]>
    </line>
    <line>
      <![CDATA[Expected Text : Rate: Matched the Text on Screen :Rate:]]>
    </line>
    <line>
      <![CDATA[Expected Text : Toll NQX | Toll Express Matched the Text on Screen :Toll NQX | Toll Express]]>
    </line>
    <line>
      <![CDATA[Expected Text : DG Express Matched the Text on Screen :DG Express]]>
    </line>
    <line>
      <![CDATA[Expected Text : 614060 Matched the Text on Screen :614060]]>
    </line>
    <line>
      <![CDATA[Expected Text : 33cm x 33 cm x 33cm Matched the Text on Screen :33cm x 33 cm x 33cm]]>
    </line>
    <line>
      <![CDATA[---------------END OF TEST---------------]]>
    </line>
    <line>
      <![CDATA[User Selects Toll Carrier - Toll NQX | Toll Express]]>
    </line>
    <line>
      <![CDATA[User Selects Service - Dangerous Goods]]>
    </line>
    <line>
      <![CDATA[User Selects Mode - ROAD]]>
    </line>
    <line>
      <![CDATA[User Enters Account No - 614060]]>
    </line>
    <line>
      <![CDATA[User Selects Orgin - Surburb:MELBOURNE PostCode:3000]]>
    </line>
    <line>
      <![CDATA[User Selects Destination - Surburb:SYDNEY PostCode:2000]]>
    </line>
    <line>
      <![CDATA[User Enters Item Description - Automation Template]]>
    </line>
    <line>
      <![CDATA[User Billing Type - General Freight]]>
    </line>
    <line>
      <![CDATA[User Enters No. of Items - 3]]>
    </line>
    <line>
      <![CDATA[User Selects Quantity Type - Items]]>
    </line>
    <line>
      <![CDATA[User Enters Dimension - Length:33, Width:33, Height:33, Weight:3]]>
    </line>
    <line>
      <![CDATA[User Clicks Price Now]]>
    </line>
    <line>
      <![CDATA[Expected Text : Note: The rate shown may change if there are any variations to the actual weight, dimensions, or locations entered above. Matched the Text on Screen :Note: The rate shown may change if there are any variations to the actual weight, dimensions, or locations entered above.]]>
    </line>
    <line>
      <![CDATA[Full Charge: Total Charge: AUD $261.81]]>
    </line>
    <line>
      <![CDATA[Expected Text : Total Charge: Matched the Text on Screen :Total Charge:]]>
    </line>
    <line>
      <![CDATA[Expected Text : GST: Matched the Text on Screen :GST:]]>
    </line>
    <line>
      <![CDATA[Expected Text : Rate: Matched the Text on Screen :Rate:]]>
    </line>
    <line>
      <![CDATA[Expected Text : Toll NQX | Toll Express Matched the Text on Screen :Toll NQX | Toll Express]]>
    </line>
    <line>
      <![CDATA[Expected Text : Dangerous Goods Matched the Text on Screen :Dangerous Goods]]>
    </line>
    <line>
      <![CDATA[Expected Text : 614060 Matched the Text on Screen :614060]]>
    </line>
    <line>
      <![CDATA[Expected Text : 33cm x 33 cm x 33cm Matched the Text on Screen :33cm x 33 cm x 33cm]]>
    </line>
    <line>
      <![CDATA[---------------END OF TEST---------------]]>
    </line>
    <line>
      <![CDATA[User Selects Toll Carrier - Toll NQX | Toll Express]]>
    </line>
    <line>
      <![CDATA[User Selects Service - Express]]>
    </line>
    <line>
      <![CDATA[User Selects Mode - ROAD]]>
    </line>
    <line>
      <![CDATA[User Enters Account No - 614060]]>
    </line>
    <line>
      <![CDATA[User Selects Orgin - Surburb:MELBOURNE PostCode:3000]]>
    </line>
    <line>
      <![CDATA[User Selects Destination - Surburb:SYDNEY PostCode:2000]]>
    </line>
    <line>
      <![CDATA[User Enters Item Description - Automation Template]]>
    </line>
    <line>
      <![CDATA[User Billing Type - General Freight]]>
    </line>
    <line>
      <![CDATA[User Enters No. of Items - 3]]>
    </line>
    <line>
      <![CDATA[User Selects Quantity Type - Items]]>
    </line>
    <line>
      <![CDATA[User Enters Dimension - Length:33, Width:33, Height:33, Weight:3]]>
    </line>
    <line>
      <![CDATA[User Clicks Price Now]]>
    </line>
    <line>
      <![CDATA[Expected Text : Note: The rate shown may change if there are any variations to the actual weight, dimensions, or locations entered above. Matched the Text on Screen :Note: The rate shown may change if there are any variations to the actual weight, dimensions, or locations entered above.]]>
    </line>
    <line>
      <![CDATA[Full Charge: Total Charge: AUD $133.19]]>
    </line>
    <line>
      <![CDATA[Expected Text : Total Charge: Matched the Text on Screen :Total Charge:]]>
    </line>
    <line>
      <![CDATA[Expected Text : GST: Matched the Text on Screen :GST:]]>
    </line>
    <line>
      <![CDATA[Expected Text : Rate: Matched the Text on Screen :Rate:]]>
    </line>
    <line>
      <![CDATA[Expected Text : Toll NQX | Toll Express Matched the Text on Screen :Toll NQX | Toll Express]]>
    </line>
    <line>
      <![CDATA[Expected Text : Express Matched the Text on Screen :Express]]>
    </line>
    <line>
      <![CDATA[Expected Text : 614060 Matched the Text on Screen :614060]]>
    </line>
    <line>
      <![CDATA[Expected Text : 33cm x 33 cm x 33cm Matched the Text on Screen :33cm x 33 cm x 33cm]]>
    </line>
    <line>
      <![CDATA[---------------END OF TEST---------------]]>
    </line>
    <line>
      <![CDATA[User Selects Toll Carrier - Toll NQX | Toll Express]]>
    </line>
    <line>
      <![CDATA[User Selects Service - General]]>
    </line>
    <line>
      <![CDATA[User Selects Mode - ROAD]]>
    </line>
    <line>
      <![CDATA[User Enters Account No - 614060]]>
    </line>
    <line>
      <![CDATA[User Selects Orgin - Surburb:MELBOURNE PostCode:3000]]>
    </line>
    <line>
      <![CDATA[User Selects Destination - Surburb:SYDNEY PostCode:2000]]>
    </line>
    <line>
      <![CDATA[User Enters Item Description - Automation Template]]>
    </line>
    <line>
      <![CDATA[User Billing Type - General Freight]]>
    </line>
    <line>
      <![CDATA[User Enters No. of Items - 3]]>
    </line>
    <line>
      <![CDATA[User Selects Quantity Type - Items]]>
    </line>
    <line>
      <![CDATA[User Enters Dimension - Length:33, Width:33, Height:33, Weight:3]]>
    </line>
    <line>
      <![CDATA[User Clicks Price Now]]>
    </line>
    <line>
      <![CDATA[Expected Text : Note: The rate shown may change if there are any variations to the actual weight, dimensions, or locations entered above. Matched the Text on Screen :Note: The rate shown may change if there are any variations to the actual weight, dimensions, or locations entered above.]]>
    </line>
    <line>
      <![CDATA[Full Charge: Total Charge: AUD $116.49]]>
    </line>
    <line>
      <![CDATA[Expected Text : Total Charge: Matched the Text on Screen :Total Charge:]]>
    </line>
    <line>
      <![CDATA[Expected Text : GST: Matched the Text on Screen :GST:]]>
    </line>
    <line>
      <![CDATA[Expected Text : Rate: Matched the Text on Screen :Rate:]]>
    </line>
    <line>
      <![CDATA[Expected Text : Toll NQX | Toll Express Matched the Text on Screen :Toll NQX | Toll Express]]>
    </line>
    <line>
      <![CDATA[Expected Text : General Matched the Text on Screen :General]]>
    </line>
    <line>
      <![CDATA[Expected Text : 614060 Matched the Text on Screen :614060]]>
    </line>
    <line>
      <![CDATA[Expected Text : 33cm x 33 cm x 33cm Matched the Text on Screen :33cm x 33 cm x 33cm]]>
    </line>
    <line>
      <![CDATA[---------------END OF TEST---------------]]>
    </line>
    <line>
      <![CDATA[User Selects Toll Carrier - Toll NQX | Toll Express]]>
    </line>
    <line>
      <![CDATA[User Selects Service - Premium]]>
    </line>
    <line>
      <![CDATA[User Selects Mode - ROAD]]>
    </line>
    <line>
      <![CDATA[User Enters Account No - 614060]]>
    </line>
    <line>
      <![CDATA[User Selects Orgin - Surburb:MELBOURNE PostCode:3000]]>
    </line>
    <line>
      <![CDATA[User Selects Destination - Surburb:SYDNEY PostCode:2000]]>
    </line>
    <line>
      <![CDATA[User Enters Item Description - Automation Template]]>
    </line>
    <line>
      <![CDATA[User Billing Type - General Freight]]>
    </line>
    <line>
      <![CDATA[User Enters No. of Items - 3]]>
    </line>
    <line>
      <![CDATA[User Selects Quantity Type - Items]]>
    </line>
    <line>
      <![CDATA[User Enters Dimension - Length:33, Width:33, Height:33, Weight:3]]>
    </line>
    <line>
      <![CDATA[User Clicks Price Now]]>
    </line>
    <line>
      <![CDATA[Expected Text : Note: The rate shown may change if there are any variations to the actual weight, dimensions, or locations entered above. Matched the Text on Screen :Note: The rate shown may change if there are any variations to the actual weight, dimensions, or locations entered above.]]>
    </line>
    <line>
      <![CDATA[Full Charge: Total Charge: AUD $176.23]]>
    </line>
    <line>
      <![CDATA[Expected Text : Total Charge: Matched the Text on Screen :Total Charge:]]>
    </line>
    <line>
      <![CDATA[Expected Text : GST: Matched the Text on Screen :GST:]]>
    </line>
    <line>
      <![CDATA[Expected Text : Rate: Matched the Text on Screen :Rate:]]>
    </line>
    <line>
      <![CDATA[Expected Text : Toll NQX | Toll Express Matched the Text on Screen :Toll NQX | Toll Express]]>
    </line>
    <line>
      <![CDATA[Expected Text : Premium Matched the Text on Screen :Premium]]>
    </line>
    <line>
      <![CDATA[Expected Text : 614060 Matched the Text on Screen :614060]]>
    </line>
    <line>
      <![CDATA[Expected Text : 33cm x 33 cm x 33cm Matched the Text on Screen :33cm x 33 cm x 33cm]]>
    </line>
    <line>
      <![CDATA[---------------END OF TEST---------------]]>
    </line>
    <line>
      <![CDATA[User Selects Toll Carrier - Toll NQX | Toll Express]]>
    </line>
    <line>
      <![CDATA[User Selects Service - Refrigeration]]>
    </line>
    <line>
      <![CDATA[User Selects Mode - ROAD]]>
    </line>
    <line>
      <![CDATA[User Enters Account No - 614060]]>
    </line>
    <line>
      <![CDATA[User Selects Orgin - Surburb:MELBOURNE PostCode:3000]]>
    </line>
    <line>
      <![CDATA[User Selects Destination - Surburb:SYDNEY PostCode:2000]]>
    </line>
    <line>
      <![CDATA[User Enters Item Description - Automation Template]]>
    </line>
    <line>
      <![CDATA[User Billing Type - General Freight]]>
    </line>
    <line>
      <![CDATA[User Enters No. of Items - 3]]>
    </line>
    <line>
      <![CDATA[User Selects Quantity Type - Items]]>
    </line>
    <line>
      <![CDATA[User Enters Dimension - Length:33, Width:33, Height:33, Weight:3]]>
    </line>
    <line>
      <![CDATA[User Clicks Price Now]]>
    </line>
    <line>
      <![CDATA[Popup Exits as Price is Unavailable, Moving to Shipment]]>
    </line>
    <line>
      <![CDATA[Expected Text : Toll NQX | Toll Express Matched the Text on Screen :Toll NQX | Toll Express]]>
    </line>
    <line>
      <![CDATA[Expected Text : Refrigeration Matched the Text on Screen :Refrigeration]]>
    </line>
    <line>
      <![CDATA[Expected Text : 614060 Matched the Text on Screen :614060]]>
    </line>
    <line>
      <![CDATA[Expected Text : 33cm x 33 cm x 33cm Matched the Text on Screen :33cm x 33 cm x 33cm]]>
    </line>
    <line>
      <![CDATA[---------------END OF TEST---------------]]>
    </line>
    <line>
      <![CDATA[User Selects Toll Carrier - Toll Tasmania]]>
    </line>
    <line>
      <![CDATA[User Selects Service - DG Freight]]>
    </line>
    <line>
      <![CDATA[User Selects Mode - ROAD]]>
    </line>
    <line>
      <![CDATA[User Enters Account No - 100428]]>
    </line>
    <line>
      <![CDATA[User Selects Orgin - Surburb:MULGRAVE PostCode:3170]]>
    </line>
    <line>
      <![CDATA[User Selects Toll Carrier - Toll Tasmania]]>
    </line>
    <line>
      <![CDATA[User Selects Service - Express]]>
    </line>
    <line>
      <![CDATA[User Selects Mode - ROAD]]>
    </line>
    <line>
      <![CDATA[User Enters Account No - 100428]]>
    </line>
    <line>
      <![CDATA[User Selects Orgin - Surburb:MULGRAVE PostCode:3170]]>
    </line>
    <line>
      <![CDATA[User Selects Toll Carrier - Toll Tasmania]]>
    </line>
    <line>
      <![CDATA[User Selects Service - General]]>
    </line>
    <line>
      <![CDATA[User Selects Mode - ROAD]]>
    </line>
    <line>
      <![CDATA[User Enters Account No - 100428]]>
    </line>
    <line>
      <![CDATA[User Selects Orgin - Surburb:MULGRAVE PostCode:3170]]>
    </line>
    <line>
      <![CDATA[User Selects Destination - Surburb:GLEBE PostCode:7000]]>
    </line>
    <line>
      <![CDATA[User Enters Item Description - Automation Template]]>
    </line>
    <line>
      <![CDATA[User Billing Type - General Freight]]>
    </line>
    <line>
      <![CDATA[User Enters No. of Items - 3]]>
    </line>
    <line>
      <![CDATA[User Selects Quantity Type - Items]]>
    </line>
    <line>
      <![CDATA[User Enters Dimension - Length:33, Width:33, Height:33, Weight:3]]>
    </line>
    <line>
      <![CDATA[User Clicks Price Now]]>
    </line>
    <line>
      <![CDATA[Expected Text : Note: The rate shown may change if there are any variations to the actual weight, dimensions, or locations entered above. Matched the Text on Screen :Note: The rate shown may change if there are any variations to the actual weight, dimensions, or locations entered above.]]>
    </line>
    <line>
      <![CDATA[Full Charge: Total Charge: AUD $116.83]]>
    </line>
    <line>
      <![CDATA[Expected Text : Total Charge: Matched the Text on Screen :Total Charge:]]>
    </line>
    <line>
      <![CDATA[Expected Text : GST: Matched the Text on Screen :GST:]]>
    </line>
    <line>
      <![CDATA[Expected Text : Rate: Matched the Text on Screen :Rate:]]>
    </line>
    <line>
      <![CDATA[Expected Text : Toll Tasmania Matched the Text on Screen :Toll Tasmania]]>
    </line>
    <line>
      <![CDATA[Expected Text : General Matched the Text on Screen :General]]>
    </line>
    <line>
      <![CDATA[Expected Text : 100428 Matched the Text on Screen :100428]]>
    </line>
    <line>
      <![CDATA[Expected Text : 33cm x 33 cm x 33cm Matched the Text on Screen :33cm x 33 cm x 33cm]]>
    </line>
    <line>
      <![CDATA[---------------END OF TEST---------------]]>
    </line>
    <line>
      <![CDATA[User Selects Toll Carrier - Toll Tasmania]]>
    </line>
    <line>
      <![CDATA[User Selects Service - Refrigeration]]>
    </line>
    <line>
      <![CDATA[User Selects Mode - ROAD]]>
    </line>
    <line>
      <![CDATA[User Enters Account No - 100428]]>
    </line>
    <line>
      <![CDATA[User Selects Orgin - Surburb:MULGRAVE PostCode:3170]]>
    </line>
    <line>
      <![CDATA[User Selects Destination - Surburb:GLEBE PostCode:7000]]>
    </line>
    <line>
      <![CDATA[User Enters Item Description - Automation Template]]>
    </line>
    <line>
      <![CDATA[User Billing Type - General Freight]]>
    </line>
    <line>
      <![CDATA[User Enters No. of Items - 3]]>
    </line>
    <line>
      <![CDATA[User Selects Quantity Type - Items]]>
    </line>
    <line>
      <![CDATA[User Enters Dimension - Length:33, Width:33, Height:33, Weight:3]]>
    </line>
    <line>
      <![CDATA[User Clicks Price Now]]>
    </line>
    <line>
      <![CDATA[Popup Exits as Price is Unavailable, Moving to Shipment]]>
    </line>
    <line>
      <![CDATA[Expected Text : Toll Tasmania Matched the Text on Screen :Toll Tasmania]]>
    </line>
    <line>
      <![CDATA[Expected Text : Refrigeration Matched the Text on Screen :Refrigeration]]>
    </line>
    <line>
      <![CDATA[Expected Text : 100428 Matched the Text on Screen :100428]]>
    </line>
    <line>
      <![CDATA[Expected Text : 33cm x 33 cm x 33cm Matched the Text on Screen :33cm x 33 cm x 33cm]]>
    </line>
    <line>
      <![CDATA[---------------END OF TEST---------------]]>
    </line>
    <line>
      <![CDATA[User Selects Toll Carrier - Toll Priority (NZ)]]>
    </line>
    <line>
      <![CDATA[User Selects Service - Global - Express Parcels]]>
    </line>
    <line>
      <![CDATA[User Enters Account No - 100181]]>
    </line>
    <line>
      <![CDATA[User Selects Orgin - Surburb:NEWTON PostCode:1001]]>
    </line>
    <line>
      <![CDATA[User Enters No. of Items - 3]]>
    </line>
    <line>
      <![CDATA[User Enters Item Description - Automation Template]]>
    </line>
    <line>
      <![CDATA[User Enters Dimension - Length:33, Width:33, Height:33, Weight:3]]>
    </line>
    <line>
      <![CDATA[User Clicks Price Now]]>
    </line>
    <line>
      <![CDATA[Expected Text : Note: The rate shown may change if there are any variations to the actual weight, dimensions, or locations entered above. Matched the Text on Screen :Note: The rate shown may change if there are any variations to the actual weight, dimensions, or locations entered above.]]>
    </line>
    <line>
      <![CDATA[Full Charge: Total Charge: NZD $163.12]]>
    </line>
    <line>
      <![CDATA[Expected Text : Total Charge: Matched the Text on Screen :Total Charge:]]>
    </line>
    <line>
      <![CDATA[Expected Text : GST: Matched the Text on Screen :GST:]]>
    </line>
    <line>
      <![CDATA[Expected Text : Rate: Matched the Text on Screen :Rate:]]>
    </line>
    <line>
      <![CDATA[Expected Text : Toll Priority (NZ) Matched the Text on Screen :Toll Priority (NZ)]]>
    </line>
    <line>
      <![CDATA[Expected Text : Global - Express Parcels Matched the Text on Screen :Global - Express Parcels]]>
    </line>
    <line>
      <![CDATA[Expected Text : 100181 Matched the Text on Screen :100181]]>
    </line>
    <line>
      <![CDATA[Expected Text : 33cm x 33 cm x 33cm Matched the Text on Screen :33cm x 33 cm x 33cm]]>
    </line>
    <line>
      <![CDATA[---------------END OF TEST---------------]]>
    </line>
    <line>
      <![CDATA[User Selects Toll Carrier - Toll Priority (NZ)]]>
    </line>
    <line>
      <![CDATA[User Selects Service - Parcels - Off Peak]]>
    </line>
    <line>
      <![CDATA[User Enters Account No - 100181]]>
    </line>
    <line>
      <![CDATA[User Selects Orgin - Surburb:NEWTON PostCode:1001]]>
    </line>
    <line>
      <![CDATA[User Selects Toll Carrier - Toll Priority (NZ)]]>
    </line>
    <line>
      <![CDATA[User Selects Service - Parcels - Same Day]]>
    </line>
    <line>
      <![CDATA[User Enters Account No - 100181]]>
    </line>
    <line>
      <![CDATA[User Selects Orgin - Surburb:NEWTON PostCode:1001]]>
    </line>
  </reporter-output>
  <suite name="Suite" duration-ms="1758430" started-at="2017-11-16T00:55:51Z" finished-at="2017-11-16T01:25:10Z">
    <groups>
    </groups>
    <test name="RateEnquiry" duration-ms="1758430" started-at="2017-11-16T00:55:51Z" finished-at="2017-11-16T01:25:10Z">
      <class name="rateEnquiryE2ETests.TollTasmaniaTests">
        <test-method status="PASS" signature="RunSetup()[pri:0, instance:rateEnquiryE2ETests.TollTasmaniaTests@66a3ffec]" name="RunSetup" is-config="true" duration-ms="22978" started-at="2017-11-16T12:16:37Z" finished-at="2017-11-16T12:17:00Z">
          <reporter-output>
          </reporter-output>
        </test-method> <!-- RunSetup -->
        <test-method status="FAIL" signature="RateEnquiry_TollTasmanias_E2ETest_TID_1052_Service_DGFreight(java.lang.String, java.lang.String, java.lang.String, java.lang.String, java.lang.String, java.lang.String, java.lang.String, java.lang.String, java.lang.String, java.lang.String, java.lang.String, java.lang.String, java.lang.String, java.lang.String, java.lang.String, java.lang.String)[pri:0, instance:rateEnquiryE2ETests.TollTasmaniaTests@66a3ffec]" name="RateEnquiry_TollTasmanias_E2ETest_TID_1052_Service_DGFreight" duration-ms="31896" started-at="2017-11-16T12:17:00Z" finished-at="2017-11-16T12:17:32Z">
          <params>
            <param index="0">
              <value>
                <![CDATA[Toll Tasmania]]>
              </value>
            </param>
            <param index="1">
              <value>
                <![CDATA[DG Freight]]>
              </value>
            </param>
            <param index="2">
              <value>
                <![CDATA[100428]]>
              </value>
            </param>
            <param index="3">
              <value>
                <![CDATA[Automation Template]]>
              </value>
            </param>
            <param index="4">
              <value>
                <![CDATA[General Freight]]>
              </value>
            </param>
            <param index="5">
              <value>
                <![CDATA[ROAD]]>
              </value>
            </param>
            <param index="6">
              <value>
                <![CDATA[3]]>
              </value>
            </param>
            <param index="7">
              <value>
                <![CDATA[33]]>
              </value>
            </param>
            <param index="8">
              <value>
                <![CDATA[33]]>
              </value>
            </param>
            <param index="9">
              <value>
                <![CDATA[33]]>
              </value>
            </param>
            <param index="10">
              <value>
                <![CDATA[3]]>
              </value>
            </param>
            <param index="11">
              <value>
                <![CDATA[Items]]>
              </value>
            </param>
            <param index="12">
              <value>
                <![CDATA[MULGRAVE]]>
              </value>
            </param>
            <param index="13">
              <value>
                <![CDATA[3170]]>
              </value>
            </param>
            <param index="14">
              <value>
                <![CDATA[GLEBE]]>
              </value>
            </param>
            <param index="15">
              <value>
                <![CDATA[7000]]>
              </value>
            </param>
          </params>
          <exception class="org.openqa.selenium.TimeoutException">
            <message>
              <![CDATA[Expected condition failed: waiting for presence of element located by: By.xpath: //*[@id="origin-suburb-postcode"]/div[1]/ul/li/div[contains(text(),'3170') and contains(text(),'MULGRAVE')] (tried for 5 second(s) with 500 MILLISECONDS interval)]]>
            </message>
            <full-stacktrace>
              <![CDATA[org.openqa.selenium.TimeoutException: Expected condition failed: waiting for presence of element located by: By.xpath: //*[@id="origin-suburb-postcode"]/div[1]/ul/li/div[contains(text(),'3170') and contains(text(),'MULGRAVE')] (tried for 5 second(s) with 500 MILLISECONDS interval)
	at org.openqa.selenium.support.ui.WebDriverWait.timeoutException(WebDriverWait.java:80)
	at org.openqa.selenium.support.ui.FluentWait.until(FluentWait.java:232)
	at GlobalActions.PageBase.click(PageBase.java:176)
	at rateEnquiryActions.RateEnquiryActions.SelectOrigin(RateEnquiryActions.java:144)
	at rateEnquiryE2ETests.TollTasmaniaTests.RateEnquiry_TollTasmanias_E2ETest_TID_1052_Service_DGFreight(TollTasmaniaTests.java:78)
	at sun.reflect.NativeMethodAccessorImpl.invoke0(Native Method)
	at sun.reflect.NativeMethodAccessorImpl.invoke(Unknown Source)
	at sun.reflect.DelegatingMethodAccessorImpl.invoke(Unknown Source)
	at java.lang.reflect.Method.invoke(Unknown Source)
	at org.testng.internal.MethodInvocationHelper.invokeMethod(MethodInvocationHelper.java:108)
	at org.testng.internal.Invoker.invokeMethod(Invoker.java:669)
	at org.testng.internal.Invoker.invokeTestMethod(Invoker.java:877)
	at org.testng.internal.Invoker.invokeTestMethods(Invoker.java:1201)
	at org.testng.internal.TestMethodWorker.invokeTestMethods(TestMethodWorker.java:125)
	at org.testng.internal.TestMethodWorker.run(TestMethodWorker.java:109)
	at org.testng.TestRunner.privateRun(TestRunner.java:776)
	at org.testng.TestRunner.run(TestRunner.java:634)
	at org.testng.SuiteRunner.runTest(SuiteRunner.java:425)
	at org.testng.SuiteRunner.runSequentially(SuiteRunner.java:420)
	at org.testng.SuiteRunner.privateRun(SuiteRunner.java:385)
	at org.testng.SuiteRunner.run(SuiteRunner.java:334)
	at org.testng.SuiteRunnerWorker.runSuite(SuiteRunnerWorker.java:52)
	at org.testng.SuiteRunnerWorker.run(SuiteRunnerWorker.java:86)
	at org.testng.TestNG.runSuitesSequentially(TestNG.java:1318)
	at org.testng.TestNG.runSuitesLocally(TestNG.java:1243)
	at org.testng.TestNG.runSuites(TestNG.java:1161)
	at org.testng.TestNG.run(TestNG.java:1129)
	at org.testng.remote.AbstractRemoteTestNG.run(AbstractRemoteTestNG.java:114)
	at org.testng.remote.RemoteTestNG.initAndRun(RemoteTestNG.java:251)
	at org.testng.remote.RemoteTestNG.main(RemoteTestNG.java:77)
Caused by: org.openqa.selenium.NoSuchElementException: Cannot locate an element using By.xpath: //*[@id="origin-suburb-postcode"]/div[1]/ul/li/div[contains(text(),'3170') and contains(text(),'MULGRAVE')]
For documentation on this error, please visit: http://seleniumhq.org/exceptions/no_such_element.html
Build info: version: 'unknown', revision: 'unknown', time: 'unknown'
System info: host: 'DESKTOP-GTKVGKN', ip: '192.168.19.1', os.name: 'Windows 10', os.arch: 'amd64', os.version: '10.0', java.version: '1.8.0_131'
Driver info: driver.version: unknown
	at org.openqa.selenium.support.ui.ExpectedConditions.lambda$findElement$0(ExpectedConditions.java:883)
	at java.util.Optional.orElseThrow(Unknown Source)
	at org.openqa.selenium.support.ui.ExpectedConditions.findElement(ExpectedConditions.java:882)
	at org.openqa.selenium.support.ui.ExpectedConditions.access$000(ExpectedConditions.java:44)
	at org.openqa.selenium.support.ui.ExpectedConditions$6.apply(ExpectedConditions.java:183)
	at org.openqa.selenium.support.ui.ExpectedConditions$6.apply(ExpectedConditions.java:180)
	at org.openqa.selenium.support.ui.FluentWait.until(FluentWait.java:209)
	... 28 more
]]>
            </full-stacktrace>
          </exception> <!-- org.openqa.selenium.TimeoutException -->
          <reporter-output>
            <line>
              <![CDATA[User Selects Toll Carrier - Toll Tasmania]]>
            </line>
            <line>
              <![CDATA[User Selects Service - DG Freight]]>
            </line>
            <line>
              <![CDATA[User Selects Mode - ROAD]]>
            </line>
            <line>
              <![CDATA[User Enters Account No - 100428]]>
            </line>
            <line>
              <![CDATA[User Selects Orgin - Surburb:MULGRAVE PostCode:3170]]>
            </line>
          </reporter-output>
        </test-method> <!-- RateEnquiry_TollTasmanias_E2ETest_TID_1052_Service_DGFreight -->
        <test-method status="PASS" signature="RunTearDown()[pri:0, instance:rateEnquiryE2ETests.TollTasmaniaTests@66a3ffec]" name="RunTearDown" is-config="true" duration-ms="1027" started-at="2017-11-16T12:17:32Z" finished-at="2017-11-16T12:17:33Z">
          <reporter-output>
          </reporter-output>
        </test-method> <!-- RunTearDown -->
        <test-method status="PASS" signature="RunSetup()[pri:0, instance:rateEnquiryE2ETests.TollTasmaniaTests@66a3ffec]" name="RunSetup" is-config="true" duration-ms="72275" started-at="2017-11-16T12:17:33Z" finished-at="2017-11-16T12:18:45Z">
          <reporter-output>
          </reporter-output>
        </test-method> <!-- RunSetup -->
        <test-method status="FAIL" signature="RateEnquiry_TollTasmanias_E2ETest_TID_1052_Service_Express(java.lang.String, java.lang.String, java.lang.String, java.lang.String, java.lang.String, java.lang.String, java.lang.String, java.lang.String, java.lang.String, java.lang.String, java.lang.String, java.lang.String, java.lang.String, java.lang.String, java.lang.String, java.lang.String)[pri:0, instance:rateEnquiryE2ETests.TollTasmaniaTests@66a3ffec]" name="RateEnquiry_TollTasmanias_E2ETest_TID_1052_Service_Express" duration-ms="32420" started-at="2017-11-16T12:18:45Z" finished-at="2017-11-16T12:19:18Z">
          <params>
            <param index="0">
              <value>
                <![CDATA[Toll Tasmania]]>
              </value>
            </param>
            <param index="1">
              <value>
                <![CDATA[Express]]>
              </value>
            </param>
            <param index="2">
              <value>
                <![CDATA[100428]]>
              </value>
            </param>
            <param index="3">
              <value>
                <![CDATA[Automation Template]]>
              </value>
            </param>
            <param index="4">
              <value>
                <![CDATA[General Freight]]>
              </value>
            </param>
            <param index="5">
              <value>
                <![CDATA[ROAD]]>
              </value>
            </param>
            <param index="6">
              <value>
                <![CDATA[3]]>
              </value>
            </param>
            <param index="7">
              <value>
                <![CDATA[33]]>
              </value>
            </param>
            <param index="8">
              <value>
                <![CDATA[33]]>
              </value>
            </param>
            <param index="9">
              <value>
                <![CDATA[33]]>
              </value>
            </param>
            <param index="10">
              <value>
                <![CDATA[3]]>
              </value>
            </param>
            <param index="11">
              <value>
                <![CDATA[Items]]>
              </value>
            </param>
            <param index="12">
              <value>
                <![CDATA[MULGRAVE]]>
              </value>
            </param>
            <param index="13">
              <value>
                <![CDATA[3170]]>
              </value>
            </param>
            <param index="14">
              <value>
                <![CDATA[GLEBE]]>
              </value>
            </param>
            <param index="15">
              <value>
                <![CDATA[7000]]>
              </value>
            </param>
          </params>
          <exception class="org.openqa.selenium.TimeoutException">
            <message>
              <![CDATA[Expected condition failed: waiting for presence of element located by: By.xpath: //*[@id="origin-suburb-postcode"]/div[1]/ul/li/div[contains(text(),'3170') and contains(text(),'MULGRAVE')] (tried for 5 second(s) with 500 MILLISECONDS interval)]]>
            </message>
            <full-stacktrace>
              <![CDATA[org.openqa.selenium.TimeoutException: Expected condition failed: waiting for presence of element located by: By.xpath: //*[@id="origin-suburb-postcode"]/div[1]/ul/li/div[contains(text(),'3170') and contains(text(),'MULGRAVE')] (tried for 5 second(s) with 500 MILLISECONDS interval)
	at org.openqa.selenium.support.ui.WebDriverWait.timeoutException(WebDriverWait.java:80)
	at org.openqa.selenium.support.ui.FluentWait.until(FluentWait.java:232)
	at GlobalActions.PageBase.click(PageBase.java:176)
	at rateEnquiryActions.RateEnquiryActions.SelectOrigin(RateEnquiryActions.java:144)
	at rateEnquiryE2ETests.TollTasmaniaTests.RateEnquiry_TollTasmanias_E2ETest_TID_1052_Service_Express(TollTasmaniaTests.java:154)
	at sun.reflect.NativeMethodAccessorImpl.invoke0(Native Method)
	at sun.reflect.NativeMethodAccessorImpl.invoke(Unknown Source)
	at sun.reflect.DelegatingMethodAccessorImpl.invoke(Unknown Source)
	at java.lang.reflect.Method.invoke(Unknown Source)
	at org.testng.internal.MethodInvocationHelper.invokeMethod(MethodInvocationHelper.java:108)
	at org.testng.internal.Invoker.invokeMethod(Invoker.java:669)
	at org.testng.internal.Invoker.invokeTestMethod(Invoker.java:877)
	at org.testng.internal.Invoker.invokeTestMethods(Invoker.java:1201)
	at org.testng.internal.TestMethodWorker.invokeTestMethods(TestMethodWorker.java:125)
	at org.testng.internal.TestMethodWorker.run(TestMethodWorker.java:109)
	at org.testng.TestRunner.privateRun(TestRunner.java:776)
	at org.testng.TestRunner.run(TestRunner.java:634)
	at org.testng.SuiteRunner.runTest(SuiteRunner.java:425)
	at org.testng.SuiteRunner.runSequentially(SuiteRunner.java:420)
	at org.testng.SuiteRunner.privateRun(SuiteRunner.java:385)
	at org.testng.SuiteRunner.run(SuiteRunner.java:334)
	at org.testng.SuiteRunnerWorker.runSuite(SuiteRunnerWorker.java:52)
	at org.testng.SuiteRunnerWorker.run(SuiteRunnerWorker.java:86)
	at org.testng.TestNG.runSuitesSequentially(TestNG.java:1318)
	at org.testng.TestNG.runSuitesLocally(TestNG.java:1243)
	at org.testng.TestNG.runSuites(TestNG.java:1161)
	at org.testng.TestNG.run(TestNG.java:1129)
	at org.testng.remote.AbstractRemoteTestNG.run(AbstractRemoteTestNG.java:114)
	at org.testng.remote.RemoteTestNG.initAndRun(RemoteTestNG.java:251)
	at org.testng.remote.RemoteTestNG.main(RemoteTestNG.java:77)
Caused by: org.openqa.selenium.NoSuchElementException: Cannot locate an element using By.xpath: //*[@id="origin-suburb-postcode"]/div[1]/ul/li/div[contains(text(),'3170') and contains(text(),'MULGRAVE')]
For documentation on this error, please visit: http://seleniumhq.org/exceptions/no_such_element.html
Build info: version: 'unknown', revision: 'unknown', time: 'unknown'
System info: host: 'DESKTOP-GTKVGKN', ip: '192.168.19.1', os.name: 'Windows 10', os.arch: 'amd64', os.version: '10.0', java.version: '1.8.0_131'
Driver info: driver.version: unknown
	at org.openqa.selenium.support.ui.ExpectedConditions.lambda$findElement$0(ExpectedConditions.java:883)
	at java.util.Optional.orElseThrow(Unknown Source)
	at org.openqa.selenium.support.ui.ExpectedConditions.findElement(ExpectedConditions.java:882)
	at org.openqa.selenium.support.ui.ExpectedConditions.access$000(ExpectedConditions.java:44)
	at org.openqa.selenium.support.ui.ExpectedConditions$6.apply(ExpectedConditions.java:183)
	at org.openqa.selenium.support.ui.ExpectedConditions$6.apply(ExpectedConditions.java:180)
	at org.openqa.selenium.support.ui.FluentWait.until(FluentWait.java:209)
	... 28 more
]]>
            </full-stacktrace>
          </exception> <!-- org.openqa.selenium.TimeoutException -->
          <reporter-output>
            <line>
              <![CDATA[User Selects Toll Carrier - Toll Tasmania]]>
            </line>
            <line>
              <![CDATA[User Selects Service - Express]]>
            </line>
            <line>
              <![CDATA[User Selects Mode - ROAD]]>
            </line>
            <line>
              <![CDATA[User Enters Account No - 100428]]>
            </line>
            <line>
              <![CDATA[User Selects Orgin - Surburb:MULGRAVE PostCode:3170]]>
            </line>
          </reporter-output>
        </test-method> <!-- RateEnquiry_TollTasmanias_E2ETest_TID_1052_Service_Express -->
        <test-method status="PASS" signature="RunTearDown()[pri:0, instance:rateEnquiryE2ETests.TollTasmaniaTests@66a3ffec]" name="RunTearDown" is-config="true" duration-ms="1139" started-at="2017-11-16T12:19:18Z" finished-at="2017-11-16T12:19:19Z">
          <reporter-output>
          </reporter-output>
        </test-method> <!-- RunTearDown -->
        <test-method status="PASS" signature="RunSetup()[pri:0, instance:rateEnquiryE2ETests.TollTasmaniaTests@66a3ffec]" name="RunSetup" is-config="true" duration-ms="26091" started-at="2017-11-16T12:19:19Z" finished-at="2017-11-16T12:19:45Z">
          <reporter-output>
          </reporter-output>
        </test-method> <!-- RunSetup -->
        <test-method status="PASS" signature="RateEnquiry_TollTasmanias_E2ETest_TID_1052_Service_General(java.lang.String, java.lang.String, java.lang.String, java.lang.String, java.lang.String, java.lang.String, java.lang.String, java.lang.String, java.lang.String, java.lang.String, java.lang.String, java.lang.String, java.lang.String, java.lang.String, java.lang.String, java.lang.String)[pri:0, instance:rateEnquiryE2ETests.TollTasmaniaTests@66a3ffec]" name="RateEnquiry_TollTasmanias_E2ETest_TID_1052_Service_General" duration-ms="62548" started-at="2017-11-16T12:19:45Z" finished-at="2017-11-16T12:20:47Z">
          <params>
            <param index="0">
              <value>
                <![CDATA[Toll Tasmania]]>
              </value>
            </param>
            <param index="1">
              <value>
                <![CDATA[General]]>
              </value>
            </param>
            <param index="2">
              <value>
                <![CDATA[100428]]>
              </value>
            </param>
            <param index="3">
              <value>
                <![CDATA[Automation Template]]>
              </value>
            </param>
            <param index="4">
              <value>
                <![CDATA[General Freight]]>
              </value>
            </param>
            <param index="5">
              <value>
                <![CDATA[ROAD]]>
              </value>
            </param>
            <param index="6">
              <value>
                <![CDATA[3]]>
              </value>
            </param>
            <param index="7">
              <value>
                <![CDATA[33]]>
              </value>
            </param>
            <param index="8">
              <value>
                <![CDATA[33]]>
              </value>
            </param>
            <param index="9">
              <value>
                <![CDATA[33]]>
              </value>
            </param>
            <param index="10">
              <value>
                <![CDATA[3]]>
              </value>
            </param>
            <param index="11">
              <value>
                <![CDATA[Items]]>
              </value>
            </param>
            <param index="12">
              <value>
                <![CDATA[MULGRAVE]]>
              </value>
            </param>
            <param index="13">
              <value>
                <![CDATA[3170]]>
              </value>
            </param>
            <param index="14">
              <value>
                <![CDATA[GLEBE]]>
              </value>
            </param>
            <param index="15">
              <value>
                <![CDATA[7000]]>
              </value>
            </param>
          </params>
          <reporter-output>
            <line>
              <![CDATA[User Selects Toll Carrier - Toll Tasmania]]>
            </line>
            <line>
              <![CDATA[User Selects Service - General]]>
            </line>
            <line>
              <![CDATA[User Selects Mode - ROAD]]>
            </line>
            <line>
              <![CDATA[User Enters Account No - 100428]]>
            </line>
            <line>
              <![CDATA[User Selects Orgin - Surburb:MULGRAVE PostCode:3170]]>
            </line>
            <line>
              <![CDATA[User Selects Destination - Surburb:GLEBE PostCode:7000]]>
            </line>
            <line>
              <![CDATA[User Enters Item Description - Automation Template]]>
            </line>
            <line>
              <![CDATA[User Billing Type - General Freight]]>
            </line>
            <line>
              <![CDATA[User Enters No. of Items - 3]]>
            </line>
            <line>
              <![CDATA[User Selects Quantity Type - Items]]>
            </line>
            <line>
              <![CDATA[User Enters Dimension - Length:33, Width:33, Height:33, Weight:3]]>
            </line>
            <line>
              <![CDATA[User Clicks Price Now]]>
            </line>
            <line>
              <![CDATA[Expected Text : Note: The rate shown may change if there are any variations to the actual weight, dimensions, or locations entered above. Matched the Text on Screen :Note: The rate shown may change if there are any variations to the actual weight, dimensions, or locations entered above.]]>
            </line>
            <line>
              <![CDATA[Full Charge: Total Charge: AUD $116.83]]>
            </line>
            <line>
              <![CDATA[Expected Text : Total Charge: Matched the Text on Screen :Total Charge:]]>
            </line>
            <line>
              <![CDATA[Expected Text : GST: Matched the Text on Screen :GST:]]>
            </line>
            <line>
              <![CDATA[Expected Text : Rate: Matched the Text on Screen :Rate:]]>
            </line>
            <line>
              <![CDATA[Expected Text : Toll Tasmania Matched the Text on Screen :Toll Tasmania]]>
            </line>
            <line>
              <![CDATA[Expected Text : General Matched the Text on Screen :General]]>
            </line>
            <line>
              <![CDATA[Expected Text : 100428 Matched the Text on Screen :100428]]>
            </line>
            <line>
              <![CDATA[Expected Text : 33cm x 33 cm x 33cm Matched the Text on Screen :33cm x 33 cm x 33cm]]>
            </line>
            <line>
              <![CDATA[---------------END OF TEST---------------]]>
            </line>
          </reporter-output>
        </test-method> <!-- RateEnquiry_TollTasmanias_E2ETest_TID_1052_Service_General -->
        <test-method status="PASS" signature="RunTearDown()[pri:0, instance:rateEnquiryE2ETests.TollTasmaniaTests@66a3ffec]" name="RunTearDown" is-config="true" duration-ms="1023" started-at="2017-11-16T12:20:47Z" finished-at="2017-11-16T12:20:49Z">
          <reporter-output>
          </reporter-output>
        </test-method> <!-- RunTearDown -->
        <test-method status="PASS" signature="RunSetup()[pri:0, instance:rateEnquiryE2ETests.TollTasmaniaTests@66a3ffec]" name="RunSetup" is-config="true" duration-ms="25487" started-at="2017-11-16T12:20:49Z" finished-at="2017-11-16T12:21:14Z">
          <reporter-output>
          </reporter-output>
        </test-method> <!-- RunSetup -->
        <test-method status="PASS" signature="RateEnquiry_TollTasmanias_E2ETest_TID_1052_Service_Refrigeration(java.lang.String, java.lang.String, java.lang.String, java.lang.String, java.lang.String, java.lang.String, java.lang.String, java.lang.String, java.lang.String, java.lang.String, java.lang.String, java.lang.String, java.lang.String, java.lang.String, java.lang.String, java.lang.String)[pri:0, instance:rateEnquiryE2ETests.TollTasmaniaTests@66a3ffec]" name="RateEnquiry_TollTasmanias_E2ETest_TID_1052_Service_Refrigeration" duration-ms="39187" started-at="2017-11-16T12:21:14Z" finished-at="2017-11-16T12:21:53Z">
          <params>
            <param index="0">
              <value>
                <![CDATA[Toll Tasmania]]>
              </value>
            </param>
            <param index="1">
              <value>
                <![CDATA[Refrigeration]]>
              </value>
            </param>
            <param index="2">
              <value>
                <![CDATA[100428]]>
              </value>
            </param>
            <param index="3">
              <value>
                <![CDATA[Automation Template]]>
              </value>
            </param>
            <param index="4">
              <value>
                <![CDATA[General Freight]]>
              </value>
            </param>
            <param index="5">
              <value>
                <![CDATA[ROAD]]>
              </value>
            </param>
            <param index="6">
              <value>
                <![CDATA[3]]>
              </value>
            </param>
            <param index="7">
              <value>
                <![CDATA[33]]>
              </value>
            </param>
            <param index="8">
              <value>
                <![CDATA[33]]>
              </value>
            </param>
            <param index="9">
              <value>
                <![CDATA[33]]>
              </value>
            </param>
            <param index="10">
              <value>
                <![CDATA[3]]>
              </value>
            </param>
            <param index="11">
              <value>
                <![CDATA[Items]]>
              </value>
            </param>
            <param index="12">
              <value>
                <![CDATA[MULGRAVE]]>
              </value>
            </param>
            <param index="13">
              <value>
                <![CDATA[3170]]>
              </value>
            </param>
            <param index="14">
              <value>
                <![CDATA[GLEBE]]>
              </value>
            </param>
            <param index="15">
              <value>
                <![CDATA[7000]]>
              </value>
            </param>
          </params>
          <reporter-output>
            <line>
              <![CDATA[User Selects Toll Carrier - Toll Tasmania]]>
            </line>
            <line>
              <![CDATA[User Selects Service - Refrigeration]]>
            </line>
            <line>
              <![CDATA[User Selects Mode - ROAD]]>
            </line>
            <line>
              <![CDATA[User Enters Account No - 100428]]>
            </line>
            <line>
              <![CDATA[User Selects Orgin - Surburb:MULGRAVE PostCode:3170]]>
            </line>
            <line>
              <![CDATA[User Selects Destination - Surburb:GLEBE PostCode:7000]]>
            </line>
            <line>
              <![CDATA[User Enters Item Description - Automation Template]]>
            </line>
            <line>
              <![CDATA[User Billing Type - General Freight]]>
            </line>
            <line>
              <![CDATA[User Enters No. of Items - 3]]>
            </line>
            <line>
              <![CDATA[User Selects Quantity Type - Items]]>
            </line>
            <line>
              <![CDATA[User Enters Dimension - Length:33, Width:33, Height:33, Weight:3]]>
            </line>
            <line>
              <![CDATA[User Clicks Price Now]]>
            </line>
            <line>
              <![CDATA[Popup Exits as Price is Unavailable, Moving to Shipment]]>
            </line>
            <line>
              <![CDATA[Expected Text : Toll Tasmania Matched the Text on Screen :Toll Tasmania]]>
            </line>
            <line>
              <![CDATA[Expected Text : Refrigeration Matched the Text on Screen :Refrigeration]]>
            </line>
            <line>
              <![CDATA[Expected Text : 100428 Matched the Text on Screen :100428]]>
            </line>
            <line>
              <![CDATA[Expected Text : 33cm x 33 cm x 33cm Matched the Text on Screen :33cm x 33 cm x 33cm]]>
            </line>
            <line>
              <![CDATA[---------------END OF TEST---------------]]>
            </line>
          </reporter-output>
        </test-method> <!-- RateEnquiry_TollTasmanias_E2ETest_TID_1052_Service_Refrigeration -->
        <test-method status="PASS" signature="RunTearDown()[pri:0, instance:rateEnquiryE2ETests.TollTasmaniaTests@66a3ffec]" name="RunTearDown" is-config="true" duration-ms="1030" started-at="2017-11-16T12:21:53Z" finished-at="2017-11-16T12:21:54Z">
          <reporter-output>
          </reporter-output>
        </test-method> <!-- RunTearDown -->
      </class> <!-- rateEnquiryE2ETests.TollTasmaniaTests -->
      <class name="rateEnquiryE2ETests.TollIPECTests">
        <test-method status="PASS" signature="RunSetup()[pri:0, instance:rateEnquiryE2ETests.TollIPECTests@27efef64]" name="RunSetup" is-config="true" duration-ms="27075" started-at="2017-11-16T11:55:51Z" finished-at="2017-11-16T11:56:18Z">
          <reporter-output>
          </reporter-output>
        </test-method> <!-- RunSetup -->
        <test-method status="PASS" signature="RateEnquiry_TollIPEC_E2ETest_TID_1052_Service_RoadExpress(java.lang.String, java.lang.String, java.lang.String, java.lang.String, java.lang.String, java.lang.String, java.lang.String, java.lang.String, java.lang.String, java.lang.String, java.lang.String, java.lang.String, java.lang.String, java.lang.String, java.lang.String, java.lang.String)[pri:0, instance:rateEnquiryE2ETests.TollIPECTests@27efef64]" name="RateEnquiry_TollIPEC_E2ETest_TID_1052_Service_RoadExpress" duration-ms="65899" started-at="2017-11-16T11:56:18Z" finished-at="2017-11-16T11:57:24Z">
          <params>
            <param index="0">
              <value>
                <![CDATA[Toll IPEC]]>
              </value>
            </param>
            <param index="1">
              <value>
                <![CDATA[Road Express]]>
              </value>
            </param>
            <param index="2">
              <value>
                <![CDATA[2230899]]>
              </value>
            </param>
            <param index="3">
              <value>
                <![CDATA[Automation Template]]>
              </value>
            </param>
            <param index="4">
              <value>
                <![CDATA[ALL FREIGHT]]>
              </value>
            </param>
            <param index="5">
              <value>
                <![CDATA[ROAD]]>
              </value>
            </param>
            <param index="6">
              <value>
                <![CDATA[10]]>
              </value>
            </param>
            <param index="7">
              <value>
                <![CDATA[10]]>
              </value>
            </param>
            <param index="8">
              <value>
                <![CDATA[10]]>
              </value>
            </param>
            <param index="9">
              <value>
                <![CDATA[10]]>
              </value>
            </param>
            <param index="10">
              <value>
                <![CDATA[10]]>
              </value>
            </param>
            <param index="11">
              <value>
                <![CDATA[Items]]>
              </value>
            </param>
            <param index="12">
              <value>
                <![CDATA[MELBOURNE]]>
              </value>
            </param>
            <param index="13">
              <value>
                <![CDATA[3000]]>
              </value>
            </param>
            <param index="14">
              <value>
                <![CDATA[FOOTSCRAY]]>
              </value>
            </param>
            <param index="15">
              <value>
                <![CDATA[3011]]>
              </value>
            </param>
          </params>
          <reporter-output>
            <line>
              <![CDATA[User Selects Toll Carrier - Toll IPEC]]>
            </line>
            <line>
              <![CDATA[User Selects Service - Road Express]]>
            </line>
            <line>
              <![CDATA[User Enters Account No - 2230899]]>
            </line>
            <line>
              <![CDATA[User Selects Orgin - Surburb:MELBOURNE PostCode:3000]]>
            </line>
            <line>
              <![CDATA[User Selects Destination - Surburb:FOOTSCRAY PostCode:3011]]>
            </line>
            <line>
              <![CDATA[User Enters Item Description - Automation Template]]>
            </line>
            <line>
              <![CDATA[User Billing Type - ALL FREIGHT]]>
            </line>
            <line>
              <![CDATA[User Enters No. of Items - 10]]>
            </line>
            <line>
              <![CDATA[User Enters Dimension - Length:10, Width:10, Height:10, Weight:10]]>
            </line>
            <line>
              <![CDATA[User Clicks Price Now]]>
            </line>
            <line>
              <![CDATA[Expected Text : Note: The rate shown may change if there are any variations to the actual weight, dimensions, or locations entered above. Matched the Text on Screen :Note: The rate shown may change if there are any variations to the actual weight, dimensions, or locations entered above.]]>
            </line>
            <line>
              <![CDATA[Full Charge: Total Charge: AUD $126.48]]>
            </line>
            <line>
              <![CDATA[Expected Text : Total Charge: Matched the Text on Screen :Total Charge:]]>
            </line>
            <line>
              <![CDATA[Expected Text : GST: Matched the Text on Screen :GST:]]>
            </line>
            <line>
              <![CDATA[Expected Text : Rate: Matched the Text on Screen :Rate:]]>
            </line>
            <line>
              <![CDATA[Expected Text : Toll IPEC Matched the Text on Screen :Toll IPEC]]>
            </line>
            <line>
              <![CDATA[Expected Text : Road Express Matched the Text on Screen :Road Express]]>
            </line>
            <line>
              <![CDATA[Expected Text : 2230899 Matched the Text on Screen :2230899]]>
            </line>
            <line>
              <![CDATA[Expected Text : 10cm x 10 cm x 10cm Matched the Text on Screen :10cm x 10 cm x 10cm]]>
            </line>
            <line>
              <![CDATA[---------------END OF TEST---------------]]>
            </line>
          </reporter-output>
        </test-method> <!-- RateEnquiry_TollIPEC_E2ETest_TID_1052_Service_RoadExpress -->
        <test-method status="PASS" signature="RunTearDown()[pri:0, instance:rateEnquiryE2ETests.TollIPECTests@27efef64]" name="RunTearDown" is-config="true" duration-ms="1217" started-at="2017-11-16T11:57:24Z" finished-at="2017-11-16T11:57:25Z">
          <reporter-output>
          </reporter-output>
        </test-method> <!-- RunTearDown -->
      </class> <!-- rateEnquiryE2ETests.TollIPECTests -->
      <class name="rateEnquiryE2ETests.TollNQXTollExpressTests">
        <test-method status="PASS" signature="RunSetup()[pri:0, instance:rateEnquiryE2ETests.TollNQXTollExpressTests@3e6fa38a]" name="RunSetup" is-config="true" duration-ms="24170" started-at="2017-11-16T12:07:31Z" finished-at="2017-11-16T12:07:55Z">
          <reporter-output>
          </reporter-output>
        </test-method> <!-- RunSetup -->
        <test-method status="PASS" signature="RateEnquiry_TollNQXTollExpress_E2ETest_TID_1052_Service_DGExpress(java.lang.String, java.lang.String, java.lang.String, java.lang.String, java.lang.String, java.lang.String, java.lang.String, java.lang.String, java.lang.String, java.lang.String, java.lang.String, java.lang.String, java.lang.String, java.lang.String, java.lang.String, java.lang.String)[pri:0, instance:rateEnquiryE2ETests.TollNQXTollExpressTests@3e6fa38a]" name="RateEnquiry_TollNQXTollExpress_E2ETest_TID_1052_Service_DGExpress" duration-ms="63312" started-at="2017-11-16T12:07:55Z" finished-at="2017-11-16T12:08:58Z">
          <params>
            <param index="0">
              <value>
                <![CDATA[Toll NQX | Toll Express]]>
              </value>
            </param>
            <param index="1">
              <value>
                <![CDATA[DG Express]]>
              </value>
            </param>
            <param index="2">
              <value>
                <![CDATA[614060]]>
              </value>
            </param>
            <param index="3">
              <value>
                <![CDATA[Automation Template]]>
              </value>
            </param>
            <param index="4">
              <value>
                <![CDATA[General Freight]]>
              </value>
            </param>
            <param index="5">
              <value>
                <![CDATA[ROAD]]>
              </value>
            </param>
            <param index="6">
              <value>
                <![CDATA[3]]>
              </value>
            </param>
            <param index="7">
              <value>
                <![CDATA[33]]>
              </value>
            </param>
            <param index="8">
              <value>
                <![CDATA[33]]>
              </value>
            </param>
            <param index="9">
              <value>
                <![CDATA[33]]>
              </value>
            </param>
            <param index="10">
              <value>
                <![CDATA[3]]>
              </value>
            </param>
            <param index="11">
              <value>
                <![CDATA[Items]]>
              </value>
            </param>
            <param index="12">
              <value>
                <![CDATA[MELBOURNE]]>
              </value>
            </param>
            <param index="13">
              <value>
                <![CDATA[3000]]>
              </value>
            </param>
            <param index="14">
              <value>
                <![CDATA[SYDNEY]]>
              </value>
            </param>
            <param index="15">
              <value>
                <![CDATA[2000]]>
              </value>
            </param>
          </params>
          <reporter-output>
            <line>
              <![CDATA[User Selects Toll Carrier - Toll NQX | Toll Express]]>
            </line>
            <line>
              <![CDATA[User Selects Service - DG Express]]>
            </line>
            <line>
              <![CDATA[User Selects Mode - ROAD]]>
            </line>
            <line>
              <![CDATA[User Enters Account No - 614060]]>
            </line>
            <line>
              <![CDATA[User Selects Orgin - Surburb:MELBOURNE PostCode:3000]]>
            </line>
            <line>
              <![CDATA[User Selects Destination - Surburb:SYDNEY PostCode:2000]]>
            </line>
            <line>
              <![CDATA[User Enters Item Description - Automation Template]]>
            </line>
            <line>
              <![CDATA[User Billing Type - General Freight]]>
            </line>
            <line>
              <![CDATA[User Enters No. of Items - 3]]>
            </line>
            <line>
              <![CDATA[User Selects Quantity Type - Items]]>
            </line>
            <line>
              <![CDATA[User Enters Dimension - Length:33, Width:33, Height:33, Weight:3]]>
            </line>
            <line>
              <![CDATA[User Clicks Price Now]]>
            </line>
            <line>
              <![CDATA[Expected Text : Note: The rate shown may change if there are any variations to the actual weight, dimensions, or locations entered above. Matched the Text on Screen :Note: The rate shown may change if there are any variations to the actual weight, dimensions, or locations entered above.]]>
            </line>
            <line>
              <![CDATA[Full Charge: Total Charge: AUD $278.50]]>
            </line>
            <line>
              <![CDATA[Expected Text : Total Charge: Matched the Text on Screen :Total Charge:]]>
            </line>
            <line>
              <![CDATA[Expected Text : GST: Matched the Text on Screen :GST:]]>
            </line>
            <line>
              <![CDATA[Expected Text : Rate: Matched the Text on Screen :Rate:]]>
            </line>
            <line>
              <![CDATA[Expected Text : Toll NQX | Toll Express Matched the Text on Screen :Toll NQX | Toll Express]]>
            </line>
            <line>
              <![CDATA[Expected Text : DG Express Matched the Text on Screen :DG Express]]>
            </line>
            <line>
              <![CDATA[Expected Text : 614060 Matched the Text on Screen :614060]]>
            </line>
            <line>
              <![CDATA[Expected Text : 33cm x 33 cm x 33cm Matched the Text on Screen :33cm x 33 cm x 33cm]]>
            </line>
            <line>
              <![CDATA[---------------END OF TEST---------------]]>
            </line>
          </reporter-output>
        </test-method> <!-- RateEnquiry_TollNQXTollExpress_E2ETest_TID_1052_Service_DGExpress -->
        <test-method status="PASS" signature="RunTearDown()[pri:0, instance:rateEnquiryE2ETests.TollNQXTollExpressTests@3e6fa38a]" name="RunTearDown" is-config="true" duration-ms="1092" started-at="2017-11-16T12:08:58Z" finished-at="2017-11-16T12:08:59Z">
          <reporter-output>
          </reporter-output>
        </test-method> <!-- RunTearDown -->
        <test-method status="PASS" signature="RunSetup()[pri:0, instance:rateEnquiryE2ETests.TollNQXTollExpressTests@3e6fa38a]" name="RunSetup" is-config="true" duration-ms="23911" started-at="2017-11-16T12:08:59Z" finished-at="2017-11-16T12:09:23Z">
          <reporter-output>
          </reporter-output>
        </test-method> <!-- RunSetup -->
        <test-method status="PASS" signature="RateEnquiry_TollNQXTollExpress_E2ETest_TID_1052_Service_DangerousGoods(java.lang.String, java.lang.String, java.lang.String, java.lang.String, java.lang.String, java.lang.String, java.lang.String, java.lang.String, java.lang.String, java.lang.String, java.lang.String, java.lang.String, java.lang.String, java.lang.String, java.lang.String, java.lang.String)[pri:0, instance:rateEnquiryE2ETests.TollNQXTollExpressTests@3e6fa38a]" name="RateEnquiry_TollNQXTollExpress_E2ETest_TID_1052_Service_DangerousGoods" duration-ms="62348" started-at="2017-11-16T12:09:23Z" finished-at="2017-11-16T12:10:26Z">
          <params>
            <param index="0">
              <value>
                <![CDATA[Toll NQX | Toll Express]]>
              </value>
            </param>
            <param index="1">
              <value>
                <![CDATA[Dangerous Goods]]>
              </value>
            </param>
            <param index="2">
              <value>
                <![CDATA[614060]]>
              </value>
            </param>
            <param index="3">
              <value>
                <![CDATA[Automation Template]]>
              </value>
            </param>
            <param index="4">
              <value>
                <![CDATA[General Freight]]>
              </value>
            </param>
            <param index="5">
              <value>
                <![CDATA[ROAD]]>
              </value>
            </param>
            <param index="6">
              <value>
                <![CDATA[3]]>
              </value>
            </param>
            <param index="7">
              <value>
                <![CDATA[33]]>
              </value>
            </param>
            <param index="8">
              <value>
                <![CDATA[33]]>
              </value>
            </param>
            <param index="9">
              <value>
                <![CDATA[33]]>
              </value>
            </param>
            <param index="10">
              <value>
                <![CDATA[3]]>
              </value>
            </param>
            <param index="11">
              <value>
                <![CDATA[Items]]>
              </value>
            </param>
            <param index="12">
              <value>
                <![CDATA[MELBOURNE]]>
[...]
              <value>
                <![CDATA[3210]]>
              </value>
            </param>
            <param index="14">
              <value>
                <![CDATA[AUSTRALIA]]>
              </value>
            </param>
            <param index="15">
              <value>
                <![CDATA[3000]]>
              </value>
            </param>
          </params>
          <reporter-output>
            <line>
              <![CDATA[User Selects Toll Carrier - Toll Priority (NZ)]]>
            </line>
            <line>
              <![CDATA[User Selects Service - Global - Express Parcels]]>
            </line>
            <line>
              <![CDATA[User Enters Account No - 100181]]>
            </line>
            <line>
              <![CDATA[User Selects Orgin - Surburb:NEWTON PostCode:1001]]>
            </line>
            <line>
              <![CDATA[User Enters No. of Items - 3]]>
            </line>
            <line>
              <![CDATA[User Enters Item Description - Automation Template]]>
            </line>
            <line>
              <![CDATA[User Enters Dimension - Length:33, Width:33, Height:33, Weight:3]]>
            </line>
            <line>
              <![CDATA[User Clicks Price Now]]>
            </line>
            <line>
              <![CDATA[Expected Text : Note: The rate shown may change if there are any variations to the actual weight, dimensions, or locations entered above. Matched the Text on Screen :Note: The rate shown may change if there are any variations to the actual weight, dimensions, or locations entered above.]]>
            </line>
            <line>
              <![CDATA[Full Charge: Total Charge: NZD $163.12]]>
            </line>
            <line>
              <![CDATA[Expected Text : Total Charge: Matched the Text on Screen :Total Charge:]]>
            </line>
            <line>
              <![CDATA[Expected Text : GST: Matched the Text on Screen :GST:]]>
            </line>
            <line>
              <![CDATA[Expected Text : Rate: Matched the Text on Screen :Rate:]]>
            </line>
            <line>
              <![CDATA[Expected Text : Toll Priority (NZ) Matched the Text on Screen :Toll Priority (NZ)]]>
            </line>
            <line>
              <![CDATA[Expected Text : Global - Express Parcels Matched the Text on Screen :Global - Express Parcels]]>
            </line>
            <line>
              <![CDATA[Expected Text : 100181 Matched the Text on Screen :100181]]>
            </line>
            <line>
              <![CDATA[Expected Text : 33cm x 33 cm x 33cm Matched the Text on Screen :33cm x 33 cm x 33cm]]>
            </line>
            <line>
              <![CDATA[---------------END OF TEST---------------]]>
            </line>
          </reporter-output>
        </test-method> <!-- RateEnquiry_TollPriorityNZ_E2ETest_TID_1052_Service_GlobalExpressParcels -->
        <test-method status="PASS" signature="RunTearDown()[pri:0, instance:rateEnquiryE2ETests.TollPriorityNZTests@77caeb3e]" name="RunTearDown" is-config="true" duration-ms="1078" started-at="2017-11-16T12:23:15Z" finished-at="2017-11-16T12:23:16Z">
          <reporter-output>
          </reporter-output>
        </test-method> <!-- RunTearDown -->
        <test-method status="PASS" signature="RunSetup()[pri:0, instance:rateEnquiryE2ETests.TollPriorityNZTests@77caeb3e]" name="RunSetup" is-config="true" duration-ms="24879" started-at="2017-11-16T12:23:16Z" finished-at="2017-11-16T12:23:41Z">
          <reporter-output>
          </reporter-output>
        </test-method> <!-- RunSetup -->
        <test-method status="FAIL" signature="RateEnquiry_TollPriorityNZ_E2ETest_TID_1052_Service_ParcelOffPeak(java.lang.String, java.lang.String, java.lang.String, java.lang.String, java.lang.String, java.lang.String, java.lang.String, java.lang.String, java.lang.String, java.lang.String, java.lang.String, java.lang.String, java.lang.String, java.lang.String, java.lang.String, java.lang.String)[pri:0, instance:rateEnquiryE2ETests.TollPriorityNZTests@77caeb3e]" name="RateEnquiry_TollPriorityNZ_E2ETest_TID_1052_Service_ParcelOffPeak" duration-ms="31761" started-at="2017-11-16T12:23:41Z" finished-at="2017-11-16T12:24:13Z">
          <params>
            <param index="0">
              <value>
                <![CDATA[Toll Priority (NZ)]]>
              </value>
            </param>
            <param index="1">
              <value>
                <![CDATA[Parcels - Off Peak]]>
              </value>
            </param>
            <param index="2">
              <value>
                <![CDATA[100181]]>
              </value>
            </param>
            <param index="3">
              <value>
                <![CDATA[Automation Template]]>
              </value>
            </param>
            <param index="4">
              <value>
                <![CDATA[3]]>
              </value>
            </param>
            <param index="5">
              <value>
                <![CDATA[33]]>
              </value>
            </param>
            <param index="6">
              <value>
                <![CDATA[33]]>
              </value>
            </param>
            <param index="7">
              <value>
                <![CDATA[33]]>
              </value>
            </param>
            <param index="8">
              <value>
                <![CDATA[3]]>
              </value>
            </param>
            <param index="9">
              <value>
                <![CDATA[Items]]>
              </value>
            </param>
            <param index="10">
              <value>
                <![CDATA[NEWTON]]>
              </value>
            </param>
            <param index="11">
              <value>
                <![CDATA[1001]]>
              </value>
            </param>
            <param index="12">
              <value>
                <![CDATA[BEERESCOURT]]>
              </value>
            </param>
            <param index="13">
              <value>
                <![CDATA[3210]]>
              </value>
            </param>
            <param index="14">
              <value>
                <![CDATA[HONG KONG]]>
              </value>
            </param>
            <param index="15">
              <value>
                <![CDATA[3000]]>
              </value>
            </param>
          </params>
          <exception class="org.openqa.selenium.TimeoutException">
            <message>
              <![CDATA[Expected condition failed: waiting for presence of element located by: By.xpath: //*[@id="origin-suburb-postcode"]/div[1]/ul/li/div[contains(text(),'1001') and contains(text(),'NEWTON')] (tried for 5 second(s) with 500 MILLISECONDS interval)]]>
            </message>
            <full-stacktrace>
              <![CDATA[org.openqa.selenium.TimeoutException: Expected condition failed: waiting for presence of element located by: By.xpath: //*[@id="origin-suburb-postcode"]/div[1]/ul/li/div[contains(text(),'1001') and contains(text(),'NEWTON')] (tried for 5 second(s) with 500 MILLISECONDS interval)
	at org.openqa.selenium.support.ui.WebDriverWait.timeoutException(WebDriverWait.java:80)
	at org.openqa.selenium.support.ui.FluentWait.until(FluentWait.java:232)
	at GlobalActions.PageBase.click(PageBase.java:176)
	at rateEnquiryActions.RateEnquiryActions.SelectOrigin(RateEnquiryActions.java:144)
	at rateEnquiryE2ETests.TollPriorityNZTests.RateEnquiry_TollPriorityNZ_E2ETest_TID_1052_Service_ParcelOffPeak(TollPriorityNZTests.java:68)
	at sun.reflect.NativeMethodAccessorImpl.invoke0(Native Method)
	at sun.reflect.NativeMethodAccessorImpl.invoke(Unknown Source)
	at sun.reflect.DelegatingMethodAccessorImpl.invoke(Unknown Source)
	at java.lang.reflect.Method.invoke(Unknown Source)
	at org.testng.internal.MethodInvocationHelper.invokeMethod(MethodInvocationHelper.java:108)
	at org.testng.internal.Invoker.invokeMethod(Invoker.java:669)
	at org.testng.internal.Invoker.invokeTestMethod(Invoker.java:877)
	at org.testng.internal.Invoker.invokeTestMethods(Invoker.java:1201)
	at org.testng.internal.TestMethodWorker.invokeTestMethods(TestMethodWorker.java:125)
	at org.testng.internal.TestMethodWorker.run(TestMethodWorker.java:109)
	at org.testng.TestRunner.privateRun(TestRunner.java:776)
	at org.testng.TestRunner.run(TestRunner.java:634)
	at org.testng.SuiteRunner.runTest(SuiteRunner.java:425)
	at org.testng.SuiteRunner.runSequentially(SuiteRunner.java:420)
	at org.testng.SuiteRunner.privateRun(SuiteRunner.java:385)
	at org.testng.SuiteRunner.run(SuiteRunner.java:334)
	at org.testng.SuiteRunnerWorker.runSuite(SuiteRunnerWorker.java:52)
	at org.testng.SuiteRunnerWorker.run(SuiteRunnerWorker.java:86)
	at org.testng.TestNG.runSuitesSequentially(TestNG.java:1318)
	at org.testng.TestNG.runSuitesLocally(TestNG.java:1243)
	at org.testng.TestNG.runSuites(TestNG.java:1161)
	at org.testng.TestNG.run(TestNG.java:1129)
	at org.testng.remote.AbstractRemoteTestNG.run(AbstractRemoteTestNG.java:114)
	at org.testng.remote.RemoteTestNG.initAndRun(RemoteTestNG.java:251)
	at org.testng.remote.RemoteTestNG.main(RemoteTestNG.java:77)
Caused by: org.openqa.selenium.NoSuchElementException: Cannot locate an element using By.xpath: //*[@id="origin-suburb-postcode"]/div[1]/ul/li/div[contains(text(),'1001') and contains(text(),'NEWTON')]
For documentation on this error, please visit: http://seleniumhq.org/exceptions/no_such_element.html
Build info: version: 'unknown', revision: 'unknown', time: 'unknown'
System info: host: 'DESKTOP-GTKVGKN', ip: '192.168.19.1', os.name: 'Windows 10', os.arch: 'amd64', os.version: '10.0', java.version: '1.8.0_131'
Driver info: driver.version: unknown
	at org.openqa.selenium.support.ui.ExpectedConditions.lambda$findElement$0(ExpectedConditions.java:883)
	at java.util.Optional.orElseThrow(Unknown Source)
	at org.openqa.selenium.support.ui.ExpectedConditions.findElement(ExpectedConditions.java:882)
	at org.openqa.selenium.support.ui.ExpectedConditions.access$000(ExpectedConditions.java:44)
	at org.openqa.selenium.support.ui.ExpectedConditions$6.apply(ExpectedConditions.java:183)
	at org.openqa.selenium.support.ui.ExpectedConditions$6.apply(ExpectedConditions.java:180)
	at org.openqa.selenium.support.ui.FluentWait.until(FluentWait.java:209)
	... 28 more
]]>
            </full-stacktrace>
          </exception> <!-- org.openqa.selenium.TimeoutException -->
          <reporter-output>
            <line>
              <![CDATA[User Selects Toll Carrier - Toll Priority (NZ)]]>
            </line>
            <line>
              <![CDATA[User Selects Service - Parcels - Off Peak]]>
            </line>
            <line>
              <![CDATA[User Enters Account No - 100181]]>
            </line>
            <line>
              <![CDATA[User Selects Orgin - Surburb:NEWTON PostCode:1001]]>
            </line>
          </reporter-output>
        </test-method> <!-- RateEnquiry_TollPriorityNZ_E2ETest_TID_1052_Service_ParcelOffPeak -->
        <test-method status="PASS" signature="RunTearDown()[pri:0, instance:rateEnquiryE2ETests.TollPriorityNZTests@77caeb3e]" name="RunTearDown" is-config="true" duration-ms="1019" started-at="2017-11-16T12:24:13Z" finished-at="2017-11-16T12:24:14Z">
          <reporter-output>
          </reporter-output>
        </test-method> <!-- RunTearDown -->
        <test-method status="PASS" signature="RunSetup()[pri:0, instance:rateEnquiryE2ETests.TollPriorityNZTests@77caeb3e]" name="RunSetup" is-config="true" duration-ms="23402" started-at="2017-11-16T12:24:14Z" finished-at="2017-11-16T12:24:37Z">
          <reporter-output>
          </reporter-output>
        </test-method> <!-- RunSetup -->
        <test-method status="FAIL" signature="RateEnquiry_TollPriorityNZ_E2ETest_TID_1052_Service_ParcelsSameDay(java.lang.String, java.lang.String, java.lang.String, java.lang.String, java.lang.String, java.lang.String, java.lang.String, java.lang.String, java.lang.String, java.lang.String, java.lang.String, java.lang.String, java.lang.String, java.lang.String, java.lang.String, java.lang.String)[pri:0, instance:rateEnquiryE2ETests.TollPriorityNZTests@77caeb3e]" name="RateEnquiry_TollPriorityNZ_E2ETest_TID_1052_Service_ParcelsSameDay" duration-ms="31394" started-at="2017-11-16T12:24:37Z" finished-at="2017-11-16T12:25:08Z">
          <params>
            <param index="0">
              <value>
                <![CDATA[Toll Priority (NZ)]]>
              </value>
            </param>
            <param index="1">
              <value>
                <![CDATA[Parcels - Same Day]]>
              </value>
            </param>
            <param index="2">
              <value>
                <![CDATA[100181]]>
              </value>
            </param>
            <param index="3">
              <value>
                <![CDATA[Automation Template]]>
              </value>
            </param>
            <param index="4">
              <value>
                <![CDATA[3]]>
              </value>
            </param>
            <param index="5">
              <value>
                <![CDATA[33]]>
              </value>
            </param>
            <param index="6">
              <value>
                <![CDATA[33]]>
              </value>
            </param>
            <param index="7">
              <value>
                <![CDATA[33]]>
              </value>
            </param>
            <param index="8">
              <value>
                <![CDATA[3]]>
              </value>
            </param>
            <param index="9">
              <value>
                <![CDATA[Items]]>
              </value>
            </param>
            <param index="10">
              <value>
                <![CDATA[NEWTON]]>
              </value>
            </param>
            <param index="11">
              <value>
                <![CDATA[1001]]>
              </value>
            </param>
            <param index="12">
              <value>
                <![CDATA[BEERESCOURT]]>
              </value>
            </param>
            <param index="13">
              <value>
                <![CDATA[3210]]>
              </value>
            </param>
            <param index="14">
              <value>
                <![CDATA[HONG KONG]]>
              </value>
            </param>
            <param index="15">
              <value>
                <![CDATA[3000]]>
              </value>
            </param>
          </params>
          <exception class="org.openqa.selenium.TimeoutException">
            <message>
              <![CDATA[Expected condition failed: waiting for presence of element located by: By.xpath: //*[@id="origin-suburb-postcode"]/div[1]/ul/li/div[contains(text(),'1001') and contains(text(),'NEWTON')] (tried for 5 second(s) with 500 MILLISECONDS interval)]]>
            </message>
            <full-stacktrace>
              <![CDATA[org.openqa.selenium.TimeoutException: Expected condition failed: waiting for presence of element located by: By.xpath: //*[@id="origin-suburb-postcode"]/div[1]/ul/li/div[contains(text(),'1001') and contains(text(),'NEWTON')] (tried for 5 second(s) with 500 MILLISECONDS interval)
	at org.openqa.selenium.support.ui.WebDriverWait.timeoutException(WebDriverWait.java:80)
	at org.openqa.selenium.support.ui.FluentWait.until(FluentWait.java:232)
	at GlobalActions.PageBase.click(PageBase.java:176)
	at rateEnquiryActions.RateEnquiryActions.SelectOrigin(RateEnquiryActions.java:144)
	at rateEnquiryE2ETests.TollPriorityNZTests.RateEnquiry_TollPriorityNZ_E2ETest_TID_1052_Service_ParcelsSameDay(TollPriorityNZTests.java:97)
	at sun.reflect.NativeMethodAccessorImpl.invoke0(Native Method)
	at sun.reflect.NativeMethodAccessorImpl.invoke(Unknown Source)
	at sun.reflect.DelegatingMethodAccessorImpl.invoke(Unknown Source)
	at java.lang.reflect.Method.invoke(Unknown Source)
	at org.testng.internal.MethodInvocationHelper.invokeMethod(MethodInvocationHelper.java:108)
	at org.testng.internal.Invoker.invokeMethod(Invoker.java:669)
	at org.testng.internal.Invoker.invokeTestMethod(Invoker.java:877)
	at org.testng.internal.Invoker.invokeTestMethods(Invoker.java:1201)
	at org.testng.internal.TestMethodWorker.invokeTestMethods(TestMethodWorker.java:125)
	at org.testng.internal.TestMethodWorker.run(TestMethodWorker.java:109)
	at org.testng.TestRunner.privateRun(TestRunner.java:776)
	at org.testng.TestRunner.run(TestRunner.java:634)
	at org.testng.SuiteRunner.runTest(SuiteRunner.java:425)
	at org.testng.SuiteRunner.runSequentially(SuiteRunner.java:420)
	at org.testng.SuiteRunner.privateRun(SuiteRunner.java:385)
	at org.testng.SuiteRunner.run(SuiteRunner.java:334)
	at org.testng.SuiteRunnerWorker.runSuite(SuiteRunnerWorker.java:52)
	at org.testng.SuiteRunnerWorker.run(SuiteRunnerWorker.java:86)
	at org.testng.TestNG.runSuitesSequentially(TestNG.java:1318)
	at org.testng.TestNG.runSuitesLocally(TestNG.java:1243)
	at org.testng.TestNG.runSuites(TestNG.java:1161)
	at org.testng.TestNG.run(TestNG.java:1129)
	at org.testng.remote.AbstractRemoteTestNG.run(AbstractRemoteTestNG.java:114)
	at org.testng.remote.RemoteTestNG.initAndRun(RemoteTestNG.java:251)
	at org.testng.remote.RemoteTestNG.main(RemoteTestNG.java:77)
Caused by: org.openqa.selenium.NoSuchElementException: Cannot locate an element using By.xpath: //*[@id="origin-suburb-postcode"]/div[1]/ul/li/div[contains(text(),'1001') and contains(text(),'NEWTON')]
For documentation on this error, please visit: http://seleniumhq.org/exceptions/no_such_element.html
Build info: version: 'unknown', revision: 'unknown', time: 'unknown'
System info: host: 'DESKTOP-GTKVGKN', ip: '192.168.19.1', os.name: 'Windows 10', os.arch: 'amd64', os.version: '10.0', java.version: '1.8.0_131'
Driver info: driver.version: unknown
	at org.openqa.selenium.support.ui.ExpectedConditions.lambda$findElement$0(ExpectedConditions.java:883)
	at java.util.Optional.orElseThrow(Unknown Source)
	at org.openqa.selenium.support.ui.ExpectedConditions.findElement(ExpectedConditions.java:882)
	at org.openqa.selenium.support.ui.ExpectedConditions.access$000(ExpectedConditions.java:44)
	at org.openqa.selenium.support.ui.ExpectedConditions$6.apply(ExpectedConditions.java:183)
	at org.openqa.selenium.support.ui.ExpectedConditions$6.apply(ExpectedConditions.java:180)
	at org.openqa.selenium.support.ui.FluentWait.until(FluentWait.java:209)
	... 28 more
]]>
            </full-stacktrace>
          </exception> <!-- org.openqa.selenium.TimeoutException -->
          <reporter-output>
            <line>
              <![CDATA[User Selects Toll Carrier - Toll Priority (NZ)]]>
            </line>
            <line>
              <![CDATA[User Selects Service - Parcels - Same Day]]>
            </line>
            <line>
              <![CDATA[User Enters Account No - 100181]]>
            </line>
            <line>
              <![CDATA[User Selects Orgin - Surburb:NEWTON PostCode:1001]]>
            </line>
          </reporter-output>
        </test-method> <!-- RateEnquiry_TollPriorityNZ_E2ETest_TID_1052_Service_ParcelsSameDay -->
        <test-method status="PASS" signature="RunTearDown()[pri:0, instance:rateEnquiryE2ETests.TollPriorityNZTests@77caeb3e]" name="RunTearDown" is-config="true" duration-ms="1188" started-at="2017-11-16T12:25:08Z" finished-at="2017-11-16T12:25:10Z">
          <reporter-output>
          </reporter-output>
        </test-method> <!-- RunTearDown -->
      </class> <!-- rateEnquiryE2ETests.TollPriorityNZTests -->
    </test> <!-- RateEnquiry -->
  </suite> <!-- Suite -->
</testng-results>
