<?xml version="1.0" encoding="UTF-8"?>
<testng-results skipped="0" failed="0" ignored="0" total="6" passed="6">
  <reporter-output>
    <line>
      <![CDATA[Expected Text : Account Has Been Successfully Added. Matched the Text on Screen :Account Has Been Successfully Added.]]>
    </line>
    <line>
      <![CDATA[xpath not found: By.xpath: //*[@id="portlet_mytolluserAccountportlet_WAR_mytollupsportlet"]//*//p[contains(text(),'Test3524')]<br>]]>
    </line>
    <line>
      <![CDATA[xpath not found: By.xpath: //*[@id="portlet_mytolluserAccountportlet_WAR_mytollupsportlet"]//*//p[contains(text(),'Test3524')]<br>]]>
    </line>
    <line>
      <![CDATA[AccountNo : Test3524 Exists]]>
    </line>
    <line>
      <![CDATA[Expected Text : Account Has Been Successfully Added. Matched the Text on Screen :Account Has Been Successfully Added.]]>
    </line>
    <line>
      <![CDATA[xpath not found: By.xpath: //*[@id="portlet_mytolluserAccountportlet_WAR_mytollupsportlet"]//*//p[contains(text(),'Test8597')]<br>]]>
    </line>
    <line>
      <![CDATA[xpath not found: By.xpath: //*[@id="portlet_mytolluserAccountportlet_WAR_mytollupsportlet"]//*//p[contains(text(),'Test8597')]<br>]]>
    </line>
    <line>
      <![CDATA[xpath not found: By.xpath: //*[@id="portlet_mytolluserAccountportlet_WAR_mytollupsportlet"]//*//p[contains(text(),'Test8597')]<br>]]>
    </line>
    <line>
      <![CDATA[AccountNo : Test8597 Exists]]>
    </line>
    <line>
      <![CDATA[Expected Text : Account Has Been Successfully Added. Matched the Text on Screen :Account Has Been Successfully Added.]]>
    </line>
    <line>
      <![CDATA[xpath not found: By.xpath: //*[@id="portlet_mytolluserAccountportlet_WAR_mytollupsportlet"]//*//p[contains(text(),'Test8757')]<br>]]>
    </line>
    <line>
      <![CDATA[xpath not found: By.xpath: //*[@id="portlet_mytolluserAccountportlet_WAR_mytollupsportlet"]//*//p[contains(text(),'Test8757')]<br>]]>
    </line>
    <line>
      <![CDATA[xpath not found: By.xpath: //*[@id="portlet_mytolluserAccountportlet_WAR_mytollupsportlet"]//*//p[contains(text(),'Test8757')]<br>]]>
    </line>
    <line>
      <![CDATA[AccountNo : Test8757 Exists]]>
    </line>
    <line>
      <![CDATA[Expected Text : Account Has Been Successfully Added. Matched the Text on Screen :Account Has Been Successfully Added.]]>
    </line>
    <line>
      <![CDATA[xpath not found: By.xpath: //*[@id="portlet_mytolluserAccountportlet_WAR_mytollupsportlet"]//*//p[contains(text(),'Test1268')]<br>]]>
    </line>
    <line>
      <![CDATA[xpath not found: By.xpath: //*[@id="portlet_mytolluserAccountportlet_WAR_mytollupsportlet"]//*//p[contains(text(),'Test1268')]<br>]]>
    </line>
    <line>
      <![CDATA[xpath not found: By.xpath: //*[@id="portlet_mytolluserAccountportlet_WAR_mytollupsportlet"]//*//p[contains(text(),'Test1268')]<br>]]>
    </line>
    <line>
      <![CDATA[AccountNo : Test1268 Exists]]>
    </line>
    <line>
      <![CDATA[Expected Text : Account Has Been Successfully Added. Matched the Text on Screen :Account Has Been Successfully Added.]]>
    </line>
    <line>
      <![CDATA[xpath not found: By.xpath: //*[@id="portlet_mytolluserAccountportlet_WAR_mytollupsportlet"]//*//p[contains(text(),'Test9115')]<br>]]>
    </line>
    <line>
      <![CDATA[xpath not found: By.xpath: //*[@id="portlet_mytolluserAccountportlet_WAR_mytollupsportlet"]//*//p[contains(text(),'Test9115')]<br>]]>
    </line>
    <line>
      <![CDATA[xpath not found: By.xpath: //*[@id="portlet_mytolluserAccountportlet_WAR_mytollupsportlet"]//*//p[contains(text(),'Test9115')]<br>]]>
    </line>
    <line>
      <![CDATA[xpath not found: By.xpath: //*[@id="portlet_mytolluserAccountportlet_WAR_mytollupsportlet"]//*//p[contains(text(),'Test9115')]<br>]]>
    </line>
    <line>
      <![CDATA[AccountNo : Test9115 Exists]]>
    </line>
    <line>
      <![CDATA[Expected Text : Account Has Been Successfully Added. Matched the Text on Screen :Account Has Been Successfully Added.]]>
    </line>
    <line>
      <![CDATA[xpath not found: By.xpath: //*[@id="portlet_mytolluserAccountportlet_WAR_mytollupsportlet"]//*//p[contains(text(),'Test1287')]<br>]]>
    </line>
    <line>
      <![CDATA[xpath not found: By.xpath: //*[@id="portlet_mytolluserAccountportlet_WAR_mytollupsportlet"]//*//p[contains(text(),'Test1287')]<br>]]>
    </line>
    <line>
      <![CDATA[xpath not found: By.xpath: //*[@id="portlet_mytolluserAccountportlet_WAR_mytollupsportlet"]//*//p[contains(text(),'Test1287')]<br>]]>
    </line>
    <line>
      <![CDATA[xpath not found: By.xpath: //*[@id="portlet_mytolluserAccountportlet_WAR_mytollupsportlet"]//*//p[contains(text(),'Test1287')]<br>]]>
    </line>
    <line>
      <![CDATA[AccountNo : Test1287 Exists]]>
    </line>
  </reporter-output>
  <suite name="Suite" duration-ms="643226" started-at="2017-10-18T23:17:56Z" finished-at="2017-10-18T23:28:39Z">
    <groups>
    </groups>
    <test name="BookAPickup" duration-ms="643226" started-at="2017-10-18T23:17:56Z" finished-at="2017-10-18T23:28:39Z">
      <class name="bookAPickupE2ETests.Toll_MyProfile_Add_Accounts">
        <test-method status="PASS" signature="RunSetup()[pri:0, instance:bookAPickupE2ETests.Toll_MyProfile_Add_Accounts@3ffc5af1]" name="RunSetup" is-config="true" duration-ms="40752" started-at="2017-10-19T10:17:56Z" finished-at="2017-10-19T10:18:36Z">
          <reporter-output>
          </reporter-output>
        </test-method> <!-- RunSetup -->
        <test-method status="PASS" signature="addTemplateIntermodal(java.lang.String, java.lang.String, java.lang.String)[pri:1, instance:bookAPickupE2ETests.Toll_MyProfile_Add_Accounts@3ffc5af1]" name="addTemplateIntermodal" duration-ms="60523" started-at="2017-10-19T10:18:36Z" finished-at="2017-10-19T10:19:37Z">
          <params>
            <param index="0">
              <value>
                <![CDATA[Toll Intermodal]]>
              </value>
            </param>
            <param index="1">
              <value>
                <![CDATA[]]>
              </value>
            </param>
            <param index="2">
              <value>
                <![CDATA[Full financial]]>
              </value>
            </param>
          </params>
          <reporter-output>
            <line>
              <![CDATA[Expected Text : Account Has Been Successfully Added. Matched the Text on Screen :Account Has Been Successfully Added.]]>
            </line>
            <line>
              <![CDATA[xpath not found: By.xpath: //*[@id="portlet_mytolluserAccountportlet_WAR_mytollupsportlet"]//*//p[contains(text(),'Test3524')]<br>]]>
            </line>
            <line>
              <![CDATA[xpath not found: By.xpath: //*[@id="portlet_mytolluserAccountportlet_WAR_mytollupsportlet"]//*//p[contains(text(),'Test3524')]<br>]]>
            </line>
            <line>
              <![CDATA[AccountNo : Test3524 Exists]]>
            </line>
          </reporter-output>
        </test-method> <!-- addTemplateIntermodal -->
        <test-method status="PASS" signature="RunTearDown()[pri:0, instance:bookAPickupE2ETests.Toll_MyProfile_Add_Accounts@3ffc5af1]" name="RunTearDown" is-config="true" duration-ms="1431" started-at="2017-10-19T10:19:37Z" finished-at="2017-10-19T10:19:38Z">
          <reporter-output>
          </reporter-output>
        </test-method> <!-- RunTearDown -->
        <test-method status="PASS" signature="RunSetup()[pri:0, instance:bookAPickupE2ETests.Toll_MyProfile_Add_Accounts@3ffc5af1]" name="RunSetup" is-config="true" duration-ms="18576" started-at="2017-10-19T10:19:38Z" finished-at="2017-10-19T10:19:57Z">
          <reporter-output>
          </reporter-output>
        </test-method> <!-- RunSetup -->
        <test-method status="PASS" signature="addTemplateTasmania(java.lang.String, java.lang.String, java.lang.String)[pri:2, instance:bookAPickupE2ETests.Toll_MyProfile_Add_Accounts@3ffc5af1]" name="addTemplateTasmania" duration-ms="81095" started-at="2017-10-19T10:19:57Z" finished-at="2017-10-19T10:21:18Z">
          <params>
            <param index="0">
              <value>
                <![CDATA[Toll Tasmania]]>
              </value>
            </param>
            <param index="1">
              <value>
                <![CDATA[]]>
              </value>
            </param>
            <param index="2">
              <value>
                <![CDATA[Full financial]]>
              </value>
            </param>
          </params>
          <reporter-output>
            <line>
              <![CDATA[Expected Text : Account Has Been Successfully Added. Matched the Text on Screen :Account Has Been Successfully Added.]]>
            </line>
            <line>
              <![CDATA[xpath not found: By.xpath: //*[@id="portlet_mytolluserAccountportlet_WAR_mytollupsportlet"]//*//p[contains(text(),'Test8597')]<br>]]>
            </line>
            <line>
              <![CDATA[xpath not found: By.xpath: //*[@id="portlet_mytolluserAccountportlet_WAR_mytollupsportlet"]//*//p[contains(text(),'Test8597')]<br>]]>
            </line>
            <line>
              <![CDATA[xpath not found: By.xpath: //*[@id="portlet_mytolluserAccountportlet_WAR_mytollupsportlet"]//*//p[contains(text(),'Test8597')]<br>]]>
            </line>
            <line>
              <![CDATA[AccountNo : Test8597 Exists]]>
            </line>
          </reporter-output>
        </test-method> <!-- addTemplateTasmania -->
        <test-method status="PASS" signature="RunTearDown()[pri:0, instance:bookAPickupE2ETests.Toll_MyProfile_Add_Accounts@3ffc5af1]" name="RunTearDown" is-config="true" duration-ms="1051" started-at="2017-10-19T10:21:18Z" finished-at="2017-10-19T10:21:19Z">
          <reporter-output>
          </reporter-output>
        </test-method> <!-- RunTearDown -->
        <test-method status="PASS" signature="RunSetup()[pri:0, instance:bookAPickupE2ETests.Toll_MyProfile_Add_Accounts@3ffc5af1]" name="RunSetup" is-config="true" duration-ms="17227" started-at="2017-10-19T10:21:19Z" finished-at="2017-10-19T10:21:36Z">
          <reporter-output>
          </reporter-output>
        </test-method> <!-- RunSetup -->
        <test-method status="PASS" signature="addTemplateNQX(java.lang.String, java.lang.String, java.lang.String)[pri:3, instance:bookAPickupE2ETests.Toll_MyProfile_Add_Accounts@3ffc5af1]" name="addTemplateNQX" duration-ms="80830" started-at="2017-10-19T10:21:36Z" finished-at="2017-10-19T10:22:57Z">
          <params>
            <param index="0">
              <value>
                <![CDATA[Toll NQX | Toll Express]]>
              </value>
            </param>
            <param index="1">
              <value>
                <![CDATA[]]>
              </value>
            </param>
            <param index="2">
              <value>
                <![CDATA[Full financial]]>
              </value>
            </param>
          </params>
          <reporter-output>
            <line>
              <![CDATA[Expected Text : Account Has Been Successfully Added. Matched the Text on Screen :Account Has Been Successfully Added.]]>
            </line>
            <line>
              <![CDATA[xpath not found: By.xpath: //*[@id="portlet_mytolluserAccountportlet_WAR_mytollupsportlet"]//*//p[contains(text(),'Test8757')]<br>]]>
            </line>
            <line>
              <![CDATA[xpath not found: By.xpath: //*[@id="portlet_mytolluserAccountportlet_WAR_mytollupsportlet"]//*//p[contains(text(),'Test8757')]<br>]]>
            </line>
            <line>
              <![CDATA[xpath not found: By.xpath: //*[@id="portlet_mytolluserAccountportlet_WAR_mytollupsportlet"]//*//p[contains(text(),'Test8757')]<br>]]>
            </line>
            <line>
              <![CDATA[AccountNo : Test8757 Exists]]>
            </line>
          </reporter-output>
        </test-method> <!-- addTemplateNQX -->
        <test-method status="PASS" signature="RunTearDown()[pri:0, instance:bookAPickupE2ETests.Toll_MyProfile_Add_Accounts@3ffc5af1]" name="RunTearDown" is-config="true" duration-ms="1040" started-at="2017-10-19T10:22:57Z" finished-at="2017-10-19T10:22:58Z">
          <reporter-output>
          </reporter-output>
        </test-method> <!-- RunTearDown -->
        <test-method status="PASS" signature="RunSetup()[pri:0, instance:bookAPickupE2ETests.Toll_MyProfile_Add_Accounts@3ffc5af1]" name="RunSetup" is-config="true" duration-ms="17912" started-at="2017-10-19T10:22:58Z" finished-at="2017-10-19T10:23:16Z">
          <reporter-output>
          </reporter-output>
        </test-method> <!-- RunSetup -->
        <test-method status="PASS" signature="addTemplateIPEC(java.lang.String, java.lang.String, java.lang.String)[pri:4, instance:bookAPickupE2ETests.Toll_MyProfile_Add_Accounts@3ffc5af1]" name="addTemplateIPEC" duration-ms="81169" started-at="2017-10-19T10:23:16Z" finished-at="2017-10-19T10:24:37Z">
          <params>
            <param index="0">
              <value>
                <![CDATA[Toll IPEC]]>
              </value>
            </param>
            <param index="1">
              <value>
                <![CDATA[]]>
              </value>
            </param>
            <param index="2">
              <value>
                <![CDATA[Full financial]]>
              </value>
            </param>
          </params>
          <reporter-output>
            <line>
              <![CDATA[Expected Text : Account Has Been Successfully Added. Matched the Text on Screen :Account Has Been Successfully Added.]]>
            </line>
            <line>
              <![CDATA[xpath not found: By.xpath: //*[@id="portlet_mytolluserAccountportlet_WAR_mytollupsportlet"]//*//p[contains(text(),'Test1268')]<br>]]>
            </line>
            <line>
              <![CDATA[xpath not found: By.xpath: //*[@id="portlet_mytolluserAccountportlet_WAR_mytollupsportlet"]//*//p[contains(text(),'Test1268')]<br>]]>
            </line>
            <line>
              <![CDATA[xpath not found: By.xpath: //*[@id="portlet_mytolluserAccountportlet_WAR_mytollupsportlet"]//*//p[contains(text(),'Test1268')]<br>]]>
            </line>
            <line>
              <![CDATA[AccountNo : Test1268 Exists]]>
            </line>
          </reporter-output>
        </test-method> <!-- addTemplateIPEC -->
        <test-method status="PASS" signature="RunTearDown()[pri:0, instance:bookAPickupE2ETests.Toll_MyProfile_Add_Accounts@3ffc5af1]" name="RunTearDown" is-config="true" duration-ms="1053" started-at="2017-10-19T10:24:37Z" finished-at="2017-10-19T10:24:38Z">
          <reporter-output>
          </reporter-output>
        </test-method> <!-- RunTearDown -->
        <test-method status="PASS" signature="RunSetup()[pri:0, instance:bookAPickupE2ETests.Toll_MyProfile_Add_Accounts@3ffc5af1]" name="RunSetup" is-config="true" duration-ms="16817" started-at="2017-10-19T10:24:38Z" finished-at="2017-10-19T10:24:55Z">
          <reporter-output>
          </reporter-output>
        </test-method> <!-- RunSetup -->
        <test-method status="PASS" signature="addTemplatePrioAU(java.lang.String, java.lang.String, java.lang.String)[pri:5, instance:bookAPickupE2ETests.Toll_MyProfile_Add_Accounts@3ffc5af1]" name="addTemplatePrioAU" duration-ms="101718" started-at="2017-10-19T10:24:55Z" finished-at="2017-10-19T10:26:37Z">
          <params>
            <param index="0">
              <value>
                <![CDATA[Toll Priority (Aus)]]>
              </value>
            </param>
            <param index="1">
              <value>
                <![CDATA[]]>
              </value>
            </param>
            <param index="2">
              <value>
                <![CDATA[Full financial]]>
              </value>
            </param>
          </params>
          <reporter-output>
            <line>
              <![CDATA[Expected Text : Account Has Been Successfully Added. Matched the Text on Screen :Account Has Been Successfully Added.]]>
            </line>
            <line>
              <![CDATA[xpath not found: By.xpath: //*[@id="portlet_mytolluserAccountportlet_WAR_mytollupsportlet"]//*//p[contains(text(),'Test9115')]<br>]]>
            </line>
            <line>
              <![CDATA[xpath not found: By.xpath: //*[@id="portlet_mytolluserAccountportlet_WAR_mytollupsportlet"]//*//p[contains(text(),'Test9115')]<br>]]>
            </line>
            <line>
              <![CDATA[xpath not found: By.xpath: //*[@id="portlet_mytolluserAccountportlet_WAR_mytollupsportlet"]//*//p[contains(text(),'Test9115')]<br>]]>
            </line>
            <line>
              <![CDATA[xpath not found: By.xpath: //*[@id="portlet_mytolluserAccountportlet_WAR_mytollupsportlet"]//*//p[contains(text(),'Test9115')]<br>]]>
            </line>
            <line>
              <![CDATA[AccountNo : Test9115 Exists]]>
            </line>
          </reporter-output>
        </test-method> <!-- addTemplatePrioAU -->
        <test-method status="PASS" signature="RunTearDown()[pri:0, instance:bookAPickupE2ETests.Toll_MyProfile_Add_Accounts@3ffc5af1]" name="RunTearDown" is-config="true" duration-ms="1008" started-at="2017-10-19T10:26:37Z" finished-at="2017-10-19T10:26:38Z">
          <reporter-output>
          </reporter-output>
        </test-method> <!-- RunTearDown -->
        <test-method status="PASS" signature="RunSetup()[pri:0, instance:bookAPickupE2ETests.Toll_MyProfile_Add_Accounts@3ffc5af1]" name="RunSetup" is-config="true" duration-ms="18138" started-at="2017-10-19T10:26:38Z" finished-at="2017-10-19T10:26:56Z">
          <reporter-output>
          </reporter-output>
        </test-method> <!-- RunSetup -->
        <test-method status="PASS" signature="addTemplatePrioNZ(java.lang.String, java.lang.String, java.lang.String)[pri:6, instance:bookAPickupE2ETests.Toll_MyProfile_Add_Accounts@3ffc5af1]" name="addTemplatePrioNZ" duration-ms="101846" started-at="2017-10-19T10:26:56Z" finished-at="2017-10-19T10:28:38Z">
          <params>
            <param index="0">
              <value>
                <![CDATA[Toll Priority (NZ)]]>
              </value>
            </param>
            <param index="1">
              <value>
                <![CDATA[]]>
              </value>
            </param>
            <param index="2">
              <value>
                <![CDATA[Full financial]]>
              </value>
            </param>
          </params>
          <reporter-output>
            <line>
              <![CDATA[Expected Text : Account Has Been Successfully Added. Matched the Text on Screen :Account Has Been Successfully Added.]]>
            </line>
            <line>
              <![CDATA[xpath not found: By.xpath: //*[@id="portlet_mytolluserAccountportlet_WAR_mytollupsportlet"]//*//p[contains(text(),'Test1287')]<br>]]>
            </line>
            <line>
              <![CDATA[xpath not found: By.xpath: //*[@id="portlet_mytolluserAccountportlet_WAR_mytollupsportlet"]//*//p[contains(text(),'Test1287')]<br>]]>
            </line>
            <line>
              <![CDATA[xpath not found: By.xpath: //*[@id="portlet_mytolluserAccountportlet_WAR_mytollupsportlet"]//*//p[contains(text(),'Test1287')]<br>]]>
            </line>
            <line>
              <![CDATA[xpath not found: By.xpath: //*[@id="portlet_mytolluserAccountportlet_WAR_mytollupsportlet"]//*//p[contains(text(),'Test1287')]<br>]]>
            </line>
            <line>
              <![CDATA[AccountNo : Test1287 Exists]]>
            </line>
          </reporter-output>
        </test-method> <!-- addTemplatePrioNZ -->
        <test-method status="PASS" signature="RunTearDown()[pri:0, instance:bookAPickupE2ETests.Toll_MyProfile_Add_Accounts@3ffc5af1]" name="RunTearDown" is-config="true" duration-ms="1005" started-at="2017-10-19T10:28:38Z" finished-at="2017-10-19T10:28:39Z">
          <reporter-output>
          </reporter-output>
        </test-method> <!-- RunTearDown -->
      </class> <!-- bookAPickupE2ETests.Toll_MyProfile_Add_Accounts -->
    </test> <!-- BookAPickup -->
  </suite> <!-- Suite -->
</testng-results>
