<?xml version="1.0" encoding="UTF-8"?>
<testng-results skipped="0" failed="3" ignored="0" total="13" passed="10">
  <reporter-output>
  </reporter-output>
  <suite name="CreateShipment" duration-ms="2285646" started-at="2018-04-11T00:17:12Z" finished-at="2018-04-11T00:55:18Z">
    <groups>
      <group name="E2E">
        <method signature="IntermodalSpecializedTests.CreateShipment_IntermodalSpecialized_E2ETest_TID_920_ErrorMessagesValidation(java.lang.String, java.lang.String, java.lang.String, java.lang.Integer, java.lang.String, java.lang.String, java.lang.Integer, java.lang.String, java.lang.String, java.lang.String, java.lang.Integer, java.lang.Integer, java.lang.String, java.lang.String, java.lang.String, java.lang.String, java.lang.String, java.lang.String, java.lang.String, java.lang.String, java.lang.String, java.lang.String, java.lang.String, java.lang.String, java.lang.String, java.lang.String, java.lang.String, java.lang.String, java.lang.String, java.lang.String, java.lang.String, java.lang.String, java.lang.String, java.lang.String, java.lang.String, java.lang.Integer, java.lang.Integer, java.lang.Integer, java.lang.String, java.lang.Integer, java.lang.String, java.lang.String, java.lang.String, java.lang.String, java.lang.String, java.lang.String, java.lang.String, java.lang.String, java.lang.String, java.lang.String, java.lang.String, java.lang.String, java.lang.String, java.lang.String, java.lang.String, java.lang.String, java.lang.String, java.lang.String, java.lang.String, java.lang.String, java.lang.String, java.lang.String, java.lang.String, java.lang.String, java.lang.String, java.lang.String, java.lang.String, java.lang.String, java.lang.String, java.lang.String, java.lang.String, java.lang.String, java.lang.String, java.lang.String, java.lang.String, java.lang.String, java.lang.String, java.lang.String, java.lang.String, java.lang.String)[pri:0, instance:createShipmentE2ETests.IntermodalSpecializedTests@7d9d1a19]" name="CreateShipment_IntermodalSpecialized_E2ETest_TID_920_ErrorMessagesValidation" class="createShipmentE2ETests.IntermodalSpecializedTests"/>
        <method signature="IntermodalSpecializedTests.CreateShipment_IntermodalSpecialized_E2ETest_TID_920_Service_DGExpress(java.lang.String, java.lang.String, java.lang.String, java.lang.Integer, java.lang.String, java.lang.Integer, java.lang.String, java.lang.String, java.lang.String, java.lang.Integer, java.lang.Integer, java.lang.String, java.lang.String, java.lang.String, java.lang.String, java.lang.String, java.lang.String, java.lang.String, java.lang.String, java.lang.String, java.lang.String, java.lang.String, java.lang.String, java.lang.String, java.lang.String, java.lang.String, java.lang.String, java.lang.String, java.lang.String, java.lang.String, java.lang.String, java.lang.String, java.lang.String, java.lang.String, java.lang.Integer, java.lang.Integer, java.lang.Integer, java.lang.String, java.lang.Integer, java.lang.String, java.lang.String, java.lang.String, java.lang.String, java.lang.String, java.lang.String, java.lang.String, java.lang.String, java.lang.String, java.lang.String, java.lang.String, java.lang.String, java.lang.String, java.lang.String, java.lang.String, java.lang.String, java.lang.String, java.lang.String, java.lang.String, java.lang.String, java.lang.String, java.lang.String, java.lang.String, java.lang.String, java.lang.String, java.lang.String, java.lang.String, java.lang.String, java.lang.String, java.lang.String, java.lang.String, java.lang.String, java.lang.String, java.lang.String, java.lang.String, java.lang.String, java.lang.String, java.lang.String, java.lang.String, java.lang.String)[pri:0, instance:createShipmentE2ETests.IntermodalSpecializedTests@7d9d1a19]" name="CreateShipment_IntermodalSpecialized_E2ETest_TID_920_Service_DGExpress" class="createShipmentE2ETests.IntermodalSpecializedTests"/>
        <method signature="IntermodalSpecializedTests.CreateShipment_IntermodalSpecialized_E2ETest_TID_920_Service_DGFCL(java.lang.String, java.lang.String, java.lang.String, java.lang.Integer, java.lang.String, java.lang.String, java.lang.Integer, java.lang.String, java.lang.String, java.lang.String, java.lang.Integer, java.lang.Integer, java.lang.String, java.lang.String, java.lang.String, java.lang.String, java.lang.String, java.lang.String, java.lang.String, java.lang.String, java.lang.String, java.lang.String, java.lang.String, java.lang.String, java.lang.String, java.lang.String, java.lang.String, java.lang.String, java.lang.String, java.lang.String, java.lang.String, java.lang.String, java.lang.String, java.lang.String, java.lang.String, java.lang.Integer, java.lang.Integer, java.lang.Integer, java.lang.String, java.lang.Integer, java.lang.String, java.lang.String, java.lang.String, java.lang.String, java.lang.String, java.lang.String, java.lang.String, java.lang.String, java.lang.String, java.lang.String, java.lang.String, java.lang.String, java.lang.String, java.lang.String, java.lang.String, java.lang.String, java.lang.String, java.lang.String, java.lang.String, java.lang.String, java.lang.String, java.lang.String, java.lang.String, java.lang.String, java.lang.String, java.lang.String, java.lang.String, java.lang.String, java.lang.String, java.lang.String, java.lang.String, java.lang.String, java.lang.String, java.lang.String, java.lang.String, java.lang.String, java.lang.String, java.lang.String, java.lang.String, java.lang.String)[pri:0, instance:createShipmentE2ETests.IntermodalSpecializedTests@7d9d1a19]" name="CreateShipment_IntermodalSpecialized_E2ETest_TID_920_Service_DGFCL" class="createShipmentE2ETests.IntermodalSpecializedTests"/>
        <method signature="IntermodalSpecializedTests.CreateShipment_IntermodalSpecialized_E2ETest_TID_920_Service_DGRefrigerated(java.lang.String, java.lang.String, java.lang.String, java.lang.Integer, java.lang.String, java.lang.Integer, java.lang.String, java.lang.String, java.lang.String, java.lang.Integer, java.lang.Integer, java.lang.String, java.lang.String, java.lang.String, java.lang.String, java.lang.String, java.lang.String, java.lang.String, java.lang.String, java.lang.String, java.lang.String, java.lang.String, java.lang.String, java.lang.String, java.lang.String, java.lang.String, java.lang.String, java.lang.String, java.lang.String, java.lang.String, java.lang.String, java.lang.String, java.lang.String, java.lang.String, java.lang.Integer, java.lang.Integer, java.lang.Integer, java.lang.String, java.lang.Integer, java.lang.String, java.lang.String, java.lang.String, java.lang.String, java.lang.String, java.lang.String, java.lang.String, java.lang.String, java.lang.String, java.lang.String, java.lang.String, java.lang.String, java.lang.String, java.lang.String, java.lang.String, java.lang.String, java.lang.String, java.lang.String, java.lang.String, java.lang.String, java.lang.String, java.lang.String, java.lang.String, java.lang.String, java.lang.String, java.lang.String, java.lang.String, java.lang.String, java.lang.String, java.lang.String, java.lang.String, java.lang.String, java.lang.String, java.lang.String, java.lang.String, java.lang.String, java.lang.String, java.lang.String, java.lang.String, java.lang.String)[pri:0, instance:createShipmentE2ETests.IntermodalSpecializedTests@7d9d1a19]" name="CreateShipment_IntermodalSpecialized_E2ETest_TID_920_Service_DGRefrigerated" class="createShipmentE2ETests.IntermodalSpecializedTests"/>
        <method signature="IntermodalSpecializedTests.CreateShipment_IntermodalSpecialized_E2ETest_TID_920_Service_DangerousGoods(java.lang.String, java.lang.String, java.lang.String, java.lang.Integer, java.lang.String, java.lang.Integer, java.lang.String, java.lang.String, java.lang.String, java.lang.Integer, java.lang.Integer, java.lang.String, java.lang.String, java.lang.String, java.lang.String, java.lang.String, java.lang.String, java.lang.String, java.lang.String, java.lang.String, java.lang.String, java.lang.String, java.lang.String, java.lang.String, java.lang.String, java.lang.String, java.lang.String, java.lang.String, java.lang.String, java.lang.String, java.lang.String, java.lang.String, java.lang.String, java.lang.String, java.lang.Integer, java.lang.Integer, java.lang.Integer, java.lang.String, java.lang.Integer, java.lang.String, java.lang.String, java.lang.String, java.lang.String, java.lang.String, java.lang.String, java.lang.String, java.lang.String, java.lang.String, java.lang.String, java.lang.String, java.lang.String, java.lang.String, java.lang.String, java.lang.String, java.lang.String, java.lang.String, java.lang.String, java.lang.String, java.lang.String, java.lang.String, java.lang.String, java.lang.String, java.lang.String, java.lang.String, java.lang.String, java.lang.String, java.lang.String, java.lang.String, java.lang.String, java.lang.String, java.lang.String, java.lang.String, java.lang.String, java.lang.String, java.lang.String, java.lang.String, java.lang.String, java.lang.String, java.lang.String)[pri:0, instance:createShipmentE2ETests.IntermodalSpecializedTests@7d9d1a19]" name="CreateShipment_IntermodalSpecialized_E2ETest_TID_920_Service_DangerousGoods" class="createShipmentE2ETests.IntermodalSpecializedTests"/>
        <method signature="IntermodalSpecializedTests.CreateShipment_IntermodalSpecialized_E2ETest_TID_920_Service_Express(java.lang.String, java.lang.String, java.lang.String, java.lang.Integer, java.lang.String, java.lang.Integer, java.lang.String, java.lang.Integer, java.lang.Integer, java.lang.String, java.lang.String, java.lang.String, java.lang.String, java.lang.String, java.lang.String, java.lang.String, java.lang.String, java.lang.String, java.lang.String, java.lang.String, java.lang.String, java.lang.String, java.lang.String, java.lang.String, java.lang.String, java.lang.String, java.lang.String, java.lang.String, java.lang.String, java.lang.String, java.lang.String, java.lang.Integer, java.lang.Integer, java.lang.String, java.lang.String, java.lang.Integer, java.lang.String, java.lang.String, java.lang.String, java.lang.String, java.lang.String, java.lang.String, java.lang.String, java.lang.String, java.lang.String, java.lang.String, java.lang.String, java.lang.String, java.lang.String, java.lang.String, java.lang.String, java.lang.String, java.lang.String, java.lang.String, java.lang.String, java.lang.String, java.lang.String, java.lang.String, java.lang.String, java.lang.String, java.lang.String, java.lang.String, java.lang.String, java.lang.String, java.lang.String, java.lang.String, java.lang.String, java.lang.String, java.lang.String, java.lang.String, java.lang.String, java.lang.String, java.lang.String, java.lang.String)[pri:0, instance:createShipmentE2ETests.IntermodalSpecializedTests@7d9d1a19]" name="CreateShipment_IntermodalSpecialized_E2ETest_TID_920_Service_Express" class="createShipmentE2ETests.IntermodalSpecializedTests"/>
        <method signature="IntermodalSpecializedTests.CreateShipment_IntermodalSpecialized_E2ETest_TID_920_Service_FCL(java.lang.String, java.lang.String, java.lang.String, java.lang.Integer, java.lang.String, java.lang.Integer, java.lang.String, java.lang.Integer, java.lang.Integer, java.lang.String, java.lang.String, java.lang.String, java.lang.String, java.lang.String, java.lang.String, java.lang.String, java.lang.String, java.lang.String, java.lang.String, java.lang.String, java.lang.String, java.lang.String, java.lang.String, java.lang.String, java.lang.String, java.lang.String, java.lang.String, java.lang.String, java.lang.String, java.lang.String, java.lang.String, java.lang.Integer, java.lang.Integer, java.lang.String, java.lang.String, java.lang.Integer, java.lang.String, java.lang.String, java.lang.String, java.lang.String, java.lang.String, java.lang.String, java.lang.String, java.lang.String, java.lang.String, java.lang.String, java.lang.String, java.lang.String, java.lang.String, java.lang.String, java.lang.String, java.lang.String, java.lang.String, java.lang.String, java.lang.String, java.lang.String, java.lang.String, java.lang.String, java.lang.String, java.lang.String, java.lang.String, java.lang.String, java.lang.String, java.lang.String, java.lang.String, java.lang.String, java.lang.String, java.lang.String, java.lang.String, java.lang.String, java.lang.String, java.lang.String, java.lang.String, java.lang.String)[pri:0, instance:createShipmentE2ETests.IntermodalSpecializedTests@7d9d1a19]" name="CreateShipment_IntermodalSpecialized_E2ETest_TID_920_Service_FCL" class="createShipmentE2ETests.IntermodalSpecializedTests"/>
        <method signature="IntermodalSpecializedTests.CreateShipment_IntermodalSpecialized_E2ETest_TID_920_Service_General(java.lang.String, java.lang.String, java.lang.String, java.lang.Integer, java.lang.String, java.lang.Integer, java.lang.String, java.lang.Integer, java.lang.Integer, java.lang.String, java.lang.String, java.lang.String, java.lang.String, java.lang.String, java.lang.String, java.lang.String, java.lang.String, java.lang.String, java.lang.String, java.lang.String, java.lang.String, java.lang.String, java.lang.String, java.lang.String, java.lang.String, java.lang.String, java.lang.String, java.lang.String, java.lang.String, java.lang.String, java.lang.String, java.lang.Integer, java.lang.Integer, java.lang.String, java.lang.String, java.lang.Integer, java.lang.String, java.lang.String, java.lang.String, java.lang.String, java.lang.String, java.lang.String, java.lang.String, java.lang.String, java.lang.String, java.lang.String, java.lang.String, java.lang.String, java.lang.String, java.lang.String, java.lang.String, java.lang.String, java.lang.String, java.lang.String, java.lang.String, java.lang.String, java.lang.String, java.lang.String, java.lang.String, java.lang.String, java.lang.String, java.lang.String, java.lang.String, java.lang.String, java.lang.String, java.lang.String, java.lang.String, java.lang.String, java.lang.String, java.lang.String, java.lang.String, java.lang.String, java.lang.String, java.lang.String)[pri:0, instance:createShipmentE2ETests.IntermodalSpecializedTests@7d9d1a19]" name="CreateShipment_IntermodalSpecialized_E2ETest_TID_920_Service_General" class="createShipmentE2ETests.IntermodalSpecializedTests"/>
        <method signature="IntermodalSpecializedTests.CreateShipment_IntermodalSpecialized_E2ETest_TID_920_Service_Premium(java.lang.String, java.lang.String, java.lang.String, java.lang.Integer, java.lang.String, java.lang.Integer, java.lang.String, java.lang.Integer, java.lang.Integer, java.lang.String, java.lang.String, java.lang.String, java.lang.String, java.lang.String, java.lang.String, java.lang.String, java.lang.String, java.lang.String, java.lang.String, java.lang.String, java.lang.String, java.lang.String, java.lang.String, java.lang.String, java.lang.String, java.lang.String, java.lang.String, java.lang.String, java.lang.String, java.lang.String, java.lang.String, java.lang.Integer, java.lang.Integer, java.lang.String, java.lang.String, java.lang.Integer, java.lang.String, java.lang.String, java.lang.String, java.lang.String, java.lang.String, java.lang.String, java.lang.String, java.lang.String, java.lang.String, java.lang.String, java.lang.String, java.lang.String, java.lang.String, java.lang.String, java.lang.String, java.lang.String, java.lang.String, java.lang.String, java.lang.String, java.lang.String, java.lang.String, java.lang.String, java.lang.String, java.lang.String, java.lang.String, java.lang.String, java.lang.String, java.lang.String, java.lang.String, java.lang.String, java.lang.String, java.lang.String, java.lang.String, java.lang.String, java.lang.String, java.lang.String, java.lang.String, java.lang.String)[pri:0, instance:createShipmentE2ETests.IntermodalSpecializedTests@7d9d1a19]" name="CreateShipment_IntermodalSpecialized_E2ETest_TID_920_Service_Premium" class="createShipmentE2ETests.IntermodalSpecializedTests"/>
        <method signature="IntermodalSpecializedTests.CreateShipment_IntermodalSpecialized_E2ETest_TID_920_Service_RailDangerousGoods(java.lang.String, java.lang.String, java.lang.String, java.lang.Integer, java.lang.String, java.lang.String, java.lang.Integer, java.lang.String, java.lang.String, java.lang.String, java.lang.Integer, java.lang.Integer, java.lang.String, java.lang.String, java.lang.String, java.lang.String, java.lang.String, java.lang.String, java.lang.String, java.lang.String, java.lang.String, java.lang.String, java.lang.String, java.lang.String, java.lang.String, java.lang.String, java.lang.String, java.lang.String, java.lang.String, java.lang.String, java.lang.String, java.lang.String, java.lang.String, java.lang.String, java.lang.String, java.lang.Integer, java.lang.Integer, java.lang.Integer, java.lang.String, java.lang.Integer, java.lang.String, java.lang.String, java.lang.String, java.lang.String, java.lang.String, java.lang.String, java.lang.String, java.lang.String, java.lang.String, java.lang.String, java.lang.String, java.lang.String, java.lang.String, java.lang.String, java.lang.String, java.lang.String, java.lang.String, java.lang.String, java.lang.String, java.lang.String, java.lang.String, java.lang.String, java.lang.String, java.lang.String, java.lang.String, java.lang.String, java.lang.String, java.lang.String, java.lang.String, java.lang.String, java.lang.String, java.lang.String, java.lang.String, java.lang.String, java.lang.String, java.lang.String, java.lang.String, java.lang.String, java.lang.String, java.lang.String)[pri:0, instance:createShipmentE2ETests.IntermodalSpecializedTests@7d9d1a19]" name="CreateShipment_IntermodalSpecialized_E2ETest_TID_920_Service_RailDangerousGoods" class="createShipmentE2ETests.IntermodalSpecializedTests"/>
        <method signature="IntermodalSpecializedTests.CreateShipment_IntermodalSpecialized_E2ETest_TID_920_Service_RailGeneral(java.lang.String, java.lang.String, java.lang.String, java.lang.Integer, java.lang.String, java.lang.Integer, java.lang.String, java.lang.Integer, java.lang.Integer, java.lang.String, java.lang.String, java.lang.String, java.lang.String, java.lang.String, java.lang.String, java.lang.String, java.lang.String, java.lang.String, java.lang.String, java.lang.String, java.lang.String, java.lang.String, java.lang.String, java.lang.String, java.lang.String, java.lang.String, java.lang.String, java.lang.String, java.lang.String, java.lang.String, java.lang.String, java.lang.Integer, java.lang.Integer, java.lang.String, java.lang.String, java.lang.Integer, java.lang.String, java.lang.String, java.lang.String, java.lang.String, java.lang.String, java.lang.String, java.lang.String, java.lang.String, java.lang.String, java.lang.String, java.lang.String, java.lang.String, java.lang.String, java.lang.String, java.lang.String, java.lang.String, java.lang.String, java.lang.String, java.lang.String, java.lang.String, java.lang.String, java.lang.String, java.lang.String, java.lang.String, java.lang.String, java.lang.String, java.lang.String, java.lang.String, java.lang.String, java.lang.String, java.lang.String, java.lang.String, java.lang.String, java.lang.String, java.lang.String, java.lang.String, java.lang.String, java.lang.String)[pri:0, instance:createShipmentE2ETests.IntermodalSpecializedTests@7d9d1a19]" name="CreateShipment_IntermodalSpecialized_E2ETest_TID_920_Service_RailGeneral" class="createShipmentE2ETests.IntermodalSpecializedTests"/>
        <method signature="IntermodalSpecializedTests.CreateShipment_IntermodalSpecialized_E2ETest_TID_920_Service_Refrigeration(java.lang.String, java.lang.String, java.lang.String, java.lang.Integer, java.lang.String, java.lang.Integer, java.lang.String, java.lang.Integer, java.lang.Integer, java.lang.String, java.lang.String, java.lang.String, java.lang.String, java.lang.String, java.lang.String, java.lang.String, java.lang.String, java.lang.String, java.lang.String, java.lang.String, java.lang.String, java.lang.String, java.lang.String, java.lang.String, java.lang.String, java.lang.String, java.lang.String, java.lang.String, java.lang.String, java.lang.String, java.lang.String, java.lang.Integer, java.lang.Integer, java.lang.String, java.lang.String, java.lang.Integer, java.lang.String, java.lang.String, java.lang.String, java.lang.String, java.lang.String, java.lang.String, java.lang.String, java.lang.String, java.lang.String, java.lang.String, java.lang.String, java.lang.String, java.lang.String, java.lang.String, java.lang.String, java.lang.String, java.lang.String, java.lang.String, java.lang.String, java.lang.String, java.lang.String, java.lang.String, java.lang.String, java.lang.String, java.lang.String, java.lang.String, java.lang.String, java.lang.String, java.lang.String, java.lang.String, java.lang.String, java.lang.String, java.lang.String, java.lang.String, java.lang.String, java.lang.String, java.lang.String, java.lang.String)[pri:0, instance:createShipmentE2ETests.IntermodalSpecializedTests@7d9d1a19]" name="CreateShipment_IntermodalSpecialized_E2ETest_TID_920_Service_Refrigeration" class="createShipmentE2ETests.IntermodalSpecializedTests"/>
        <method signature="IntermodalSpecializedTests.CreateShipment_IntermodalSpecialized_E2ETest_TID_920_Service_Z_Premium_ConsolidateShipments(java.lang.String, java.lang.String, java.lang.String, java.lang.Integer, java.lang.String, java.lang.Integer, java.lang.String, java.lang.Integer, java.lang.Integer, java.lang.String, java.lang.String, java.lang.String, java.lang.String, java.lang.String, java.lang.String, java.lang.String, java.lang.String, java.lang.String, java.lang.String, java.lang.String, java.lang.String, java.lang.String, java.lang.String, java.lang.String, java.lang.String, java.lang.String, java.lang.String, java.lang.String, java.lang.String, java.lang.String, java.lang.Integer, java.lang.Integer, java.lang.String, java.lang.String, java.lang.Integer, java.lang.String, java.lang.String, java.lang.String, java.lang.String, java.lang.String, java.lang.String, java.lang.String, java.lang.String, java.lang.String, java.lang.String, java.lang.String, java.lang.String, java.lang.String, java.lang.String, java.lang.String, java.lang.String, java.lang.String, java.lang.String, java.lang.String, java.lang.String, java.lang.String, java.lang.String, java.lang.String, java.lang.String, java.lang.String, java.lang.String, java.lang.String, java.lang.String, java.lang.String, java.lang.String, java.lang.String, java.lang.String, java.lang.String, java.lang.String, java.lang.String, java.lang.String, java.lang.String, java.lang.String)[pri:0, instance:createShipmentE2ETests.IntermodalSpecializedTests@7d9d1a19]" name="CreateShipment_IntermodalSpecialized_E2ETest_TID_920_Service_Z_Premium_ConsolidateShipments" class="createShipmentE2ETests.IntermodalSpecializedTests"/>
      </group> <!-- E2E -->
      <group name="Shakeout Testing">
        <method signature="IntermodalSpecializedTests.CreateShipment_IntermodalSpecialized_E2ETest_TID_920_Service_DGExpress(java.lang.String, java.lang.String, java.lang.String, java.lang.Integer, java.lang.String, java.lang.Integer, java.lang.String, java.lang.String, java.lang.String, java.lang.Integer, java.lang.Integer, java.lang.String, java.lang.String, java.lang.String, java.lang.String, java.lang.String, java.lang.String, java.lang.String, java.lang.String, java.lang.String, java.lang.String, java.lang.String, java.lang.String, java.lang.String, java.lang.String, java.lang.String, java.lang.String, java.lang.String, java.lang.String, java.lang.String, java.lang.String, java.lang.String, java.lang.String, java.lang.String, java.lang.Integer, java.lang.Integer, java.lang.Integer, java.lang.String, java.lang.Integer, java.lang.String, java.lang.String, java.lang.String, java.lang.String, java.lang.String, java.lang.String, java.lang.String, java.lang.String, java.lang.String, java.lang.String, java.lang.String, java.lang.String, java.lang.String, java.lang.String, java.lang.String, java.lang.String, java.lang.String, java.lang.String, java.lang.String, java.lang.String, java.lang.String, java.lang.String, java.lang.String, java.lang.String, java.lang.String, java.lang.String, java.lang.String, java.lang.String, java.lang.String, java.lang.String, java.lang.String, java.lang.String, java.lang.String, java.lang.String, java.lang.String, java.lang.String, java.lang.String, java.lang.String, java.lang.String, java.lang.String)[pri:0, instance:createShipmentE2ETests.IntermodalSpecializedTests@7d9d1a19]" name="CreateShipment_IntermodalSpecialized_E2ETest_TID_920_Service_DGExpress" class="createShipmentE2ETests.IntermodalSpecializedTests"/>
        <method signature="IntermodalSpecializedTests.CreateShipment_IntermodalSpecialized_E2ETest_TID_920_Service_DangerousGoods(java.lang.String, java.lang.String, java.lang.String, java.lang.Integer, java.lang.String, java.lang.Integer, java.lang.String, java.lang.String, java.lang.String, java.lang.Integer, java.lang.Integer, java.lang.String, java.lang.String, java.lang.String, java.lang.String, java.lang.String, java.lang.String, java.lang.String, java.lang.String, java.lang.String, java.lang.String, java.lang.String, java.lang.String, java.lang.String, java.lang.String, java.lang.String, java.lang.String, java.lang.String, java.lang.String, java.lang.String, java.lang.String, java.lang.String, java.lang.String, java.lang.String, java.lang.Integer, java.lang.Integer, java.lang.Integer, java.lang.String, java.lang.Integer, java.lang.String, java.lang.String, java.lang.String, java.lang.String, java.lang.String, java.lang.String, java.lang.String, java.lang.String, java.lang.String, java.lang.String, java.lang.String, java.lang.String, java.lang.String, java.lang.String, java.lang.String, java.lang.String, java.lang.String, java.lang.String, java.lang.String, java.lang.String, java.lang.String, java.lang.String, java.lang.String, java.lang.String, java.lang.String, java.lang.String, java.lang.String, java.lang.String, java.lang.String, java.lang.String, java.lang.String, java.lang.String, java.lang.String, java.lang.String, java.lang.String, java.lang.String, java.lang.String, java.lang.String, java.lang.String, java.lang.String)[pri:0, instance:createShipmentE2ETests.IntermodalSpecializedTests@7d9d1a19]" name="CreateShipment_IntermodalSpecialized_E2ETest_TID_920_Service_DangerousGoods" class="createShipmentE2ETests.IntermodalSpecializedTests"/>
      </group> <!-- Shakeout Testing -->
    </groups>
    <test name="CreateShipment" duration-ms="2285646" started-at="2018-04-11T00:17:12Z" finished-at="2018-04-11T00:55:18Z">
      <class name="createShipmentE2ETests.IntermodalSpecializedTests">
        <test-method status="PASS" signature="RunSetup()[pri:0, instance:createShipmentE2ETests.IntermodalSpecializedTests@7d9d1a19]" name="RunSetup" is-config="true" duration-ms="30532" started-at="2018-04-11T10:17:12Z" finished-at="2018-04-11T10:17:43Z">
          <reporter-output>
          </reporter-output>
        </test-method> <!-- RunSetup -->
        <test-method status="FAIL" signature="CreateShipment_IntermodalSpecialized_E2ETest_TID_920_ErrorMessagesValidation(java.lang.String, java.lang.String, java.lang.String, java.lang.Integer, java.lang.String, java.lang.String, java.lang.Integer, java.lang.String, java.lang.String, java.lang.String, java.lang.Integer, java.lang.Integer, java.lang.String, java.lang.String, java.lang.String, java.lang.String, java.lang.String, java.lang.String, java.lang.String, java.lang.String, java.lang.String, java.lang.String, java.lang.String, java.lang.String, java.lang.String, java.lang.String, java.lang.String, java.lang.String, java.lang.String, java.lang.String, java.lang.String, java.lang.String, java.lang.String, java.lang.String, java.lang.String, java.lang.Integer, java.lang.Integer, java.lang.Integer, java.lang.String, java.lang.Integer, java.lang.String, java.lang.String, java.lang.String, java.lang.String, java.lang.String, java.lang.String, java.lang.String, java.lang.String, java.lang.String, java.lang.String, java.lang.String, java.lang.String, java.lang.String, java.lang.String, java.lang.String, java.lang.String, java.lang.String, java.lang.String, java.lang.String, java.lang.String, java.lang.String, java.lang.String, java.lang.String, java.lang.String, java.lang.String, java.lang.String, java.lang.String, java.lang.String, java.lang.String, java.lang.String, java.lang.String, java.lang.String, java.lang.String, java.lang.String, java.lang.String, java.lang.String, java.lang.String, java.lang.String, java.lang.String, java.lang.String)[pri:0, instance:createShipmentE2ETests.IntermodalSpecializedTests@7d9d1a19]" name="CreateShipment_IntermodalSpecialized_E2ETest_TID_920_ErrorMessagesValidation" duration-ms="103482" started-at="2018-04-11T10:17:43Z" finished-at="2018-04-11T10:19:26Z">
          <params>
            <param index="0">
              <value>
                <![CDATA[Intermodal]]>
              </value>
            </param>
            <param index="1">
              <value>
                <![CDATA[Dangerous Goods Express]]>
              </value>
            </param>
            <param index="2">
              <value>
                <![CDATA[371065]]>
              </value>
            </param>
            <param index="3">
              <value>
                <![CDATA[1]]>
              </value>
            </param>
            <param index="4">
              <value>
                <![CDATA[Sender]]>
              </value>
            </param>
            <param index="5">
              <value>
                <![CDATA[RAIL]]>
              </value>
            </param>
            <param index="6">
              <value>
                <![CDATA[1]]>
              </value>
            </param>
            <param index="7">
              <value>
                <![CDATA[ROAD]]>
              </value>
            </param>
            <param index="8">
              <value>
                <![CDATA[Test]]>
              </value>
            </param>
            <param index="9">
              <value>
                <![CDATA[Toll Group Test]]>
              </value>
            </param>
            <param index="10">
              <value>
                <![CDATA[1]]>
              </value>
            </param>
            <param index="11">
              <value>
                <![CDATA[1]]>
              </value>
            </param>
            <param index="12">
              <value>
                <![CDATA[5123355]]>
              </value>
            </param>
            <param index="13">
              <value>
                <![CDATA[ADELAIDE  TNQX]]>
              </value>
            </param>
            <param index="14">
              <value>
                <![CDATA[ADELAIDE S-LINE TNQX]]>
              </value>
            </param>
            <param index="15">
              <value>
                <![CDATA[1]]>
              </value>
            </param>
            <param index="16">
              <value>
                <![CDATA[2]]>
              </value>
            </param>
            <param index="17">
              <value>
                <![CDATA[Dadd]]>
              </value>
            </param>
            <param index="18">
              <value>
                <![CDATA[34324324]]>
              </value>
            </param>
            <param index="19">
              <value>
                <![CDATA[CF@TEST.COM]]>
              </value>
            </param>
            <param index="20">
              <value>
                <![CDATA[NNAutomationuser2@gmail.com]]>
              </value>
            </param>
            <param index="21">
              <value>
                <![CDATA[12345]]>
              </value>
            </param>
            <param index="22">
              <value>
                <![CDATA[567879]]>
              </value>
            </param>
            <param index="23">
              <value>
                <![CDATA[Automation Template1]]>
              </value>
            </param>
            <param index="24">
              <value>
                <![CDATA[Automation Template2]]>
              </value>
            </param>
            <param index="25">
              <value>
                <![CDATA[15]]>
              </value>
            </param>
            <param index="26">
              <value>
                <![CDATA[100]]>
              </value>
            </param>
            <param index="27">
              <value>
                <![CDATA[200]]>
              </value>
            </param>
            <param index="28">
              <value>
                <![CDATA[300]]>
              </value>
            </param>
            <param index="29">
              <value>
                <![CDATA[900]]>
              </value>
            </param>
            <param index="30">
              <value>
                <![CDATA[15]]>
              </value>
            </param>
            <param index="31">
              <value>
                <![CDATA[200]]>
              </value>
            </param>
            <param index="32">
              <value>
                <![CDATA[100]]>
              </value>
            </param>
            <param index="33">
              <value>
                <![CDATA[50]]>
              </value>
            </param>
            <param index="34">
              <value>
                <![CDATA[300]]>
              </value>
            </param>
            <param index="35">
              <value>
                <![CDATA[1]]>
              </value>
            </param>
            <param index="36">
              <value>
                <![CDATA[3]]>
              </value>
            </param>
            <param index="37">
              <value>
                <![CDATA[2]]>
              </value>
            </param>
            <param index="38">
              <value>
                <![CDATA[2025]]>
              </value>
            </param>
            <param index="39">
              <value>
                <![CDATA[1]]>
              </value>
            </param>
            <param index="40">
              <value>
                <![CDATA[Testing package Description]]>
              </value>
            </param>
            <param index="41">
              <value>
                <![CDATA[5]]>
              </value>
            </param>
            <param index="42">
              <value>
                <![CDATA[60]]>
              </value>
            </param>
            <param index="43">
              <value>
                <![CDATA[Yes]]>
              </value>
            </param>
            <param index="44">
              <value>
                <![CDATA[1234]]>
              </value>
            </param>
            <param index="45">
              <value>
                <![CDATA[4124]]>
              </value>
            </param>
            <param index="46">
              <value>
                <![CDATA[2345]]>
              </value>
            </param>
            <param index="47">
              <value>
                <![CDATA[7891]]>
              </value>
            </param>
            <param index="48">
              <value>
                <![CDATA[5671]]>
              </value>
            </param>
            <param index="49">
              <value>
                <![CDATA[6541]]>
              </value>
            </param>
            <param index="50">
              <value>
                <![CDATA[3451]]>
              </value>
            </param>
            <param index="51">
              <value>
                <![CDATA[3451]]>
              </value>
            </param>
            <param index="52">
              <value>
                <![CDATA[123]]>
              </value>
            </param>
            <param index="53">
              <value>
                <![CDATA[5678]]>
              </value>
            </param>
            <param index="54">
              <value>
                <![CDATA[5123]]>
              </value>
            </param>
            <param index="55">
              <value>
                <![CDATA[1111]]>
              </value>
            </param>
            <param index="56">
              <value>
                <![CDATA[2222]]>
              </value>
            </param>
            <param index="57">
              <value>
                <![CDATA[3333]]>
              </value>
            </param>
            <param index="58">
              <value>
                <![CDATA[1598]]>
              </value>
            </param>
            <param index="59">
              <value>
                <![CDATA[Abcd1234]]>
              </value>
            </param>
            <param index="60">
              <value>
                <![CDATA[Test Technical name]]>
              </value>
            </param>
            <param index="61">
              <value>
                <![CDATA[General Freight]]>
              </value>
            </param>
            <param index="62">
              <value>
                <![CDATA[Test Special Ins]]>
              </value>
            </param>
            <param index="63">
              <value>
                <![CDATA[5000]]>
              </value>
            </param>
            <param index="64">
              <value>
                <![CDATA[Line Item 1]]>
              </value>
            </param>
            <param index="65">
              <value>
                <![CDATA[Line Item 2]]>
              </value>
            </param>
            <param index="66">
              <value>
                <![CDATA[Item description]]>
              </value>
            </param>
            <param index="67">
              <value>
                <![CDATA[Items]]>
              </value>
            </param>
            <param index="68">
              <value>
                <![CDATA[Billing type]]>
              </value>
            </param>
            <param index="69">
              <value>
                <![CDATA[Dimensions]]>
              </value>
            </param>
            <param index="70">
              <value>
                <![CDATA[Total volume (m3)]]>
              </value>
            </param>
            <param index="71">
              <value>
                <![CDATA[Weight (kg)]]>
              </value>
            </param>
            <param index="72">
              <value>
                <![CDATA[Reference1]]>
              </value>
            </param>
            <param index="73">
              <value>
                <![CDATA[Reference2]]>
              </value>
            </param>
            <param index="74">
              <value>
                <![CDATA[Shipment contain dangerous goods]]>
              </value>
            </param>
            <param index="75">
              <value>
                <![CDATA[DANGEROUS GOODS DETAILS]]>
              </value>
            </param>
            <param index="76">
              <value>
                <![CDATA[90 m3]]>
              </value>
            </param>
            <param index="77">
              <value>
                <![CDATA[15 m3]]>
              </value>
            </param>
            <param index="78">
              <value>
                <![CDATA[Yes]]>
              </value>
            </param>
            <param index="79">
              <value>
                <![CDATA[No]]>
              </value>
            </param>
          </params>
          <exception class="org.openqa.selenium.NoSuchElementException">
            <message>
              <![CDATA[no such element: Unable to locate element: {"method":"xpath","selector":"//*[@id="alert-box-wrapper"]/div/div/div[1]/h3"}
  (Session info: chrome=65.0.3325.181)
  (Driver info: chromedriver=2.36.540470 (e522d04694c7ebea4ba8821272dbef4f9b818c91),platform=Windows NT 10.0.16299 x86_64) (WARNING: The server did not provide any stacktrace information)
Command duration or timeout: 20.08 seconds
For documentation on this error, please visit: http://seleniumhq.org/exceptions/no_such_element.html
Build info: version: 'unknown', revision: 'unknown', time: 'unknown'
System info: host: 'PC12159', ip: '10.22.138.250', os.name: 'Windows 10', os.arch: 'amd64', os.version: '10.0', java.version: '1.8.0_144'
Driver info: org.openqa.selenium.chrome.ChromeDriver
Capabilities [{applicationCacheEnabled=false, rotatable=false, mobileEmulationEnabled=false, networkConnectionEnabled=false, chrome={chromedriverVersion=2.36.540470 (e522d04694c7ebea4ba8821272dbef4f9b818c91), userDataDir=C:\Users\2712\AppData\Local\Temp\scoped_dir12476_20186}, takesHeapSnapshot=true, pageLoadStrategy=normal, databaseEnabled=false, handlesAlerts=true, hasTouchScreen=false, version=65.0.3325.181, platform=XP, browserConnectionEnabled=false, nativeEvents=true, acceptSslCerts=false, acceptInsecureCerts=false, locationContextEnabled=true, webStorageEnabled=true, browserName=chrome, takesScreenshot=true, javascriptEnabled=true, cssSelectorsEnabled=true, setWindowRect=true, unexpectedAlertBehaviour=}]
Session ID: 7e2e8406277256203e46ad1940b1f24e
*** Element info: {Using=xpath, value=//*[@id="alert-box-wrapper"]/div/div/div[1]/h3}]]>
            </message>
            <full-stacktrace>
              <![CDATA[org.openqa.selenium.NoSuchElementException: no such element: Unable to locate element: {"method":"xpath","selector":"//*[@id="alert-box-wrapper"]/div/div/div[1]/h3"}
  (Session info: chrome=65.0.3325.181)
  (Driver info: chromedriver=2.36.540470 (e522d04694c7ebea4ba8821272dbef4f9b818c91),platform=Windows NT 10.0.16299 x86_64) (WARNING: The server did not provide any stacktrace information)
Command duration or timeout: 20.08 seconds
For documentation on this error, please visit: http://seleniumhq.org/exceptions/no_such_element.html
Build info: version: 'unknown', revision: 'unknown', time: 'unknown'
System info: host: 'PC12159', ip: '10.22.138.250', os.name: 'Windows 10', os.arch: 'amd64', os.version: '10.0', java.version: '1.8.0_144'
Driver info: org.openqa.selenium.chrome.ChromeDriver
Capabilities [{applicationCacheEnabled=false, rotatable=false, mobileEmulationEnabled=false, networkConnectionEnabled=false, chrome={chromedriverVersion=2.36.540470 (e522d04694c7ebea4ba8821272dbef4f9b818c91), userDataDir=C:\Users\2712\AppData\Local\Temp\scoped_dir12476_20186}, takesHeapSnapshot=true, pageLoadStrategy=normal, databaseEnabled=false, handlesAlerts=true, hasTouchScreen=false, version=65.0.3325.181, platform=XP, browserConnectionEnabled=false, nativeEvents=true, acceptSslCerts=false, acceptInsecureCerts=false, locationContextEnabled=true, webStorageEnabled=true, browserName=chrome, takesScreenshot=true, javascriptEnabled=true, cssSelectorsEnabled=true, setWindowRect=true, unexpectedAlertBehaviour=}]
Session ID: 7e2e8406277256203e46ad1940b1f24e
*** Element info: {Using=xpath, value=//*[@id="alert-box-wrapper"]/div/div/div[1]/h3}
	at sun.reflect.NativeConstructorAccessorImpl.newInstance0(Native Method)
	at sun.reflect.NativeConstructorAccessorImpl.newInstance(Unknown Source)
	at sun.reflect.DelegatingConstructorAccessorImpl.newInstance(Unknown Source)
	at java.lang.reflect.Constructor.newInstance(Unknown Source)
	at org.openqa.selenium.remote.ErrorHandler.createThrowable(ErrorHandler.java:215)
	at org.openqa.selenium.remote.ErrorHandler.throwIfResponseFailed(ErrorHandler.java:167)
	at org.openqa.selenium.remote.RemoteWebDriver.execute(RemoteWebDriver.java:671)
	at org.openqa.selenium.remote.RemoteWebDriver.findElement(RemoteWebDriver.java:410)
	at org.openqa.selenium.remote.RemoteWebDriver.findElementByXPath(RemoteWebDriver.java:509)
	at org.openqa.selenium.By$ByXPath.findElement(By.java:361)
	at org.openqa.selenium.remote.RemoteWebDriver.findElement(RemoteWebDriver.java:402)
	at bookAPickupActions.BookAPickupActions.VerifyShipmentMsg(BookAPickupActions.java:552)
	at createShipmentE2ETests.IntermodalSpecializedTests.CreateShipment_IntermodalSpecialized_E2ETest_TID_920_ErrorMessagesValidation(IntermodalSpecializedTests.java:1740)
	at sun.reflect.NativeMethodAccessorImpl.invoke0(Native Method)
	at sun.reflect.NativeMethodAccessorImpl.invoke(Unknown Source)
	at sun.reflect.DelegatingMethodAccessorImpl.invoke(Unknown Source)
	at java.lang.reflect.Method.invoke(Unknown Source)
	at org.testng.internal.MethodInvocationHelper.invokeMethod(MethodInvocationHelper.java:108)
	at org.testng.internal.Invoker.invokeMethod(Invoker.java:669)
	at org.testng.internal.Invoker.invokeTestMethod(Invoker.java:877)
	at org.testng.internal.Invoker.invokeTestMethods(Invoker.java:1201)
	at org.testng.internal.TestMethodWorker.invokeTestMethods(TestMethodWorker.java:125)
	at org.testng.internal.TestMethodWorker.run(TestMethodWorker.java:109)
	at org.testng.TestRunner.privateRun(TestRunner.java:776)
	at org.testng.TestRunner.run(TestRunner.java:634)
	at org.testng.SuiteRunner.runTest(SuiteRunner.java:425)
	at org.testng.SuiteRunner.runSequentially(SuiteRunner.java:420)
	at org.testng.SuiteRunner.privateRun(SuiteRunner.java:385)
	at org.testng.SuiteRunner.run(SuiteRunner.java:334)
	at org.testng.SuiteRunnerWorker.runSuite(SuiteRunnerWorker.java:52)
	at org.testng.SuiteRunnerWorker.run(SuiteRunnerWorker.java:86)
	at org.testng.TestNG.runSuitesSequentially(TestNG.java:1318)
	at org.testng.TestNG.runSuitesLocally(TestNG.java:1243)
	at org.testng.TestNG.runSuites(TestNG.java:1161)
	at org.testng.TestNG.run(TestNG.java:1129)
	at org.testng.remote.AbstractRemoteTestNG.run(AbstractRemoteTestNG.java:114)
	at org.testng.remote.RemoteTestNG.initAndRun(RemoteTestNG.java:251)
	at org.testng.remote.RemoteTestNG.main(RemoteTestNG.java:77)
]]>
            </full-stacktrace>
          </exception> <!-- org.openqa.selenium.NoSuchElementException -->
          <reporter-output>
          </reporter-output>
        </test-method> <!-- CreateShipment_IntermodalSpecialized_E2ETest_TID_920_ErrorMessagesValidation -->
        <test-method status="PASS" signature="RunTearDown()[pri:0, instance:createShipmentE2ETests.IntermodalSpecializedTests@7d9d1a19]" name="RunTearDown" is-config="true" duration-ms="0" started-at="2018-04-11T10:19:26Z" finished-at="2018-04-11T10:19:26Z">
          <reporter-output>
          </reporter-output>
        </test-method> <!-- RunTearDown -->
        <test-method status="PASS" signature="RunSetup()[pri:0, instance:createShipmentE2ETests.IntermodalSpecializedTests@7d9d1a19]" name="RunSetup" is-config="true" duration-ms="24958" started-at="2018-04-11T10:19:26Z" finished-at="2018-04-11T10:19:51Z">
          <reporter-output>
          </reporter-output>
        </test-method> <!-- RunSetup -->
        <test-method status="PASS" signature="CreateShipment_IntermodalSpecialized_E2ETest_TID_920_Service_DGExpress(java.lang.String, java.lang.String, java.lang.String, java.lang.Integer, java.lang.String, java.lang.Integer, java.lang.String, java.lang.String, java.lang.String, java.lang.Integer, java.lang.Integer, java.lang.String, java.lang.String, java.lang.String, java.lang.String, java.lang.String, java.lang.String, java.lang.String, java.lang.String, java.lang.String, java.lang.String, java.lang.String, java.lang.String, java.lang.String, java.lang.String, java.lang.String, java.lang.String, java.lang.String, java.lang.String, java.lang.String, java.lang.String, java.lang.String, java.lang.String, java.lang.String, java.lang.Integer, java.lang.Integer, java.lang.Integer, java.lang.String, java.lang.Integer, java.lang.String, java.lang.String, java.lang.String, java.lang.String, java.lang.String, java.lang.String, java.lang.String, java.lang.String, java.lang.String, java.lang.String, java.lang.String, java.lang.String, java.lang.String, java.lang.String, java.lang.String, java.lang.String, java.lang.String, java.lang.String, java.lang.String, java.lang.String, java.lang.String, java.lang.String, java.lang.String, java.lang.String, java.lang.String, java.lang.String, java.lang.String, java.lang.String, java.lang.String, java.lang.String, java.lang.String, java.lang.String, java.lang.String, java.lang.String, java.lang.String, java.lang.String, java.lang.String, java.lang.String, java.lang.String, java.lang.String)[pri:0, instance:createShipmentE2ETests.IntermodalSpecializedTests@7d9d1a19]" name="CreateShipment_IntermodalSpecialized_E2ETest_TID_920_Service_DGExpress" duration-ms="143589" started-at="2018-04-11T10:19:51Z" finished-at="2018-04-11T10:22:15Z">
          <params>
            <param index="0">
              <value>
                <![CDATA[Intermodal]]>
              </value>
            </param>
            <param index="1">
              <value>
                <![CDATA[Dangerous Goods Express]]>
              </value>
            </param>
            <param index="2">
              <value>
                <![CDATA[371065]]>
              </value>
            </param>
            <param index="3">
              <value>
                <![CDATA[1]]>
              </value>
            </param>
            <param index="4">
              <value>
                <![CDATA[Sender]]>
              </value>
            </param>
            <param index="5">
              <value>
                <![CDATA[1]]>
              </value>
            </param>
            <param index="6">
              <value>
                <![CDATA[ROAD]]>
              </value>
            </param>
            <param index="7">
              <value>
                <![CDATA[Test]]>
              </value>
            </param>
            <param index="8">
              <value>
                <![CDATA[Toll Group Test]]>
              </value>
            </param>
            <param index="9">
              <value>
                <![CDATA[1]]>
              </value>
            </param>
            <param index="10">
              <value>
                <![CDATA[1]]>
              </value>
            </param>
            <param index="11">
              <value>
                <![CDATA[5123355]]>
              </value>
            </param>
            <param index="12">
              <value>
                <![CDATA[ADELAIDE  TNQX]]>
              </value>
            </param>
            <param index="13">
              <value>
                <![CDATA[ADELAIDE S-LINE TNQX]]>
              </value>
            </param>
            <param index="14">
              <value>
                <![CDATA[1]]>
              </value>
            </param>
            <param index="15">
              <value>
                <![CDATA[2]]>
              </value>
            </param>
            <param index="16">
              <value>
                <![CDATA[Dadd]]>
              </value>
            </param>
            <param index="17">
              <value>
                <![CDATA[34324324]]>
              </value>
            </param>
            <param index="18">
              <value>
                <![CDATA[CF@TEST.COM]]>
              </value>
            </param>
            <param index="19">
              <value>
                <![CDATA[NNAutomationuser2@gmail.com]]>
              </value>
            </param>
            <param index="20">
              <value>
                <![CDATA[12345]]>
              </value>
            </param>
            <param index="21">
              <value>
                <![CDATA[567879]]>
              </value>
            </param>
            <param index="22">
              <value>
                <![CDATA[Automation Template1]]>
              </value>
            </param>
            <param index="23">
              <value>
                <![CDATA[Automation Template2]]>
              </value>
            </param>
            <param index="24">
              <value>
                <![CDATA[15]]>
              </value>
            </param>
            <param index="25">
              <value>
                <![CDATA[100]]>
              </value>
            </param>
            <param index="26">
              <value>
                <![CDATA[200]]>
              </value>
            </param>
            <param index="27">
              <value>
                <![CDATA[300]]>
              </value>
            </param>
            <param index="28">
              <value>
                <![CDATA[900]]>
              </value>
            </param>
            <param index="29">
              <value>
                <![CDATA[15]]>
              </value>
            </param>
            <param index="30">
              <value>
                <![CDATA[200]]>
              </value>
            </param>
            <param index="31">
              <value>
                <![CDATA[100]]>
              </value>
            </param>
            <param index="32">
              <value>
                <![CDATA[50]]>
              </value>
            </param>
            <param index="33">
              <value>
                <![CDATA[300]]>
              </value>
            </param>
            <param index="34">
              <value>
                <![CDATA[1]]>
              </value>
            </param>
            <param index="35">
              <value>
                <![CDATA[3]]>
              </value>
            </param>
            <param index="36">
              <value>
                <![CDATA[2]]>
              </value>
            </param>
            <param index="37">
              <value>
                <![CDATA[2025]]>
              </value>
            </param>
            <param index="38">
              <value>
                <![CDATA[1]]>
              </value>
            </param>
            <param index="39">
              <value>
                <![CDATA[Testing package Description]]>
              </value>
            </param>
            <param index="40">
              <value>
                <![CDATA[5]]>
              </value>
            </param>
            <param index="41">
              <value>
                <![CDATA[60]]>
              </value>
            </param>
            <param index="42">
              <value>
                <![CDATA[Yes]]>
              </value>
            </param>
            <param index="43">
              <value>
                <![CDATA[1234]]>
              </value>
            </param>
            <param index="44">
              <value>
                <![CDATA[4124]]>
              </value>
            </param>
            <param index="45">
              <value>
                <![CDATA[2345]]>
              </value>
            </param>
            <param index="46">
              <value>
                <![CDATA[7891]]>
              </value>
            </param>
            <param index="47">
              <value>
                <![CDATA[5671]]>
              </value>
            </param>
            <param index="48">
              <value>
                <![CDATA[6541]]>
              </value>
            </param>
            <param index="49">
              <value>
                <![CDATA[3451]]>
              </value>
            </param>
            <param index="50">
              <value>
                <![CDATA[3451]]>
              </value>
            </param>
            <param index="51">
              <value>
                <![CDATA[123]]>
              </value>
            </param>
            <param index="52">
              <value>
                <![CDATA[5678]]>
              </value>
            </param>
            <param index="53">
              <value>
                <![CDATA[5123]]>
              </value>
            </param>
            <param index="54">
              <value>
                <![CDATA[1111]]>
              </value>
            </param>
            <param index="55">
              <value>
                <![CDATA[2222]]>
              </value>
            </param>
            <param index="56">
              <value>
                <![CDATA[3333]]>
              </value>
            </param>
            <param index="57">
              <value>
                <![CDATA[1598]]>
              </value>
            </param>
            <param index="58">
              <value>
                <![CDATA[Abcd1234]]>
              </value>
            </param>
            <param index="59">
              <value>
                <![CDATA[Test Technical name]]>
              </value>
            </param>
            <param index="60">
              <value>
                <![CDATA[General Freight]]>
              </value>
            </param>
            <param index="61">
              <value>
                <![CDATA[Test Special Ins]]>
              </value>
            </param>
            <param index="62">
              <value>
                <![CDATA[5000]]>
              </value>
            </param>
            <param index="63">
              <value>
                <![CDATA[Line Item 1]]>
              </value>
            </param>
            <param index="64">
              <value>
                <![CDATA[Line Item 2]]>
              </value>
            </param>
            <param index="65">
              <value>
                <![CDATA[Item description]]>
              </value>
            </param>
            <param index="66">
              <value>
                <![CDATA[Items]]>
              </value>
            </param>
            <param index="67">
              <value>
                <![CDATA[Billing type]]>
              </value>
            </param>
            <param index="68">
              <value>
                <![CDATA[Dimensions]]>
              </value>
            </param>
            <param index="69">
              <value>
                <![CDATA[Total volume (m3)]]>
              </value>
            </param>
            <param index="70">
              <value>
                <![CDATA[Weight (kg)]]>
              </value>
            </param>
            <param index="71">
              <value>
                <![CDATA[Reference1]]>
              </value>
            </param>
            <param index="72">
              <value>
                <![CDATA[Reference2]]>
              </value>
            </param>
            <param index="73">
              <value>
                <![CDATA[Shipment contain dangerous goods]]>
              </value>
            </param>
            <param index="74">
              <value>
                <![CDATA[DANGEROUS GOODS DETAILS]]>
              </value>
            </param>
            <param index="75">
              <value>
                <![CDATA[90 m3]]>
              </value>
            </param>
            <param index="76">
              <value>
                <![CDATA[15 m3]]>
              </value>
            </param>
            <param index="77">
              <value>
                <![CDATA[Yes]]>
              </value>
            </param>
            <param index="78">
              <value>
                <![CDATA[No]]>
              </value>
            </param>
          </params>
          <reporter-output>
          </reporter-output>
        </test-method> <!-- CreateShipment_IntermodalSpecialized_E2ETest_TID_920_Service_DGExpress -->
        <test-method status="PASS" signature="RunTearDown()[pri:0, instance:createShipmentE2ETests.IntermodalSpecializedTests@7d9d1a19]" name="RunTearDown" is-config="true" duration-ms="0" started-at="2018-04-11T10:22:15Z" finished-at="2018-04-11T10:22:15Z">
          <reporter-output>
          </reporter-output>
        </test-method> <!-- RunTearDown -->
        <test-method status="PASS" signature="RunSetup()[pri:0, instance:createShipmentE2ETests.IntermodalSpecializedTests@7d9d1a19]" name="RunSetup" is-config="true" duration-ms="25872" started-at="2018-04-11T10:22:15Z" finished-at="2018-04-11T10:22:41Z">
          <reporter-output>
          </reporter-output>
        </test-method> <!-- RunSetup -->
        <test-method status="PASS" signature="CreateShipment_IntermodalSpecialized_E2ETest_TID_920_Service_DGFCL(java.lang.String, java.lang.String, java.lang.String, java.lang.Integer, java.lang.String, java.lang.String, java.lang.Integer, java.lang.String, java.lang.String, java.lang.String, java.lang.Integer, java.lang.Integer, java.lang.String, java.lang.String, java.lang.String, java.lang.String, java.lang.String, java.lang.String, java.lang.String, java.lang.String, java.lang.String, java.lang.String, java.lang.String, java.lang.String, java.lang.String, java.lang.String, java.lang.String, java.lang.String, java.lang.String, java.lang.String, java.lang.String, java.lang.String, java.lang.String, java.lang.String, java.lang.String, java.lang.Integer, java.lang.Integer, java.lang.Integer, java.lang.String, java.lang.Integer, java.lang.String, java.lang.String, java.lang.String, java.lang.String, java.lang.String, java.lang.String, java.lang.String, java.lang.String, java.lang.String, java.lang.String, java.lang.String, java.lang.String, java.lang.String, java.lang.String, java.lang.String, java.lang.String, java.lang.String, java.lang.String, java.lang.String, java.lang.String, java.lang.String, java.lang.String, java.lang.String, java.lang.String, java.lang.String, java.lang.String, java.lang.String, java.lang.String, java.lang.String, java.lang.String, java.lang.String, java.lang.String, java.lang.String, java.lang.String, java.lang.String, java.lang.String, java.lang.String, java.lang.String, java.lang.String, java.lang.String)[pri:0, instance:createShipmentE2ETests.IntermodalSpecializedTests@7d9d1a19]" name="CreateShipment_IntermodalSpecialized_E2ETest_TID_920_Service_DGFCL" duration-ms="163951" started-at="2018-04-11T10:22:41Z" finished-at="2018-04-11T10:25:25Z">
          <params>
            <param index="0">
              <value>
                <![CDATA[Intermodal]]>
              </value>
            </param>
            <param index="1">
              <value>
                <![CDATA[DG FCL]]>
              </value>
            </param>
            <param index="2">
              <value>
                <![CDATA[371065]]>
              </value>
            </param>
            <param index="3">
              <value>
                <![CDATA[1]]>
              </value>
            </param>
            <param index="4">
              <value>
                <![CDATA[Sender]]>
              </value>
            </param>
            <param index="5">
              <value>
                <![CDATA[RAIL]]>
              </value>
            </param>
            <param index="6">
              <value>
                <![CDATA[1]]>
              </value>
            </param>
            <param index="7">
              <value>
                <![CDATA[ROAD]]>
              </value>
            </param>
            <param index="8">
              <value>
                <![CDATA[Test]]>
              </value>
            </param>
            <param index="9">
              <value>
                <![CDATA[Toll Group Test]]>
              </value>
            </param>
            <param index="10">
              <value>
                <![CDATA[1]]>
              </value>
            </param>
            <param index="11">
              <value>
                <![CDATA[1]]>
              </value>
            </param>
            <param index="12">
              <value>
                <![CDATA[5123355]]>
              </value>
            </param>
            <param index="13">
              <value>
                <![CDATA[ADELAIDE  TNQX]]>
              </value>
            </param>
            <param index="14">
              <value>
                <![CDATA[ADELAIDE S-LINE TNQX]]>
              </value>
            </param>
            <param index="15">
              <value>
                <![CDATA[1]]>
              </value>
            </param>
            <param index="16">
              <value>
                <![CDATA[2]]>
              </value>
            </param>
            <param index="17">
              <value>
                <![CDATA[Dadd]]>
              </value>
            </param>
            <param index="18">
              <value>
                <![CDATA[34324324]]>
              </value>
            </param>
            <param index="19">
              <value>
                <![CDATA[CF@TEST.COM]]>
              </value>
            </param>
            <param index="20">
              <value>
                <![CDATA[NNAutomationuser2@gmail.com]]>
              </value>
            </param>
            <param index="21">
              <value>
                <![CDATA[12345]]>
              </value>
            </param>
            <param index="22">
              <value>
                <![CDATA[567879]]>
              </value>
            </param>
            <param index="23">
              <value>
                <![CDATA[Automation Template1]]>
              </value>
            </param>
            <param index="24">
              <value>
                <![CDATA[Automation Template2]]>
              </value>
            </param>
            <param index="25">
              <value>
                <![CDATA[15]]>
              </value>
            </param>
            <param index="26">
              <value>
                <![CDATA[100]]>
              </value>
            </param>
            <param index="27">
              <value>
                <![CDATA[200]]>
              </value>
            </param>
            <param index="28">
              <value>
                <![CDATA[300]]>
              </value>
            </param>
            <param index="29">
              <value>
                <![CDATA[900]]>
              </value>
            </param>
            <param index="30">
              <value>
                <![CDATA[15]]>
              </value>
            </param>
            <param index="31">
              <value>
                <![CDATA[200]]>
              </value>
            </param>
            <param index="32">
              <value>
                <![CDATA[100]]>
              </value>
            </param>
            <param index="33">
              <value>
                <![CDATA[50]]>
              </value>
            </param>
            <param index="34">
              <value>
                <![CDATA[300]]>
              </value>
            </param>
            <param index="35">
              <value>
                <![CDATA[1]]>
              </value>
            </param>
            <param index="36">
              <value>
                <![CDATA[3]]>
              </value>
            </param>
            <param index="37">
              <value>
                <![CDATA[2]]>
              </value>
            </param>
            <param index="38">
              <value>
                <![CDATA[2025]]>
              </value>
            </param>
            <param index="39">
              <value>
                <![CDATA[1]]>
              </value>
            </param>
            <param index="40">
              <value>
                <![CDATA[Testing package Description]]>
              </value>
            </param>
            <param index="41">
              <value>
                <![CDATA[5]]>
              </value>
            </param>
            <param index="42">
              <value>
                <![CDATA[60]]>
              </value>
            </param>
            <param index="43">
              <value>
                <![CDATA[Yes]]>
              </value>
            </param>
            <param index="44">
              <value>
                <![CDATA[1234]]>
              </value>
            </param>
            <param index="45">
              <value>
                <![CDATA[4124]]>
              </value>
            </param>
            <param index="46">
              <value>
                <![CDATA[2345]]>
              </value>
            </param>
            <param index="47">
              <value>
                <![CDATA[7891]]>
              </value>
            </param>
            <param index="48">
              <value>
                <![CDATA[5671]]>
              </value>
            </param>
            <param index="49">
              <value>
                <![CDATA[6541]]>
              </value>
            </param>
            <param index="50">
              <value>
                <![CDATA[3451]]>
              </value>
            </param>
            <param index="51">
              <value>
                <![CDATA[3451]]>
              </value>
            </param>
            <param index="52">
              <value>
                <![CDATA[123]]>
              </value>
            </param>
            <param index="53">
              <value>
                <![CDATA[5678]]>
              </value>
            </param>
            <param index="54">
              <value>
                <![CDATA[5123]]>
              </value>
            </param>
            <param index="55">
              <value>
                <![CDATA[1111]]>
              </value>
            </param>
            <param index="56">
              <value>
                <![CDATA[2222]]>
              </value>
            </param>
            <param index="57">
              <value>
                <![CDATA[3333]]>
              </value>
            </param>
            <param index="58">
              <value>
                <![CDATA[1598]]>
              </value>
            </param>
            <param index="59">
              <value>
                <![CDATA[Abcd1234]]>
              </value>
            </param>
            <param index="60">
              <value>
                <![CDATA[Test Technical name]]>
              </value>
            </param>
            <param index="61">
              <value>
                <![CDATA[General Freight]]>
              </value>
            </param>
            <param index="62">
              <value>
                <![CDATA[Test Special Ins]]>
              </value>
            </param>
            <param index="63">
              <value>
                <![CDATA[5000]]>
              </value>
            </param>
            <param index="64">
              <value>
                <![CDATA[Line Item 1]]>
              </value>
            </param>
            <param index="65">
              <value>
                <![CDATA[Line Item 2]]>
              </value>
            </param>
            <param index="66">
              <value>
                <![CDATA[Item description]]>
              </value>
            </param>
            <param index="67">
              <value>
                <![CDATA[Items]]>
              </value>
            </param>
            <param index="68">
              <value>
                <![CDATA[Billing type]]>
              </value>
            </param>
            <param index="69">
              <value>
                <![CDATA[Dimensions]]>
              </value>
            </param>
            <param index="70">
              <value>
                <![CDATA[Total volume (m3)]]>
              </value>
            </param>
            <param index="71">
              <value>
                <![CDATA[Weight (kg)]]>
              </value>
            </param>
            <param index="72">
              <value>
                <![CDATA[Reference1]]>
              </value>
            </param>
            <param index="73">
              <value>
                <![CDATA[Reference2]]>
              </value>
            </param>
            <param index="74">
              <value>
                <![CDATA[Shipment contain dangerous goods]]>
              </value>
            </param>
            <param index="75">
              <value>
                <![CDATA[DANGEROUS GOODS DETAILS]]>
              </value>
            </param>
            <param index="76">
              <value>
                <![CDATA[90 m3]]>
              </value>
            </param>
            <param index="77">
              <value>
                <![CDATA[15 m3]]>
              </value>
            </param>
            <param index="78">
              <value>
                <![CDATA[Yes]]>
              </value>
            </param>
            <param index="79">
              <value>
                <![CDATA[No]]>
              </value>
            </param>
          </params>
          <reporter-output>
          </reporter-output>
        </test-method> <!-- CreateShipment_IntermodalSpecialized_E2ETest_TID_920_Service_DGFCL -->
        <test-method status="PASS" signature="RunTearDown()[pri:0, instance:createShipmentE2ETests.IntermodalSpecializedTests@7d9d1a19]" name="RunTearDown" is-config="true" duration-ms="0" started-at="2018-04-11T10:25:25Z" finished-at="2018-04-11T10:25:25Z">
          <reporter-output>
          </reporter-output>
        </test-method> <!-- RunTearDown -->
        <test-method status="PASS" signature="RunSetup()[pri:0, instance:createShipmentE2ETests.IntermodalSpecializedTests@7d9d1a19]" name="RunSetup" is-config="true" duration-ms="55470" started-at="2018-04-11T10:25:25Z" finished-at="2018-04-11T10:26:20Z">
          <reporter-output>
          </reporter-output>
        </test-method> <!-- RunSetup -->
        <test-method status="PASS" signature="CreateShipment_IntermodalSpecialized_E2ETest_TID_920_Service_DGRefrigerated(java.lang.String, java.lang.String, java.lang.String, java.lang.Integer, java.lang.String, java.lang.Integer, java.lang.String, java.lang.String, java.lang.String, java.lang.Integer, java.lang.Integer, java.lang.String, java.lang.String, java.lang.String, java.lang.String, java.lang.String, java.lang.String, java.lang.String, java.lang.String, java.lang.String, java.lang.String, java.lang.String, java.lang.String, java.lang.String, java.lang.String, java.lang.String, java.lang.String, java.lang.String, java.lang.String, java.lang.String, java.lang.String, java.lang.String, java.lang.String, java.lang.String, java.lang.Integer, java.lang.Integer, java.lang.Integer, java.lang.String, java.lang.Integer, java.lang.String, java.lang.String, java.lang.String, java.lang.String, java.lang.String, java.lang.String, java.lang.String, java.lang.String, java.lang.String, java.lang.String, java.lang.String, java.lang.String, java.lang.String, java.lang.String, java.lang.String, java.lang.String, java.lang.String, java.lang.String, java.lang.String, java.lang.String, java.lang.String, java.lang.String, java.lang.String, java.lang.String, java.lang.String, java.lang.String, java.lang.String, java.lang.String, java.lang.String, java.lang.String, java.lang.String, java.lang.String, java.lang.String, java.lang.String, java.lang.String, java.lang.String, java.lang.String, java.lang.String, java.lang.String, java.lang.String)[pri:0, instance:createShipmentE2ETests.IntermodalSpecializedTests@7d9d1a19]" name="CreateShipment_IntermodalSpecialized_E2ETest_TID_920_Service_DGRefrigerated" duration-ms="187785" started-at="2018-04-11T10:26:20Z" finished-at="2018-04-11T10:29:28Z">
          <params>
            <param index="0">
              <value>
                <![CDATA[Intermodal]]>
              </value>
            </param>
            <param index="1">
              <value>
                <![CDATA[DG Refrigerated]]>
              </value>
            </param>
            <param index="2">
              <value>
                <![CDATA[371065]]>
              </value>
            </param>
            <param index="3">
              <value>
                <![CDATA[1]]>
              </value>
            </param>
            <param index="4">
              <value>
                <![CDATA[Sender]]>
              </value>
            </param>
            <param index="5">
              <value>
                <![CDATA[1]]>
              </value>
            </param>
            <param index="6">
              <value>
                <![CDATA[ROAD]]>
              </value>
            </param>
            <param index="7">
              <value>
                <![CDATA[Test]]>
              </value>
            </param>
            <param index="8">
              <value>
                <![CDATA[Toll Group Test]]>
              </value>
            </param>
            <param index="9">
              <value>
                <![CDATA[1]]>
              </value>
            </param>
            <param index="10">
              <value>
                <![CDATA[1]]>
              </value>
            </param>
            <param index="11">
              <value>
                <![CDATA[5123355]]>
              </value>
            </param>
            <param index="12">
              <value>
                <![CDATA[ADELAIDE  TNQX]]>
              </value>
            </param>
            <param index="13">
              <value>
                <![CDATA[ADELAIDE S-LINE TNQX]]>
              </value>
            </param>
            <param index="14">
              <value>
                <![CDATA[1]]>
              </value>
            </param>
            <param index="15">
              <value>
                <![CDATA[2]]>
              </value>
            </param>
            <param index="16">
              <value>
                <![CDATA[Dadd]]>
              </value>
            </param>
            <param index="17">
              <value>
                <![CDATA[34324324]]>
              </value>
            </param>
            <param index="18">
              <value>
                <![CDATA[CF@TEST.COM]]>
              </value>
            </param>
            <param index="19">
              <value>
                <![CDATA[NNAutomationuser2@gmail.com]]>
              </value>
            </param>
            <param index="20">
              <value>
                <![CDATA[12345]]>
              </value>
            </param>
            <param index="21">
              <value>
                <![CDATA[567879]]>
              </value>
            </param>
            <param index="22">
              <value>
                <![CDATA[Automation Template1]]>
              </value>
            </param>
            <param index="23">
              <value>
                <![CDATA[Automation Template2]]>
              </value>
            </param>
            <param index="24">
              <value>
                <![CDATA[15]]>
              </value>
            </param>
            <param index="25">
              <value>
[...]
                <![CDATA[5671]]>
              </value>
            </param>
            <param index="45">
              <value>
                <![CDATA[6541]]>
              </value>
            </param>
            <param index="46">
              <value>
                <![CDATA[3451]]>
              </value>
            </param>
            <param index="47">
              <value>
                <![CDATA[3451]]>
              </value>
            </param>
            <param index="48">
              <value>
                <![CDATA[123]]>
              </value>
            </param>
            <param index="49">
              <value>
                <![CDATA[5678]]>
              </value>
            </param>
            <param index="50">
              <value>
                <![CDATA[5123]]>
              </value>
            </param>
            <param index="51">
              <value>
                <![CDATA[1111]]>
              </value>
            </param>
            <param index="52">
              <value>
                <![CDATA[2222]]>
              </value>
            </param>
            <param index="53">
              <value>
                <![CDATA[3333]]>
              </value>
            </param>
            <param index="54">
              <value>
                <![CDATA[1598]]>
              </value>
            </param>
            <param index="55">
              <value>
                <![CDATA[Yes]]>
              </value>
            </param>
            <param index="56">
              <value>
                <![CDATA[Abcd1234]]>
              </value>
            </param>
            <param index="57">
              <value>
                <![CDATA[5000]]>
              </value>
            </param>
            <param index="58">
              <value>
                <![CDATA[Line Item 1]]>
              </value>
            </param>
            <param index="59">
              <value>
                <![CDATA[Line Item 2]]>
              </value>
            </param>
            <param index="60">
              <value>
                <![CDATA[Item description]]>
              </value>
            </param>
            <param index="61">
              <value>
                <![CDATA[Items]]>
              </value>
            </param>
            <param index="62">
              <value>
                <![CDATA[Billing type]]>
              </value>
            </param>
            <param index="63">
              <value>
                <![CDATA[Dimensions]]>
              </value>
            </param>
            <param index="64">
              <value>
                <![CDATA[Total volume (m3)]]>
              </value>
            </param>
            <param index="65">
              <value>
                <![CDATA[Weight (kg)]]>
              </value>
            </param>
            <param index="66">
              <value>
                <![CDATA[Reference1]]>
              </value>
            </param>
            <param index="67">
              <value>
                <![CDATA[Reference2]]>
              </value>
            </param>
            <param index="68">
              <value>
                <![CDATA[Shipment contain dangerous goods]]>
              </value>
            </param>
            <param index="69">
              <value>
                <![CDATA[DANGEROUS GOODS DETAILS]]>
              </value>
            </param>
            <param index="70">
              <value>
                <![CDATA[90 m3]]>
              </value>
            </param>
            <param index="71">
              <value>
                <![CDATA[15 m3]]>
              </value>
            </param>
            <param index="72">
              <value>
                <![CDATA[Yes]]>
              </value>
            </param>
            <param index="73">
              <value>
                <![CDATA[No]]>
              </value>
            </param>
          </params>
          <reporter-output>
          </reporter-output>
        </test-method> <!-- CreateShipment_IntermodalSpecialized_E2ETest_TID_920_Service_Refrigeration -->
        <test-method status="PASS" signature="RunSetup()[pri:0, instance:createShipmentE2ETests.IntermodalSpecializedTests@7d9d1a19]" name="RunSetup" is-config="true" duration-ms="26325" started-at="2018-04-11T10:53:25Z" finished-at="2018-04-11T10:53:51Z">
          <reporter-output>
          </reporter-output>
        </test-method> <!-- RunSetup -->
        <test-method status="PASS" signature="RunTearDown()[pri:0, instance:createShipmentE2ETests.IntermodalSpecializedTests@7d9d1a19]" name="RunTearDown" is-config="true" duration-ms="0" started-at="2018-04-11T10:53:25Z" finished-at="2018-04-11T10:53:25Z">
          <reporter-output>
          </reporter-output>
        </test-method> <!-- RunTearDown -->
        <test-method status="FAIL" signature="CreateShipment_IntermodalSpecialized_E2ETest_TID_920_Service_Z_Premium_ConsolidateShipments(java.lang.String, java.lang.String, java.lang.String, java.lang.Integer, java.lang.String, java.lang.Integer, java.lang.String, java.lang.Integer, java.lang.Integer, java.lang.String, java.lang.String, java.lang.String, java.lang.String, java.lang.String, java.lang.String, java.lang.String, java.lang.String, java.lang.String, java.lang.String, java.lang.String, java.lang.String, java.lang.String, java.lang.String, java.lang.String, java.lang.String, java.lang.String, java.lang.String, java.lang.String, java.lang.String, java.lang.String, java.lang.Integer, java.lang.Integer, java.lang.String, java.lang.String, java.lang.Integer, java.lang.String, java.lang.String, java.lang.String, java.lang.String, java.lang.String, java.lang.String, java.lang.String, java.lang.String, java.lang.String, java.lang.String, java.lang.String, java.lang.String, java.lang.String, java.lang.String, java.lang.String, java.lang.String, java.lang.String, java.lang.String, java.lang.String, java.lang.String, java.lang.String, java.lang.String, java.lang.String, java.lang.String, java.lang.String, java.lang.String, java.lang.String, java.lang.String, java.lang.String, java.lang.String, java.lang.String, java.lang.String, java.lang.String, java.lang.String, java.lang.String, java.lang.String, java.lang.String, java.lang.String)[pri:0, instance:createShipmentE2ETests.IntermodalSpecializedTests@7d9d1a19]" name="CreateShipment_IntermodalSpecialized_E2ETest_TID_920_Service_Z_Premium_ConsolidateShipments" duration-ms="87177" started-at="2018-04-11T10:53:51Z" finished-at="2018-04-11T10:55:18Z">
          <params>
            <param index="0">
              <value>
                <![CDATA[Intermodal]]>
              </value>
            </param>
            <param index="1">
              <value>
                <![CDATA[Premium]]>
              </value>
            </param>
            <param index="2">
              <value>
                <![CDATA[371065]]>
              </value>
            </param>
            <param index="3">
              <value>
                <![CDATA[1]]>
              </value>
            </param>
            <param index="4">
              <value>
                <![CDATA[Sender]]>
              </value>
            </param>
            <param index="5">
              <value>
                <![CDATA[1]]>
              </value>
            </param>
            <param index="6">
              <value>
                <![CDATA[ROAD]]>
              </value>
            </param>
            <param index="7">
              <value>
                <![CDATA[1]]>
              </value>
            </param>
            <param index="8">
              <value>
                <![CDATA[1]]>
              </value>
            </param>
            <param index="9">
              <value>
                <![CDATA[5123355]]>
              </value>
            </param>
            <param index="10">
              <value>
                <![CDATA[ADELAIDE  TNQX]]>
              </value>
            </param>
            <param index="11">
              <value>
                <![CDATA[ADELAIDE  TNQX]]>
              </value>
            </param>
            <param index="12">
              <value>
                <![CDATA[ADELAIDE S-LINE TNQX]]>
              </value>
            </param>
            <param index="13">
              <value>
                <![CDATA[Dadd]]>
              </value>
            </param>
            <param index="14">
              <value>
                <![CDATA[CF@TEST.COM]]>
              </value>
            </param>
            <param index="15">
              <value>
                <![CDATA[NNAutomationuser2@gmail.com]]>
              </value>
            </param>
            <param index="16">
              <value>
                <![CDATA[12345]]>
              </value>
            </param>
            <param index="17">
              <value>
                <![CDATA[567879]]>
              </value>
            </param>
            <param index="18">
              <value>
                <![CDATA[Automation Template1]]>
              </value>
            </param>
            <param index="19">
              <value>
                <![CDATA[15]]>
              </value>
            </param>
            <param index="20">
              <value>
                <![CDATA[100]]>
              </value>
            </param>
            <param index="21">
              <value>
                <![CDATA[200]]>
              </value>
            </param>
            <param index="22">
              <value>
                <![CDATA[300]]>
              </value>
            </param>
            <param index="23">
              <value>
                <![CDATA[900]]>
              </value>
            </param>
            <param index="24">
              <value>
                <![CDATA[Automation Template2]]>
              </value>
            </param>
            <param index="25">
              <value>
                <![CDATA[15]]>
              </value>
            </param>
            <param index="26">
              <value>
                <![CDATA[200]]>
              </value>
            </param>
            <param index="27">
              <value>
                <![CDATA[100]]>
              </value>
            </param>
            <param index="28">
              <value>
                <![CDATA[50]]>
              </value>
            </param>
            <param index="29">
              <value>
                <![CDATA[300]]>
              </value>
            </param>
            <param index="30">
              <value>
                <![CDATA[1]]>
              </value>
            </param>
            <param index="31">
              <value>
                <![CDATA[2]]>
              </value>
            </param>
            <param index="32">
              <value>
                <![CDATA[General Freight]]>
              </value>
            </param>
            <param index="33">
              <value>
                <![CDATA[Test Special Ins]]>
              </value>
            </param>
            <param index="34">
              <value>
                <![CDATA[2]]>
              </value>
            </param>
            <param index="35">
              <value>
                <![CDATA[1234]]>
              </value>
            </param>
            <param index="36">
              <value>
                <![CDATA[Testing package Description]]>
              </value>
            </param>
            <param index="37">
              <value>
                <![CDATA[20]]>
              </value>
            </param>
            <param index="38">
              <value>
                <![CDATA[10]]>
              </value>
            </param>
            <param index="39">
              <value>
                <![CDATA[1234]]>
              </value>
            </param>
            <param index="40">
              <value>
                <![CDATA[4124]]>
              </value>
            </param>
            <param index="41">
              <value>
                <![CDATA[2345]]>
              </value>
            </param>
            <param index="42">
              <value>
                <![CDATA[7891]]>
              </value>
            </param>
            <param index="43">
              <value>
                <![CDATA[5671]]>
              </value>
            </param>
            <param index="44">
              <value>
                <![CDATA[6541]]>
              </value>
            </param>
            <param index="45">
              <value>
                <![CDATA[3451]]>
              </value>
            </param>
            <param index="46">
              <value>
                <![CDATA[3451]]>
              </value>
            </param>
            <param index="47">
              <value>
                <![CDATA[123]]>
              </value>
            </param>
            <param index="48">
              <value>
                <![CDATA[5678]]>
              </value>
            </param>
            <param index="49">
              <value>
                <![CDATA[5123]]>
              </value>
            </param>
            <param index="50">
              <value>
                <![CDATA[1111]]>
              </value>
            </param>
            <param index="51">
              <value>
                <![CDATA[2222]]>
              </value>
            </param>
            <param index="52">
              <value>
                <![CDATA[3333]]>
              </value>
            </param>
            <param index="53">
              <value>
                <![CDATA[1598]]>
              </value>
            </param>
            <param index="54">
              <value>
                <![CDATA[Yes]]>
              </value>
            </param>
            <param index="55">
              <value>
                <![CDATA[Abcd1234]]>
              </value>
            </param>
            <param index="56">
              <value>
                <![CDATA[5000]]>
              </value>
            </param>
            <param index="57">
              <value>
                <![CDATA[Line Item 1]]>
              </value>
            </param>
            <param index="58">
              <value>
                <![CDATA[Line Item 2]]>
              </value>
            </param>
            <param index="59">
              <value>
                <![CDATA[Item description]]>
              </value>
            </param>
            <param index="60">
              <value>
                <![CDATA[Items]]>
              </value>
            </param>
            <param index="61">
              <value>
                <![CDATA[Billing type]]>
              </value>
            </param>
            <param index="62">
              <value>
                <![CDATA[Dimensions]]>
              </value>
            </param>
            <param index="63">
              <value>
                <![CDATA[Total volume (m3)]]>
              </value>
            </param>
            <param index="64">
              <value>
                <![CDATA[Weight (kg)]]>
              </value>
            </param>
            <param index="65">
              <value>
                <![CDATA[Reference1]]>
              </value>
            </param>
            <param index="66">
              <value>
                <![CDATA[Reference2]]>
              </value>
            </param>
            <param index="67">
              <value>
                <![CDATA[Shipment contain dangerous goods]]>
              </value>
            </param>
            <param index="68">
              <value>
                <![CDATA[DANGEROUS GOODS DETAILS]]>
              </value>
            </param>
            <param index="69">
              <value>
                <![CDATA[90 m3]]>
              </value>
            </param>
            <param index="70">
              <value>
                <![CDATA[15 m3]]>
              </value>
            </param>
            <param index="71">
              <value>
                <![CDATA[Yes]]>
              </value>
            </param>
            <param index="72">
              <value>
                <![CDATA[No]]>
              </value>
            </param>
          </params>
          <exception class="org.junit.ComparisonFailure">
            <message>
              <![CDATA[expected:<[Yes]> but was:<[No]>]]>
            </message>
            <full-stacktrace>
              <![CDATA[org.junit.ComparisonFailure: expected:<[Yes]> but was:<[No]>
	at org.junit.Assert.assertEquals(Assert.java:115)
	at org.junit.Assert.assertEquals(Assert.java:144)
	at createShipmentActions.ShipmentReviewActions.VerifyAdditionalInformation(ShipmentReviewActions.java:148)
	at createShipmentE2ETests.IntermodalSpecializedTests.CreateShipment_IntermodalSpecialized_E2ETest_TID_920_Service_Z_Premium_ConsolidateShipments(IntermodalSpecializedTests.java:1643)
	at sun.reflect.NativeMethodAccessorImpl.invoke0(Native Method)
	at sun.reflect.NativeMethodAccessorImpl.invoke(Unknown Source)
	at sun.reflect.DelegatingMethodAccessorImpl.invoke(Unknown Source)
	at java.lang.reflect.Method.invoke(Unknown Source)
	at org.testng.internal.MethodInvocationHelper.invokeMethod(MethodInvocationHelper.java:108)
	at org.testng.internal.Invoker.invokeMethod(Invoker.java:669)
	at org.testng.internal.Invoker.invokeTestMethod(Invoker.java:877)
	at org.testng.internal.Invoker.invokeTestMethods(Invoker.java:1201)
	at org.testng.internal.TestMethodWorker.invokeTestMethods(TestMethodWorker.java:125)
	at org.testng.internal.TestMethodWorker.run(TestMethodWorker.java:109)
	at org.testng.TestRunner.privateRun(TestRunner.java:776)
	at org.testng.TestRunner.run(TestRunner.java:634)
	at org.testng.SuiteRunner.runTest(SuiteRunner.java:425)
	at org.testng.SuiteRunner.runSequentially(SuiteRunner.java:420)
	at org.testng.SuiteRunner.privateRun(SuiteRunner.java:385)
	at org.testng.SuiteRunner.run(SuiteRunner.java:334)
	at org.testng.SuiteRunnerWorker.runSuite(SuiteRunnerWorker.java:52)
	at org.testng.SuiteRunnerWorker.run(SuiteRunnerWorker.java:86)
	at org.testng.TestNG.runSuitesSequentially(TestNG.java:1318)
	at org.testng.TestNG.runSuitesLocally(TestNG.java:1243)
	at org.testng.TestNG.runSuites(TestNG.java:1161)
	at org.testng.TestNG.run(TestNG.java:1129)
	at org.testng.remote.AbstractRemoteTestNG.run(AbstractRemoteTestNG.java:114)
	at org.testng.remote.RemoteTestNG.initAndRun(RemoteTestNG.java:251)
	at org.testng.remote.RemoteTestNG.main(RemoteTestNG.java:77)
]]>
            </full-stacktrace>
          </exception> <!-- org.junit.ComparisonFailure -->
          <reporter-output>
          </reporter-output>
        </test-method> <!-- CreateShipment_IntermodalSpecialized_E2ETest_TID_920_Service_Z_Premium_ConsolidateShipments -->
        <test-method status="PASS" signature="RunTearDown()[pri:0, instance:createShipmentE2ETests.IntermodalSpecializedTests@7d9d1a19]" name="RunTearDown" is-config="true" duration-ms="1" started-at="2018-04-11T10:55:18Z" finished-at="2018-04-11T10:55:18Z">
          <reporter-output>
          </reporter-output>
        </test-method> <!-- RunTearDown -->
      </class> <!-- createShipmentE2ETests.IntermodalSpecializedTests -->
    </test> <!-- CreateShipment -->
  </suite> <!-- CreateShipment -->
</testng-results>
